<?xml version="1.0" encoding="UTF-8"?>
<testsuites name="Run all test cases" time="530.146" tests="40" failures="6" errors="5">
   <testsuite name="Run all test cases" tests="40" failures="6" errors="5" time="530.146" timestamp="2020-06-05 16:38:16" hostname="phat - Acer" id="Test Suites/Run all test cases">
      <properties>
         <property name="deviceName" value=""/>
         <property name="devicePlatform" value=""/>
         <property name="logFolder" value="/home/phat/Downloads/katalon/mattermost-webapp/Reports/20200605_163813/Run all test cases/20200605_163813"/>
         <property name="logFiles" value="/home/phat/Downloads/katalon/mattermost-webapp/Reports/20200605_163813/Run all test cases/20200605_163813/execution0.log"/>
         <property name="attachments" value="/home/phat/Downloads/katalon/mattermost-webapp/Reports/20200605_163813/Run all test cases/20200605_163813/1591349934927.png, /home/phat/Downloads/katalon/mattermost-webapp/Reports/20200605_163813/Run all test cases/20200605_163813/1591349998672.png, /home/phat/Downloads/katalon/mattermost-webapp/Reports/20200605_163813/Run all test cases/20200605_163813/1591350011179.png, /home/phat/Downloads/katalon/mattermost-webapp/Reports/20200605_163813/Run all test cases/20200605_163813/1591350086036.png, /home/phat/Downloads/katalon/mattermost-webapp/Reports/20200605_163813/Run all test cases/20200605_163813/1591350149174.png, /home/phat/Downloads/katalon/mattermost-webapp/Reports/20200605_163813/Run all test cases/20200605_163813/1591350219082.png"/>
         <property name="hostName" value="phat - Acer"/>
         <property name="os" value="Linux 64bit"/>
         <property name="katalonVersion" value="7.5.5.1"/>
         <property name="browser" value="Chrome 83.0.4103.97"/>
         <property name="hostAddress" value="127.0.1.1"/>
         <property name="sessionId" value="55722cdaa9258d0010d77fc723f5e1ac"/>
         <property name="seleniumVersion" value="3.141.59"/>
         <property name="proxyInformation" value="ProxyInformation { proxyOption=NO_PROXY, proxyServerType=HTTP, username=, password=********, proxyServerAddress=, proxyServerPort=0, executionList=\&quot;\&quot;, isApplyToDesiredCapabilities=true }"/>
         <property name="platform" value="Linux"/>
      </properties>
      <testcase name="Test Cases/csv test case/private-channel" time="24.109" classname="Test Cases/csv test case/private-channel" status="PASSED">
         <system-out><![CDATA[2020-06-05 16:38:16 - [TEST_CASE][PASSED] - Test Cases/csv test case/private-channel: Test Cases/csv test case/private-channel

2020-06-05 16:38:17 - [TEST_STEP][PASSED] - openBrowser(""): Browser is opened with url: ''

2020-06-05 16:38:17 - [MESSAGE][INFO] - Starting 'Chrome' driver

2020-06-05 16:38:17 - [MESSAGE][INFO] - Action delay is set to 0 milliseconds

2020-06-05 16:38:20 - [MESSAGE][PASSED] - Browser is opened with url: ''

2020-06-05 16:38:20 - [TEST_STEP][PASSED] - navigateToUrl("https://mattermost-aut.herokuapp.com/login"): Navigate to 'https://mattermost-aut.herokuapp.com/login' successfully

2020-06-05 16:38:23 - [MESSAGE][PASSED] - Navigate to 'https://mattermost-aut.herokuapp.com/login' successfully

2020-06-05 16:38:23 - [TEST_STEP][PASSED] - setText(findTestObject("Data Driven/login/Page_Mattermost/input_All team communication in one place searchable and accessible anywhere_loginId"), "phong1998"): Text 'phong1998' is set on object 'Object Repository/Data Driven/login/Page_Mattermost/input_All team communication in one place searchable and accessible anywhere_loginId'

2020-06-05 16:38:28 - [MESSAGE][PASSED] - Text 'phong1998' is set on object 'Object Repository/Data Driven/login/Page_Mattermost/input_All team communication in one place searchable and accessible anywhere_loginId'

2020-06-05 16:38:28 - [TEST_STEP][PASSED] - setEncryptedText(findTestObject("Data Driven/login/Page_Mattermost/input_All team communication in one place searchable and accessible anywhere_password"), "X6RAMBNCYDQ8H8PMJNlsmQ=="): Text ****** has been set on object 'Object Repository/Data Driven/login/Page_Mattermost/input_All team communication in one place searchable and accessible anywhere_password'

2020-06-05 16:38:28 - [MESSAGE][PASSED] - Text ****** has been set on object 'Object Repository/Data Driven/login/Page_Mattermost/input_All team communication in one place searchable and accessible anywhere_password'

2020-06-05 16:38:28 - [TEST_STEP][PASSED] - click(findTestObject("Data Driven/login/Page_Mattermost/button_Sign in")): Object: 'Object Repository/Data Driven/login/Page_Mattermost/button_Sign in' is clicked on

2020-06-05 16:38:29 - [MESSAGE][PASSED] - Object: 'Object Repository/Data Driven/login/Page_Mattermost/button_Sign in' is clicked on

2020-06-05 16:38:29 - [TEST_STEP][PASSED] - click(findTestObject("Data Driven/private-channel/Page_Town Square - team1612499 Mattermost/span_")): Object: 'Object Repository/Data Driven/private-channel/Page_Town Square - team1612499 Mattermost/span_' is clicked on

2020-06-05 16:38:38 - [MESSAGE][PASSED] - Object: 'Object Repository/Data Driven/private-channel/Page_Town Square - team1612499 Mattermost/span_' is clicked on

2020-06-05 16:38:38 - [TEST_STEP][PASSED] - setText(findTestObject("Data Driven/private-channel/Page_Town Square - team1612499 Mattermost/input_Name_newChannelName"), name): Text '' is set on object 'Object Repository/Data Driven/private-channel/Page_Town Square - team1612499 Mattermost/input_Name_newChannelName'

2020-06-05 16:38:39 - [MESSAGE][PASSED] - Text '' is set on object 'Object Repository/Data Driven/private-channel/Page_Town Square - team1612499 Mattermost/input_Name_newChannelName'

2020-06-05 16:38:39 - [TEST_STEP][PASSED] - setText(findTestObject("Data Driven/private-channel/Page_Town Square - team1612499 Mattermost/textarea_(optional)_newChannelPurpose"), purpose): Text '' is set on object 'Object Repository/Data Driven/private-channel/Page_Town Square - team1612499 Mattermost/textarea_(optional)_newChannelPurpose'

2020-06-05 16:38:40 - [MESSAGE][PASSED] - Text '' is set on object 'Object Repository/Data Driven/private-channel/Page_Town Square - team1612499 Mattermost/textarea_(optional)_newChannelPurpose'

2020-06-05 16:38:40 - [TEST_STEP][PASSED] - setText(findTestObject("Data Driven/private-channel/Page_Town Square - team1612499 Mattermost/textarea_(optional)_newChannelHeader"), header): Text '' is set on object 'Object Repository/Data Driven/private-channel/Page_Town Square - team1612499 Mattermost/textarea_(optional)_newChannelHeader'

2020-06-05 16:38:40 - [MESSAGE][PASSED] - Text '' is set on object 'Object Repository/Data Driven/private-channel/Page_Town Square - team1612499 Mattermost/textarea_(optional)_newChannelHeader'

2020-06-05 16:38:40 - [TEST_STEP][PASSED] - click(findTestObject("Data Driven/private-channel/Page_Town Square - team1612499 Mattermost/span_Create Channel")): Object: 'Object Repository/Data Driven/private-channel/Page_Town Square - team1612499 Mattermost/span_Create Channel' is clicked on

2020-06-05 16:38:40 - [MESSAGE][PASSED] - Object: 'Object Repository/Data Driven/private-channel/Page_Town Square - team1612499 Mattermost/span_Create Channel' is clicked on

2020-06-05 16:38:40 - [TEST_STEP][PASSED] - closeBrowser(): Browser is closed

2020-06-05 16:38:41 - [MESSAGE][PASSED] - Browser is closed]]></system-out>
         <system-err><![CDATA[]]></system-err>
      </testcase>
      <testcase name="Test Cases/csv test case/public-channel" time="14.08" classname="Test Cases/csv test case/public-channel" status="FAILED">
         <failure type="FAILED" message="Test Cases/csv test case/public-channel FAILED.
Reason:
com.kms.katalon.core.exception.StepFailedException: Unable to click on object
	at com.kms.katalon.core.webui.keyword.internal.WebUIKeywordMain.stepFailed(WebUIKeywordMain.groovy:64)
	at com.kms.katalon.core.webui.keyword.internal.WebUIKeywordMain.runKeyword(WebUIKeywordMain.groovy:26)
	at com.kms.katalon.core.webui.keyword.builtin.ClickKeyword.click(ClickKeyword.groovy:76)
	at com.kms.katalon.core.webui.keyword.builtin.ClickKeyword.execute(ClickKeyword.groovy:43)
	at com.kms.katalon.core.keyword.internal.KeywordExecutor.executeKeywordForPlatform(KeywordExecutor.groovy:72)
	at com.kms.katalon.core.webui.keyword.WebUiBuiltInKeywords.click(WebUiBuiltInKeywords.groovy:616)
	at com.kms.katalon.core.webui.keyword.WebUiBuiltInKeywords$click$3.call(Unknown Source)
	at public-channel.run(public-channel:42)
	at com.kms.katalon.core.main.ScriptEngine.run(ScriptEngine.java:194)
	at com.kms.katalon.core.main.ScriptEngine.runScriptAsRawText(ScriptEngine.java:119)
	at com.kms.katalon.core.main.TestCaseExecutor.runScript(TestCaseExecutor.java:337)
	at com.kms.katalon.core.main.TestCaseExecutor.doExecute(TestCaseExecutor.java:328)
	at com.kms.katalon.core.main.TestCaseExecutor.processExecutionPhase(TestCaseExecutor.java:307)
	at com.kms.katalon.core.main.TestCaseExecutor.accessMainPhase(TestCaseExecutor.java:299)
	at com.kms.katalon.core.main.TestCaseExecutor.execute(TestCaseExecutor.java:233)
	at com.kms.katalon.core.main.TestSuiteExecutor.accessTestCaseMainPhase(TestSuiteExecutor.java:169)
	at com.kms.katalon.core.main.TestSuiteExecutor.accessTestSuiteMainPhase(TestSuiteExecutor.java:142)
	at com.kms.katalon.core.main.TestSuiteExecutor.execute(TestSuiteExecutor.java:91)
	at com.kms.katalon.core.main.TestCaseMain.startTestSuite(TestCaseMain.java:157)
	at com.kms.katalon.core.main.TestCaseMain$startTestSuite$0.call(Unknown Source)
	at TempTestSuite1591349893024.run(TempTestSuite1591349893024.groovy:37)
Caused by: java.lang.IllegalArgumentException: Object is null
	at com.kms.katalon.core.helper.KeywordHelper.checkTestObjectParameter(KeywordHelper.java:33)
	at com.kms.katalon.core.webui.keyword.builtin.ClickKeyword$_click_closure1.doCall(ClickKeyword.groovy:65)
	at com.kms.katalon.core.webui.keyword.builtin.ClickKeyword$_click_closure1.call(ClickKeyword.groovy)
	at com.kms.katalon.core.webui.keyword.internal.WebUIKeywordMain.runKeyword(WebUIKeywordMain.groovy:20)
	... 19 more
"/>
         <system-out><![CDATA[2020-06-05 16:38:41 - [TEST_CASE][FAILED] - Test Cases/csv test case/public-channel: Test Cases/csv test case/public-channel FAILED.
Reason:
com.kms.katalon.core.exception.StepFailedException: Unable to click on object
	at com.kms.katalon.core.webui.keyword.internal.WebUIKeywordMain.stepFailed(WebUIKeywordMain.groovy:64)
	at com.kms.katalon.core.webui.keyword.internal.WebUIKeywordMain.runKeyword(WebUIKeywordMain.groovy:26)
	at com.kms.katalon.core.webui.keyword.builtin.ClickKeyword.click(ClickKeyword.groovy:76)
	at com.kms.katalon.core.webui.keyword.builtin.ClickKeyword.execute(ClickKeyword.groovy:43)
	at com.kms.katalon.core.keyword.internal.KeywordExecutor.executeKeywordForPlatform(KeywordExecutor.groovy:72)
	at com.kms.katalon.core.webui.keyword.WebUiBuiltInKeywords.click(WebUiBuiltInKeywords.groovy:616)
	at com.kms.katalon.core.webui.keyword.WebUiBuiltInKeywords$click$3.call(Unknown Source)
	at public-channel.run(public-channel:42)
	at com.kms.katalon.core.main.ScriptEngine.run(ScriptEngine.java:194)
	at com.kms.katalon.core.main.ScriptEngine.runScriptAsRawText(ScriptEngine.java:119)
	at com.kms.katalon.core.main.TestCaseExecutor.runScript(TestCaseExecutor.java:337)
	at com.kms.katalon.core.main.TestCaseExecutor.doExecute(TestCaseExecutor.java:328)
	at com.kms.katalon.core.main.TestCaseExecutor.processExecutionPhase(TestCaseExecutor.java:307)
	at com.kms.katalon.core.main.TestCaseExecutor.accessMainPhase(TestCaseExecutor.java:299)
	at com.kms.katalon.core.main.TestCaseExecutor.execute(TestCaseExecutor.java:233)
	at com.kms.katalon.core.main.TestSuiteExecutor.accessTestCaseMainPhase(TestSuiteExecutor.java:169)
	at com.kms.katalon.core.main.TestSuiteExecutor.accessTestSuiteMainPhase(TestSuiteExecutor.java:142)
	at com.kms.katalon.core.main.TestSuiteExecutor.execute(TestSuiteExecutor.java:91)
	at com.kms.katalon.core.main.TestCaseMain.startTestSuite(TestCaseMain.java:157)
	at com.kms.katalon.core.main.TestCaseMain$startTestSuite$0.call(Unknown Source)
	at TempTestSuite1591349893024.run(TempTestSuite1591349893024.groovy:37)
Caused by: java.lang.IllegalArgumentException: Object is null
	at com.kms.katalon.core.helper.KeywordHelper.checkTestObjectParameter(KeywordHelper.java:33)
	at com.kms.katalon.core.webui.keyword.builtin.ClickKeyword$_click_closure1.doCall(ClickKeyword.groovy:65)
	at com.kms.katalon.core.webui.keyword.builtin.ClickKeyword$_click_closure1.call(ClickKeyword.groovy)
	at com.kms.katalon.core.webui.keyword.internal.WebUIKeywordMain.runKeyword(WebUIKeywordMain.groovy:20)
	... 19 more


2020-06-05 16:38:41 - [TEST_STEP][PASSED] - openBrowser(""): Browser is opened with url: ''

2020-06-05 16:38:41 - [MESSAGE][INFO] - Starting 'Chrome' driver

2020-06-05 16:38:41 - [MESSAGE][INFO] - Action delay is set to 0 milliseconds

2020-06-05 16:38:41 - [MESSAGE][PASSED] - Browser is opened with url: ''

2020-06-05 16:38:41 - [TEST_STEP][PASSED] - navigateToUrl("https://mattermost-aut.herokuapp.com/login"): Navigate to 'https://mattermost-aut.herokuapp.com/login' successfully

2020-06-05 16:38:44 - [MESSAGE][PASSED] - Navigate to 'https://mattermost-aut.herokuapp.com/login' successfully

2020-06-05 16:38:44 - [TEST_STEP][PASSED] - setText(findTestObject("Data Driven/login/Page_Mattermost/input_All team communication in one place searchable and accessible anywhere_loginId"), "phong1998"): Text 'phong1998' is set on object 'Object Repository/Data Driven/login/Page_Mattermost/input_All team communication in one place searchable and accessible anywhere_loginId'

2020-06-05 16:38:49 - [MESSAGE][PASSED] - Text 'phong1998' is set on object 'Object Repository/Data Driven/login/Page_Mattermost/input_All team communication in one place searchable and accessible anywhere_loginId'

2020-06-05 16:38:49 - [TEST_STEP][PASSED] - setEncryptedText(findTestObject("Data Driven/login/Page_Mattermost/input_All team communication in one place searchable and accessible anywhere_password"), "X6RAMBNCYDQ8H8PMJNlsmQ=="): Text ****** has been set on object 'Object Repository/Data Driven/login/Page_Mattermost/input_All team communication in one place searchable and accessible anywhere_password'

2020-06-05 16:38:49 - [MESSAGE][PASSED] - Text ****** has been set on object 'Object Repository/Data Driven/login/Page_Mattermost/input_All team communication in one place searchable and accessible anywhere_password'

2020-06-05 16:38:49 - [TEST_STEP][PASSED] - click(findTestObject("Data Driven/login/Page_Mattermost/button_Sign in")): Object: 'Object Repository/Data Driven/login/Page_Mattermost/button_Sign in' is clicked on

2020-06-05 16:38:50 - [MESSAGE][PASSED] - Object: 'Object Repository/Data Driven/login/Page_Mattermost/button_Sign in' is clicked on

2020-06-05 16:38:50 - [TEST_STEP][PASSED] - click(findTestObject("Data Driven/public-channel/Page_Town Square - team1612499 Mattermost/span_")): Object: 'Object Repository/Data Driven/public-channel/Page_Town Square - team1612499 Mattermost/span_' is clicked on

2020-06-05 16:38:53 - [MESSAGE][PASSED] - Object: 'Object Repository/Data Driven/public-channel/Page_Town Square - team1612499 Mattermost/span_' is clicked on

2020-06-05 16:38:53 - [TEST_STEP][PASSED] - setText(findTestObject("Data Driven/public-channel/Page_Town Square - team1612499 Mattermost/input_Name_newChannelName"), name): Text '' is set on object 'Object Repository/Data Driven/public-channel/Page_Town Square - team1612499 Mattermost/input_Name_newChannelName'

2020-06-05 16:38:53 - [MESSAGE][PASSED] - Text '' is set on object 'Object Repository/Data Driven/public-channel/Page_Town Square - team1612499 Mattermost/input_Name_newChannelName'

2020-06-05 16:38:53 - [TEST_STEP][PASSED] - setText(findTestObject("Data Driven/public-channel/Page_Town Square - team1612499 Mattermost/textarea_(optional)_newChannelPurpose"), purpose): Text '' is set on object 'Object Repository/Data Driven/public-channel/Page_Town Square - team1612499 Mattermost/textarea_(optional)_newChannelPurpose'

2020-06-05 16:38:54 - [MESSAGE][PASSED] - Text '' is set on object 'Object Repository/Data Driven/public-channel/Page_Town Square - team1612499 Mattermost/textarea_(optional)_newChannelPurpose'

2020-06-05 16:38:54 - [TEST_STEP][PASSED] - setText(findTestObject("Data Driven/public-channel/Page_Town Square - team1612499 Mattermost/textarea_(optional)_newChannelHeader"), header): Text '' is set on object 'Object Repository/Data Driven/public-channel/Page_Town Square - team1612499 Mattermost/textarea_(optional)_newChannelHeader'

2020-06-05 16:38:54 - [MESSAGE][PASSED] - Text '' is set on object 'Object Repository/Data Driven/public-channel/Page_Town Square - team1612499 Mattermost/textarea_(optional)_newChannelHeader'

2020-06-05 16:38:54 - [TEST_STEP][FAILED] - click(findTestObject("Page_Town Square - team1612499 Mattermost/span_Create Channel")): Unable to click on object (Root cause: com.kms.katalon.core.exception.StepFailedException: Unable to click on object
	at com.kms.katalon.core.webui.keyword.internal.WebUIKeywordMain.stepFailed(WebUIKeywordMain.groovy:64)
	at com.kms.katalon.core.webui.keyword.internal.WebUIKeywordMain.runKeyword(WebUIKeywordMain.groovy:26)
	at com.kms.katalon.core.webui.keyword.builtin.ClickKeyword.click(ClickKeyword.groovy:76)
	at com.kms.katalon.core.webui.keyword.builtin.ClickKeyword.execute(ClickKeyword.groovy:43)
	at com.kms.katalon.core.keyword.internal.KeywordExecutor.executeKeywordForPlatform(KeywordExecutor.groovy:72)
	at com.kms.katalon.core.webui.keyword.WebUiBuiltInKeywords.click(WebUiBuiltInKeywords.groovy:616)
	at com.kms.katalon.core.webui.keyword.WebUiBuiltInKeywords$click$3.call(Unknown Source)
	at public-channel.run(public-channel:42)
	at com.kms.katalon.core.main.ScriptEngine.run(ScriptEngine.java:194)
	at com.kms.katalon.core.main.ScriptEngine.runScriptAsRawText(ScriptEngine.java:119)
	at com.kms.katalon.core.main.TestCaseExecutor.runScript(TestCaseExecutor.java:337)
	at com.kms.katalon.core.main.TestCaseExecutor.doExecute(TestCaseExecutor.java:328)
	at com.kms.katalon.core.main.TestCaseExecutor.processExecutionPhase(TestCaseExecutor.java:307)
	at com.kms.katalon.core.main.TestCaseExecutor.accessMainPhase(TestCaseExecutor.java:299)
	at com.kms.katalon.core.main.TestCaseExecutor.execute(TestCaseExecutor.java:233)
	at com.kms.katalon.core.main.TestSuiteExecutor.accessTestCaseMainPhase(TestSuiteExecutor.java:169)
	at com.kms.katalon.core.main.TestSuiteExecutor.accessTestSuiteMainPhase(TestSuiteExecutor.java:142)
	at com.kms.katalon.core.main.TestSuiteExecutor.execute(TestSuiteExecutor.java:91)
	at com.kms.katalon.core.main.TestCaseMain.startTestSuite(TestCaseMain.java:157)
	at com.kms.katalon.core.main.TestCaseMain$startTestSuite$0.call(Unknown Source)
	at TempTestSuite1591349893024.run(TempTestSuite1591349893024.groovy:37)
Caused by: java.lang.IllegalArgumentException: Object is null
	at com.kms.katalon.core.helper.KeywordHelper.checkTestObjectParameter(KeywordHelper.java:33)
	at com.kms.katalon.core.webui.keyword.builtin.ClickKeyword$_click_closure1.doCall(ClickKeyword.groovy:65)
	at com.kms.katalon.core.webui.keyword.builtin.ClickKeyword$_click_closure1.call(ClickKeyword.groovy)
	at com.kms.katalon.core.webui.keyword.internal.WebUIKeywordMain.runKeyword(WebUIKeywordMain.groovy:20)
	at com.kms.katalon.core.webui.keyword.builtin.ClickKeyword.click(ClickKeyword.groovy:76)
	at com.kms.katalon.core.webui.keyword.builtin.ClickKeyword.execute(ClickKeyword.groovy:43)
	at com.kms.katalon.core.keyword.internal.KeywordExecutor.executeKeywordForPlatform(KeywordExecutor.groovy:72)
	at com.kms.katalon.core.webui.keyword.WebUiBuiltInKeywords.click(WebUiBuiltInKeywords.groovy:616)
	at com.kms.katalon.core.webui.keyword.WebUiBuiltInKeywords$click$3.call(Unknown Source)
	at Script1591278352537.run(Script1591278352537.groovy:42)
	... 13 more
)

2020-06-05 16:38:54 - [MESSAGE][WARNING] - Test object with id 'Object Repository/Page_Town Square - team1612499 Mattermost/span_Create Channel' does not exist

2020-06-05 16:38:54 - [MESSAGE][WARNING] - Test object with id 'Object Repository/' does not exist

2020-06-05 16:38:55 - [MESSAGE][FAILED] - Unable to click on object (Root cause: com.kms.katalon.core.exception.StepFailedException: Unable to click on object
	at com.kms.katalon.core.webui.keyword.internal.WebUIKeywordMain.stepFailed(WebUIKeywordMain.groovy:64)
	at com.kms.katalon.core.webui.keyword.internal.WebUIKeywordMain.runKeyword(WebUIKeywordMain.groovy:26)
	at com.kms.katalon.core.webui.keyword.builtin.ClickKeyword.click(ClickKeyword.groovy:76)
	at com.kms.katalon.core.webui.keyword.builtin.ClickKeyword.execute(ClickKeyword.groovy:43)
	at com.kms.katalon.core.keyword.internal.KeywordExecutor.executeKeywordForPlatform(KeywordExecutor.groovy:72)
	at com.kms.katalon.core.webui.keyword.WebUiBuiltInKeywords.click(WebUiBuiltInKeywords.groovy:616)
	at com.kms.katalon.core.webui.keyword.WebUiBuiltInKeywords$click$3.call(Unknown Source)
	at public-channel.run(public-channel:42)
	at com.kms.katalon.core.main.ScriptEngine.run(ScriptEngine.java:194)
	at com.kms.katalon.core.main.ScriptEngine.runScriptAsRawText(ScriptEngine.java:119)
	at com.kms.katalon.core.main.TestCaseExecutor.runScript(TestCaseExecutor.java:337)
	at com.kms.katalon.core.main.TestCaseExecutor.doExecute(TestCaseExecutor.java:328)
	at com.kms.katalon.core.main.TestCaseExecutor.processExecutionPhase(TestCaseExecutor.java:307)
	at com.kms.katalon.core.main.TestCaseExecutor.accessMainPhase(TestCaseExecutor.java:299)
	at com.kms.katalon.core.main.TestCaseExecutor.execute(TestCaseExecutor.java:233)
	at com.kms.katalon.core.main.TestSuiteExecutor.accessTestCaseMainPhase(TestSuiteExecutor.java:169)
	at com.kms.katalon.core.main.TestSuiteExecutor.accessTestSuiteMainPhase(TestSuiteExecutor.java:142)
	at com.kms.katalon.core.main.TestSuiteExecutor.execute(TestSuiteExecutor.java:91)
	at com.kms.katalon.core.main.TestCaseMain.startTestSuite(TestCaseMain.java:157)
	at com.kms.katalon.core.main.TestCaseMain$startTestSuite$0.call(Unknown Source)
	at TempTestSuite1591349893024.run(TempTestSuite1591349893024.groovy:37)
Caused by: java.lang.IllegalArgumentException: Object is null
	at com.kms.katalon.core.helper.KeywordHelper.checkTestObjectParameter(KeywordHelper.java:33)
	at com.kms.katalon.core.webui.keyword.builtin.ClickKeyword$_click_closure1.doCall(ClickKeyword.groovy:65)
	at com.kms.katalon.core.webui.keyword.builtin.ClickKeyword$_click_closure1.call(ClickKeyword.groovy)
	at com.kms.katalon.core.webui.keyword.internal.WebUIKeywordMain.runKeyword(WebUIKeywordMain.groovy:20)
	at com.kms.katalon.core.webui.keyword.builtin.ClickKeyword.click(ClickKeyword.groovy:76)
	at com.kms.katalon.core.webui.keyword.builtin.ClickKeyword.execute(ClickKeyword.groovy:43)
	at com.kms.katalon.core.keyword.internal.KeywordExecutor.executeKeywordForPlatform(KeywordExecutor.groovy:72)
	at com.kms.katalon.core.webui.keyword.WebUiBuiltInKeywords.click(WebUiBuiltInKeywords.groovy:616)
	at com.kms.katalon.core.webui.keyword.WebUiBuiltInKeywords$click$3.call(Unknown Source)
	at Script1591278352537.run(Script1591278352537.groovy:42)
	... 13 more
)
[[ATTACHMENT|/home/phat/Downloads/katalon/mattermost-webapp/Reports/20200605_163813/Run all test cases/20200605_163813/1591349934927.png]]]]></system-out>
         <system-err><![CDATA[2020-06-05 16:38:41 - [TEST_CASE][FAILED] - Test Cases/csv test case/public-channel: Test Cases/csv test case/public-channel FAILED.
Reason:
com.kms.katalon.core.exception.StepFailedException: Unable to click on object
	at com.kms.katalon.core.webui.keyword.internal.WebUIKeywordMain.stepFailed(WebUIKeywordMain.groovy:64)
	at com.kms.katalon.core.webui.keyword.internal.WebUIKeywordMain.runKeyword(WebUIKeywordMain.groovy:26)
	at com.kms.katalon.core.webui.keyword.builtin.ClickKeyword.click(ClickKeyword.groovy:76)
	at com.kms.katalon.core.webui.keyword.builtin.ClickKeyword.execute(ClickKeyword.groovy:43)
	at com.kms.katalon.core.keyword.internal.KeywordExecutor.executeKeywordForPlatform(KeywordExecutor.groovy:72)
	at com.kms.katalon.core.webui.keyword.WebUiBuiltInKeywords.click(WebUiBuiltInKeywords.groovy:616)
	at com.kms.katalon.core.webui.keyword.WebUiBuiltInKeywords$click$3.call(Unknown Source)
	at public-channel.run(public-channel:42)
	at com.kms.katalon.core.main.ScriptEngine.run(ScriptEngine.java:194)
	at com.kms.katalon.core.main.ScriptEngine.runScriptAsRawText(ScriptEngine.java:119)
	at com.kms.katalon.core.main.TestCaseExecutor.runScript(TestCaseExecutor.java:337)
	at com.kms.katalon.core.main.TestCaseExecutor.doExecute(TestCaseExecutor.java:328)
	at com.kms.katalon.core.main.TestCaseExecutor.processExecutionPhase(TestCaseExecutor.java:307)
	at com.kms.katalon.core.main.TestCaseExecutor.accessMainPhase(TestCaseExecutor.java:299)
	at com.kms.katalon.core.main.TestCaseExecutor.execute(TestCaseExecutor.java:233)
	at com.kms.katalon.core.main.TestSuiteExecutor.accessTestCaseMainPhase(TestSuiteExecutor.java:169)
	at com.kms.katalon.core.main.TestSuiteExecutor.accessTestSuiteMainPhase(TestSuiteExecutor.java:142)
	at com.kms.katalon.core.main.TestSuiteExecutor.execute(TestSuiteExecutor.java:91)
	at com.kms.katalon.core.main.TestCaseMain.startTestSuite(TestCaseMain.java:157)
	at com.kms.katalon.core.main.TestCaseMain$startTestSuite$0.call(Unknown Source)
	at TempTestSuite1591349893024.run(TempTestSuite1591349893024.groovy:37)
Caused by: java.lang.IllegalArgumentException: Object is null
	at com.kms.katalon.core.helper.KeywordHelper.checkTestObjectParameter(KeywordHelper.java:33)
	at com.kms.katalon.core.webui.keyword.builtin.ClickKeyword$_click_closure1.doCall(ClickKeyword.groovy:65)
	at com.kms.katalon.core.webui.keyword.builtin.ClickKeyword$_click_closure1.call(ClickKeyword.groovy)
	at com.kms.katalon.core.webui.keyword.internal.WebUIKeywordMain.runKeyword(WebUIKeywordMain.groovy:20)
	... 19 more]]></system-err>
      </testcase>
      <testcase name="Test Cases/csv test case/login" time="15.073" classname="Test Cases/csv test case/login" status="PASSED">
         <system-out><![CDATA[2020-06-05 16:38:55 - [TEST_CASE][PASSED] - Test Cases/csv test case/login: Test Cases/csv test case/login

2020-06-05 16:38:55 - [TEST_STEP][PASSED] - openBrowser(""): Browser is opened with url: ''

2020-06-05 16:38:55 - [MESSAGE][WARNING] - A browser is already opened. Closing browser and opening a new one

2020-06-05 16:38:55 - [MESSAGE][INFO] - Starting 'Chrome' driver

2020-06-05 16:38:55 - [MESSAGE][INFO] - Action delay is set to 0 milliseconds

2020-06-05 16:38:55 - [MESSAGE][PASSED] - Browser is opened with url: ''

2020-06-05 16:38:55 - [TEST_STEP][PASSED] - navigateToUrl("https://mattermost-aut.herokuapp.com/login"): Navigate to 'https://mattermost-aut.herokuapp.com/login' successfully

2020-06-05 16:39:00 - [MESSAGE][PASSED] - Navigate to 'https://mattermost-aut.herokuapp.com/login' successfully

2020-06-05 16:39:00 - [TEST_STEP][PASSED] - setText(findTestObject("Data Driven/login/Page_Mattermost/input_All team communication in one place searchable and accessible anywhere_loginId"), username): Text '' is set on object 'Object Repository/Data Driven/login/Page_Mattermost/input_All team communication in one place searchable and accessible anywhere_loginId'

2020-06-05 16:39:09 - [MESSAGE][PASSED] - Text '' is set on object 'Object Repository/Data Driven/login/Page_Mattermost/input_All team communication in one place searchable and accessible anywhere_loginId'

2020-06-05 16:39:09 - [TEST_STEP][PASSED] - setEncryptedText(findTestObject("Data Driven/login/Page_Mattermost/input_All team communication in one place searchable and accessible anywhere_password"), password): Text ****** has been set on object 'Object Repository/Data Driven/login/Page_Mattermost/input_All team communication in one place searchable and accessible anywhere_password'

2020-06-05 16:39:09 - [MESSAGE][PASSED] - Text ****** has been set on object 'Object Repository/Data Driven/login/Page_Mattermost/input_All team communication in one place searchable and accessible anywhere_password'

2020-06-05 16:39:09 - [TEST_STEP][PASSED] - click(findTestObject("Data Driven/login/Page_Mattermost/button_Sign in")): Object: 'Object Repository/Data Driven/login/Page_Mattermost/button_Sign in' is clicked on

2020-06-05 16:39:10 - [MESSAGE][PASSED] - Object: 'Object Repository/Data Driven/login/Page_Mattermost/button_Sign in' is clicked on

2020-06-05 16:39:10 - [TEST_STEP][PASSED] - closeBrowser(): Browser is closed

2020-06-05 16:39:10 - [MESSAGE][PASSED] - Browser is closed]]></system-out>
         <system-err><![CDATA[]]></system-err>
      </testcase>
      <testcase name="Test Cases/csv test case/direct-message" time="15.357" classname="Test Cases/csv test case/direct-message" status="PASSED">
         <system-out><![CDATA[2020-06-05 16:39:10 - [TEST_CASE][PASSED] - Test Cases/csv test case/direct-message: Test Cases/csv test case/direct-message

2020-06-05 16:39:10 - [TEST_STEP][PASSED] - openBrowser(""): Browser is opened with url: ''

2020-06-05 16:39:10 - [MESSAGE][INFO] - Starting 'Chrome' driver

2020-06-05 16:39:10 - [MESSAGE][INFO] - Action delay is set to 0 milliseconds

2020-06-05 16:39:10 - [MESSAGE][PASSED] - Browser is opened with url: ''

2020-06-05 16:39:10 - [TEST_STEP][PASSED] - navigateToUrl("https://mattermost-aut.herokuapp.com/login"): Navigate to 'https://mattermost-aut.herokuapp.com/login' successfully

2020-06-05 16:39:13 - [MESSAGE][PASSED] - Navigate to 'https://mattermost-aut.herokuapp.com/login' successfully

2020-06-05 16:39:13 - [TEST_STEP][PASSED] - setText(findTestObject("Data Driven/login/Page_Mattermost/input_All team communication in one place searchable and accessible anywhere_loginId"), "phong1998"): Text 'phong1998' is set on object 'Object Repository/Data Driven/login/Page_Mattermost/input_All team communication in one place searchable and accessible anywhere_loginId'

2020-06-05 16:39:18 - [MESSAGE][PASSED] - Text 'phong1998' is set on object 'Object Repository/Data Driven/login/Page_Mattermost/input_All team communication in one place searchable and accessible anywhere_loginId'

2020-06-05 16:39:18 - [TEST_STEP][PASSED] - setEncryptedText(findTestObject("Data Driven/login/Page_Mattermost/input_All team communication in one place searchable and accessible anywhere_password"), "X6RAMBNCYDQ8H8PMJNlsmQ=="): Text ****** has been set on object 'Object Repository/Data Driven/login/Page_Mattermost/input_All team communication in one place searchable and accessible anywhere_password'

2020-06-05 16:39:18 - [MESSAGE][PASSED] - Text ****** has been set on object 'Object Repository/Data Driven/login/Page_Mattermost/input_All team communication in one place searchable and accessible anywhere_password'

2020-06-05 16:39:18 - [TEST_STEP][PASSED] - click(findTestObject("Data Driven/login/Page_Mattermost/button_Sign in")): Object: 'Object Repository/Data Driven/login/Page_Mattermost/button_Sign in' is clicked on

2020-06-05 16:39:19 - [MESSAGE][PASSED] - Object: 'Object Repository/Data Driven/login/Page_Mattermost/button_Sign in' is clicked on

2020-06-05 16:39:19 - [TEST_STEP][PASSED] - click(findTestObject("Data Driven/direct-message/Page_Town Square - team1612499 Mattermost/span_")): Object: 'Object Repository/Data Driven/direct-message/Page_Town Square - team1612499 Mattermost/span_' is clicked on

2020-06-05 16:39:22 - [MESSAGE][PASSED] - Object: 'Object Repository/Data Driven/direct-message/Page_Town Square - team1612499 Mattermost/span_' is clicked on

2020-06-05 16:39:22 - [TEST_STEP][PASSED] - click(findTestObject("Data Driven/direct-message/Page_Town Square - team1612499 Mattermost/div_huydoan198gmailcom_more-modal__actions--round")): Object: 'Object Repository/Data Driven/direct-message/Page_Town Square - team1612499 Mattermost/div_huydoan198gmailcom_more-modal__actions--round' is clicked on

2020-06-05 16:39:23 - [MESSAGE][PASSED] - Object: 'Object Repository/Data Driven/direct-message/Page_Town Square - team1612499 Mattermost/div_huydoan198gmailcom_more-modal__actions--round' is clicked on

2020-06-05 16:39:23 - [TEST_STEP][PASSED] - click(findTestObject("Data Driven/direct-message/Page_Town Square - team1612499 Mattermost/span_Go")): Object: 'Object Repository/Data Driven/direct-message/Page_Town Square - team1612499 Mattermost/span_Go' is clicked on

2020-06-05 16:39:23 - [MESSAGE][PASSED] - Object: 'Object Repository/Data Driven/direct-message/Page_Town Square - team1612499 Mattermost/span_Go' is clicked on

2020-06-05 16:39:23 - [TEST_STEP][PASSED] - setText(findTestObject("Data Driven/direct-message/Page_huydoan - team1612499 Mattermost/textarea_Write to huydoan_post_textbox"), message): Text '' is set on object 'Object Repository/Data Driven/direct-message/Page_huydoan - team1612499 Mattermost/textarea_Write to huydoan_post_textbox'

2020-06-05 16:39:25 - [MESSAGE][PASSED] - Text '' is set on object 'Object Repository/Data Driven/direct-message/Page_huydoan - team1612499 Mattermost/textarea_Write to huydoan_post_textbox'

2020-06-05 16:39:25 - [TEST_STEP][PASSED] - closeBrowser(): Browser is closed

2020-06-05 16:39:25 - [MESSAGE][PASSED] - Browser is closed]]></system-out>
         <system-err><![CDATA[]]></system-err>
      </testcase>
      <testcase name="Test Cases/csv test case/full-name" time="15.172" classname="Test Cases/csv test case/full-name" status="PASSED">
         <system-out><![CDATA[2020-06-05 16:39:25 - [TEST_CASE][PASSED] - Test Cases/csv test case/full-name: Test Cases/csv test case/full-name

2020-06-05 16:39:25 - [TEST_STEP][PASSED] - openBrowser(""): Browser is opened with url: ''

2020-06-05 16:39:25 - [MESSAGE][INFO] - Starting 'Chrome' driver

2020-06-05 16:39:25 - [MESSAGE][INFO] - Action delay is set to 0 milliseconds

2020-06-05 16:39:26 - [MESSAGE][PASSED] - Browser is opened with url: ''

2020-06-05 16:39:26 - [TEST_STEP][PASSED] - navigateToUrl("https://mattermost-aut.herokuapp.com/login"): Navigate to 'https://mattermost-aut.herokuapp.com/login' successfully

2020-06-05 16:39:29 - [MESSAGE][PASSED] - Navigate to 'https://mattermost-aut.herokuapp.com/login' successfully

2020-06-05 16:39:29 - [TEST_STEP][PASSED] - setText(findTestObject("Data Driven/login/Page_Mattermost/input_All team communication in one place searchable and accessible anywhere_loginId"), "phong1998"): Text 'phong1998' is set on object 'Object Repository/Data Driven/login/Page_Mattermost/input_All team communication in one place searchable and accessible anywhere_loginId'

2020-06-05 16:39:33 - [MESSAGE][PASSED] - Text 'phong1998' is set on object 'Object Repository/Data Driven/login/Page_Mattermost/input_All team communication in one place searchable and accessible anywhere_loginId'

2020-06-05 16:39:33 - [TEST_STEP][PASSED] - setEncryptedText(findTestObject("Data Driven/login/Page_Mattermost/input_All team communication in one place searchable and accessible anywhere_password"), "X6RAMBNCYDQ8H8PMJNlsmQ=="): Text ****** has been set on object 'Object Repository/Data Driven/login/Page_Mattermost/input_All team communication in one place searchable and accessible anywhere_password'

2020-06-05 16:39:34 - [MESSAGE][PASSED] - Text ****** has been set on object 'Object Repository/Data Driven/login/Page_Mattermost/input_All team communication in one place searchable and accessible anywhere_password'

2020-06-05 16:39:34 - [TEST_STEP][PASSED] - click(findTestObject("Data Driven/login/Page_Mattermost/button_Sign in")): Object: 'Object Repository/Data Driven/login/Page_Mattermost/button_Sign in' is clicked on

2020-06-05 16:39:34 - [MESSAGE][PASSED] - Object: 'Object Repository/Data Driven/login/Page_Mattermost/button_Sign in' is clicked on

2020-06-05 16:39:34 - [TEST_STEP][PASSED] - click(findTestObject("Data Driven/full-name/Page_Town Square - team1612499 Mattermost/span")): Object: 'Object Repository/Data Driven/full-name/Page_Town Square - team1612499 Mattermost/span' is clicked on

2020-06-05 16:39:37 - [MESSAGE][PASSED] - Object: 'Object Repository/Data Driven/full-name/Page_Town Square - team1612499 Mattermost/span' is clicked on

2020-06-05 16:39:37 - [TEST_STEP][PASSED] - click(findTestObject("Data Driven/full-name/Page_Town Square - team1612499 Mattermost/span_Account Settings")): Object: 'Object Repository/Data Driven/full-name/Page_Town Square - team1612499 Mattermost/span_Account Settings' is clicked on

2020-06-05 16:39:38 - [MESSAGE][PASSED] - Object: 'Object Repository/Data Driven/full-name/Page_Town Square - team1612499 Mattermost/span_Account Settings' is clicked on

2020-06-05 16:39:38 - [TEST_STEP][PASSED] - click(findTestObject("Data Driven/full-name/Page_Town Square - team1612499 Mattermost/span_Edit")): Object: 'Object Repository/Data Driven/full-name/Page_Town Square - team1612499 Mattermost/span_Edit' is clicked on

2020-06-05 16:39:39 - [MESSAGE][PASSED] - Object: 'Object Repository/Data Driven/full-name/Page_Town Square - team1612499 Mattermost/span_Edit' is clicked on

2020-06-05 16:39:39 - [TEST_STEP][PASSED] - setText(findTestObject("Data Driven/full-name/Page_Town Square - team1612499 Mattermost/input_First Name_firstName"), first_name): Text '' is set on object 'Object Repository/Data Driven/full-name/Page_Town Square - team1612499 Mattermost/input_First Name_firstName'

2020-06-05 16:39:39 - [MESSAGE][PASSED] - Text '' is set on object 'Object Repository/Data Driven/full-name/Page_Town Square - team1612499 Mattermost/input_First Name_firstName'

2020-06-05 16:39:39 - [TEST_STEP][PASSED] - setText(findTestObject("Data Driven/full-name/Page_Town Square - team1612499 Mattermost/input_Last Name_lastName"), last_name): Text '' is set on object 'Object Repository/Data Driven/full-name/Page_Town Square - team1612499 Mattermost/input_Last Name_lastName'

2020-06-05 16:39:40 - [MESSAGE][PASSED] - Text '' is set on object 'Object Repository/Data Driven/full-name/Page_Town Square - team1612499 Mattermost/input_Last Name_lastName'

2020-06-05 16:39:40 - [TEST_STEP][PASSED] - click(findTestObject("Data Driven/full-name/Page_Town Square - team1612499 Mattermost/span_Save")): Object: 'Object Repository/Data Driven/full-name/Page_Town Square - team1612499 Mattermost/span_Save' is clicked on

2020-06-05 16:39:40 - [MESSAGE][PASSED] - Object: 'Object Repository/Data Driven/full-name/Page_Town Square - team1612499 Mattermost/span_Save' is clicked on

2020-06-05 16:39:40 - [TEST_STEP][PASSED] - closeBrowser(): Browser is closed

2020-06-05 16:39:40 - [MESSAGE][PASSED] - Browser is closed]]></system-out>
         <system-err><![CDATA[]]></system-err>
      </testcase>
      <testcase name="Test Cases/internal data test case/email" time="18.133" classname="Test Cases/internal data test case/email" status="FAILED">
         <failure type="FAILED" message="Test Cases/internal data test case/email FAILED.
Reason:
com.kms.katalon.core.exception.StepFailedException: Unable to click on object
	at com.kms.katalon.core.webui.keyword.internal.WebUIKeywordMain.stepFailed(WebUIKeywordMain.groovy:64)
	at com.kms.katalon.core.webui.keyword.internal.WebUIKeywordMain.runKeyword(WebUIKeywordMain.groovy:26)
	at com.kms.katalon.core.webui.keyword.builtin.ClickKeyword.click(ClickKeyword.groovy:76)
	at com.kms.katalon.core.webui.keyword.builtin.ClickKeyword.execute(ClickKeyword.groovy:43)
	at com.kms.katalon.core.keyword.internal.KeywordExecutor.executeKeywordForPlatform(KeywordExecutor.groovy:72)
	at com.kms.katalon.core.webui.keyword.WebUiBuiltInKeywords.click(WebUiBuiltInKeywords.groovy:616)
	at com.kms.katalon.core.webui.keyword.WebUiBuiltInKeywords$click$3.call(Unknown Source)
	at email.run(email:34)
	at com.kms.katalon.core.main.ScriptEngine.run(ScriptEngine.java:194)
	at com.kms.katalon.core.main.ScriptEngine.runScriptAsRawText(ScriptEngine.java:119)
	at com.kms.katalon.core.main.TestCaseExecutor.runScript(TestCaseExecutor.java:337)
	at com.kms.katalon.core.main.TestCaseExecutor.doExecute(TestCaseExecutor.java:328)
	at com.kms.katalon.core.main.TestCaseExecutor.processExecutionPhase(TestCaseExecutor.java:307)
	at com.kms.katalon.core.main.TestCaseExecutor.accessMainPhase(TestCaseExecutor.java:299)
	at com.kms.katalon.core.main.TestCaseExecutor.execute(TestCaseExecutor.java:233)
	at com.kms.katalon.core.main.TestSuiteExecutor.accessTestCaseMainPhase(TestSuiteExecutor.java:169)
	at com.kms.katalon.core.main.TestSuiteExecutor.accessTestSuiteMainPhase(TestSuiteExecutor.java:142)
	at com.kms.katalon.core.main.TestSuiteExecutor.execute(TestSuiteExecutor.java:91)
	at com.kms.katalon.core.main.TestCaseMain.startTestSuite(TestCaseMain.java:157)
	at com.kms.katalon.core.main.TestCaseMain$startTestSuite$0.call(Unknown Source)
	at TempTestSuite1591349893024.run(TempTestSuite1591349893024.groovy:37)
Caused by: java.lang.IllegalArgumentException: Object is null
	at com.kms.katalon.core.helper.KeywordHelper.checkTestObjectParameter(KeywordHelper.java:33)
	at com.kms.katalon.core.webui.keyword.builtin.ClickKeyword$_click_closure1.doCall(ClickKeyword.groovy:65)
	at com.kms.katalon.core.webui.keyword.builtin.ClickKeyword$_click_closure1.call(ClickKeyword.groovy)
	at com.kms.katalon.core.webui.keyword.internal.WebUIKeywordMain.runKeyword(WebUIKeywordMain.groovy:20)
	... 19 more
"/>
         <system-out><![CDATA[2020-06-05 16:39:40 - [TEST_CASE][FAILED] - Test Cases/internal data test case/email: Test Cases/internal data test case/email FAILED.
Reason:
com.kms.katalon.core.exception.StepFailedException: Unable to click on object
	at com.kms.katalon.core.webui.keyword.internal.WebUIKeywordMain.stepFailed(WebUIKeywordMain.groovy:64)
	at com.kms.katalon.core.webui.keyword.internal.WebUIKeywordMain.runKeyword(WebUIKeywordMain.groovy:26)
	at com.kms.katalon.core.webui.keyword.builtin.ClickKeyword.click(ClickKeyword.groovy:76)
	at com.kms.katalon.core.webui.keyword.builtin.ClickKeyword.execute(ClickKeyword.groovy:43)
	at com.kms.katalon.core.keyword.internal.KeywordExecutor.executeKeywordForPlatform(KeywordExecutor.groovy:72)
	at com.kms.katalon.core.webui.keyword.WebUiBuiltInKeywords.click(WebUiBuiltInKeywords.groovy:616)
	at com.kms.katalon.core.webui.keyword.WebUiBuiltInKeywords$click$3.call(Unknown Source)
	at email.run(email:34)
	at com.kms.katalon.core.main.ScriptEngine.run(ScriptEngine.java:194)
	at com.kms.katalon.core.main.ScriptEngine.runScriptAsRawText(ScriptEngine.java:119)
	at com.kms.katalon.core.main.TestCaseExecutor.runScript(TestCaseExecutor.java:337)
	at com.kms.katalon.core.main.TestCaseExecutor.doExecute(TestCaseExecutor.java:328)
	at com.kms.katalon.core.main.TestCaseExecutor.processExecutionPhase(TestCaseExecutor.java:307)
	at com.kms.katalon.core.main.TestCaseExecutor.accessMainPhase(TestCaseExecutor.java:299)
	at com.kms.katalon.core.main.TestCaseExecutor.execute(TestCaseExecutor.java:233)
	at com.kms.katalon.core.main.TestSuiteExecutor.accessTestCaseMainPhase(TestSuiteExecutor.java:169)
	at com.kms.katalon.core.main.TestSuiteExecutor.accessTestSuiteMainPhase(TestSuiteExecutor.java:142)
	at com.kms.katalon.core.main.TestSuiteExecutor.execute(TestSuiteExecutor.java:91)
	at com.kms.katalon.core.main.TestCaseMain.startTestSuite(TestCaseMain.java:157)
	at com.kms.katalon.core.main.TestCaseMain$startTestSuite$0.call(Unknown Source)
	at TempTestSuite1591349893024.run(TempTestSuite1591349893024.groovy:37)
Caused by: java.lang.IllegalArgumentException: Object is null
	at com.kms.katalon.core.helper.KeywordHelper.checkTestObjectParameter(KeywordHelper.java:33)
	at com.kms.katalon.core.webui.keyword.builtin.ClickKeyword$_click_closure1.doCall(ClickKeyword.groovy:65)
	at com.kms.katalon.core.webui.keyword.builtin.ClickKeyword$_click_closure1.call(ClickKeyword.groovy)
	at com.kms.katalon.core.webui.keyword.internal.WebUIKeywordMain.runKeyword(WebUIKeywordMain.groovy:20)
	... 19 more


2020-06-05 16:39:40 - [TEST_STEP][PASSED] - openBrowser(""): Browser is opened with url: ''

2020-06-05 16:39:40 - [MESSAGE][INFO] - Starting 'Chrome' driver

2020-06-05 16:39:40 - [MESSAGE][INFO] - Action delay is set to 0 milliseconds

2020-06-05 16:39:41 - [MESSAGE][PASSED] - Browser is opened with url: ''

2020-06-05 16:39:41 - [TEST_STEP][PASSED] - navigateToUrl("https://mattermost-aut.herokuapp.com/login"): Navigate to 'https://mattermost-aut.herokuapp.com/login' successfully

2020-06-05 16:39:50 - [MESSAGE][PASSED] - Navigate to 'https://mattermost-aut.herokuapp.com/login' successfully

2020-06-05 16:39:50 - [TEST_STEP][PASSED] - setText(findTestObject("Data Driven/nickname/Page_Mattermost/input_All team communication in one place searchable and accessible anywhere_loginId"), "phong1998"): Text 'phong1998' is set on object 'Object Repository/Data Driven/nickname/Page_Mattermost/input_All team communication in one place searchable and accessible anywhere_loginId'

2020-06-05 16:39:54 - [MESSAGE][PASSED] - Text 'phong1998' is set on object 'Object Repository/Data Driven/nickname/Page_Mattermost/input_All team communication in one place searchable and accessible anywhere_loginId'

2020-06-05 16:39:54 - [TEST_STEP][PASSED] - setEncryptedText(findTestObject("Data Driven/nickname/Page_Mattermost/input_All team communication in one place searchable and accessible anywhere_password"), "X6RAMBNCYDQ8H8PMJNlsmQ=="): Text ****** has been set on object 'Object Repository/Data Driven/nickname/Page_Mattermost/input_All team communication in one place searchable and accessible anywhere_password'

2020-06-05 16:39:55 - [MESSAGE][PASSED] - Text ****** has been set on object 'Object Repository/Data Driven/nickname/Page_Mattermost/input_All team communication in one place searchable and accessible anywhere_password'

2020-06-05 16:39:55 - [TEST_STEP][PASSED] - click(findTestObject("Data Driven/nickname/Page_Mattermost/span_Sign in")): Object: 'Object Repository/Data Driven/nickname/Page_Mattermost/span_Sign in' is clicked on

2020-06-05 16:39:55 - [MESSAGE][PASSED] - Object: 'Object Repository/Data Driven/nickname/Page_Mattermost/span_Sign in' is clicked on

2020-06-05 16:39:55 - [TEST_STEP][PASSED] - click(findTestObject("Data Driven/position/Page_Town Square - team1612499 Mattermost/span")): Object: 'Object Repository/Data Driven/position/Page_Town Square - team1612499 Mattermost/span' is clicked on

2020-06-05 16:39:58 - [MESSAGE][PASSED] - Object: 'Object Repository/Data Driven/position/Page_Town Square - team1612499 Mattermost/span' is clicked on

2020-06-05 16:39:58 - [TEST_STEP][FAILED] - click(findTestObject("Page_Town Square - team1612499 Mattermost/span_Account Settings")): Unable to click on object (Root cause: com.kms.katalon.core.exception.StepFailedException: Unable to click on object
	at com.kms.katalon.core.webui.keyword.internal.WebUIKeywordMain.stepFailed(WebUIKeywordMain.groovy:64)
	at com.kms.katalon.core.webui.keyword.internal.WebUIKeywordMain.runKeyword(WebUIKeywordMain.groovy:26)
	at com.kms.katalon.core.webui.keyword.builtin.ClickKeyword.click(ClickKeyword.groovy:76)
	at com.kms.katalon.core.webui.keyword.builtin.ClickKeyword.execute(ClickKeyword.groovy:43)
	at com.kms.katalon.core.keyword.internal.KeywordExecutor.executeKeywordForPlatform(KeywordExecutor.groovy:72)
	at com.kms.katalon.core.webui.keyword.WebUiBuiltInKeywords.click(WebUiBuiltInKeywords.groovy:616)
	at com.kms.katalon.core.webui.keyword.WebUiBuiltInKeywords$click$3.call(Unknown Source)
	at email.run(email:34)
	at com.kms.katalon.core.main.ScriptEngine.run(ScriptEngine.java:194)
	at com.kms.katalon.core.main.ScriptEngine.runScriptAsRawText(ScriptEngine.java:119)
	at com.kms.katalon.core.main.TestCaseExecutor.runScript(TestCaseExecutor.java:337)
	at com.kms.katalon.core.main.TestCaseExecutor.doExecute(TestCaseExecutor.java:328)
	at com.kms.katalon.core.main.TestCaseExecutor.processExecutionPhase(TestCaseExecutor.java:307)
	at com.kms.katalon.core.main.TestCaseExecutor.accessMainPhase(TestCaseExecutor.java:299)
	at com.kms.katalon.core.main.TestCaseExecutor.execute(TestCaseExecutor.java:233)
	at com.kms.katalon.core.main.TestSuiteExecutor.accessTestCaseMainPhase(TestSuiteExecutor.java:169)
	at com.kms.katalon.core.main.TestSuiteExecutor.accessTestSuiteMainPhase(TestSuiteExecutor.java:142)
	at com.kms.katalon.core.main.TestSuiteExecutor.execute(TestSuiteExecutor.java:91)
	at com.kms.katalon.core.main.TestCaseMain.startTestSuite(TestCaseMain.java:157)
	at com.kms.katalon.core.main.TestCaseMain$startTestSuite$0.call(Unknown Source)
	at TempTestSuite1591349893024.run(TempTestSuite1591349893024.groovy:37)
Caused by: java.lang.IllegalArgumentException: Object is null
	at com.kms.katalon.core.helper.KeywordHelper.checkTestObjectParameter(KeywordHelper.java:33)
	at com.kms.katalon.core.webui.keyword.builtin.ClickKeyword$_click_closure1.doCall(ClickKeyword.groovy:65)
	at com.kms.katalon.core.webui.keyword.builtin.ClickKeyword$_click_closure1.call(ClickKeyword.groovy)
	at com.kms.katalon.core.webui.keyword.internal.WebUIKeywordMain.runKeyword(WebUIKeywordMain.groovy:20)
	at com.kms.katalon.core.webui.keyword.builtin.ClickKeyword.click(ClickKeyword.groovy:76)
	at com.kms.katalon.core.webui.keyword.builtin.ClickKeyword.execute(ClickKeyword.groovy:43)
	at com.kms.katalon.core.keyword.internal.KeywordExecutor.executeKeywordForPlatform(KeywordExecutor.groovy:72)
	at com.kms.katalon.core.webui.keyword.WebUiBuiltInKeywords.click(WebUiBuiltInKeywords.groovy:616)
	at com.kms.katalon.core.webui.keyword.WebUiBuiltInKeywords$click$3.call(Unknown Source)
	at Script1591296506249.run(Script1591296506249.groovy:34)
	... 13 more
)

2020-06-05 16:39:58 - [MESSAGE][WARNING] - Test object with id 'Object Repository/Page_Town Square - team1612499 Mattermost/span_Account Settings' does not exist

2020-06-05 16:39:58 - [MESSAGE][WARNING] - Test object with id 'Object Repository/' does not exist

2020-06-05 16:39:58 - [MESSAGE][FAILED] - Unable to click on object (Root cause: com.kms.katalon.core.exception.StepFailedException: Unable to click on object
	at com.kms.katalon.core.webui.keyword.internal.WebUIKeywordMain.stepFailed(WebUIKeywordMain.groovy:64)
	at com.kms.katalon.core.webui.keyword.internal.WebUIKeywordMain.runKeyword(WebUIKeywordMain.groovy:26)
	at com.kms.katalon.core.webui.keyword.builtin.ClickKeyword.click(ClickKeyword.groovy:76)
	at com.kms.katalon.core.webui.keyword.builtin.ClickKeyword.execute(ClickKeyword.groovy:43)
	at com.kms.katalon.core.keyword.internal.KeywordExecutor.executeKeywordForPlatform(KeywordExecutor.groovy:72)
	at com.kms.katalon.core.webui.keyword.WebUiBuiltInKeywords.click(WebUiBuiltInKeywords.groovy:616)
	at com.kms.katalon.core.webui.keyword.WebUiBuiltInKeywords$click$3.call(Unknown Source)
	at email.run(email:34)
	at com.kms.katalon.core.main.ScriptEngine.run(ScriptEngine.java:194)
	at com.kms.katalon.core.main.ScriptEngine.runScriptAsRawText(ScriptEngine.java:119)
	at com.kms.katalon.core.main.TestCaseExecutor.runScript(TestCaseExecutor.java:337)
	at com.kms.katalon.core.main.TestCaseExecutor.doExecute(TestCaseExecutor.java:328)
	at com.kms.katalon.core.main.TestCaseExecutor.processExecutionPhase(TestCaseExecutor.java:307)
	at com.kms.katalon.core.main.TestCaseExecutor.accessMainPhase(TestCaseExecutor.java:299)
	at com.kms.katalon.core.main.TestCaseExecutor.execute(TestCaseExecutor.java:233)
	at com.kms.katalon.core.main.TestSuiteExecutor.accessTestCaseMainPhase(TestSuiteExecutor.java:169)
	at com.kms.katalon.core.main.TestSuiteExecutor.accessTestSuiteMainPhase(TestSuiteExecutor.java:142)
	at com.kms.katalon.core.main.TestSuiteExecutor.execute(TestSuiteExecutor.java:91)
	at com.kms.katalon.core.main.TestCaseMain.startTestSuite(TestCaseMain.java:157)
	at com.kms.katalon.core.main.TestCaseMain$startTestSuite$0.call(Unknown Source)
	at TempTestSuite1591349893024.run(TempTestSuite1591349893024.groovy:37)
Caused by: java.lang.IllegalArgumentException: Object is null
	at com.kms.katalon.core.helper.KeywordHelper.checkTestObjectParameter(KeywordHelper.java:33)
	at com.kms.katalon.core.webui.keyword.builtin.ClickKeyword$_click_closure1.doCall(ClickKeyword.groovy:65)
	at com.kms.katalon.core.webui.keyword.builtin.ClickKeyword$_click_closure1.call(ClickKeyword.groovy)
	at com.kms.katalon.core.webui.keyword.internal.WebUIKeywordMain.runKeyword(WebUIKeywordMain.groovy:20)
	at com.kms.katalon.core.webui.keyword.builtin.ClickKeyword.click(ClickKeyword.groovy:76)
	at com.kms.katalon.core.webui.keyword.builtin.ClickKeyword.execute(ClickKeyword.groovy:43)
	at com.kms.katalon.core.keyword.internal.KeywordExecutor.executeKeywordForPlatform(KeywordExecutor.groovy:72)
	at com.kms.katalon.core.webui.keyword.WebUiBuiltInKeywords.click(WebUiBuiltInKeywords.groovy:616)
	at com.kms.katalon.core.webui.keyword.WebUiBuiltInKeywords$click$3.call(Unknown Source)
	at Script1591296506249.run(Script1591296506249.groovy:34)
	... 13 more
)
[[ATTACHMENT|/home/phat/Downloads/katalon/mattermost-webapp/Reports/20200605_163813/Run all test cases/20200605_163813/1591349998672.png]]]]></system-out>
         <system-err><![CDATA[2020-06-05 16:39:40 - [TEST_CASE][FAILED] - Test Cases/internal data test case/email: Test Cases/internal data test case/email FAILED.
Reason:
com.kms.katalon.core.exception.StepFailedException: Unable to click on object
	at com.kms.katalon.core.webui.keyword.internal.WebUIKeywordMain.stepFailed(WebUIKeywordMain.groovy:64)
	at com.kms.katalon.core.webui.keyword.internal.WebUIKeywordMain.runKeyword(WebUIKeywordMain.groovy:26)
	at com.kms.katalon.core.webui.keyword.builtin.ClickKeyword.click(ClickKeyword.groovy:76)
	at com.kms.katalon.core.webui.keyword.builtin.ClickKeyword.execute(ClickKeyword.groovy:43)
	at com.kms.katalon.core.keyword.internal.KeywordExecutor.executeKeywordForPlatform(KeywordExecutor.groovy:72)
	at com.kms.katalon.core.webui.keyword.WebUiBuiltInKeywords.click(WebUiBuiltInKeywords.groovy:616)
	at com.kms.katalon.core.webui.keyword.WebUiBuiltInKeywords$click$3.call(Unknown Source)
	at email.run(email:34)
	at com.kms.katalon.core.main.ScriptEngine.run(ScriptEngine.java:194)
	at com.kms.katalon.core.main.ScriptEngine.runScriptAsRawText(ScriptEngine.java:119)
	at com.kms.katalon.core.main.TestCaseExecutor.runScript(TestCaseExecutor.java:337)
	at com.kms.katalon.core.main.TestCaseExecutor.doExecute(TestCaseExecutor.java:328)
	at com.kms.katalon.core.main.TestCaseExecutor.processExecutionPhase(TestCaseExecutor.java:307)
	at com.kms.katalon.core.main.TestCaseExecutor.accessMainPhase(TestCaseExecutor.java:299)
	at com.kms.katalon.core.main.TestCaseExecutor.execute(TestCaseExecutor.java:233)
	at com.kms.katalon.core.main.TestSuiteExecutor.accessTestCaseMainPhase(TestSuiteExecutor.java:169)
	at com.kms.katalon.core.main.TestSuiteExecutor.accessTestSuiteMainPhase(TestSuiteExecutor.java:142)
	at com.kms.katalon.core.main.TestSuiteExecutor.execute(TestSuiteExecutor.java:91)
	at com.kms.katalon.core.main.TestCaseMain.startTestSuite(TestCaseMain.java:157)
	at com.kms.katalon.core.main.TestCaseMain$startTestSuite$0.call(Unknown Source)
	at TempTestSuite1591349893024.run(TempTestSuite1591349893024.groovy:37)
Caused by: java.lang.IllegalArgumentException: Object is null
	at com.kms.katalon.core.helper.KeywordHelper.checkTestObjectParameter(KeywordHelper.java:33)
	at com.kms.katalon.core.webui.keyword.builtin.ClickKeyword$_click_closure1.doCall(ClickKeyword.groovy:65)
	at com.kms.katalon.core.webui.keyword.builtin.ClickKeyword$_click_closure1.call(ClickKeyword.groovy)
	at com.kms.katalon.core.webui.keyword.internal.WebUIKeywordMain.runKeyword(WebUIKeywordMain.groovy:20)
	... 19 more]]></system-err>
      </testcase>
      <testcase name="Test Cases/internal data test case/word-trigger" time="12.524" classname="Test Cases/internal data test case/word-trigger" status="FAILED">
         <failure type="FAILED" message="Test Cases/internal data test case/word-trigger FAILED.
Reason:
com.kms.katalon.core.exception.StepFailedException: Unable to click on object
	at com.kms.katalon.core.webui.keyword.internal.WebUIKeywordMain.stepFailed(WebUIKeywordMain.groovy:64)
	at com.kms.katalon.core.webui.keyword.internal.WebUIKeywordMain.runKeyword(WebUIKeywordMain.groovy:26)
	at com.kms.katalon.core.webui.keyword.builtin.ClickKeyword.click(ClickKeyword.groovy:76)
	at com.kms.katalon.core.webui.keyword.builtin.ClickKeyword.execute(ClickKeyword.groovy:43)
	at com.kms.katalon.core.keyword.internal.KeywordExecutor.executeKeywordForPlatform(KeywordExecutor.groovy:72)
	at com.kms.katalon.core.webui.keyword.WebUiBuiltInKeywords.click(WebUiBuiltInKeywords.groovy:616)
	at com.kms.katalon.core.webui.keyword.WebUiBuiltInKeywords$click$3.call(Unknown Source)
	at word-trigger.run(word-trigger:34)
	at com.kms.katalon.core.main.ScriptEngine.run(ScriptEngine.java:194)
	at com.kms.katalon.core.main.ScriptEngine.runScriptAsRawText(ScriptEngine.java:119)
	at com.kms.katalon.core.main.TestCaseExecutor.runScript(TestCaseExecutor.java:337)
	at com.kms.katalon.core.main.TestCaseExecutor.doExecute(TestCaseExecutor.java:328)
	at com.kms.katalon.core.main.TestCaseExecutor.processExecutionPhase(TestCaseExecutor.java:307)
	at com.kms.katalon.core.main.TestCaseExecutor.accessMainPhase(TestCaseExecutor.java:299)
	at com.kms.katalon.core.main.TestCaseExecutor.execute(TestCaseExecutor.java:233)
	at com.kms.katalon.core.main.TestSuiteExecutor.accessTestCaseMainPhase(TestSuiteExecutor.java:169)
	at com.kms.katalon.core.main.TestSuiteExecutor.accessTestSuiteMainPhase(TestSuiteExecutor.java:142)
	at com.kms.katalon.core.main.TestSuiteExecutor.execute(TestSuiteExecutor.java:91)
	at com.kms.katalon.core.main.TestCaseMain.startTestSuite(TestCaseMain.java:157)
	at com.kms.katalon.core.main.TestCaseMain$startTestSuite$0.call(Unknown Source)
	at TempTestSuite1591349893024.run(TempTestSuite1591349893024.groovy:37)
Caused by: java.lang.IllegalArgumentException: Object is null
	at com.kms.katalon.core.helper.KeywordHelper.checkTestObjectParameter(KeywordHelper.java:33)
	at com.kms.katalon.core.webui.keyword.builtin.ClickKeyword$_click_closure1.doCall(ClickKeyword.groovy:65)
	at com.kms.katalon.core.webui.keyword.builtin.ClickKeyword$_click_closure1.call(ClickKeyword.groovy)
	at com.kms.katalon.core.webui.keyword.internal.WebUIKeywordMain.runKeyword(WebUIKeywordMain.groovy:20)
	... 19 more
"/>
         <system-out><![CDATA[2020-06-05 16:39:58 - [TEST_CASE][FAILED] - Test Cases/internal data test case/word-trigger: Test Cases/internal data test case/word-trigger FAILED.
Reason:
com.kms.katalon.core.exception.StepFailedException: Unable to click on object
	at com.kms.katalon.core.webui.keyword.internal.WebUIKeywordMain.stepFailed(WebUIKeywordMain.groovy:64)
	at com.kms.katalon.core.webui.keyword.internal.WebUIKeywordMain.runKeyword(WebUIKeywordMain.groovy:26)
	at com.kms.katalon.core.webui.keyword.builtin.ClickKeyword.click(ClickKeyword.groovy:76)
	at com.kms.katalon.core.webui.keyword.builtin.ClickKeyword.execute(ClickKeyword.groovy:43)
	at com.kms.katalon.core.keyword.internal.KeywordExecutor.executeKeywordForPlatform(KeywordExecutor.groovy:72)
	at com.kms.katalon.core.webui.keyword.WebUiBuiltInKeywords.click(WebUiBuiltInKeywords.groovy:616)
	at com.kms.katalon.core.webui.keyword.WebUiBuiltInKeywords$click$3.call(Unknown Source)
	at word-trigger.run(word-trigger:34)
	at com.kms.katalon.core.main.ScriptEngine.run(ScriptEngine.java:194)
	at com.kms.katalon.core.main.ScriptEngine.runScriptAsRawText(ScriptEngine.java:119)
	at com.kms.katalon.core.main.TestCaseExecutor.runScript(TestCaseExecutor.java:337)
	at com.kms.katalon.core.main.TestCaseExecutor.doExecute(TestCaseExecutor.java:328)
	at com.kms.katalon.core.main.TestCaseExecutor.processExecutionPhase(TestCaseExecutor.java:307)
	at com.kms.katalon.core.main.TestCaseExecutor.accessMainPhase(TestCaseExecutor.java:299)
	at com.kms.katalon.core.main.TestCaseExecutor.execute(TestCaseExecutor.java:233)
	at com.kms.katalon.core.main.TestSuiteExecutor.accessTestCaseMainPhase(TestSuiteExecutor.java:169)
	at com.kms.katalon.core.main.TestSuiteExecutor.accessTestSuiteMainPhase(TestSuiteExecutor.java:142)
	at com.kms.katalon.core.main.TestSuiteExecutor.execute(TestSuiteExecutor.java:91)
	at com.kms.katalon.core.main.TestCaseMain.startTestSuite(TestCaseMain.java:157)
	at com.kms.katalon.core.main.TestCaseMain$startTestSuite$0.call(Unknown Source)
	at TempTestSuite1591349893024.run(TempTestSuite1591349893024.groovy:37)
Caused by: java.lang.IllegalArgumentException: Object is null
	at com.kms.katalon.core.helper.KeywordHelper.checkTestObjectParameter(KeywordHelper.java:33)
	at com.kms.katalon.core.webui.keyword.builtin.ClickKeyword$_click_closure1.doCall(ClickKeyword.groovy:65)
	at com.kms.katalon.core.webui.keyword.builtin.ClickKeyword$_click_closure1.call(ClickKeyword.groovy)
	at com.kms.katalon.core.webui.keyword.internal.WebUIKeywordMain.runKeyword(WebUIKeywordMain.groovy:20)
	... 19 more


2020-06-05 16:39:59 - [TEST_STEP][PASSED] - openBrowser(""): Browser is opened with url: ''

2020-06-05 16:39:59 - [MESSAGE][WARNING] - A browser is already opened. Closing browser and opening a new one

2020-06-05 16:39:59 - [MESSAGE][INFO] - Starting 'Chrome' driver

2020-06-05 16:39:59 - [MESSAGE][INFO] - Action delay is set to 0 milliseconds

2020-06-05 16:39:59 - [MESSAGE][PASSED] - Browser is opened with url: ''

2020-06-05 16:39:59 - [TEST_STEP][PASSED] - navigateToUrl("https://mattermost-aut.herokuapp.com/login"): Navigate to 'https://mattermost-aut.herokuapp.com/login' successfully

2020-06-05 16:40:02 - [MESSAGE][PASSED] - Navigate to 'https://mattermost-aut.herokuapp.com/login' successfully

2020-06-05 16:40:02 - [TEST_STEP][PASSED] - setText(findTestObject("Data Driven/login/Page_Mattermost/input_All team communication in one place searchable and accessible anywhere_loginId"), "phong1998"): Text 'phong1998' is set on object 'Object Repository/Data Driven/login/Page_Mattermost/input_All team communication in one place searchable and accessible anywhere_loginId'

2020-06-05 16:40:07 - [MESSAGE][PASSED] - Text 'phong1998' is set on object 'Object Repository/Data Driven/login/Page_Mattermost/input_All team communication in one place searchable and accessible anywhere_loginId'

2020-06-05 16:40:07 - [TEST_STEP][PASSED] - setEncryptedText(findTestObject("Data Driven/login/Page_Mattermost/input_All team communication in one place searchable and accessible anywhere_password"), "X6RAMBNCYDQ8H8PMJNlsmQ=="): Text ****** has been set on object 'Object Repository/Data Driven/login/Page_Mattermost/input_All team communication in one place searchable and accessible anywhere_password'

2020-06-05 16:40:07 - [MESSAGE][PASSED] - Text ****** has been set on object 'Object Repository/Data Driven/login/Page_Mattermost/input_All team communication in one place searchable and accessible anywhere_password'

2020-06-05 16:40:07 - [TEST_STEP][PASSED] - click(findTestObject("Data Driven/direct-message/Page_Mattermost/button_Sign in")): Object: 'Object Repository/Data Driven/direct-message/Page_Mattermost/button_Sign in' is clicked on

2020-06-05 16:40:08 - [MESSAGE][PASSED] - Object: 'Object Repository/Data Driven/direct-message/Page_Mattermost/button_Sign in' is clicked on

2020-06-05 16:40:08 - [TEST_STEP][PASSED] - click(findTestObject("Data Driven/password/Page_Town Square - team1612499 Mattermost/button_phong1998_style--none sidebar-header_cd5638")): Object: 'Object Repository/Data Driven/password/Page_Town Square - team1612499 Mattermost/button_phong1998_style--none sidebar-header_cd5638' is clicked on

2020-06-05 16:40:11 - [MESSAGE][PASSED] - Object: 'Object Repository/Data Driven/password/Page_Town Square - team1612499 Mattermost/button_phong1998_style--none sidebar-header_cd5638' is clicked on

2020-06-05 16:40:11 - [TEST_STEP][FAILED] - click(findTestObject("Page_Town Square - team1612499 Mattermost/span_Account Settings")): Unable to click on object (Root cause: com.kms.katalon.core.exception.StepFailedException: Unable to click on object
	at com.kms.katalon.core.webui.keyword.internal.WebUIKeywordMain.stepFailed(WebUIKeywordMain.groovy:64)
	at com.kms.katalon.core.webui.keyword.internal.WebUIKeywordMain.runKeyword(WebUIKeywordMain.groovy:26)
	at com.kms.katalon.core.webui.keyword.builtin.ClickKeyword.click(ClickKeyword.groovy:76)
	at com.kms.katalon.core.webui.keyword.builtin.ClickKeyword.execute(ClickKeyword.groovy:43)
	at com.kms.katalon.core.keyword.internal.KeywordExecutor.executeKeywordForPlatform(KeywordExecutor.groovy:72)
	at com.kms.katalon.core.webui.keyword.WebUiBuiltInKeywords.click(WebUiBuiltInKeywords.groovy:616)
	at com.kms.katalon.core.webui.keyword.WebUiBuiltInKeywords$click$3.call(Unknown Source)
	at word-trigger.run(word-trigger:34)
	at com.kms.katalon.core.main.ScriptEngine.run(ScriptEngine.java:194)
	at com.kms.katalon.core.main.ScriptEngine.runScriptAsRawText(ScriptEngine.java:119)
	at com.kms.katalon.core.main.TestCaseExecutor.runScript(TestCaseExecutor.java:337)
	at com.kms.katalon.core.main.TestCaseExecutor.doExecute(TestCaseExecutor.java:328)
	at com.kms.katalon.core.main.TestCaseExecutor.processExecutionPhase(TestCaseExecutor.java:307)
	at com.kms.katalon.core.main.TestCaseExecutor.accessMainPhase(TestCaseExecutor.java:299)
	at com.kms.katalon.core.main.TestCaseExecutor.execute(TestCaseExecutor.java:233)
	at com.kms.katalon.core.main.TestSuiteExecutor.accessTestCaseMainPhase(TestSuiteExecutor.java:169)
	at com.kms.katalon.core.main.TestSuiteExecutor.accessTestSuiteMainPhase(TestSuiteExecutor.java:142)
	at com.kms.katalon.core.main.TestSuiteExecutor.execute(TestSuiteExecutor.java:91)
	at com.kms.katalon.core.main.TestCaseMain.startTestSuite(TestCaseMain.java:157)
	at com.kms.katalon.core.main.TestCaseMain$startTestSuite$0.call(Unknown Source)
	at TempTestSuite1591349893024.run(TempTestSuite1591349893024.groovy:37)
Caused by: java.lang.IllegalArgumentException: Object is null
	at com.kms.katalon.core.helper.KeywordHelper.checkTestObjectParameter(KeywordHelper.java:33)
	at com.kms.katalon.core.webui.keyword.builtin.ClickKeyword$_click_closure1.doCall(ClickKeyword.groovy:65)
	at com.kms.katalon.core.webui.keyword.builtin.ClickKeyword$_click_closure1.call(ClickKeyword.groovy)
	at com.kms.katalon.core.webui.keyword.internal.WebUIKeywordMain.runKeyword(WebUIKeywordMain.groovy:20)
	at com.kms.katalon.core.webui.keyword.builtin.ClickKeyword.click(ClickKeyword.groovy:76)
	at com.kms.katalon.core.webui.keyword.builtin.ClickKeyword.execute(ClickKeyword.groovy:43)
	at com.kms.katalon.core.keyword.internal.KeywordExecutor.executeKeywordForPlatform(KeywordExecutor.groovy:72)
	at com.kms.katalon.core.webui.keyword.WebUiBuiltInKeywords.click(WebUiBuiltInKeywords.groovy:616)
	at com.kms.katalon.core.webui.keyword.WebUiBuiltInKeywords$click$3.call(Unknown Source)
	at Script1591296532982.run(Script1591296532982.groovy:34)
	... 13 more
)

2020-06-05 16:40:11 - [MESSAGE][WARNING] - Test object with id 'Object Repository/Page_Town Square - team1612499 Mattermost/span_Account Settings' does not exist

2020-06-05 16:40:11 - [MESSAGE][WARNING] - Test object with id 'Object Repository/' does not exist

2020-06-05 16:40:11 - [MESSAGE][FAILED] - Unable to click on object (Root cause: com.kms.katalon.core.exception.StepFailedException: Unable to click on object
	at com.kms.katalon.core.webui.keyword.internal.WebUIKeywordMain.stepFailed(WebUIKeywordMain.groovy:64)
	at com.kms.katalon.core.webui.keyword.internal.WebUIKeywordMain.runKeyword(WebUIKeywordMain.groovy:26)
	at com.kms.katalon.core.webui.keyword.builtin.ClickKeyword.click(ClickKeyword.groovy:76)
	at com.kms.katalon.core.webui.keyword.builtin.ClickKeyword.execute(ClickKeyword.groovy:43)
	at com.kms.katalon.core.keyword.internal.KeywordExecutor.executeKeywordForPlatform(KeywordExecutor.groovy:72)
	at com.kms.katalon.core.webui.keyword.WebUiBuiltInKeywords.click(WebUiBuiltInKeywords.groovy:616)
	at com.kms.katalon.core.webui.keyword.WebUiBuiltInKeywords$click$3.call(Unknown Source)
	at word-trigger.run(word-trigger:34)
	at com.kms.katalon.core.main.ScriptEngine.run(ScriptEngine.java:194)
	at com.kms.katalon.core.main.ScriptEngine.runScriptAsRawText(ScriptEngine.java:119)
	at com.kms.katalon.core.main.TestCaseExecutor.runScript(TestCaseExecutor.java:337)
	at com.kms.katalon.core.main.TestCaseExecutor.doExecute(TestCaseExecutor.java:328)
	at com.kms.katalon.core.main.TestCaseExecutor.processExecutionPhase(TestCaseExecutor.java:307)
	at com.kms.katalon.core.main.TestCaseExecutor.accessMainPhase(TestCaseExecutor.java:299)
	at com.kms.katalon.core.main.TestCaseExecutor.execute(TestCaseExecutor.java:233)
	at com.kms.katalon.core.main.TestSuiteExecutor.accessTestCaseMainPhase(TestSuiteExecutor.java:169)
	at com.kms.katalon.core.main.TestSuiteExecutor.accessTestSuiteMainPhase(TestSuiteExecutor.java:142)
	at com.kms.katalon.core.main.TestSuiteExecutor.execute(TestSuiteExecutor.java:91)
	at com.kms.katalon.core.main.TestCaseMain.startTestSuite(TestCaseMain.java:157)
	at com.kms.katalon.core.main.TestCaseMain$startTestSuite$0.call(Unknown Source)
	at TempTestSuite1591349893024.run(TempTestSuite1591349893024.groovy:37)
Caused by: java.lang.IllegalArgumentException: Object is null
	at com.kms.katalon.core.helper.KeywordHelper.checkTestObjectParameter(KeywordHelper.java:33)
	at com.kms.katalon.core.webui.keyword.builtin.ClickKeyword$_click_closure1.doCall(ClickKeyword.groovy:65)
	at com.kms.katalon.core.webui.keyword.builtin.ClickKeyword$_click_closure1.call(ClickKeyword.groovy)
	at com.kms.katalon.core.webui.keyword.internal.WebUIKeywordMain.runKeyword(WebUIKeywordMain.groovy:20)
	at com.kms.katalon.core.webui.keyword.builtin.ClickKeyword.click(ClickKeyword.groovy:76)
	at com.kms.katalon.core.webui.keyword.builtin.ClickKeyword.execute(ClickKeyword.groovy:43)
	at com.kms.katalon.core.keyword.internal.KeywordExecutor.executeKeywordForPlatform(KeywordExecutor.groovy:72)
	at com.kms.katalon.core.webui.keyword.WebUiBuiltInKeywords.click(WebUiBuiltInKeywords.groovy:616)
	at com.kms.katalon.core.webui.keyword.WebUiBuiltInKeywords$click$3.call(Unknown Source)
	at Script1591296532982.run(Script1591296532982.groovy:34)
	... 13 more
)
[[ATTACHMENT|/home/phat/Downloads/katalon/mattermost-webapp/Reports/20200605_163813/Run all test cases/20200605_163813/1591350011179.png]]]]></system-out>
         <system-err><![CDATA[2020-06-05 16:39:58 - [TEST_CASE][FAILED] - Test Cases/internal data test case/word-trigger: Test Cases/internal data test case/word-trigger FAILED.
Reason:
com.kms.katalon.core.exception.StepFailedException: Unable to click on object
	at com.kms.katalon.core.webui.keyword.internal.WebUIKeywordMain.stepFailed(WebUIKeywordMain.groovy:64)
	at com.kms.katalon.core.webui.keyword.internal.WebUIKeywordMain.runKeyword(WebUIKeywordMain.groovy:26)
	at com.kms.katalon.core.webui.keyword.builtin.ClickKeyword.click(ClickKeyword.groovy:76)
	at com.kms.katalon.core.webui.keyword.builtin.ClickKeyword.execute(ClickKeyword.groovy:43)
	at com.kms.katalon.core.keyword.internal.KeywordExecutor.executeKeywordForPlatform(KeywordExecutor.groovy:72)
	at com.kms.katalon.core.webui.keyword.WebUiBuiltInKeywords.click(WebUiBuiltInKeywords.groovy:616)
	at com.kms.katalon.core.webui.keyword.WebUiBuiltInKeywords$click$3.call(Unknown Source)
	at word-trigger.run(word-trigger:34)
	at com.kms.katalon.core.main.ScriptEngine.run(ScriptEngine.java:194)
	at com.kms.katalon.core.main.ScriptEngine.runScriptAsRawText(ScriptEngine.java:119)
	at com.kms.katalon.core.main.TestCaseExecutor.runScript(TestCaseExecutor.java:337)
	at com.kms.katalon.core.main.TestCaseExecutor.doExecute(TestCaseExecutor.java:328)
	at com.kms.katalon.core.main.TestCaseExecutor.processExecutionPhase(TestCaseExecutor.java:307)
	at com.kms.katalon.core.main.TestCaseExecutor.accessMainPhase(TestCaseExecutor.java:299)
	at com.kms.katalon.core.main.TestCaseExecutor.execute(TestCaseExecutor.java:233)
	at com.kms.katalon.core.main.TestSuiteExecutor.accessTestCaseMainPhase(TestSuiteExecutor.java:169)
	at com.kms.katalon.core.main.TestSuiteExecutor.accessTestSuiteMainPhase(TestSuiteExecutor.java:142)
	at com.kms.katalon.core.main.TestSuiteExecutor.execute(TestSuiteExecutor.java:91)
	at com.kms.katalon.core.main.TestCaseMain.startTestSuite(TestCaseMain.java:157)
	at com.kms.katalon.core.main.TestCaseMain$startTestSuite$0.call(Unknown Source)
	at TempTestSuite1591349893024.run(TempTestSuite1591349893024.groovy:37)
Caused by: java.lang.IllegalArgumentException: Object is null
	at com.kms.katalon.core.helper.KeywordHelper.checkTestObjectParameter(KeywordHelper.java:33)
	at com.kms.katalon.core.webui.keyword.builtin.ClickKeyword$_click_closure1.doCall(ClickKeyword.groovy:65)
	at com.kms.katalon.core.webui.keyword.builtin.ClickKeyword$_click_closure1.call(ClickKeyword.groovy)
	at com.kms.katalon.core.webui.keyword.internal.WebUIKeywordMain.runKeyword(WebUIKeywordMain.groovy:20)
	... 19 more]]></system-err>
      </testcase>
      <testcase name="Test Cases/internal data test case/private-channel" time="13.754" classname="Test Cases/internal data test case/private-channel" status="PASSED">
         <system-out><![CDATA[2020-06-05 16:40:11 - [TEST_CASE][PASSED] - Test Cases/internal data test case/private-channel: Test Cases/internal data test case/private-channel

2020-06-05 16:40:11 - [TEST_STEP][PASSED] - openBrowser(""): Browser is opened with url: ''

2020-06-05 16:40:11 - [MESSAGE][WARNING] - A browser is already opened. Closing browser and opening a new one

2020-06-05 16:40:11 - [MESSAGE][INFO] - Starting 'Chrome' driver

2020-06-05 16:40:11 - [MESSAGE][INFO] - Action delay is set to 0 milliseconds

2020-06-05 16:40:12 - [MESSAGE][PASSED] - Browser is opened with url: ''

2020-06-05 16:40:12 - [TEST_STEP][PASSED] - navigateToUrl("https://mattermost-aut.herokuapp.com/login"): Navigate to 'https://mattermost-aut.herokuapp.com/login' successfully

2020-06-05 16:40:14 - [MESSAGE][PASSED] - Navigate to 'https://mattermost-aut.herokuapp.com/login' successfully

2020-06-05 16:40:14 - [TEST_STEP][PASSED] - setText(findTestObject("Data Driven/login/Page_Mattermost/input_All team communication in one place searchable and accessible anywhere_loginId"), "phong1998"): Text 'phong1998' is set on object 'Object Repository/Data Driven/login/Page_Mattermost/input_All team communication in one place searchable and accessible anywhere_loginId'

2020-06-05 16:40:18 - [MESSAGE][PASSED] - Text 'phong1998' is set on object 'Object Repository/Data Driven/login/Page_Mattermost/input_All team communication in one place searchable and accessible anywhere_loginId'

2020-06-05 16:40:18 - [TEST_STEP][PASSED] - setEncryptedText(findTestObject("Data Driven/login/Page_Mattermost/input_All team communication in one place searchable and accessible anywhere_password"), "X6RAMBNCYDQ8H8PMJNlsmQ=="): Text ****** has been set on object 'Object Repository/Data Driven/login/Page_Mattermost/input_All team communication in one place searchable and accessible anywhere_password'

2020-06-05 16:40:19 - [MESSAGE][PASSED] - Text ****** has been set on object 'Object Repository/Data Driven/login/Page_Mattermost/input_All team communication in one place searchable and accessible anywhere_password'

2020-06-05 16:40:19 - [TEST_STEP][PASSED] - click(findTestObject("Data Driven/login/Page_Mattermost/button_Sign in")): Object: 'Object Repository/Data Driven/login/Page_Mattermost/button_Sign in' is clicked on

2020-06-05 16:40:19 - [MESSAGE][PASSED] - Object: 'Object Repository/Data Driven/login/Page_Mattermost/button_Sign in' is clicked on

2020-06-05 16:40:19 - [TEST_STEP][PASSED] - click(findTestObject("Data Driven/private-channel/Page_Town Square - team1612499 Mattermost/span_")): Object: 'Object Repository/Data Driven/private-channel/Page_Town Square - team1612499 Mattermost/span_' is clicked on

2020-06-05 16:40:22 - [MESSAGE][PASSED] - Object: 'Object Repository/Data Driven/private-channel/Page_Town Square - team1612499 Mattermost/span_' is clicked on

2020-06-05 16:40:22 - [TEST_STEP][PASSED] - setText(findTestObject("Data Driven/private-channel/Page_Town Square - team1612499 Mattermost/input_Name_newChannelName"), name): Text '' is set on object 'Object Repository/Data Driven/private-channel/Page_Town Square - team1612499 Mattermost/input_Name_newChannelName'

2020-06-05 16:40:23 - [MESSAGE][PASSED] - Text '' is set on object 'Object Repository/Data Driven/private-channel/Page_Town Square - team1612499 Mattermost/input_Name_newChannelName'

2020-06-05 16:40:23 - [TEST_STEP][PASSED] - setText(findTestObject("Data Driven/private-channel/Page_Town Square - team1612499 Mattermost/textarea_(optional)_newChannelPurpose"), purpose): Text '' is set on object 'Object Repository/Data Driven/private-channel/Page_Town Square - team1612499 Mattermost/textarea_(optional)_newChannelPurpose'

2020-06-05 16:40:24 - [MESSAGE][PASSED] - Text '' is set on object 'Object Repository/Data Driven/private-channel/Page_Town Square - team1612499 Mattermost/textarea_(optional)_newChannelPurpose'

2020-06-05 16:40:24 - [TEST_STEP][PASSED] - setText(findTestObject("Data Driven/private-channel/Page_Town Square - team1612499 Mattermost/textarea_(optional)_newChannelHeader"), header): Text '' is set on object 'Object Repository/Data Driven/private-channel/Page_Town Square - team1612499 Mattermost/textarea_(optional)_newChannelHeader'

2020-06-05 16:40:24 - [MESSAGE][PASSED] - Text '' is set on object 'Object Repository/Data Driven/private-channel/Page_Town Square - team1612499 Mattermost/textarea_(optional)_newChannelHeader'

2020-06-05 16:40:24 - [TEST_STEP][PASSED] - click(findTestObject("Data Driven/private-channel/Page_Town Square - team1612499 Mattermost/span_Create Channel")): Object: 'Object Repository/Data Driven/private-channel/Page_Town Square - team1612499 Mattermost/span_Create Channel' is clicked on

2020-06-05 16:40:25 - [MESSAGE][PASSED] - Object: 'Object Repository/Data Driven/private-channel/Page_Town Square - team1612499 Mattermost/span_Create Channel' is clicked on

2020-06-05 16:40:25 - [TEST_STEP][PASSED] - closeBrowser(): Browser is closed

2020-06-05 16:40:25 - [MESSAGE][PASSED] - Browser is closed]]></system-out>
         <system-err><![CDATA[]]></system-err>
      </testcase>
      <testcase name="Test Cases/internal data test case/emotion" time="19.351" classname="Test Cases/internal data test case/emotion" status="PASSED">
         <system-out><![CDATA[2020-06-05 16:40:25 - [TEST_CASE][PASSED] - Test Cases/internal data test case/emotion: Test Cases/internal data test case/emotion

2020-06-05 16:40:25 - [TEST_STEP][PASSED] - openBrowser(""): Browser is opened with url: ''

2020-06-05 16:40:25 - [MESSAGE][INFO] - Starting 'Chrome' driver

2020-06-05 16:40:25 - [MESSAGE][INFO] - Action delay is set to 0 milliseconds

2020-06-05 16:40:25 - [MESSAGE][PASSED] - Browser is opened with url: ''

2020-06-05 16:40:25 - [TEST_STEP][PASSED] - navigateToUrl("https://mattermost-aut.herokuapp.com/login"): Navigate to 'https://mattermost-aut.herokuapp.com/login' successfully

2020-06-05 16:40:30 - [MESSAGE][PASSED] - Navigate to 'https://mattermost-aut.herokuapp.com/login' successfully

2020-06-05 16:40:30 - [TEST_STEP][PASSED] - setText(findTestObject("Data Driven/login/Page_Mattermost/input_All team communication in one place searchable and accessible anywhere_loginId"), "phong1998"): Text 'phong1998' is set on object 'Object Repository/Data Driven/login/Page_Mattermost/input_All team communication in one place searchable and accessible anywhere_loginId'

2020-06-05 16:40:39 - [MESSAGE][PASSED] - Text 'phong1998' is set on object 'Object Repository/Data Driven/login/Page_Mattermost/input_All team communication in one place searchable and accessible anywhere_loginId'

2020-06-05 16:40:39 - [TEST_STEP][PASSED] - setEncryptedText(findTestObject("Data Driven/login/Page_Mattermost/input_All team communication in one place searchable and accessible anywhere_password"), "X6RAMBNCYDQ8H8PMJNlsmQ=="): Text ****** has been set on object 'Object Repository/Data Driven/login/Page_Mattermost/input_All team communication in one place searchable and accessible anywhere_password'

2020-06-05 16:40:39 - [MESSAGE][PASSED] - Text ****** has been set on object 'Object Repository/Data Driven/login/Page_Mattermost/input_All team communication in one place searchable and accessible anywhere_password'

2020-06-05 16:40:39 - [TEST_STEP][PASSED] - click(findTestObject("Data Driven/direct-message/Page_Mattermost/button_Sign in")): Object: 'Object Repository/Data Driven/direct-message/Page_Mattermost/button_Sign in' is clicked on

2020-06-05 16:40:40 - [MESSAGE][PASSED] - Object: 'Object Repository/Data Driven/direct-message/Page_Mattermost/button_Sign in' is clicked on

2020-06-05 16:40:40 - [TEST_STEP][PASSED] - click(findTestObject("Data Driven/emotion/Page_Town Square - team1612499 Mattermost/svg")): Object: 'Object Repository/Data Driven/emotion/Page_Town Square - team1612499 Mattermost/svg' is clicked on

2020-06-05 16:40:43 - [MESSAGE][PASSED] - Object: 'Object Repository/Data Driven/emotion/Page_Town Square - team1612499 Mattermost/svg' is clicked on

2020-06-05 16:40:43 - [TEST_STEP][PASSED] - setText(findTestObject("Data Driven/emotion/Page_Town Square - team1612499 Mattermost/input_emoji_emojiPickerSearch"), emotion): Text '' is set on object 'Object Repository/Data Driven/emotion/Page_Town Square - team1612499 Mattermost/input_emoji_emojiPickerSearch'

2020-06-05 16:40:44 - [MESSAGE][PASSED] - Text '' is set on object 'Object Repository/Data Driven/emotion/Page_Town Square - team1612499 Mattermost/input_emoji_emojiPickerSearch'

2020-06-05 16:40:44 - [TEST_STEP][PASSED] - closeBrowser(): Browser is closed

2020-06-05 16:40:44 - [MESSAGE][PASSED] - Browser is closed]]></system-out>
         <system-err><![CDATA[]]></system-err>
      </testcase>
      <testcase name="Test Cases/internal data test case/username" time="16.916" classname="Test Cases/internal data test case/username" status="PASSED">
         <system-out><![CDATA[2020-06-05 16:40:44 - [TEST_CASE][PASSED] - Test Cases/internal data test case/username: Test Cases/internal data test case/username

2020-06-05 16:40:44 - [TEST_STEP][PASSED] - openBrowser(""): Browser is opened with url: ''

2020-06-05 16:40:44 - [MESSAGE][INFO] - Starting 'Chrome' driver

2020-06-05 16:40:44 - [MESSAGE][INFO] - Action delay is set to 0 milliseconds

2020-06-05 16:40:45 - [MESSAGE][PASSED] - Browser is opened with url: ''

2020-06-05 16:40:45 - [TEST_STEP][PASSED] - navigateToUrl("https://mattermost-aut.herokuapp.com/login"): Navigate to 'https://mattermost-aut.herokuapp.com/login' successfully

2020-06-05 16:40:48 - [MESSAGE][PASSED] - Navigate to 'https://mattermost-aut.herokuapp.com/login' successfully

2020-06-05 16:40:48 - [TEST_STEP][PASSED] - setText(findTestObject("Data Driven/username/Page_Mattermost/input_All team communication in one place searchable and accessible anywhere_loginId"), "phong1998"): Text 'phong1998' is set on object 'Object Repository/Data Driven/username/Page_Mattermost/input_All team communication in one place searchable and accessible anywhere_loginId'

2020-06-05 16:40:52 - [MESSAGE][PASSED] - Text 'phong1998' is set on object 'Object Repository/Data Driven/username/Page_Mattermost/input_All team communication in one place searchable and accessible anywhere_loginId'

2020-06-05 16:40:52 - [TEST_STEP][PASSED] - setEncryptedText(findTestObject("Data Driven/username/Page_Mattermost/input_All team communication in one place searchable and accessible anywhere_password"), "X6RAMBNCYDQ8H8PMJNlsmQ=="): Text ****** has been set on object 'Object Repository/Data Driven/username/Page_Mattermost/input_All team communication in one place searchable and accessible anywhere_password'

2020-06-05 16:40:52 - [MESSAGE][PASSED] - Text ****** has been set on object 'Object Repository/Data Driven/username/Page_Mattermost/input_All team communication in one place searchable and accessible anywhere_password'

2020-06-05 16:40:52 - [TEST_STEP][PASSED] - sendKeys(findTestObject("Data Driven/username/Page_Mattermost/input_All team communication in one place searchable and accessible anywhere_password"), Keys.chord(ENTER)): Keys 'ENTER + ' sent to object: 'Object Repository/Data Driven/username/Page_Mattermost/input_All team communication in one place searchable and accessible anywhere_password'

2020-06-05 16:40:53 - [MESSAGE][PASSED] - Keys 'ENTER + ' sent to object: 'Object Repository/Data Driven/username/Page_Mattermost/input_All team communication in one place searchable and accessible anywhere_password'

2020-06-05 16:40:53 - [TEST_STEP][PASSED] - click(findTestObject("Data Driven/username/Page_Town Square - team1612499 Mattermost/button_test_style--none sidebar-header-dropdown__icon")): Object: 'Object Repository/Data Driven/username/Page_Town Square - team1612499 Mattermost/button_test_style--none sidebar-header-dropdown__icon' is clicked on

2020-06-05 16:40:58 - [MESSAGE][PASSED] - Object: 'Object Repository/Data Driven/username/Page_Town Square - team1612499 Mattermost/button_test_style--none sidebar-header-dropdown__icon' is clicked on

2020-06-05 16:40:58 - [TEST_STEP][PASSED] - click(findTestObject("Data Driven/username/Page_Town Square - team1612499 Mattermost/span_Account Settings")): Object: 'Object Repository/Data Driven/username/Page_Town Square - team1612499 Mattermost/span_Account Settings' is clicked on

2020-06-05 16:40:59 - [MESSAGE][PASSED] - Object: 'Object Repository/Data Driven/username/Page_Town Square - team1612499 Mattermost/span_Account Settings' is clicked on

2020-06-05 16:40:59 - [TEST_STEP][PASSED] - click(findTestObject("Data Driven/username/Page_Town Square - team1612499 Mattermost/span_Edit")): Object: 'Object Repository/Data Driven/username/Page_Town Square - team1612499 Mattermost/span_Edit' is clicked on

2020-06-05 16:41:00 - [MESSAGE][PASSED] - Object: 'Object Repository/Data Driven/username/Page_Town Square - team1612499 Mattermost/span_Edit' is clicked on

2020-06-05 16:41:00 - [TEST_STEP][PASSED] - setText(findTestObject("Data Driven/username/Page_Town Square - team1612499 Mattermost/input_Username_username"), username): Text '' is set on object 'Object Repository/Data Driven/username/Page_Town Square - team1612499 Mattermost/input_Username_username'

2020-06-05 16:41:01 - [MESSAGE][PASSED] - Text '' is set on object 'Object Repository/Data Driven/username/Page_Town Square - team1612499 Mattermost/input_Username_username'

2020-06-05 16:41:01 - [TEST_STEP][PASSED] - click(findTestObject("Data Driven/username/Page_Town Square - team1612499 Mattermost/span_Save")): Object: 'Object Repository/Data Driven/username/Page_Town Square - team1612499 Mattermost/span_Save' is clicked on

2020-06-05 16:41:01 - [MESSAGE][PASSED] - Object: 'Object Repository/Data Driven/username/Page_Town Square - team1612499 Mattermost/span_Save' is clicked on]]></system-out>
         <system-err><![CDATA[]]></system-err>
      </testcase>
      <testcase name="Test Cases/internal data test case/public-channel" time="24.753" classname="Test Cases/internal data test case/public-channel" status="FAILED">
         <failure type="FAILED" message="Test Cases/internal data test case/public-channel FAILED.
Reason:
com.kms.katalon.core.exception.StepFailedException: Unable to click on object
	at com.kms.katalon.core.webui.keyword.internal.WebUIKeywordMain.stepFailed(WebUIKeywordMain.groovy:64)
	at com.kms.katalon.core.webui.keyword.internal.WebUIKeywordMain.runKeyword(WebUIKeywordMain.groovy:26)
	at com.kms.katalon.core.webui.keyword.builtin.ClickKeyword.click(ClickKeyword.groovy:76)
	at com.kms.katalon.core.webui.keyword.builtin.ClickKeyword.execute(ClickKeyword.groovy:43)
	at com.kms.katalon.core.keyword.internal.KeywordExecutor.executeKeywordForPlatform(KeywordExecutor.groovy:72)
	at com.kms.katalon.core.webui.keyword.WebUiBuiltInKeywords.click(WebUiBuiltInKeywords.groovy:616)
	at com.kms.katalon.core.webui.keyword.WebUiBuiltInKeywords$click$3.call(Unknown Source)
	at public-channel.run(public-channel:41)
	at com.kms.katalon.core.main.ScriptEngine.run(ScriptEngine.java:194)
	at com.kms.katalon.core.main.ScriptEngine.runScriptAsRawText(ScriptEngine.java:119)
	at com.kms.katalon.core.main.TestCaseExecutor.runScript(TestCaseExecutor.java:337)
	at com.kms.katalon.core.main.TestCaseExecutor.doExecute(TestCaseExecutor.java:328)
	at com.kms.katalon.core.main.TestCaseExecutor.processExecutionPhase(TestCaseExecutor.java:307)
	at com.kms.katalon.core.main.TestCaseExecutor.accessMainPhase(TestCaseExecutor.java:299)
	at com.kms.katalon.core.main.TestCaseExecutor.execute(TestCaseExecutor.java:233)
	at com.kms.katalon.core.main.TestSuiteExecutor.accessTestCaseMainPhase(TestSuiteExecutor.java:169)
	at com.kms.katalon.core.main.TestSuiteExecutor.accessTestSuiteMainPhase(TestSuiteExecutor.java:142)
	at com.kms.katalon.core.main.TestSuiteExecutor.execute(TestSuiteExecutor.java:91)
	at com.kms.katalon.core.main.TestCaseMain.startTestSuite(TestCaseMain.java:157)
	at com.kms.katalon.core.main.TestCaseMain$startTestSuite$0.call(Unknown Source)
	at TempTestSuite1591349893024.run(TempTestSuite1591349893024.groovy:37)
Caused by: java.lang.IllegalArgumentException: Object is null
	at com.kms.katalon.core.helper.KeywordHelper.checkTestObjectParameter(KeywordHelper.java:33)
	at com.kms.katalon.core.webui.keyword.builtin.ClickKeyword$_click_closure1.doCall(ClickKeyword.groovy:65)
	at com.kms.katalon.core.webui.keyword.builtin.ClickKeyword$_click_closure1.call(ClickKeyword.groovy)
	at com.kms.katalon.core.webui.keyword.internal.WebUIKeywordMain.runKeyword(WebUIKeywordMain.groovy:20)
	... 19 more
"/>
         <system-out><![CDATA[2020-06-05 16:41:01 - [TEST_CASE][FAILED] - Test Cases/internal data test case/public-channel: Test Cases/internal data test case/public-channel FAILED.
Reason:
com.kms.katalon.core.exception.StepFailedException: Unable to click on object
	at com.kms.katalon.core.webui.keyword.internal.WebUIKeywordMain.stepFailed(WebUIKeywordMain.groovy:64)
	at com.kms.katalon.core.webui.keyword.internal.WebUIKeywordMain.runKeyword(WebUIKeywordMain.groovy:26)
	at com.kms.katalon.core.webui.keyword.builtin.ClickKeyword.click(ClickKeyword.groovy:76)
	at com.kms.katalon.core.webui.keyword.builtin.ClickKeyword.execute(ClickKeyword.groovy:43)
	at com.kms.katalon.core.keyword.internal.KeywordExecutor.executeKeywordForPlatform(KeywordExecutor.groovy:72)
	at com.kms.katalon.core.webui.keyword.WebUiBuiltInKeywords.click(WebUiBuiltInKeywords.groovy:616)
	at com.kms.katalon.core.webui.keyword.WebUiBuiltInKeywords$click$3.call(Unknown Source)
	at public-channel.run(public-channel:41)
	at com.kms.katalon.core.main.ScriptEngine.run(ScriptEngine.java:194)
	at com.kms.katalon.core.main.ScriptEngine.runScriptAsRawText(ScriptEngine.java:119)
	at com.kms.katalon.core.main.TestCaseExecutor.runScript(TestCaseExecutor.java:337)
	at com.kms.katalon.core.main.TestCaseExecutor.doExecute(TestCaseExecutor.java:328)
	at com.kms.katalon.core.main.TestCaseExecutor.processExecutionPhase(TestCaseExecutor.java:307)
	at com.kms.katalon.core.main.TestCaseExecutor.accessMainPhase(TestCaseExecutor.java:299)
	at com.kms.katalon.core.main.TestCaseExecutor.execute(TestCaseExecutor.java:233)
	at com.kms.katalon.core.main.TestSuiteExecutor.accessTestCaseMainPhase(TestSuiteExecutor.java:169)
	at com.kms.katalon.core.main.TestSuiteExecutor.accessTestSuiteMainPhase(TestSuiteExecutor.java:142)
	at com.kms.katalon.core.main.TestSuiteExecutor.execute(TestSuiteExecutor.java:91)
	at com.kms.katalon.core.main.TestCaseMain.startTestSuite(TestCaseMain.java:157)
	at com.kms.katalon.core.main.TestCaseMain$startTestSuite$0.call(Unknown Source)
	at TempTestSuite1591349893024.run(TempTestSuite1591349893024.groovy:37)
Caused by: java.lang.IllegalArgumentException: Object is null
	at com.kms.katalon.core.helper.KeywordHelper.checkTestObjectParameter(KeywordHelper.java:33)
	at com.kms.katalon.core.webui.keyword.builtin.ClickKeyword$_click_closure1.doCall(ClickKeyword.groovy:65)
	at com.kms.katalon.core.webui.keyword.builtin.ClickKeyword$_click_closure1.call(ClickKeyword.groovy)
	at com.kms.katalon.core.webui.keyword.internal.WebUIKeywordMain.runKeyword(WebUIKeywordMain.groovy:20)
	... 19 more


2020-06-05 16:41:01 - [TEST_STEP][PASSED] - openBrowser(""): Browser is opened with url: ''

2020-06-05 16:41:01 - [MESSAGE][WARNING] - A browser is already opened. Closing browser and opening a new one

2020-06-05 16:41:01 - [MESSAGE][INFO] - Starting 'Chrome' driver

2020-06-05 16:41:01 - [MESSAGE][INFO] - Action delay is set to 0 milliseconds

2020-06-05 16:41:02 - [MESSAGE][PASSED] - Browser is opened with url: ''

2020-06-05 16:41:02 - [TEST_STEP][PASSED] - navigateToUrl("https://mattermost-aut.herokuapp.com/login"): Navigate to 'https://mattermost-aut.herokuapp.com/login' successfully

2020-06-05 16:41:15 - [MESSAGE][PASSED] - Navigate to 'https://mattermost-aut.herokuapp.com/login' successfully

2020-06-05 16:41:15 - [TEST_STEP][PASSED] - setText(findTestObject("Data Driven/login/Page_Mattermost/input_All team communication in one place searchable and accessible anywhere_loginId"), "phong1998"): Text 'phong1998' is set on object 'Object Repository/Data Driven/login/Page_Mattermost/input_All team communication in one place searchable and accessible anywhere_loginId'

2020-06-05 16:41:20 - [MESSAGE][PASSED] - Text 'phong1998' is set on object 'Object Repository/Data Driven/login/Page_Mattermost/input_All team communication in one place searchable and accessible anywhere_loginId'

2020-06-05 16:41:20 - [TEST_STEP][PASSED] - setEncryptedText(findTestObject("Data Driven/login/Page_Mattermost/input_All team communication in one place searchable and accessible anywhere_password"), "X6RAMBNCYDQ8H8PMJNlsmQ=="): Text ****** has been set on object 'Object Repository/Data Driven/login/Page_Mattermost/input_All team communication in one place searchable and accessible anywhere_password'

2020-06-05 16:41:20 - [MESSAGE][PASSED] - Text ****** has been set on object 'Object Repository/Data Driven/login/Page_Mattermost/input_All team communication in one place searchable and accessible anywhere_password'

2020-06-05 16:41:20 - [TEST_STEP][PASSED] - click(findTestObject("Data Driven/login/Page_Mattermost/button_Sign in")): Object: 'Object Repository/Data Driven/login/Page_Mattermost/button_Sign in' is clicked on

2020-06-05 16:41:21 - [MESSAGE][PASSED] - Object: 'Object Repository/Data Driven/login/Page_Mattermost/button_Sign in' is clicked on

2020-06-05 16:41:21 - [TEST_STEP][PASSED] - click(findTestObject("Data Driven/public-channel/Page_Town Square - team1612499 Mattermost/span_")): Object: 'Object Repository/Data Driven/public-channel/Page_Town Square - team1612499 Mattermost/span_' is clicked on

2020-06-05 16:41:24 - [MESSAGE][PASSED] - Object: 'Object Repository/Data Driven/public-channel/Page_Town Square - team1612499 Mattermost/span_' is clicked on

2020-06-05 16:41:24 - [TEST_STEP][PASSED] - setText(findTestObject("Data Driven/public-channel/Page_Town Square - team1612499 Mattermost/input_Name_newChannelName"), name): Text '' is set on object 'Object Repository/Data Driven/public-channel/Page_Town Square - team1612499 Mattermost/input_Name_newChannelName'

2020-06-05 16:41:24 - [MESSAGE][PASSED] - Text '' is set on object 'Object Repository/Data Driven/public-channel/Page_Town Square - team1612499 Mattermost/input_Name_newChannelName'

2020-06-05 16:41:24 - [TEST_STEP][PASSED] - setText(findTestObject("Data Driven/public-channel/Page_Town Square - team1612499 Mattermost/textarea_(optional)_newChannelPurpose"), purpose): Text '' is set on object 'Object Repository/Data Driven/public-channel/Page_Town Square - team1612499 Mattermost/textarea_(optional)_newChannelPurpose'

2020-06-05 16:41:25 - [MESSAGE][PASSED] - Text '' is set on object 'Object Repository/Data Driven/public-channel/Page_Town Square - team1612499 Mattermost/textarea_(optional)_newChannelPurpose'

2020-06-05 16:41:25 - [TEST_STEP][PASSED] - setText(findTestObject("Data Driven/public-channel/Page_Town Square - team1612499 Mattermost/textarea_(optional)_newChannelHeader"), header): Text '' is set on object 'Object Repository/Data Driven/public-channel/Page_Town Square - team1612499 Mattermost/textarea_(optional)_newChannelHeader'

2020-06-05 16:41:26 - [MESSAGE][PASSED] - Text '' is set on object 'Object Repository/Data Driven/public-channel/Page_Town Square - team1612499 Mattermost/textarea_(optional)_newChannelHeader'

2020-06-05 16:41:26 - [TEST_STEP][FAILED] - click(findTestObject("Page_Town Square - team1612499 Mattermost/span_Create Channel")): Unable to click on object (Root cause: com.kms.katalon.core.exception.StepFailedException: Unable to click on object
	at com.kms.katalon.core.webui.keyword.internal.WebUIKeywordMain.stepFailed(WebUIKeywordMain.groovy:64)
	at com.kms.katalon.core.webui.keyword.internal.WebUIKeywordMain.runKeyword(WebUIKeywordMain.groovy:26)
	at com.kms.katalon.core.webui.keyword.builtin.ClickKeyword.click(ClickKeyword.groovy:76)
	at com.kms.katalon.core.webui.keyword.builtin.ClickKeyword.execute(ClickKeyword.groovy:43)
	at com.kms.katalon.core.keyword.internal.KeywordExecutor.executeKeywordForPlatform(KeywordExecutor.groovy:72)
	at com.kms.katalon.core.webui.keyword.WebUiBuiltInKeywords.click(WebUiBuiltInKeywords.groovy:616)
	at com.kms.katalon.core.webui.keyword.WebUiBuiltInKeywords$click$3.call(Unknown Source)
	at public-channel.run(public-channel:41)
	at com.kms.katalon.core.main.ScriptEngine.run(ScriptEngine.java:194)
	at com.kms.katalon.core.main.ScriptEngine.runScriptAsRawText(ScriptEngine.java:119)
	at com.kms.katalon.core.main.TestCaseExecutor.runScript(TestCaseExecutor.java:337)
	at com.kms.katalon.core.main.TestCaseExecutor.doExecute(TestCaseExecutor.java:328)
	at com.kms.katalon.core.main.TestCaseExecutor.processExecutionPhase(TestCaseExecutor.java:307)
	at com.kms.katalon.core.main.TestCaseExecutor.accessMainPhase(TestCaseExecutor.java:299)
	at com.kms.katalon.core.main.TestCaseExecutor.execute(TestCaseExecutor.java:233)
	at com.kms.katalon.core.main.TestSuiteExecutor.accessTestCaseMainPhase(TestSuiteExecutor.java:169)
	at com.kms.katalon.core.main.TestSuiteExecutor.accessTestSuiteMainPhase(TestSuiteExecutor.java:142)
	at com.kms.katalon.core.main.TestSuiteExecutor.execute(TestSuiteExecutor.java:91)
	at com.kms.katalon.core.main.TestCaseMain.startTestSuite(TestCaseMain.java:157)
	at com.kms.katalon.core.main.TestCaseMain$startTestSuite$0.call(Unknown Source)
	at TempTestSuite1591349893024.run(TempTestSuite1591349893024.groovy:37)
Caused by: java.lang.IllegalArgumentException: Object is null
	at com.kms.katalon.core.helper.KeywordHelper.checkTestObjectParameter(KeywordHelper.java:33)
	at com.kms.katalon.core.webui.keyword.builtin.ClickKeyword$_click_closure1.doCall(ClickKeyword.groovy:65)
	at com.kms.katalon.core.webui.keyword.builtin.ClickKeyword$_click_closure1.call(ClickKeyword.groovy)
	at com.kms.katalon.core.webui.keyword.internal.WebUIKeywordMain.runKeyword(WebUIKeywordMain.groovy:20)
	at com.kms.katalon.core.webui.keyword.builtin.ClickKeyword.click(ClickKeyword.groovy:76)
	at com.kms.katalon.core.webui.keyword.builtin.ClickKeyword.execute(ClickKeyword.groovy:43)
	at com.kms.katalon.core.keyword.internal.KeywordExecutor.executeKeywordForPlatform(KeywordExecutor.groovy:72)
	at com.kms.katalon.core.webui.keyword.WebUiBuiltInKeywords.click(WebUiBuiltInKeywords.groovy:616)
	at com.kms.katalon.core.webui.keyword.WebUiBuiltInKeywords$click$3.call(Unknown Source)
	at Script1591293134604.run(Script1591293134604.groovy:41)
	... 13 more
)

2020-06-05 16:41:26 - [MESSAGE][WARNING] - Test object with id 'Object Repository/Page_Town Square - team1612499 Mattermost/span_Create Channel' does not exist

2020-06-05 16:41:26 - [MESSAGE][WARNING] - Test object with id 'Object Repository/' does not exist

2020-06-05 16:41:26 - [MESSAGE][FAILED] - Unable to click on object (Root cause: com.kms.katalon.core.exception.StepFailedException: Unable to click on object
	at com.kms.katalon.core.webui.keyword.internal.WebUIKeywordMain.stepFailed(WebUIKeywordMain.groovy:64)
	at com.kms.katalon.core.webui.keyword.internal.WebUIKeywordMain.runKeyword(WebUIKeywordMain.groovy:26)
	at com.kms.katalon.core.webui.keyword.builtin.ClickKeyword.click(ClickKeyword.groovy:76)
	at com.kms.katalon.core.webui.keyword.builtin.ClickKeyword.execute(ClickKeyword.groovy:43)
	at com.kms.katalon.core.keyword.internal.KeywordExecutor.executeKeywordForPlatform(KeywordExecutor.groovy:72)
	at com.kms.katalon.core.webui.keyword.WebUiBuiltInKeywords.click(WebUiBuiltInKeywords.groovy:616)
	at com.kms.katalon.core.webui.keyword.WebUiBuiltInKeywords$click$3.call(Unknown Source)
	at public-channel.run(public-channel:41)
	at com.kms.katalon.core.main.ScriptEngine.run(ScriptEngine.java:194)
	at com.kms.katalon.core.main.ScriptEngine.runScriptAsRawText(ScriptEngine.java:119)
	at com.kms.katalon.core.main.TestCaseExecutor.runScript(TestCaseExecutor.java:337)
	at com.kms.katalon.core.main.TestCaseExecutor.doExecute(TestCaseExecutor.java:328)
	at com.kms.katalon.core.main.TestCaseExecutor.processExecutionPhase(TestCaseExecutor.java:307)
	at com.kms.katalon.core.main.TestCaseExecutor.accessMainPhase(TestCaseExecutor.java:299)
	at com.kms.katalon.core.main.TestCaseExecutor.execute(TestCaseExecutor.java:233)
	at com.kms.katalon.core.main.TestSuiteExecutor.accessTestCaseMainPhase(TestSuiteExecutor.java:169)
	at com.kms.katalon.core.main.TestSuiteExecutor.accessTestSuiteMainPhase(TestSuiteExecutor.java:142)
	at com.kms.katalon.core.main.TestSuiteExecutor.execute(TestSuiteExecutor.java:91)
	at com.kms.katalon.core.main.TestCaseMain.startTestSuite(TestCaseMain.java:157)
	at com.kms.katalon.core.main.TestCaseMain$startTestSuite$0.call(Unknown Source)
	at TempTestSuite1591349893024.run(TempTestSuite1591349893024.groovy:37)
Caused by: java.lang.IllegalArgumentException: Object is null
	at com.kms.katalon.core.helper.KeywordHelper.checkTestObjectParameter(KeywordHelper.java:33)
	at com.kms.katalon.core.webui.keyword.builtin.ClickKeyword$_click_closure1.doCall(ClickKeyword.groovy:65)
	at com.kms.katalon.core.webui.keyword.builtin.ClickKeyword$_click_closure1.call(ClickKeyword.groovy)
	at com.kms.katalon.core.webui.keyword.internal.WebUIKeywordMain.runKeyword(WebUIKeywordMain.groovy:20)
	at com.kms.katalon.core.webui.keyword.builtin.ClickKeyword.click(ClickKeyword.groovy:76)
	at com.kms.katalon.core.webui.keyword.builtin.ClickKeyword.execute(ClickKeyword.groovy:43)
	at com.kms.katalon.core.keyword.internal.KeywordExecutor.executeKeywordForPlatform(KeywordExecutor.groovy:72)
	at com.kms.katalon.core.webui.keyword.WebUiBuiltInKeywords.click(WebUiBuiltInKeywords.groovy:616)
	at com.kms.katalon.core.webui.keyword.WebUiBuiltInKeywords$click$3.call(Unknown Source)
	at Script1591293134604.run(Script1591293134604.groovy:41)
	... 13 more
)
[[ATTACHMENT|/home/phat/Downloads/katalon/mattermost-webapp/Reports/20200605_163813/Run all test cases/20200605_163813/1591350086036.png]]]]></system-out>
         <system-err><![CDATA[2020-06-05 16:41:01 - [TEST_CASE][FAILED] - Test Cases/internal data test case/public-channel: Test Cases/internal data test case/public-channel FAILED.
Reason:
com.kms.katalon.core.exception.StepFailedException: Unable to click on object
	at com.kms.katalon.core.webui.keyword.internal.WebUIKeywordMain.stepFailed(WebUIKeywordMain.groovy:64)
	at com.kms.katalon.core.webui.keyword.internal.WebUIKeywordMain.runKeyword(WebUIKeywordMain.groovy:26)
	at com.kms.katalon.core.webui.keyword.builtin.ClickKeyword.click(ClickKeyword.groovy:76)
	at com.kms.katalon.core.webui.keyword.builtin.ClickKeyword.execute(ClickKeyword.groovy:43)
	at com.kms.katalon.core.keyword.internal.KeywordExecutor.executeKeywordForPlatform(KeywordExecutor.groovy:72)
	at com.kms.katalon.core.webui.keyword.WebUiBuiltInKeywords.click(WebUiBuiltInKeywords.groovy:616)
	at com.kms.katalon.core.webui.keyword.WebUiBuiltInKeywords$click$3.call(Unknown Source)
	at public-channel.run(public-channel:41)
	at com.kms.katalon.core.main.ScriptEngine.run(ScriptEngine.java:194)
	at com.kms.katalon.core.main.ScriptEngine.runScriptAsRawText(ScriptEngine.java:119)
	at com.kms.katalon.core.main.TestCaseExecutor.runScript(TestCaseExecutor.java:337)
	at com.kms.katalon.core.main.TestCaseExecutor.doExecute(TestCaseExecutor.java:328)
	at com.kms.katalon.core.main.TestCaseExecutor.processExecutionPhase(TestCaseExecutor.java:307)
	at com.kms.katalon.core.main.TestCaseExecutor.accessMainPhase(TestCaseExecutor.java:299)
	at com.kms.katalon.core.main.TestCaseExecutor.execute(TestCaseExecutor.java:233)
	at com.kms.katalon.core.main.TestSuiteExecutor.accessTestCaseMainPhase(TestSuiteExecutor.java:169)
	at com.kms.katalon.core.main.TestSuiteExecutor.accessTestSuiteMainPhase(TestSuiteExecutor.java:142)
	at com.kms.katalon.core.main.TestSuiteExecutor.execute(TestSuiteExecutor.java:91)
	at com.kms.katalon.core.main.TestCaseMain.startTestSuite(TestCaseMain.java:157)
	at com.kms.katalon.core.main.TestCaseMain$startTestSuite$0.call(Unknown Source)
	at TempTestSuite1591349893024.run(TempTestSuite1591349893024.groovy:37)
Caused by: java.lang.IllegalArgumentException: Object is null
	at com.kms.katalon.core.helper.KeywordHelper.checkTestObjectParameter(KeywordHelper.java:33)
	at com.kms.katalon.core.webui.keyword.builtin.ClickKeyword$_click_closure1.doCall(ClickKeyword.groovy:65)
	at com.kms.katalon.core.webui.keyword.builtin.ClickKeyword$_click_closure1.call(ClickKeyword.groovy)
	at com.kms.katalon.core.webui.keyword.internal.WebUIKeywordMain.runKeyword(WebUIKeywordMain.groovy:20)
	... 19 more]]></system-err>
      </testcase>
      <testcase name="Test Cases/internal data test case/login" time="9.56" classname="Test Cases/internal data test case/login" status="PASSED">
         <system-out><![CDATA[2020-06-05 16:41:26 - [TEST_CASE][PASSED] - Test Cases/internal data test case/login: Test Cases/internal data test case/login

2020-06-05 16:41:26 - [TEST_STEP][PASSED] - openBrowser(""): Browser is opened with url: ''

2020-06-05 16:41:26 - [MESSAGE][WARNING] - A browser is already opened. Closing browser and opening a new one

2020-06-05 16:41:26 - [MESSAGE][INFO] - Starting 'Chrome' driver

2020-06-05 16:41:26 - [MESSAGE][INFO] - Action delay is set to 0 milliseconds

2020-06-05 16:41:26 - [MESSAGE][PASSED] - Browser is opened with url: ''

2020-06-05 16:41:26 - [TEST_STEP][PASSED] - navigateToUrl("https://mattermost-aut.herokuapp.com/login"): Navigate to 'https://mattermost-aut.herokuapp.com/login' successfully

2020-06-05 16:41:30 - [MESSAGE][PASSED] - Navigate to 'https://mattermost-aut.herokuapp.com/login' successfully

2020-06-05 16:41:30 - [TEST_STEP][PASSED] - setText(findTestObject("Data Driven/login/Page_Mattermost/input_All team communication in one place searchable and accessible anywhere_loginId"), username): Text '' is set on object 'Object Repository/Data Driven/login/Page_Mattermost/input_All team communication in one place searchable and accessible anywhere_loginId'

2020-06-05 16:41:35 - [MESSAGE][PASSED] - Text '' is set on object 'Object Repository/Data Driven/login/Page_Mattermost/input_All team communication in one place searchable and accessible anywhere_loginId'

2020-06-05 16:41:35 - [TEST_STEP][PASSED] - setEncryptedText(findTestObject("Data Driven/login/Page_Mattermost/input_All team communication in one place searchable and accessible anywhere_password"), password): Text ****** has been set on object 'Object Repository/Data Driven/login/Page_Mattermost/input_All team communication in one place searchable and accessible anywhere_password'

2020-06-05 16:41:35 - [MESSAGE][PASSED] - Text ****** has been set on object 'Object Repository/Data Driven/login/Page_Mattermost/input_All team communication in one place searchable and accessible anywhere_password'

2020-06-05 16:41:35 - [TEST_STEP][PASSED] - click(findTestObject("Data Driven/login/Page_Mattermost/button_Sign in")): Object: 'Object Repository/Data Driven/login/Page_Mattermost/button_Sign in' is clicked on

2020-06-05 16:41:35 - [MESSAGE][PASSED] - Object: 'Object Repository/Data Driven/login/Page_Mattermost/button_Sign in' is clicked on

2020-06-05 16:41:35 - [TEST_STEP][PASSED] - closeBrowser(): Browser is closed

2020-06-05 16:41:35 - [MESSAGE][PASSED] - Browser is closed]]></system-out>
         <system-err><![CDATA[]]></system-err>
      </testcase>
      <testcase name="Test Cases/internal data test case/direct-message" time="20.712" classname="Test Cases/internal data test case/direct-message" status="PASSED">
         <system-out><![CDATA[2020-06-05 16:41:35 - [TEST_CASE][PASSED] - Test Cases/internal data test case/direct-message: Test Cases/internal data test case/direct-message

2020-06-05 16:41:35 - [TEST_STEP][PASSED] - openBrowser(""): Browser is opened with url: ''

2020-06-05 16:41:35 - [MESSAGE][INFO] - Starting 'Chrome' driver

2020-06-05 16:41:35 - [MESSAGE][INFO] - Action delay is set to 0 milliseconds

2020-06-05 16:41:36 - [MESSAGE][PASSED] - Browser is opened with url: ''

2020-06-05 16:41:36 - [TEST_STEP][PASSED] - navigateToUrl("https://mattermost-aut.herokuapp.com/login"): Navigate to 'https://mattermost-aut.herokuapp.com/login' successfully

2020-06-05 16:41:39 - [MESSAGE][PASSED] - Navigate to 'https://mattermost-aut.herokuapp.com/login' successfully

2020-06-05 16:41:39 - [TEST_STEP][PASSED] - setText(findTestObject("Data Driven/login/Page_Mattermost/input_All team communication in one place searchable and accessible anywhere_loginId"), "phong1998"): Text 'phong1998' is set on object 'Object Repository/Data Driven/login/Page_Mattermost/input_All team communication in one place searchable and accessible anywhere_loginId'

2020-06-05 16:41:46 - [MESSAGE][PASSED] - Text 'phong1998' is set on object 'Object Repository/Data Driven/login/Page_Mattermost/input_All team communication in one place searchable and accessible anywhere_loginId'

2020-06-05 16:41:46 - [TEST_STEP][PASSED] - setEncryptedText(findTestObject("Data Driven/login/Page_Mattermost/input_All team communication in one place searchable and accessible anywhere_password"), "X6RAMBNCYDQ8H8PMJNlsmQ=="): Text ****** has been set on object 'Object Repository/Data Driven/login/Page_Mattermost/input_All team communication in one place searchable and accessible anywhere_password'

2020-06-05 16:41:47 - [MESSAGE][PASSED] - Text ****** has been set on object 'Object Repository/Data Driven/login/Page_Mattermost/input_All team communication in one place searchable and accessible anywhere_password'

2020-06-05 16:41:47 - [TEST_STEP][PASSED] - click(findTestObject("Data Driven/login/Page_Mattermost/button_Sign in")): Object: 'Object Repository/Data Driven/login/Page_Mattermost/button_Sign in' is clicked on

2020-06-05 16:41:48 - [MESSAGE][PASSED] - Object: 'Object Repository/Data Driven/login/Page_Mattermost/button_Sign in' is clicked on

2020-06-05 16:41:48 - [TEST_STEP][PASSED] - click(findTestObject("Data Driven/direct-message/Page_Town Square - team1612499 Mattermost/span_")): Object: 'Object Repository/Data Driven/direct-message/Page_Town Square - team1612499 Mattermost/span_' is clicked on

2020-06-05 16:41:53 - [MESSAGE][PASSED] - Object: 'Object Repository/Data Driven/direct-message/Page_Town Square - team1612499 Mattermost/span_' is clicked on

2020-06-05 16:41:53 - [TEST_STEP][PASSED] - click(findTestObject("Data Driven/direct-message/Page_Town Square - team1612499 Mattermost/div_huydoan198gmailcom_more-modal__actions--round")): Object: 'Object Repository/Data Driven/direct-message/Page_Town Square - team1612499 Mattermost/div_huydoan198gmailcom_more-modal__actions--round' is clicked on

2020-06-05 16:41:54 - [MESSAGE][PASSED] - Object: 'Object Repository/Data Driven/direct-message/Page_Town Square - team1612499 Mattermost/div_huydoan198gmailcom_more-modal__actions--round' is clicked on

2020-06-05 16:41:54 - [TEST_STEP][PASSED] - click(findTestObject("Data Driven/direct-message/Page_Town Square - team1612499 Mattermost/span_Go")): Object: 'Object Repository/Data Driven/direct-message/Page_Town Square - team1612499 Mattermost/span_Go' is clicked on

2020-06-05 16:41:54 - [MESSAGE][PASSED] - Object: 'Object Repository/Data Driven/direct-message/Page_Town Square - team1612499 Mattermost/span_Go' is clicked on

2020-06-05 16:41:54 - [TEST_STEP][PASSED] - setText(findTestObject("Data Driven/direct-message/Page_huydoan - team1612499 Mattermost/textarea_Write to huydoan_post_textbox"), message): Text '' is set on object 'Object Repository/Data Driven/direct-message/Page_huydoan - team1612499 Mattermost/textarea_Write to huydoan_post_textbox'

2020-06-05 16:41:56 - [MESSAGE][PASSED] - Text '' is set on object 'Object Repository/Data Driven/direct-message/Page_huydoan - team1612499 Mattermost/textarea_Write to huydoan_post_textbox'

2020-06-05 16:41:56 - [TEST_STEP][PASSED] - closeBrowser(): Browser is closed

2020-06-05 16:41:56 - [MESSAGE][PASSED] - Browser is closed]]></system-out>
         <system-err><![CDATA[]]></system-err>
      </testcase>
      <testcase name="Test Cases/internal data test case/header" time="12.434" classname="Test Cases/internal data test case/header" status="PASSED">
         <system-out><![CDATA[2020-06-05 16:41:56 - [TEST_CASE][PASSED] - Test Cases/internal data test case/header: Test Cases/internal data test case/header

2020-06-05 16:41:56 - [TEST_STEP][PASSED] - openBrowser(""): Browser is opened with url: ''

2020-06-05 16:41:56 - [MESSAGE][INFO] - Starting 'Chrome' driver

2020-06-05 16:41:56 - [MESSAGE][INFO] - Action delay is set to 0 milliseconds

2020-06-05 16:41:56 - [MESSAGE][PASSED] - Browser is opened with url: ''

2020-06-05 16:41:56 - [TEST_STEP][PASSED] - navigateToUrl("https://mattermost-aut.herokuapp.com/login"): Navigate to 'https://mattermost-aut.herokuapp.com/login' successfully

2020-06-05 16:41:59 - [MESSAGE][PASSED] - Navigate to 'https://mattermost-aut.herokuapp.com/login' successfully

2020-06-05 16:41:59 - [TEST_STEP][PASSED] - setText(findTestObject("Data Driven/login/Page_Mattermost/input_All team communication in one place searchable and accessible anywhere_loginId"), "phong1998"): Text 'phong1998' is set on object 'Object Repository/Data Driven/login/Page_Mattermost/input_All team communication in one place searchable and accessible anywhere_loginId'

2020-06-05 16:42:03 - [MESSAGE][PASSED] - Text 'phong1998' is set on object 'Object Repository/Data Driven/login/Page_Mattermost/input_All team communication in one place searchable and accessible anywhere_loginId'

2020-06-05 16:42:03 - [TEST_STEP][PASSED] - setEncryptedText(findTestObject("Data Driven/login/Page_Mattermost/input_All team communication in one place searchable and accessible anywhere_password"), "X6RAMBNCYDQ8H8PMJNlsmQ=="): Text ****** has been set on object 'Object Repository/Data Driven/login/Page_Mattermost/input_All team communication in one place searchable and accessible anywhere_password'

2020-06-05 16:42:04 - [MESSAGE][PASSED] - Text ****** has been set on object 'Object Repository/Data Driven/login/Page_Mattermost/input_All team communication in one place searchable and accessible anywhere_password'

2020-06-05 16:42:04 - [TEST_STEP][PASSED] - click(findTestObject("Data Driven/direct-message/Page_Mattermost/button_Sign in")): Object: 'Object Repository/Data Driven/direct-message/Page_Mattermost/button_Sign in' is clicked on

2020-06-05 16:42:04 - [MESSAGE][PASSED] - Object: 'Object Repository/Data Driven/direct-message/Page_Mattermost/button_Sign in' is clicked on

2020-06-05 16:42:04 - [TEST_STEP][PASSED] - click(findTestObject("Data Driven/header/Page_Town Square - team1612499 Mattermost/button_Set a Header")): Object: 'Object Repository/Data Driven/header/Page_Town Square - team1612499 Mattermost/button_Set a Header' is clicked on

2020-06-05 16:42:07 - [MESSAGE][PASSED] - Object: 'Object Repository/Data Driven/header/Page_Town Square - team1612499 Mattermost/button_Set a Header' is clicked on

2020-06-05 16:42:07 - [TEST_STEP][PASSED] - setText(findTestObject("Data Driven/header/Page_Town Square - team1612499 Mattermost/textarea_tes"), header): Text '' is set on object 'Object Repository/Data Driven/header/Page_Town Square - team1612499 Mattermost/textarea_tes'

2020-06-05 16:42:08 - [MESSAGE][PASSED] - Text '' is set on object 'Object Repository/Data Driven/header/Page_Town Square - team1612499 Mattermost/textarea_tes'

2020-06-05 16:42:08 - [TEST_STEP][PASSED] - click(findTestObject("Data Driven/header/Page_Town Square - team1612499 Mattermost/span_Save")): Object: 'Object Repository/Data Driven/header/Page_Town Square - team1612499 Mattermost/span_Save' is clicked on

2020-06-05 16:42:08 - [MESSAGE][PASSED] - Object: 'Object Repository/Data Driven/header/Page_Town Square - team1612499 Mattermost/span_Save' is clicked on

2020-06-05 16:42:08 - [TEST_STEP][PASSED] - closeBrowser(): Browser is closed

2020-06-05 16:42:08 - [MESSAGE][PASSED] - Browser is closed]]></system-out>
         <system-err><![CDATA[]]></system-err>
      </testcase>
      <testcase name="Test Cases/internal data test case/nickname" time="20.431" classname="Test Cases/internal data test case/nickname" status="FAILED">
         <failure type="FAILED" message="Test Cases/internal data test case/nickname FAILED.
Reason:
com.kms.katalon.core.exception.StepFailedException: Unable to click on object
	at com.kms.katalon.core.webui.keyword.internal.WebUIKeywordMain.stepFailed(WebUIKeywordMain.groovy:64)
	at com.kms.katalon.core.webui.keyword.internal.WebUIKeywordMain.runKeyword(WebUIKeywordMain.groovy:26)
	at com.kms.katalon.core.webui.keyword.builtin.ClickKeyword.click(ClickKeyword.groovy:76)
	at com.kms.katalon.core.webui.keyword.builtin.ClickKeyword.execute(ClickKeyword.groovy:43)
	at com.kms.katalon.core.keyword.internal.KeywordExecutor.executeKeywordForPlatform(KeywordExecutor.groovy:72)
	at com.kms.katalon.core.webui.keyword.WebUiBuiltInKeywords.click(WebUiBuiltInKeywords.groovy:616)
	at com.kms.katalon.core.webui.keyword.WebUiBuiltInKeywords$click$3.call(Unknown Source)
	at nickname.run(nickname:34)
	at com.kms.katalon.core.main.ScriptEngine.run(ScriptEngine.java:194)
	at com.kms.katalon.core.main.ScriptEngine.runScriptAsRawText(ScriptEngine.java:119)
	at com.kms.katalon.core.main.TestCaseExecutor.runScript(TestCaseExecutor.java:337)
	at com.kms.katalon.core.main.TestCaseExecutor.doExecute(TestCaseExecutor.java:328)
	at com.kms.katalon.core.main.TestCaseExecutor.processExecutionPhase(TestCaseExecutor.java:307)
	at com.kms.katalon.core.main.TestCaseExecutor.accessMainPhase(TestCaseExecutor.java:299)
	at com.kms.katalon.core.main.TestCaseExecutor.execute(TestCaseExecutor.java:233)
	at com.kms.katalon.core.main.TestSuiteExecutor.accessTestCaseMainPhase(TestSuiteExecutor.java:169)
	at com.kms.katalon.core.main.TestSuiteExecutor.accessTestSuiteMainPhase(TestSuiteExecutor.java:142)
	at com.kms.katalon.core.main.TestSuiteExecutor.execute(TestSuiteExecutor.java:91)
	at com.kms.katalon.core.main.TestCaseMain.startTestSuite(TestCaseMain.java:157)
	at com.kms.katalon.core.main.TestCaseMain$startTestSuite$0.call(Unknown Source)
	at TempTestSuite1591349893024.run(TempTestSuite1591349893024.groovy:37)
Caused by: java.lang.IllegalArgumentException: Object is null
	at com.kms.katalon.core.helper.KeywordHelper.checkTestObjectParameter(KeywordHelper.java:33)
	at com.kms.katalon.core.webui.keyword.builtin.ClickKeyword$_click_closure1.doCall(ClickKeyword.groovy:65)
	at com.kms.katalon.core.webui.keyword.builtin.ClickKeyword$_click_closure1.call(ClickKeyword.groovy)
	at com.kms.katalon.core.webui.keyword.internal.WebUIKeywordMain.runKeyword(WebUIKeywordMain.groovy:20)
	... 19 more
"/>
         <system-out><![CDATA[2020-06-05 16:42:08 - [TEST_CASE][FAILED] - Test Cases/internal data test case/nickname: Test Cases/internal data test case/nickname FAILED.
Reason:
com.kms.katalon.core.exception.StepFailedException: Unable to click on object
	at com.kms.katalon.core.webui.keyword.internal.WebUIKeywordMain.stepFailed(WebUIKeywordMain.groovy:64)
	at com.kms.katalon.core.webui.keyword.internal.WebUIKeywordMain.runKeyword(WebUIKeywordMain.groovy:26)
	at com.kms.katalon.core.webui.keyword.builtin.ClickKeyword.click(ClickKeyword.groovy:76)
	at com.kms.katalon.core.webui.keyword.builtin.ClickKeyword.execute(ClickKeyword.groovy:43)
	at com.kms.katalon.core.keyword.internal.KeywordExecutor.executeKeywordForPlatform(KeywordExecutor.groovy:72)
	at com.kms.katalon.core.webui.keyword.WebUiBuiltInKeywords.click(WebUiBuiltInKeywords.groovy:616)
	at com.kms.katalon.core.webui.keyword.WebUiBuiltInKeywords$click$3.call(Unknown Source)
	at nickname.run(nickname:34)
	at com.kms.katalon.core.main.ScriptEngine.run(ScriptEngine.java:194)
	at com.kms.katalon.core.main.ScriptEngine.runScriptAsRawText(ScriptEngine.java:119)
	at com.kms.katalon.core.main.TestCaseExecutor.runScript(TestCaseExecutor.java:337)
	at com.kms.katalon.core.main.TestCaseExecutor.doExecute(TestCaseExecutor.java:328)
	at com.kms.katalon.core.main.TestCaseExecutor.processExecutionPhase(TestCaseExecutor.java:307)
	at com.kms.katalon.core.main.TestCaseExecutor.accessMainPhase(TestCaseExecutor.java:299)
	at com.kms.katalon.core.main.TestCaseExecutor.execute(TestCaseExecutor.java:233)
	at com.kms.katalon.core.main.TestSuiteExecutor.accessTestCaseMainPhase(TestSuiteExecutor.java:169)
	at com.kms.katalon.core.main.TestSuiteExecutor.accessTestSuiteMainPhase(TestSuiteExecutor.java:142)
	at com.kms.katalon.core.main.TestSuiteExecutor.execute(TestSuiteExecutor.java:91)
	at com.kms.katalon.core.main.TestCaseMain.startTestSuite(TestCaseMain.java:157)
	at com.kms.katalon.core.main.TestCaseMain$startTestSuite$0.call(Unknown Source)
	at TempTestSuite1591349893024.run(TempTestSuite1591349893024.groovy:37)
Caused by: java.lang.IllegalArgumentException: Object is null
	at com.kms.katalon.core.helper.KeywordHelper.checkTestObjectParameter(KeywordHelper.java:33)
	at com.kms.katalon.core.webui.keyword.builtin.ClickKeyword$_click_closure1.doCall(ClickKeyword.groovy:65)
	at com.kms.katalon.core.webui.keyword.builtin.ClickKeyword$_click_closure1.call(ClickKeyword.groovy)
	at com.kms.katalon.core.webui.keyword.internal.WebUIKeywordMain.runKeyword(WebUIKeywordMain.groovy:20)
	... 19 more


2020-06-05 16:42:09 - [TEST_STEP][PASSED] - openBrowser(""): Browser is opened with url: ''

2020-06-05 16:42:09 - [MESSAGE][INFO] - Starting 'Chrome' driver

2020-06-05 16:42:09 - [MESSAGE][INFO] - Action delay is set to 0 milliseconds

2020-06-05 16:42:09 - [MESSAGE][PASSED] - Browser is opened with url: ''

2020-06-05 16:42:09 - [TEST_STEP][PASSED] - navigateToUrl("https://mattermost-aut.herokuapp.com/login"): Navigate to 'https://mattermost-aut.herokuapp.com/login' successfully

2020-06-05 16:42:13 - [MESSAGE][PASSED] - Navigate to 'https://mattermost-aut.herokuapp.com/login' successfully

2020-06-05 16:42:13 - [TEST_STEP][PASSED] - setText(findTestObject("Data Driven/nickname/Page_Mattermost/input_All team communication in one place searchable and accessible anywhere_loginId"), "phong1998"): Text 'phong1998' is set on object 'Object Repository/Data Driven/nickname/Page_Mattermost/input_All team communication in one place searchable and accessible anywhere_loginId'

2020-06-05 16:42:24 - [MESSAGE][PASSED] - Text 'phong1998' is set on object 'Object Repository/Data Driven/nickname/Page_Mattermost/input_All team communication in one place searchable and accessible anywhere_loginId'

2020-06-05 16:42:24 - [TEST_STEP][PASSED] - setEncryptedText(findTestObject("Data Driven/nickname/Page_Mattermost/input_All team communication in one place searchable and accessible anywhere_password"), "X6RAMBNCYDQ8H8PMJNlsmQ=="): Text ****** has been set on object 'Object Repository/Data Driven/nickname/Page_Mattermost/input_All team communication in one place searchable and accessible anywhere_password'

2020-06-05 16:42:25 - [MESSAGE][PASSED] - Text ****** has been set on object 'Object Repository/Data Driven/nickname/Page_Mattermost/input_All team communication in one place searchable and accessible anywhere_password'

2020-06-05 16:42:25 - [TEST_STEP][PASSED] - click(findTestObject("Data Driven/nickname/Page_Mattermost/span_Sign in")): Object: 'Object Repository/Data Driven/nickname/Page_Mattermost/span_Sign in' is clicked on

2020-06-05 16:42:26 - [MESSAGE][PASSED] - Object: 'Object Repository/Data Driven/nickname/Page_Mattermost/span_Sign in' is clicked on

2020-06-05 16:42:26 - [TEST_STEP][PASSED] - click(findTestObject("Data Driven/position/Page_Town Square - team1612499 Mattermost/span")): Object: 'Object Repository/Data Driven/position/Page_Town Square - team1612499 Mattermost/span' is clicked on

2020-06-05 16:42:29 - [MESSAGE][PASSED] - Object: 'Object Repository/Data Driven/position/Page_Town Square - team1612499 Mattermost/span' is clicked on

2020-06-05 16:42:29 - [TEST_STEP][FAILED] - click(findTestObject("Page_Town Square - team1612499 Mattermost/span_Account Settings")): Unable to click on object (Root cause: com.kms.katalon.core.exception.StepFailedException: Unable to click on object
	at com.kms.katalon.core.webui.keyword.internal.WebUIKeywordMain.stepFailed(WebUIKeywordMain.groovy:64)
	at com.kms.katalon.core.webui.keyword.internal.WebUIKeywordMain.runKeyword(WebUIKeywordMain.groovy:26)
	at com.kms.katalon.core.webui.keyword.builtin.ClickKeyword.click(ClickKeyword.groovy:76)
	at com.kms.katalon.core.webui.keyword.builtin.ClickKeyword.execute(ClickKeyword.groovy:43)
	at com.kms.katalon.core.keyword.internal.KeywordExecutor.executeKeywordForPlatform(KeywordExecutor.groovy:72)
	at com.kms.katalon.core.webui.keyword.WebUiBuiltInKeywords.click(WebUiBuiltInKeywords.groovy:616)
	at com.kms.katalon.core.webui.keyword.WebUiBuiltInKeywords$click$3.call(Unknown Source)
	at nickname.run(nickname:34)
	at com.kms.katalon.core.main.ScriptEngine.run(ScriptEngine.java:194)
	at com.kms.katalon.core.main.ScriptEngine.runScriptAsRawText(ScriptEngine.java:119)
	at com.kms.katalon.core.main.TestCaseExecutor.runScript(TestCaseExecutor.java:337)
	at com.kms.katalon.core.main.TestCaseExecutor.doExecute(TestCaseExecutor.java:328)
	at com.kms.katalon.core.main.TestCaseExecutor.processExecutionPhase(TestCaseExecutor.java:307)
	at com.kms.katalon.core.main.TestCaseExecutor.accessMainPhase(TestCaseExecutor.java:299)
	at com.kms.katalon.core.main.TestCaseExecutor.execute(TestCaseExecutor.java:233)
	at com.kms.katalon.core.main.TestSuiteExecutor.accessTestCaseMainPhase(TestSuiteExecutor.java:169)
	at com.kms.katalon.core.main.TestSuiteExecutor.accessTestSuiteMainPhase(TestSuiteExecutor.java:142)
	at com.kms.katalon.core.main.TestSuiteExecutor.execute(TestSuiteExecutor.java:91)
	at com.kms.katalon.core.main.TestCaseMain.startTestSuite(TestCaseMain.java:157)
	at com.kms.katalon.core.main.TestCaseMain$startTestSuite$0.call(Unknown Source)
	at TempTestSuite1591349893024.run(TempTestSuite1591349893024.groovy:37)
Caused by: java.lang.IllegalArgumentException: Object is null
	at com.kms.katalon.core.helper.KeywordHelper.checkTestObjectParameter(KeywordHelper.java:33)
	at com.kms.katalon.core.webui.keyword.builtin.ClickKeyword$_click_closure1.doCall(ClickKeyword.groovy:65)
	at com.kms.katalon.core.webui.keyword.builtin.ClickKeyword$_click_closure1.call(ClickKeyword.groovy)
	at com.kms.katalon.core.webui.keyword.internal.WebUIKeywordMain.runKeyword(WebUIKeywordMain.groovy:20)
	at com.kms.katalon.core.webui.keyword.builtin.ClickKeyword.click(ClickKeyword.groovy:76)
	at com.kms.katalon.core.webui.keyword.builtin.ClickKeyword.execute(ClickKeyword.groovy:43)
	at com.kms.katalon.core.keyword.internal.KeywordExecutor.executeKeywordForPlatform(KeywordExecutor.groovy:72)
	at com.kms.katalon.core.webui.keyword.WebUiBuiltInKeywords.click(WebUiBuiltInKeywords.groovy:616)
	at com.kms.katalon.core.webui.keyword.WebUiBuiltInKeywords$click$3.call(Unknown Source)
	at Script1591296486685.run(Script1591296486685.groovy:34)
	... 13 more
)

2020-06-05 16:42:29 - [MESSAGE][WARNING] - Test object with id 'Object Repository/Page_Town Square - team1612499 Mattermost/span_Account Settings' does not exist

2020-06-05 16:42:29 - [MESSAGE][WARNING] - Test object with id 'Object Repository/' does not exist

2020-06-05 16:42:29 - [MESSAGE][FAILED] - Unable to click on object (Root cause: com.kms.katalon.core.exception.StepFailedException: Unable to click on object
	at com.kms.katalon.core.webui.keyword.internal.WebUIKeywordMain.stepFailed(WebUIKeywordMain.groovy:64)
	at com.kms.katalon.core.webui.keyword.internal.WebUIKeywordMain.runKeyword(WebUIKeywordMain.groovy:26)
	at com.kms.katalon.core.webui.keyword.builtin.ClickKeyword.click(ClickKeyword.groovy:76)
	at com.kms.katalon.core.webui.keyword.builtin.ClickKeyword.execute(ClickKeyword.groovy:43)
	at com.kms.katalon.core.keyword.internal.KeywordExecutor.executeKeywordForPlatform(KeywordExecutor.groovy:72)
	at com.kms.katalon.core.webui.keyword.WebUiBuiltInKeywords.click(WebUiBuiltInKeywords.groovy:616)
	at com.kms.katalon.core.webui.keyword.WebUiBuiltInKeywords$click$3.call(Unknown Source)
	at nickname.run(nickname:34)
	at com.kms.katalon.core.main.ScriptEngine.run(ScriptEngine.java:194)
	at com.kms.katalon.core.main.ScriptEngine.runScriptAsRawText(ScriptEngine.java:119)
	at com.kms.katalon.core.main.TestCaseExecutor.runScript(TestCaseExecutor.java:337)
	at com.kms.katalon.core.main.TestCaseExecutor.doExecute(TestCaseExecutor.java:328)
	at com.kms.katalon.core.main.TestCaseExecutor.processExecutionPhase(TestCaseExecutor.java:307)
	at com.kms.katalon.core.main.TestCaseExecutor.accessMainPhase(TestCaseExecutor.java:299)
	at com.kms.katalon.core.main.TestCaseExecutor.execute(TestCaseExecutor.java:233)
	at com.kms.katalon.core.main.TestSuiteExecutor.accessTestCaseMainPhase(TestSuiteExecutor.java:169)
	at com.kms.katalon.core.main.TestSuiteExecutor.accessTestSuiteMainPhase(TestSuiteExecutor.java:142)
	at com.kms.katalon.core.main.TestSuiteExecutor.execute(TestSuiteExecutor.java:91)
	at com.kms.katalon.core.main.TestCaseMain.startTestSuite(TestCaseMain.java:157)
	at com.kms.katalon.core.main.TestCaseMain$startTestSuite$0.call(Unknown Source)
	at TempTestSuite1591349893024.run(TempTestSuite1591349893024.groovy:37)
Caused by: java.lang.IllegalArgumentException: Object is null
	at com.kms.katalon.core.helper.KeywordHelper.checkTestObjectParameter(KeywordHelper.java:33)
	at com.kms.katalon.core.webui.keyword.builtin.ClickKeyword$_click_closure1.doCall(ClickKeyword.groovy:65)
	at com.kms.katalon.core.webui.keyword.builtin.ClickKeyword$_click_closure1.call(ClickKeyword.groovy)
	at com.kms.katalon.core.webui.keyword.internal.WebUIKeywordMain.runKeyword(WebUIKeywordMain.groovy:20)
	at com.kms.katalon.core.webui.keyword.builtin.ClickKeyword.click(ClickKeyword.groovy:76)
	at com.kms.katalon.core.webui.keyword.builtin.ClickKeyword.execute(ClickKeyword.groovy:43)
	at com.kms.katalon.core.keyword.internal.KeywordExecutor.executeKeywordForPlatform(KeywordExecutor.groovy:72)
	at com.kms.katalon.core.webui.keyword.WebUiBuiltInKeywords.click(WebUiBuiltInKeywords.groovy:616)
	at com.kms.katalon.core.webui.keyword.WebUiBuiltInKeywords$click$3.call(Unknown Source)
	at Script1591296486685.run(Script1591296486685.groovy:34)
	... 13 more
)
[[ATTACHMENT|/home/phat/Downloads/katalon/mattermost-webapp/Reports/20200605_163813/Run all test cases/20200605_163813/1591350149174.png]]]]></system-out>
         <system-err><![CDATA[2020-06-05 16:42:08 - [TEST_CASE][FAILED] - Test Cases/internal data test case/nickname: Test Cases/internal data test case/nickname FAILED.
Reason:
com.kms.katalon.core.exception.StepFailedException: Unable to click on object
	at com.kms.katalon.core.webui.keyword.internal.WebUIKeywordMain.stepFailed(WebUIKeywordMain.groovy:64)
	at com.kms.katalon.core.webui.keyword.internal.WebUIKeywordMain.runKeyword(WebUIKeywordMain.groovy:26)
	at com.kms.katalon.core.webui.keyword.builtin.ClickKeyword.click(ClickKeyword.groovy:76)
	at com.kms.katalon.core.webui.keyword.builtin.ClickKeyword.execute(ClickKeyword.groovy:43)
	at com.kms.katalon.core.keyword.internal.KeywordExecutor.executeKeywordForPlatform(KeywordExecutor.groovy:72)
	at com.kms.katalon.core.webui.keyword.WebUiBuiltInKeywords.click(WebUiBuiltInKeywords.groovy:616)
	at com.kms.katalon.core.webui.keyword.WebUiBuiltInKeywords$click$3.call(Unknown Source)
	at nickname.run(nickname:34)
	at com.kms.katalon.core.main.ScriptEngine.run(ScriptEngine.java:194)
	at com.kms.katalon.core.main.ScriptEngine.runScriptAsRawText(ScriptEngine.java:119)
	at com.kms.katalon.core.main.TestCaseExecutor.runScript(TestCaseExecutor.java:337)
	at com.kms.katalon.core.main.TestCaseExecutor.doExecute(TestCaseExecutor.java:328)
	at com.kms.katalon.core.main.TestCaseExecutor.processExecutionPhase(TestCaseExecutor.java:307)
	at com.kms.katalon.core.main.TestCaseExecutor.accessMainPhase(TestCaseExecutor.java:299)
	at com.kms.katalon.core.main.TestCaseExecutor.execute(TestCaseExecutor.java:233)
	at com.kms.katalon.core.main.TestSuiteExecutor.accessTestCaseMainPhase(TestSuiteExecutor.java:169)
	at com.kms.katalon.core.main.TestSuiteExecutor.accessTestSuiteMainPhase(TestSuiteExecutor.java:142)
	at com.kms.katalon.core.main.TestSuiteExecutor.execute(TestSuiteExecutor.java:91)
	at com.kms.katalon.core.main.TestCaseMain.startTestSuite(TestCaseMain.java:157)
	at com.kms.katalon.core.main.TestCaseMain$startTestSuite$0.call(Unknown Source)
	at TempTestSuite1591349893024.run(TempTestSuite1591349893024.groovy:37)
Caused by: java.lang.IllegalArgumentException: Object is null
	at com.kms.katalon.core.helper.KeywordHelper.checkTestObjectParameter(KeywordHelper.java:33)
	at com.kms.katalon.core.webui.keyword.builtin.ClickKeyword$_click_closure1.doCall(ClickKeyword.groovy:65)
	at com.kms.katalon.core.webui.keyword.builtin.ClickKeyword$_click_closure1.call(ClickKeyword.groovy)
	at com.kms.katalon.core.webui.keyword.internal.WebUIKeywordMain.runKeyword(WebUIKeywordMain.groovy:20)
	... 19 more]]></system-err>
      </testcase>
      <testcase name="Test Cases/internal data test case/language" time="15.512" classname="Test Cases/internal data test case/language" status="PASSED">
         <system-out><![CDATA[2020-06-05 16:42:29 - [TEST_CASE][PASSED] - Test Cases/internal data test case/language: Test Cases/internal data test case/language

2020-06-05 16:42:29 - [TEST_STEP][PASSED] - openBrowser(""): Browser is opened with url: ''

2020-06-05 16:42:29 - [MESSAGE][WARNING] - A browser is already opened. Closing browser and opening a new one

2020-06-05 16:42:29 - [MESSAGE][INFO] - Starting 'Chrome' driver

2020-06-05 16:42:29 - [MESSAGE][INFO] - Action delay is set to 0 milliseconds

2020-06-05 16:42:29 - [MESSAGE][PASSED] - Browser is opened with url: ''

2020-06-05 16:42:29 - [TEST_STEP][PASSED] - navigateToUrl("https://mattermost-aut.herokuapp.com/login"): Navigate to 'https://mattermost-aut.herokuapp.com/login' successfully

2020-06-05 16:42:33 - [MESSAGE][PASSED] - Navigate to 'https://mattermost-aut.herokuapp.com/login' successfully

2020-06-05 16:42:33 - [TEST_STEP][PASSED] - setText(findTestObject("Data Driven/login/Page_Mattermost/input_All team communication in one place searchable and accessible anywhere_loginId"), "phong1998"): Text 'phong1998' is set on object 'Object Repository/Data Driven/login/Page_Mattermost/input_All team communication in one place searchable and accessible anywhere_loginId'

2020-06-05 16:42:37 - [MESSAGE][PASSED] - Text 'phong1998' is set on object 'Object Repository/Data Driven/login/Page_Mattermost/input_All team communication in one place searchable and accessible anywhere_loginId'

2020-06-05 16:42:37 - [TEST_STEP][PASSED] - setEncryptedText(findTestObject("Data Driven/login/Page_Mattermost/input_All team communication in one place searchable and accessible anywhere_password"), "X6RAMBNCYDQ8H8PMJNlsmQ=="): Text ****** has been set on object 'Object Repository/Data Driven/login/Page_Mattermost/input_All team communication in one place searchable and accessible anywhere_password'

2020-06-05 16:42:38 - [MESSAGE][PASSED] - Text ****** has been set on object 'Object Repository/Data Driven/login/Page_Mattermost/input_All team communication in one place searchable and accessible anywhere_password'

2020-06-05 16:42:38 - [TEST_STEP][PASSED] - click(findTestObject("Data Driven/direct-message/Page_Mattermost/button_Sign in")): Object: 'Object Repository/Data Driven/direct-message/Page_Mattermost/button_Sign in' is clicked on

2020-06-05 16:42:38 - [MESSAGE][PASSED] - Object: 'Object Repository/Data Driven/direct-message/Page_Mattermost/button_Sign in' is clicked on

2020-06-05 16:42:38 - [TEST_STEP][PASSED] - click(findTestObject("Data Driven/language/Page_Town Square - team1612499 Mattermost/button_phong1998_style--none sidebar-header-dropdown__icon")): Object: 'Object Repository/Data Driven/language/Page_Town Square - team1612499 Mattermost/button_phong1998_style--none sidebar-header-dropdown__icon' is clicked on

2020-06-05 16:42:41 - [MESSAGE][PASSED] - Object: 'Object Repository/Data Driven/language/Page_Town Square - team1612499 Mattermost/button_phong1998_style--none sidebar-header-dropdown__icon' is clicked on

2020-06-05 16:42:41 - [TEST_STEP][PASSED] - click(findTestObject("Data Driven/language/Page_Town Square - team1612499 Mattermost/span_Account Settings")): Object: 'Object Repository/Data Driven/language/Page_Town Square - team1612499 Mattermost/span_Account Settings' is clicked on

2020-06-05 16:42:42 - [MESSAGE][PASSED] - Object: 'Object Repository/Data Driven/language/Page_Town Square - team1612499 Mattermost/span_Account Settings' is clicked on

2020-06-05 16:42:42 - [TEST_STEP][PASSED] - click(findTestObject("Data Driven/language/Page_Town Square - team1612499 Mattermost/button_Display")): Object: 'Object Repository/Data Driven/language/Page_Town Square - team1612499 Mattermost/button_Display' is clicked on

2020-06-05 16:42:43 - [MESSAGE][PASSED] - Object: 'Object Repository/Data Driven/language/Page_Town Square - team1612499 Mattermost/button_Display' is clicked on

2020-06-05 16:42:43 - [TEST_STEP][PASSED] - click(findTestObject("Data Driven/language/Page_Town Square - team1612499 Mattermost/div_LanguageEdit")): Object: 'Object Repository/Data Driven/language/Page_Town Square - team1612499 Mattermost/div_LanguageEdit' is clicked on

2020-06-05 16:42:43 - [MESSAGE][PASSED] - Object: 'Object Repository/Data Driven/language/Page_Town Square - team1612499 Mattermost/div_LanguageEdit' is clicked on

2020-06-05 16:42:43 - [TEST_STEP][PASSED] - setText(findTestObject("Data Driven/language/Page_Town Square - team1612499 Mattermost/input_English_react-select-2-input"), language): Text '' is set on object 'Object Repository/Data Driven/language/Page_Town Square - team1612499 Mattermost/input_English_react-select-2-input'

2020-06-05 16:42:44 - [MESSAGE][PASSED] - Text '' is set on object 'Object Repository/Data Driven/language/Page_Town Square - team1612499 Mattermost/input_English_react-select-2-input'

2020-06-05 16:42:44 - [TEST_STEP][PASSED] - click(findTestObject("Data Driven/language/Page_Town Square - team1612499 Mattermost/button_Save")): Object: 'Object Repository/Data Driven/language/Page_Town Square - team1612499 Mattermost/button_Save' is clicked on

2020-06-05 16:42:44 - [MESSAGE][PASSED] - Object: 'Object Repository/Data Driven/language/Page_Town Square - team1612499 Mattermost/button_Save' is clicked on

2020-06-05 16:42:44 - [TEST_STEP][PASSED] - closeBrowser(): Browser is closed

2020-06-05 16:42:44 - [MESSAGE][PASSED] - Browser is closed]]></system-out>
         <system-err><![CDATA[]]></system-err>
      </testcase>
      <testcase name="Test Cases/internal data test case/position" time="22.888" classname="Test Cases/internal data test case/position" status="PASSED">
         <system-out><![CDATA[2020-06-05 16:42:44 - [TEST_CASE][PASSED] - Test Cases/internal data test case/position: Test Cases/internal data test case/position

2020-06-05 16:42:44 - [TEST_STEP][PASSED] - openBrowser(""): Browser is opened with url: ''

2020-06-05 16:42:44 - [MESSAGE][INFO] - Starting 'Chrome' driver

2020-06-05 16:42:44 - [MESSAGE][INFO] - Action delay is set to 0 milliseconds

2020-06-05 16:42:45 - [MESSAGE][PASSED] - Browser is opened with url: ''

2020-06-05 16:42:45 - [TEST_STEP][PASSED] - navigateToUrl("https://mattermost-aut.herokuapp.com/login"): Navigate to 'https://mattermost-aut.herokuapp.com/login' successfully

2020-06-05 16:42:53 - [MESSAGE][PASSED] - Navigate to 'https://mattermost-aut.herokuapp.com/login' successfully

2020-06-05 16:42:53 - [TEST_STEP][PASSED] - setText(findTestObject("Data Driven/nickname/Page_Mattermost/input_All team communication in one place searchable and accessible anywhere_loginId"), "phong1998"): Text 'phong1998' is set on object 'Object Repository/Data Driven/nickname/Page_Mattermost/input_All team communication in one place searchable and accessible anywhere_loginId'

2020-06-05 16:43:00 - [MESSAGE][PASSED] - Text 'phong1998' is set on object 'Object Repository/Data Driven/nickname/Page_Mattermost/input_All team communication in one place searchable and accessible anywhere_loginId'

2020-06-05 16:43:00 - [TEST_STEP][PASSED] - setEncryptedText(findTestObject("Data Driven/nickname/Page_Mattermost/input_All team communication in one place searchable and accessible anywhere_password"), "X6RAMBNCYDQ8H8PMJNlsmQ=="): Text ****** has been set on object 'Object Repository/Data Driven/nickname/Page_Mattermost/input_All team communication in one place searchable and accessible anywhere_password'

2020-06-05 16:43:01 - [MESSAGE][PASSED] - Text ****** has been set on object 'Object Repository/Data Driven/nickname/Page_Mattermost/input_All team communication in one place searchable and accessible anywhere_password'

2020-06-05 16:43:01 - [TEST_STEP][PASSED] - click(findTestObject("Data Driven/nickname/Page_Mattermost/span_Sign in")): Object: 'Object Repository/Data Driven/nickname/Page_Mattermost/span_Sign in' is clicked on

2020-06-05 16:43:01 - [MESSAGE][PASSED] - Object: 'Object Repository/Data Driven/nickname/Page_Mattermost/span_Sign in' is clicked on

2020-06-05 16:43:01 - [TEST_STEP][PASSED] - click(findTestObject("Data Driven/position/Page_Town Square - team1612499 Mattermost/svg")): Object: 'Object Repository/Data Driven/position/Page_Town Square - team1612499 Mattermost/svg' is clicked on

2020-06-05 16:43:04 - [MESSAGE][PASSED] - Object: 'Object Repository/Data Driven/position/Page_Town Square - team1612499 Mattermost/svg' is clicked on

2020-06-05 16:43:04 - [TEST_STEP][PASSED] - click(findTestObject("Data Driven/position/Page_Town Square - team1612499 Mattermost/span_Account Settings")): Object: 'Object Repository/Data Driven/position/Page_Town Square - team1612499 Mattermost/span_Account Settings' is clicked on

2020-06-05 16:43:05 - [MESSAGE][PASSED] - Object: 'Object Repository/Data Driven/position/Page_Town Square - team1612499 Mattermost/span_Account Settings' is clicked on

2020-06-05 16:43:05 - [TEST_STEP][PASSED] - click(findTestObject("Data Driven/position/Page_Town Square - team1612499 Mattermost/span_Edit")): Object: 'Object Repository/Data Driven/position/Page_Town Square - team1612499 Mattermost/span_Edit' is clicked on

2020-06-05 16:43:06 - [MESSAGE][PASSED] - Object: 'Object Repository/Data Driven/position/Page_Town Square - team1612499 Mattermost/span_Edit' is clicked on

2020-06-05 16:43:06 - [TEST_STEP][PASSED] - setText(findTestObject("Data Driven/position/Page_Town Square - team1612499 Mattermost/input_Position_position"), position): Text '' is set on object 'Object Repository/Data Driven/position/Page_Town Square - team1612499 Mattermost/input_Position_position'

2020-06-05 16:43:07 - [MESSAGE][PASSED] - Text '' is set on object 'Object Repository/Data Driven/position/Page_Town Square - team1612499 Mattermost/input_Position_position'

2020-06-05 16:43:07 - [TEST_STEP][PASSED] - click(findTestObject("Data Driven/position/Page_Town Square - team1612499 Mattermost/span_Save")): Object: 'Object Repository/Data Driven/position/Page_Town Square - team1612499 Mattermost/span_Save' is clicked on

2020-06-05 16:43:07 - [MESSAGE][PASSED] - Object: 'Object Repository/Data Driven/position/Page_Town Square - team1612499 Mattermost/span_Save' is clicked on

2020-06-05 16:43:07 - [TEST_STEP][PASSED] - closeBrowser(): Browser is closed

2020-06-05 16:43:07 - [MESSAGE][PASSED] - Browser is closed]]></system-out>
         <system-err><![CDATA[]]></system-err>
      </testcase>
      <testcase name="Test Cases/internal data test case/password" time="15.684" classname="Test Cases/internal data test case/password" status="PASSED">
         <system-out><![CDATA[2020-06-05 16:43:07 - [TEST_CASE][PASSED] - Test Cases/internal data test case/password: Test Cases/internal data test case/password

2020-06-05 16:43:07 - [TEST_STEP][PASSED] - openBrowser(""): Browser is opened with url: ''

2020-06-05 16:43:07 - [MESSAGE][INFO] - Starting 'Chrome' driver

2020-06-05 16:43:07 - [MESSAGE][INFO] - Action delay is set to 0 milliseconds

2020-06-05 16:43:08 - [MESSAGE][PASSED] - Browser is opened with url: ''

2020-06-05 16:43:08 - [TEST_STEP][PASSED] - navigateToUrl("https://mattermost-aut.herokuapp.com/login"): Navigate to 'https://mattermost-aut.herokuapp.com/login' successfully

2020-06-05 16:43:11 - [MESSAGE][PASSED] - Navigate to 'https://mattermost-aut.herokuapp.com/login' successfully

2020-06-05 16:43:11 - [TEST_STEP][PASSED] - setText(findTestObject("Data Driven/login/Page_Mattermost/input_All team communication in one place searchable and accessible anywhere_loginId"), "phong1998"): Text 'phong1998' is set on object 'Object Repository/Data Driven/login/Page_Mattermost/input_All team communication in one place searchable and accessible anywhere_loginId'

2020-06-05 16:43:15 - [MESSAGE][PASSED] - Text 'phong1998' is set on object 'Object Repository/Data Driven/login/Page_Mattermost/input_All team communication in one place searchable and accessible anywhere_loginId'

2020-06-05 16:43:15 - [TEST_STEP][PASSED] - setEncryptedText(findTestObject("Data Driven/login/Page_Mattermost/input_All team communication in one place searchable and accessible anywhere_password"), "X6RAMBNCYDQ8H8PMJNlsmQ=="): Text ****** has been set on object 'Object Repository/Data Driven/login/Page_Mattermost/input_All team communication in one place searchable and accessible anywhere_password'

2020-06-05 16:43:16 - [MESSAGE][PASSED] - Text ****** has been set on object 'Object Repository/Data Driven/login/Page_Mattermost/input_All team communication in one place searchable and accessible anywhere_password'

2020-06-05 16:43:16 - [TEST_STEP][PASSED] - click(findTestObject("Data Driven/login/Page_Mattermost/button_Sign in")): Object: 'Object Repository/Data Driven/login/Page_Mattermost/button_Sign in' is clicked on

2020-06-05 16:43:16 - [MESSAGE][PASSED] - Object: 'Object Repository/Data Driven/login/Page_Mattermost/button_Sign in' is clicked on

2020-06-05 16:43:16 - [TEST_STEP][PASSED] - click(findTestObject("Data Driven/password/Page_Town Square - team1612499 Mattermost/span")): Object: 'Object Repository/Data Driven/password/Page_Town Square - team1612499 Mattermost/span' is clicked on

2020-06-05 16:43:19 - [MESSAGE][PASSED] - Object: 'Object Repository/Data Driven/password/Page_Town Square - team1612499 Mattermost/span' is clicked on

2020-06-05 16:43:19 - [TEST_STEP][PASSED] - click(findTestObject("Data Driven/password/Page_Town Square - team1612499 Mattermost/span_Account Settings")): Object: 'Object Repository/Data Driven/password/Page_Town Square - team1612499 Mattermost/span_Account Settings' is clicked on

2020-06-05 16:43:20 - [MESSAGE][PASSED] - Object: 'Object Repository/Data Driven/password/Page_Town Square - team1612499 Mattermost/span_Account Settings' is clicked on

2020-06-05 16:43:20 - [TEST_STEP][PASSED] - click(findTestObject("Data Driven/password/Page_Town Square - team1612499 Mattermost/button_Security")): Object: 'Object Repository/Data Driven/password/Page_Town Square - team1612499 Mattermost/button_Security' is clicked on

2020-06-05 16:43:21 - [MESSAGE][PASSED] - Object: 'Object Repository/Data Driven/password/Page_Town Square - team1612499 Mattermost/button_Security' is clicked on

2020-06-05 16:43:21 - [TEST_STEP][PASSED] - click(findTestObject("Data Driven/password/Page_Town Square - team1612499 Mattermost/div_PasswordEdit")): Object: 'Object Repository/Data Driven/password/Page_Town Square - team1612499 Mattermost/div_PasswordEdit' is clicked on

2020-06-05 16:43:21 - [MESSAGE][PASSED] - Object: 'Object Repository/Data Driven/password/Page_Town Square - team1612499 Mattermost/div_PasswordEdit' is clicked on

2020-06-05 16:43:21 - [TEST_STEP][PASSED] - setEncryptedText(findTestObject("Data Driven/password/Page_Town Square - team1612499 Mattermost/input_Current Password_currentPassword"), current_password): Text ****** has been set on object 'Object Repository/Data Driven/password/Page_Town Square - team1612499 Mattermost/input_Current Password_currentPassword'

2020-06-05 16:43:22 - [MESSAGE][PASSED] - Text ****** has been set on object 'Object Repository/Data Driven/password/Page_Town Square - team1612499 Mattermost/input_Current Password_currentPassword'

2020-06-05 16:43:22 - [TEST_STEP][PASSED] - setEncryptedText(findTestObject("Data Driven/password/Page_Town Square - team1612499 Mattermost/input_New Password_newPassword"), new_password): Text ****** has been set on object 'Object Repository/Data Driven/password/Page_Town Square - team1612499 Mattermost/input_New Password_newPassword'

2020-06-05 16:43:22 - [MESSAGE][PASSED] - Text ****** has been set on object 'Object Repository/Data Driven/password/Page_Town Square - team1612499 Mattermost/input_New Password_newPassword'

2020-06-05 16:43:22 - [TEST_STEP][PASSED] - setEncryptedText(findTestObject("Data Driven/password/Page_Town Square - team1612499 Mattermost/input_Retype New Password_confirmPassword"), retype): Text ****** has been set on object 'Object Repository/Data Driven/password/Page_Town Square - team1612499 Mattermost/input_Retype New Password_confirmPassword'

2020-06-05 16:43:23 - [MESSAGE][PASSED] - Text ****** has been set on object 'Object Repository/Data Driven/password/Page_Town Square - team1612499 Mattermost/input_Retype New Password_confirmPassword'

2020-06-05 16:43:23 - [TEST_STEP][PASSED] - click(findTestObject("Data Driven/password/Page_Town Square - team1612499 Mattermost/button_Save")): Object: 'Object Repository/Data Driven/password/Page_Town Square - team1612499 Mattermost/button_Save' is clicked on

2020-06-05 16:43:23 - [MESSAGE][PASSED] - Object: 'Object Repository/Data Driven/password/Page_Town Square - team1612499 Mattermost/button_Save' is clicked on

2020-06-05 16:43:23 - [TEST_STEP][PASSED] - closeBrowser(): Browser is closed

2020-06-05 16:43:23 - [MESSAGE][PASSED] - Browser is closed]]></system-out>
         <system-err><![CDATA[]]></system-err>
      </testcase>
      <testcase name="Test Cases/internal data test case/search" time="15.805" classname="Test Cases/internal data test case/search" status="FAILED">
         <failure type="FAILED" message="Test Cases/internal data test case/search FAILED.
Reason:
com.kms.katalon.core.exception.StepFailedException: Unable to click on object 'Object Repository/Data Driven/search/Page_Town Square - team1612499 Mattermost/circle'
	at com.kms.katalon.core.webui.keyword.internal.WebUIKeywordMain.stepFailed(WebUIKeywordMain.groovy:64)
	at com.kms.katalon.core.webui.keyword.internal.WebUIKeywordMain.runKeyword(WebUIKeywordMain.groovy:26)
	at com.kms.katalon.core.webui.keyword.builtin.ClickKeyword.click(ClickKeyword.groovy:76)
	at com.kms.katalon.core.webui.keyword.builtin.ClickKeyword.execute(ClickKeyword.groovy:43)
	at com.kms.katalon.core.keyword.internal.KeywordExecutor.executeKeywordForPlatform(KeywordExecutor.groovy:72)
	at com.kms.katalon.core.webui.keyword.WebUiBuiltInKeywords.click(WebUiBuiltInKeywords.groovy:616)
	at com.kms.katalon.core.webui.keyword.WebUiBuiltInKeywords$click$3.call(Unknown Source)
	at search.run(search:32)
	at com.kms.katalon.core.main.ScriptEngine.run(ScriptEngine.java:194)
	at com.kms.katalon.core.main.ScriptEngine.runScriptAsRawText(ScriptEngine.java:119)
	at com.kms.katalon.core.main.TestCaseExecutor.runScript(TestCaseExecutor.java:337)
	at com.kms.katalon.core.main.TestCaseExecutor.doExecute(TestCaseExecutor.java:328)
	at com.kms.katalon.core.main.TestCaseExecutor.processExecutionPhase(TestCaseExecutor.java:307)
	at com.kms.katalon.core.main.TestCaseExecutor.accessMainPhase(TestCaseExecutor.java:299)
	at com.kms.katalon.core.main.TestCaseExecutor.execute(TestCaseExecutor.java:233)
	at com.kms.katalon.core.main.TestSuiteExecutor.accessTestCaseMainPhase(TestSuiteExecutor.java:169)
	at com.kms.katalon.core.main.TestSuiteExecutor.accessTestSuiteMainPhase(TestSuiteExecutor.java:142)
	at com.kms.katalon.core.main.TestSuiteExecutor.execute(TestSuiteExecutor.java:91)
	at com.kms.katalon.core.main.TestCaseMain.startTestSuite(TestCaseMain.java:157)
	at com.kms.katalon.core.main.TestCaseMain$startTestSuite$0.call(Unknown Source)
	at TempTestSuite1591349893024.run(TempTestSuite1591349893024.groovy:37)
Caused by: java.lang.IndexOutOfBoundsException: Index: 0, Size: 0
	at com.kms.katalon.core.webui.common.WebUiCommonHelper.buildLocator(WebUiCommonHelper.java:517)
	at com.kms.katalon.core.webui.common.WebUiCommonHelper.findWebElements(WebUiCommonHelper.java:767)
	at com.kms.katalon.core.webui.common.WebUiCommonHelper.findWebElement(WebUiCommonHelper.java:1150)
	at com.kms.katalon.core.webui.keyword.internal.WebUIAbstractKeyword.findWebElement(WebUIAbstractKeyword.groovy:27)
	at com.kms.katalon.core.webui.keyword.internal.WebUIAbstractKeyword.findWebElement(WebUIAbstractKeyword.groovy:26)
	at com.kms.katalon.core.webui.keyword.builtin.ClickKeyword$_click_closure1.doCall(ClickKeyword.groovy:67)
	at com.kms.katalon.core.webui.keyword.builtin.ClickKeyword$_click_closure1.call(ClickKeyword.groovy)
	at com.kms.katalon.core.webui.keyword.internal.WebUIKeywordMain.runKeyword(WebUIKeywordMain.groovy:20)
	... 19 more
"/>
         <system-out><![CDATA[2020-06-05 16:43:23 - [TEST_CASE][FAILED] - Test Cases/internal data test case/search: Test Cases/internal data test case/search FAILED.
Reason:
com.kms.katalon.core.exception.StepFailedException: Unable to click on object 'Object Repository/Data Driven/search/Page_Town Square - team1612499 Mattermost/circle'
	at com.kms.katalon.core.webui.keyword.internal.WebUIKeywordMain.stepFailed(WebUIKeywordMain.groovy:64)
	at com.kms.katalon.core.webui.keyword.internal.WebUIKeywordMain.runKeyword(WebUIKeywordMain.groovy:26)
	at com.kms.katalon.core.webui.keyword.builtin.ClickKeyword.click(ClickKeyword.groovy:76)
	at com.kms.katalon.core.webui.keyword.builtin.ClickKeyword.execute(ClickKeyword.groovy:43)
	at com.kms.katalon.core.keyword.internal.KeywordExecutor.executeKeywordForPlatform(KeywordExecutor.groovy:72)
	at com.kms.katalon.core.webui.keyword.WebUiBuiltInKeywords.click(WebUiBuiltInKeywords.groovy:616)
	at com.kms.katalon.core.webui.keyword.WebUiBuiltInKeywords$click$3.call(Unknown Source)
	at search.run(search:32)
	at com.kms.katalon.core.main.ScriptEngine.run(ScriptEngine.java:194)
	at com.kms.katalon.core.main.ScriptEngine.runScriptAsRawText(ScriptEngine.java:119)
	at com.kms.katalon.core.main.TestCaseExecutor.runScript(TestCaseExecutor.java:337)
	at com.kms.katalon.core.main.TestCaseExecutor.doExecute(TestCaseExecutor.java:328)
	at com.kms.katalon.core.main.TestCaseExecutor.processExecutionPhase(TestCaseExecutor.java:307)
	at com.kms.katalon.core.main.TestCaseExecutor.accessMainPhase(TestCaseExecutor.java:299)
	at com.kms.katalon.core.main.TestCaseExecutor.execute(TestCaseExecutor.java:233)
	at com.kms.katalon.core.main.TestSuiteExecutor.accessTestCaseMainPhase(TestSuiteExecutor.java:169)
	at com.kms.katalon.core.main.TestSuiteExecutor.accessTestSuiteMainPhase(TestSuiteExecutor.java:142)
	at com.kms.katalon.core.main.TestSuiteExecutor.execute(TestSuiteExecutor.java:91)
	at com.kms.katalon.core.main.TestCaseMain.startTestSuite(TestCaseMain.java:157)
	at com.kms.katalon.core.main.TestCaseMain$startTestSuite$0.call(Unknown Source)
	at TempTestSuite1591349893024.run(TempTestSuite1591349893024.groovy:37)
Caused by: java.lang.IndexOutOfBoundsException: Index: 0, Size: 0
	at com.kms.katalon.core.webui.common.WebUiCommonHelper.buildLocator(WebUiCommonHelper.java:517)
	at com.kms.katalon.core.webui.common.WebUiCommonHelper.findWebElements(WebUiCommonHelper.java:767)
	at com.kms.katalon.core.webui.common.WebUiCommonHelper.findWebElement(WebUiCommonHelper.java:1150)
	at com.kms.katalon.core.webui.keyword.internal.WebUIAbstractKeyword.findWebElement(WebUIAbstractKeyword.groovy:27)
	at com.kms.katalon.core.webui.keyword.internal.WebUIAbstractKeyword.findWebElement(WebUIAbstractKeyword.groovy:26)
	at com.kms.katalon.core.webui.keyword.builtin.ClickKeyword$_click_closure1.doCall(ClickKeyword.groovy:67)
	at com.kms.katalon.core.webui.keyword.builtin.ClickKeyword$_click_closure1.call(ClickKeyword.groovy)
	at com.kms.katalon.core.webui.keyword.internal.WebUIKeywordMain.runKeyword(WebUIKeywordMain.groovy:20)
	... 19 more


2020-06-05 16:43:23 - [TEST_STEP][PASSED] - openBrowser(""): Browser is opened with url: ''

2020-06-05 16:43:23 - [MESSAGE][INFO] - Starting 'Chrome' driver

2020-06-05 16:43:23 - [MESSAGE][INFO] - Action delay is set to 0 milliseconds

2020-06-05 16:43:23 - [MESSAGE][PASSED] - Browser is opened with url: ''

2020-06-05 16:43:23 - [TEST_STEP][PASSED] - navigateToUrl("https://mattermost-aut.herokuapp.com/login"): Navigate to 'https://mattermost-aut.herokuapp.com/login' successfully

2020-06-05 16:43:33 - [MESSAGE][PASSED] - Navigate to 'https://mattermost-aut.herokuapp.com/login' successfully

2020-06-05 16:43:33 - [TEST_STEP][PASSED] - setText(findTestObject("Data Driven/login/Page_Mattermost/input_All team communication in one place searchable and accessible anywhere_loginId"), "phong1998"): Text 'phong1998' is set on object 'Object Repository/Data Driven/login/Page_Mattermost/input_All team communication in one place searchable and accessible anywhere_loginId'

2020-06-05 16:43:37 - [MESSAGE][PASSED] - Text 'phong1998' is set on object 'Object Repository/Data Driven/login/Page_Mattermost/input_All team communication in one place searchable and accessible anywhere_loginId'

2020-06-05 16:43:37 - [TEST_STEP][PASSED] - setEncryptedText(findTestObject("Data Driven/login/Page_Mattermost/input_All team communication in one place searchable and accessible anywhere_password"), "X6RAMBNCYDQ8H8PMJNlsmQ=="): Text ****** has been set on object 'Object Repository/Data Driven/login/Page_Mattermost/input_All team communication in one place searchable and accessible anywhere_password'

2020-06-05 16:43:38 - [MESSAGE][PASSED] - Text ****** has been set on object 'Object Repository/Data Driven/login/Page_Mattermost/input_All team communication in one place searchable and accessible anywhere_password'

2020-06-05 16:43:38 - [TEST_STEP][PASSED] - click(findTestObject("Data Driven/direct-message/Page_Mattermost/button_Sign in")): Object: 'Object Repository/Data Driven/direct-message/Page_Mattermost/button_Sign in' is clicked on

2020-06-05 16:43:39 - [MESSAGE][PASSED] - Object: 'Object Repository/Data Driven/direct-message/Page_Mattermost/button_Sign in' is clicked on

2020-06-05 16:43:39 - [TEST_STEP][FAILED] - click(findTestObject("Data Driven/search/Page_Town Square - team1612499 Mattermost/circle")): Unable to click on object 'Object Repository/Data Driven/search/Page_Town Square - team1612499 Mattermost/circle' (Root cause: com.kms.katalon.core.exception.StepFailedException: Unable to click on object 'Object Repository/Data Driven/search/Page_Town Square - team1612499 Mattermost/circle'
	at com.kms.katalon.core.webui.keyword.internal.WebUIKeywordMain.stepFailed(WebUIKeywordMain.groovy:64)
	at com.kms.katalon.core.webui.keyword.internal.WebUIKeywordMain.runKeyword(WebUIKeywordMain.groovy:26)
	at com.kms.katalon.core.webui.keyword.builtin.ClickKeyword.click(ClickKeyword.groovy:76)
	at com.kms.katalon.core.webui.keyword.builtin.ClickKeyword.execute(ClickKeyword.groovy:43)
	at com.kms.katalon.core.keyword.internal.KeywordExecutor.executeKeywordForPlatform(KeywordExecutor.groovy:72)
	at com.kms.katalon.core.webui.keyword.WebUiBuiltInKeywords.click(WebUiBuiltInKeywords.groovy:616)
	at com.kms.katalon.core.webui.keyword.WebUiBuiltInKeywords$click$3.call(Unknown Source)
	at search.run(search:32)
	at com.kms.katalon.core.main.ScriptEngine.run(ScriptEngine.java:194)
	at com.kms.katalon.core.main.ScriptEngine.runScriptAsRawText(ScriptEngine.java:119)
	at com.kms.katalon.core.main.TestCaseExecutor.runScript(TestCaseExecutor.java:337)
	at com.kms.katalon.core.main.TestCaseExecutor.doExecute(TestCaseExecutor.java:328)
	at com.kms.katalon.core.main.TestCaseExecutor.processExecutionPhase(TestCaseExecutor.java:307)
	at com.kms.katalon.core.main.TestCaseExecutor.accessMainPhase(TestCaseExecutor.java:299)
	at com.kms.katalon.core.main.TestCaseExecutor.execute(TestCaseExecutor.java:233)
	at com.kms.katalon.core.main.TestSuiteExecutor.accessTestCaseMainPhase(TestSuiteExecutor.java:169)
	at com.kms.katalon.core.main.TestSuiteExecutor.accessTestSuiteMainPhase(TestSuiteExecutor.java:142)
	at com.kms.katalon.core.main.TestSuiteExecutor.execute(TestSuiteExecutor.java:91)
	at com.kms.katalon.core.main.TestCaseMain.startTestSuite(TestCaseMain.java:157)
	at com.kms.katalon.core.main.TestCaseMain$startTestSuite$0.call(Unknown Source)
	at TempTestSuite1591349893024.run(TempTestSuite1591349893024.groovy:37)
Caused by: java.lang.IndexOutOfBoundsException: Index: 0, Size: 0
	at com.kms.katalon.core.webui.common.WebUiCommonHelper.buildLocator(WebUiCommonHelper.java:517)
	at com.kms.katalon.core.webui.common.WebUiCommonHelper.findWebElements(WebUiCommonHelper.java:767)
	at com.kms.katalon.core.webui.common.WebUiCommonHelper.findWebElement(WebUiCommonHelper.java:1150)
	at com.kms.katalon.core.webui.keyword.internal.WebUIAbstractKeyword.findWebElement(WebUIAbstractKeyword.groovy:27)
	at com.kms.katalon.core.webui.keyword.internal.WebUIAbstractKeyword.findWebElement(WebUIAbstractKeyword.groovy:26)
	at com.kms.katalon.core.webui.keyword.builtin.ClickKeyword$_click_closure1.doCall(ClickKeyword.groovy:67)
	at com.kms.katalon.core.webui.keyword.builtin.ClickKeyword$_click_closure1.call(ClickKeyword.groovy)
	at com.kms.katalon.core.webui.keyword.internal.WebUIKeywordMain.runKeyword(WebUIKeywordMain.groovy:20)
	at com.kms.katalon.core.webui.keyword.builtin.ClickKeyword.click(ClickKeyword.groovy:76)
	at com.kms.katalon.core.webui.keyword.builtin.ClickKeyword.execute(ClickKeyword.groovy:43)
	at com.kms.katalon.core.keyword.internal.KeywordExecutor.executeKeywordForPlatform(KeywordExecutor.groovy:72)
	at com.kms.katalon.core.webui.keyword.WebUiBuiltInKeywords.click(WebUiBuiltInKeywords.groovy:616)
	at com.kms.katalon.core.webui.keyword.WebUiBuiltInKeywords$click$3.call(Unknown Source)
	at Script1591296565402.run(Script1591296565402.groovy:32)
	... 13 more
)

2020-06-05 16:43:39 - [MESSAGE][FAILED] - Unable to click on object 'Object Repository/Data Driven/search/Page_Town Square - team1612499 Mattermost/circle' (Root cause: com.kms.katalon.core.exception.StepFailedException: Unable to click on object 'Object Repository/Data Driven/search/Page_Town Square - team1612499 Mattermost/circle'
	at com.kms.katalon.core.webui.keyword.internal.WebUIKeywordMain.stepFailed(WebUIKeywordMain.groovy:64)
	at com.kms.katalon.core.webui.keyword.internal.WebUIKeywordMain.runKeyword(WebUIKeywordMain.groovy:26)
	at com.kms.katalon.core.webui.keyword.builtin.ClickKeyword.click(ClickKeyword.groovy:76)
	at com.kms.katalon.core.webui.keyword.builtin.ClickKeyword.execute(ClickKeyword.groovy:43)
	at com.kms.katalon.core.keyword.internal.KeywordExecutor.executeKeywordForPlatform(KeywordExecutor.groovy:72)
	at com.kms.katalon.core.webui.keyword.WebUiBuiltInKeywords.click(WebUiBuiltInKeywords.groovy:616)
	at com.kms.katalon.core.webui.keyword.WebUiBuiltInKeywords$click$3.call(Unknown Source)
	at search.run(search:32)
	at com.kms.katalon.core.main.ScriptEngine.run(ScriptEngine.java:194)
	at com.kms.katalon.core.main.ScriptEngine.runScriptAsRawText(ScriptEngine.java:119)
	at com.kms.katalon.core.main.TestCaseExecutor.runScript(TestCaseExecutor.java:337)
	at com.kms.katalon.core.main.TestCaseExecutor.doExecute(TestCaseExecutor.java:328)
	at com.kms.katalon.core.main.TestCaseExecutor.processExecutionPhase(TestCaseExecutor.java:307)
	at com.kms.katalon.core.main.TestCaseExecutor.accessMainPhase(TestCaseExecutor.java:299)
	at com.kms.katalon.core.main.TestCaseExecutor.execute(TestCaseExecutor.java:233)
	at com.kms.katalon.core.main.TestSuiteExecutor.accessTestCaseMainPhase(TestSuiteExecutor.java:169)
	at com.kms.katalon.core.main.TestSuiteExecutor.accessTestSuiteMainPhase(TestSuiteExecutor.java:142)
	at com.kms.katalon.core.main.TestSuiteExecutor.execute(TestSuiteExecutor.java:91)
	at com.kms.katalon.core.main.TestCaseMain.startTestSuite(TestCaseMain.java:157)
	at com.kms.katalon.core.main.TestCaseMain$startTestSuite$0.call(Unknown Source)
	at TempTestSuite1591349893024.run(TempTestSuite1591349893024.groovy:37)
Caused by: java.lang.IndexOutOfBoundsException: Index: 0, Size: 0
	at com.kms.katalon.core.webui.common.WebUiCommonHelper.buildLocator(WebUiCommonHelper.java:517)
	at com.kms.katalon.core.webui.common.WebUiCommonHelper.findWebElements(WebUiCommonHelper.java:767)
	at com.kms.katalon.core.webui.common.WebUiCommonHelper.findWebElement(WebUiCommonHelper.java:1150)
	at com.kms.katalon.core.webui.keyword.internal.WebUIAbstractKeyword.findWebElement(WebUIAbstractKeyword.groovy:27)
	at com.kms.katalon.core.webui.keyword.internal.WebUIAbstractKeyword.findWebElement(WebUIAbstractKeyword.groovy:26)
	at com.kms.katalon.core.webui.keyword.builtin.ClickKeyword$_click_closure1.doCall(ClickKeyword.groovy:67)
	at com.kms.katalon.core.webui.keyword.builtin.ClickKeyword$_click_closure1.call(ClickKeyword.groovy)
	at com.kms.katalon.core.webui.keyword.internal.WebUIKeywordMain.runKeyword(WebUIKeywordMain.groovy:20)
	at com.kms.katalon.core.webui.keyword.builtin.ClickKeyword.click(ClickKeyword.groovy:76)
	at com.kms.katalon.core.webui.keyword.builtin.ClickKeyword.execute(ClickKeyword.groovy:43)
	at com.kms.katalon.core.keyword.internal.KeywordExecutor.executeKeywordForPlatform(KeywordExecutor.groovy:72)
	at com.kms.katalon.core.webui.keyword.WebUiBuiltInKeywords.click(WebUiBuiltInKeywords.groovy:616)
	at com.kms.katalon.core.webui.keyword.WebUiBuiltInKeywords$click$3.call(Unknown Source)
	at Script1591296565402.run(Script1591296565402.groovy:32)
	... 13 more
)
[[ATTACHMENT|/home/phat/Downloads/katalon/mattermost-webapp/Reports/20200605_163813/Run all test cases/20200605_163813/1591350219082.png]]]]></system-out>
         <system-err><![CDATA[2020-06-05 16:43:23 - [TEST_CASE][FAILED] - Test Cases/internal data test case/search: Test Cases/internal data test case/search FAILED.
Reason:
com.kms.katalon.core.exception.StepFailedException: Unable to click on object 'Object Repository/Data Driven/search/Page_Town Square - team1612499 Mattermost/circle'
	at com.kms.katalon.core.webui.keyword.internal.WebUIKeywordMain.stepFailed(WebUIKeywordMain.groovy:64)
	at com.kms.katalon.core.webui.keyword.internal.WebUIKeywordMain.runKeyword(WebUIKeywordMain.groovy:26)
	at com.kms.katalon.core.webui.keyword.builtin.ClickKeyword.click(ClickKeyword.groovy:76)
	at com.kms.katalon.core.webui.keyword.builtin.ClickKeyword.execute(ClickKeyword.groovy:43)
	at com.kms.katalon.core.keyword.internal.KeywordExecutor.executeKeywordForPlatform(KeywordExecutor.groovy:72)
	at com.kms.katalon.core.webui.keyword.WebUiBuiltInKeywords.click(WebUiBuiltInKeywords.groovy:616)
	at com.kms.katalon.core.webui.keyword.WebUiBuiltInKeywords$click$3.call(Unknown Source)
	at search.run(search:32)
	at com.kms.katalon.core.main.ScriptEngine.run(ScriptEngine.java:194)
	at com.kms.katalon.core.main.ScriptEngine.runScriptAsRawText(ScriptEngine.java:119)
	at com.kms.katalon.core.main.TestCaseExecutor.runScript(TestCaseExecutor.java:337)
	at com.kms.katalon.core.main.TestCaseExecutor.doExecute(TestCaseExecutor.java:328)
	at com.kms.katalon.core.main.TestCaseExecutor.processExecutionPhase(TestCaseExecutor.java:307)
	at com.kms.katalon.core.main.TestCaseExecutor.accessMainPhase(TestCaseExecutor.java:299)
	at com.kms.katalon.core.main.TestCaseExecutor.execute(TestCaseExecutor.java:233)
	at com.kms.katalon.core.main.TestSuiteExecutor.accessTestCaseMainPhase(TestSuiteExecutor.java:169)
	at com.kms.katalon.core.main.TestSuiteExecutor.accessTestSuiteMainPhase(TestSuiteExecutor.java:142)
	at com.kms.katalon.core.main.TestSuiteExecutor.execute(TestSuiteExecutor.java:91)
	at com.kms.katalon.core.main.TestCaseMain.startTestSuite(TestCaseMain.java:157)
	at com.kms.katalon.core.main.TestCaseMain$startTestSuite$0.call(Unknown Source)
	at TempTestSuite1591349893024.run(TempTestSuite1591349893024.groovy:37)
Caused by: java.lang.IndexOutOfBoundsException: Index: 0, Size: 0
	at com.kms.katalon.core.webui.common.WebUiCommonHelper.buildLocator(WebUiCommonHelper.java:517)
	at com.kms.katalon.core.webui.common.WebUiCommonHelper.findWebElements(WebUiCommonHelper.java:767)
	at com.kms.katalon.core.webui.common.WebUiCommonHelper.findWebElement(WebUiCommonHelper.java:1150)
	at com.kms.katalon.core.webui.keyword.internal.WebUIAbstractKeyword.findWebElement(WebUIAbstractKeyword.groovy:27)
	at com.kms.katalon.core.webui.keyword.internal.WebUIAbstractKeyword.findWebElement(WebUIAbstractKeyword.groovy:26)
	at com.kms.katalon.core.webui.keyword.builtin.ClickKeyword$_click_closure1.doCall(ClickKeyword.groovy:67)
	at com.kms.katalon.core.webui.keyword.builtin.ClickKeyword$_click_closure1.call(ClickKeyword.groovy)
	at com.kms.katalon.core.webui.keyword.internal.WebUIKeywordMain.runKeyword(WebUIKeywordMain.groovy:20)
	... 19 more]]></system-err>
      </testcase>
      <testcase name="Test Cases/internal data test case/full-name" time="17.887" classname="Test Cases/internal data test case/full-name" status="PASSED">
         <system-out><![CDATA[2020-06-05 16:43:39 - [TEST_CASE][PASSED] - Test Cases/internal data test case/full-name: Test Cases/internal data test case/full-name

2020-06-05 16:43:39 - [TEST_STEP][PASSED] - openBrowser(""): Browser is opened with url: ''

2020-06-05 16:43:39 - [MESSAGE][WARNING] - A browser is already opened. Closing browser and opening a new one

2020-06-05 16:43:39 - [MESSAGE][INFO] - Starting 'Chrome' driver

2020-06-05 16:43:39 - [MESSAGE][INFO] - Action delay is set to 0 milliseconds

2020-06-05 16:43:39 - [MESSAGE][PASSED] - Browser is opened with url: ''

2020-06-05 16:43:39 - [TEST_STEP][PASSED] - navigateToUrl("https://mattermost-aut.herokuapp.com/login"): Navigate to 'https://mattermost-aut.herokuapp.com/login' successfully

2020-06-05 16:43:42 - [MESSAGE][PASSED] - Navigate to 'https://mattermost-aut.herokuapp.com/login' successfully

2020-06-05 16:43:42 - [TEST_STEP][PASSED] - setText(findTestObject("Data Driven/login/Page_Mattermost/input_All team communication in one place searchable and accessible anywhere_loginId"), "phong1998"): Text 'phong1998' is set on object 'Object Repository/Data Driven/login/Page_Mattermost/input_All team communication in one place searchable and accessible anywhere_loginId'

2020-06-05 16:43:48 - [MESSAGE][PASSED] - Text 'phong1998' is set on object 'Object Repository/Data Driven/login/Page_Mattermost/input_All team communication in one place searchable and accessible anywhere_loginId'

2020-06-05 16:43:48 - [TEST_STEP][PASSED] - setEncryptedText(findTestObject("Data Driven/login/Page_Mattermost/input_All team communication in one place searchable and accessible anywhere_password"), "X6RAMBNCYDQ8H8PMJNlsmQ=="): Text ****** has been set on object 'Object Repository/Data Driven/login/Page_Mattermost/input_All team communication in one place searchable and accessible anywhere_password'

2020-06-05 16:43:49 - [MESSAGE][PASSED] - Text ****** has been set on object 'Object Repository/Data Driven/login/Page_Mattermost/input_All team communication in one place searchable and accessible anywhere_password'

2020-06-05 16:43:49 - [TEST_STEP][PASSED] - click(findTestObject("Data Driven/login/Page_Mattermost/button_Sign in")): Object: 'Object Repository/Data Driven/login/Page_Mattermost/button_Sign in' is clicked on

2020-06-05 16:43:49 - [MESSAGE][PASSED] - Object: 'Object Repository/Data Driven/login/Page_Mattermost/button_Sign in' is clicked on

2020-06-05 16:43:49 - [TEST_STEP][PASSED] - click(findTestObject("Data Driven/full-name/Page_Town Square - team1612499 Mattermost/span")): Object: 'Object Repository/Data Driven/full-name/Page_Town Square - team1612499 Mattermost/span' is clicked on

2020-06-05 16:43:53 - [MESSAGE][PASSED] - Object: 'Object Repository/Data Driven/full-name/Page_Town Square - team1612499 Mattermost/span' is clicked on

2020-06-05 16:43:53 - [TEST_STEP][PASSED] - click(findTestObject("Data Driven/full-name/Page_Town Square - team1612499 Mattermost/span_Account Settings")): Object: 'Object Repository/Data Driven/full-name/Page_Town Square - team1612499 Mattermost/span_Account Settings' is clicked on

2020-06-05 16:43:54 - [MESSAGE][PASSED] - Object: 'Object Repository/Data Driven/full-name/Page_Town Square - team1612499 Mattermost/span_Account Settings' is clicked on

2020-06-05 16:43:54 - [TEST_STEP][PASSED] - click(findTestObject("Data Driven/full-name/Page_Town Square - team1612499 Mattermost/span_Edit")): Object: 'Object Repository/Data Driven/full-name/Page_Town Square - team1612499 Mattermost/span_Edit' is clicked on

2020-06-05 16:43:55 - [MESSAGE][PASSED] - Object: 'Object Repository/Data Driven/full-name/Page_Town Square - team1612499 Mattermost/span_Edit' is clicked on

2020-06-05 16:43:55 - [TEST_STEP][PASSED] - setText(findTestObject("Data Driven/full-name/Page_Town Square - team1612499 Mattermost/input_First Name_firstName"), first_name): Text '' is set on object 'Object Repository/Data Driven/full-name/Page_Town Square - team1612499 Mattermost/input_First Name_firstName'

2020-06-05 16:43:56 - [MESSAGE][PASSED] - Text '' is set on object 'Object Repository/Data Driven/full-name/Page_Town Square - team1612499 Mattermost/input_First Name_firstName'

2020-06-05 16:43:56 - [TEST_STEP][PASSED] - setText(findTestObject("Data Driven/full-name/Page_Town Square - team1612499 Mattermost/input_Last Name_lastName"), last_name): Text '' is set on object 'Object Repository/Data Driven/full-name/Page_Town Square - team1612499 Mattermost/input_Last Name_lastName'

2020-06-05 16:43:56 - [MESSAGE][PASSED] - Text '' is set on object 'Object Repository/Data Driven/full-name/Page_Town Square - team1612499 Mattermost/input_Last Name_lastName'

2020-06-05 16:43:56 - [TEST_STEP][PASSED] - click(findTestObject("Data Driven/full-name/Page_Town Square - team1612499 Mattermost/span_Save")): Object: 'Object Repository/Data Driven/full-name/Page_Town Square - team1612499 Mattermost/span_Save' is clicked on

2020-06-05 16:43:57 - [MESSAGE][PASSED] - Object: 'Object Repository/Data Driven/full-name/Page_Town Square - team1612499 Mattermost/span_Save' is clicked on

2020-06-05 16:43:57 - [TEST_STEP][PASSED] - closeBrowser(): Browser is closed

2020-06-05 16:43:57 - [MESSAGE][PASSED] - Browser is closed]]></system-out>
         <system-err><![CDATA[]]></system-err>
      </testcase>
      <testcase name="Test Cases/UI/Logout" time="7.172" classname="Test Cases/UI/Logout" status="PASSED">
         <system-out><![CDATA[2020-06-05 16:43:57 - [TEST_CASE][PASSED] - Test Cases/UI/Logout: Test Cases/UI/Logout

2020-06-05 16:43:57 - [TEST_STEP][PASSED] - callTestCase(findTestCase("UI/Login"), [:], STOP_ON_FAILURE): Call Test Case 'Test Cases/UI/Login' successfully

2020-06-05 16:43:57 - [TEST_CASE][PASSED] - Test Cases/UI/Login: Test Cases/UI/Login

2020-06-05 16:43:57 - [TEST_STEP][PASSED] - openBrowser(""): Browser is opened with url: ''

2020-06-05 16:43:57 - [MESSAGE][INFO] - Starting 'Chrome' driver

2020-06-05 16:43:57 - [MESSAGE][INFO] - Action delay is set to 0 milliseconds

2020-06-05 16:43:57 - [MESSAGE][PASSED] - Browser is opened with url: ''

2020-06-05 16:43:57 - [TEST_STEP][PASSED] - navigateToUrl(url): Navigate to 'http://localhost:8065/login' successfully

2020-06-05 16:43:58 - [MESSAGE][PASSED] - Navigate to 'http://localhost:8065/login' successfully

2020-06-05 16:43:58 - [TEST_STEP][PASSED] - setText(findTestObject("UI/Login/Page_Mattermost/input_All team communication in one place searchable and accessible anywhere_loginId"), email): Text 'phatvo' is set on object 'Object Repository/UI/Login/Page_Mattermost/input_All team communication in one place searchable and accessible anywhere_loginId'

2020-06-05 16:44:00 - [MESSAGE][PASSED] - Text 'phatvo' is set on object 'Object Repository/UI/Login/Page_Mattermost/input_All team communication in one place searchable and accessible anywhere_loginId'

2020-06-05 16:44:00 - [TEST_STEP][PASSED] - setEncryptedText(findTestObject("UI/Login/Page_Mattermost/input_All team communication in one place searchable and accessible anywhere_password"), password): Text ****** has been set on object 'Object Repository/UI/Login/Page_Mattermost/input_All team communication in one place searchable and accessible anywhere_password'

2020-06-05 16:44:00 - [MESSAGE][PASSED] - Text ****** has been set on object 'Object Repository/UI/Login/Page_Mattermost/input_All team communication in one place searchable and accessible anywhere_password'

2020-06-05 16:44:00 - [TEST_STEP][PASSED] - click(findTestObject("UI/Login/Page_Mattermost/button_Sign in")): Object: 'Object Repository/UI/Login/Page_Mattermost/button_Sign in' is clicked on

2020-06-05 16:44:01 - [MESSAGE][PASSED] - Object: 'Object Repository/UI/Login/Page_Mattermost/button_Sign in' is clicked on

2020-06-05 16:44:01 - [MESSAGE][INFO] - =================== Smart XPath Report =======================

2020-06-05 16:44:01 - [MESSAGE][INFO] - Refer to the link below to preview and approve auto healing on broken test objects.

2020-06-05 16:44:01 - [MESSAGE][INFO] - https://docs.katalon.com/katalon-studio/docs/auto-healing-smart-xpath.html

2020-06-05 16:44:01 - [MESSAGE][INFO] - ===============================================================

2020-06-05 16:44:01 - [MESSAGE][PASSED] - Call Test Case 'Test Cases/UI/Login' successfully

2020-06-05 16:44:01 - [TEST_STEP][PASSED] - click(findTestObject("UI/Logout/Page_Town Square - team1 Mattermost/button_phatvo_style--none sidebar-header-dropdown__icon")): Object: 'Object Repository/UI/Logout/Page_Town Square - team1 Mattermost/button_phatvo_style--none sidebar-header-dropdown__icon' is clicked on

2020-06-05 16:44:03 - [MESSAGE][PASSED] - Object: 'Object Repository/UI/Logout/Page_Town Square - team1 Mattermost/button_phatvo_style--none sidebar-header-dropdown__icon' is clicked on

2020-06-05 16:44:03 - [TEST_STEP][PASSED] - click(findTestObject("UI/Logout/Page_Town Square - team1 Mattermost/button_Log Out")): Object: 'Object Repository/UI/Logout/Page_Town Square - team1 Mattermost/button_Log Out' is clicked on

2020-06-05 16:44:04 - [MESSAGE][PASSED] - Object: 'Object Repository/UI/Logout/Page_Town Square - team1 Mattermost/button_Log Out' is clicked on

2020-06-05 16:44:04 - [TEST_STEP][PASSED] - closeBrowser(): Browser is closed

2020-06-05 16:44:04 - [MESSAGE][PASSED] - Browser is closed]]></system-out>
         <system-err><![CDATA[]]></system-err>
      </testcase>
      <testcase name="Test Cases/UI/Create_public_channel" time="10.361" classname="Test Cases/UI/Create_public_channel" status="PASSED">
         <system-out><![CDATA[2020-06-05 16:44:04 - [TEST_CASE][PASSED] - Test Cases/UI/Create_public_channel: Test Cases/UI/Create_public_channel

2020-06-05 16:44:04 - [TEST_STEP][PASSED] - callTestCase(findTestCase("UI/Login"), [:], STOP_ON_FAILURE): Call Test Case 'Test Cases/UI/Login' successfully

2020-06-05 16:44:04 - [TEST_CASE][PASSED] - Test Cases/UI/Login: Test Cases/UI/Login

2020-06-05 16:44:04 - [TEST_STEP][PASSED] - openBrowser(""): Browser is opened with url: ''

2020-06-05 16:44:04 - [MESSAGE][INFO] - Starting 'Chrome' driver

2020-06-05 16:44:04 - [MESSAGE][INFO] - Action delay is set to 0 milliseconds

2020-06-05 16:44:04 - [MESSAGE][PASSED] - Browser is opened with url: ''

2020-06-05 16:44:04 - [TEST_STEP][PASSED] - navigateToUrl(url): Navigate to 'http://localhost:8065/login' successfully

2020-06-05 16:44:06 - [MESSAGE][PASSED] - Navigate to 'http://localhost:8065/login' successfully

2020-06-05 16:44:06 - [TEST_STEP][PASSED] - setText(findTestObject("UI/Login/Page_Mattermost/input_All team communication in one place searchable and accessible anywhere_loginId"), email): Text 'phatvo' is set on object 'Object Repository/UI/Login/Page_Mattermost/input_All team communication in one place searchable and accessible anywhere_loginId'

2020-06-05 16:44:07 - [MESSAGE][PASSED] - Text 'phatvo' is set on object 'Object Repository/UI/Login/Page_Mattermost/input_All team communication in one place searchable and accessible anywhere_loginId'

2020-06-05 16:44:07 - [TEST_STEP][PASSED] - setEncryptedText(findTestObject("UI/Login/Page_Mattermost/input_All team communication in one place searchable and accessible anywhere_password"), password): Text ****** has been set on object 'Object Repository/UI/Login/Page_Mattermost/input_All team communication in one place searchable and accessible anywhere_password'

2020-06-05 16:44:08 - [MESSAGE][PASSED] - Text ****** has been set on object 'Object Repository/UI/Login/Page_Mattermost/input_All team communication in one place searchable and accessible anywhere_password'

2020-06-05 16:44:08 - [TEST_STEP][PASSED] - click(findTestObject("UI/Login/Page_Mattermost/button_Sign in")): Object: 'Object Repository/UI/Login/Page_Mattermost/button_Sign in' is clicked on

2020-06-05 16:44:08 - [MESSAGE][PASSED] - Object: 'Object Repository/UI/Login/Page_Mattermost/button_Sign in' is clicked on

2020-06-05 16:44:08 - [MESSAGE][INFO] - =================== Smart XPath Report =======================

2020-06-05 16:44:08 - [MESSAGE][INFO] - Refer to the link below to preview and approve auto healing on broken test objects.

2020-06-05 16:44:08 - [MESSAGE][INFO] - https://docs.katalon.com/katalon-studio/docs/auto-healing-smart-xpath.html

2020-06-05 16:44:08 - [MESSAGE][INFO] - ===============================================================

2020-06-05 16:44:08 - [MESSAGE][PASSED] - Call Test Case 'Test Cases/UI/Login' successfully

2020-06-05 16:44:08 - [TEST_STEP][PASSED] - click(findTestObject("UI/Create_public_channel/Page_Town Square - hp Mattermost/span_")): Object: 'Object Repository/UI/Create_public_channel/Page_Town Square - hp Mattermost/span_' is clicked on

2020-06-05 16:44:10 - [MESSAGE][PASSED] - Object: 'Object Repository/UI/Create_public_channel/Page_Town Square - hp Mattermost/span_' is clicked on

2020-06-05 16:44:10 - [TEST_STEP][PASSED] - click(findTestObject("UI/Create_public_channel/Page_Town Square - hp Mattermost/input_Type_channelType")): Object: 'Object Repository/UI/Create_public_channel/Page_Town Square - hp Mattermost/input_Type_channelType' is clicked on

2020-06-05 16:44:11 - [MESSAGE][PASSED] - Object: 'Object Repository/UI/Create_public_channel/Page_Town Square - hp Mattermost/input_Type_channelType' is clicked on

2020-06-05 16:44:11 - [TEST_STEP][PASSED] - setText(findTestObject("UI/Create_public_channel/Page_Town Square - hp Mattermost/input_Name_newChannelName"), name): Text 'public channel' is set on object 'Object Repository/UI/Create_public_channel/Page_Town Square - hp Mattermost/input_Name_newChannelName'

2020-06-05 16:44:12 - [MESSAGE][PASSED] - Text 'public channel' is set on object 'Object Repository/UI/Create_public_channel/Page_Town Square - hp Mattermost/input_Name_newChannelName'

2020-06-05 16:44:12 - [TEST_STEP][PASSED] - setText(findTestObject("UI/Create_public_channel/Page_Town Square - hp Mattermost/textarea_(optional)_newChannelPurpose"), purpose): Text 'purpose' is set on object 'Object Repository/UI/Create_public_channel/Page_Town Square - hp Mattermost/textarea_(optional)_newChannelPurpose'

2020-06-05 16:44:13 - [MESSAGE][PASSED] - Text 'purpose' is set on object 'Object Repository/UI/Create_public_channel/Page_Town Square - hp Mattermost/textarea_(optional)_newChannelPurpose'

2020-06-05 16:44:13 - [TEST_STEP][PASSED] - setText(findTestObject("UI/Create_public_channel/Page_Town Square - hp Mattermost/textarea_(optional)_newChannelHeader"), header): Text 'header' is set on object 'Object Repository/UI/Create_public_channel/Page_Town Square - hp Mattermost/textarea_(optional)_newChannelHeader'

2020-06-05 16:44:14 - [MESSAGE][PASSED] - Text 'header' is set on object 'Object Repository/UI/Create_public_channel/Page_Town Square - hp Mattermost/textarea_(optional)_newChannelHeader'

2020-06-05 16:44:14 - [TEST_STEP][PASSED] - click(findTestObject("UI/Create_public_channel/Page_Town Square - hp Mattermost/span_Create Channel")): Object: 'Object Repository/UI/Create_public_channel/Page_Town Square - hp Mattermost/span_Create Channel' is clicked on

2020-06-05 16:44:14 - [MESSAGE][PASSED] - Object: 'Object Repository/UI/Create_public_channel/Page_Town Square - hp Mattermost/span_Create Channel' is clicked on

2020-06-05 16:44:14 - [TEST_STEP][PASSED] - closeBrowser(): Browser is closed

2020-06-05 16:44:14 - [MESSAGE][PASSED] - Browser is closed]]></system-out>
         <system-err><![CDATA[]]></system-err>
      </testcase>
      <testcase name="Test Cases/UI/Create_private_channel" time="10.091" classname="Test Cases/UI/Create_private_channel" status="PASSED">
         <system-out><![CDATA[2020-06-05 16:44:14 - [TEST_CASE][PASSED] - Test Cases/UI/Create_private_channel: Test Cases/UI/Create_private_channel

2020-06-05 16:44:14 - [TEST_STEP][PASSED] - callTestCase(findTestCase("UI/Login"), [:], STOP_ON_FAILURE): Call Test Case 'Test Cases/UI/Login' successfully

2020-06-05 16:44:14 - [TEST_CASE][PASSED] - Test Cases/UI/Login: Test Cases/UI/Login

2020-06-05 16:44:14 - [TEST_STEP][PASSED] - openBrowser(""): Browser is opened with url: ''

2020-06-05 16:44:14 - [MESSAGE][INFO] - Starting 'Chrome' driver

2020-06-05 16:44:14 - [MESSAGE][INFO] - Action delay is set to 0 milliseconds

2020-06-05 16:44:15 - [MESSAGE][PASSED] - Browser is opened with url: ''

2020-06-05 16:44:15 - [TEST_STEP][PASSED] - navigateToUrl(url): Navigate to 'http://localhost:8065/login' successfully

2020-06-05 16:44:16 - [MESSAGE][PASSED] - Navigate to 'http://localhost:8065/login' successfully

2020-06-05 16:44:16 - [TEST_STEP][PASSED] - setText(findTestObject("UI/Login/Page_Mattermost/input_All team communication in one place searchable and accessible anywhere_loginId"), email): Text 'phatvo' is set on object 'Object Repository/UI/Login/Page_Mattermost/input_All team communication in one place searchable and accessible anywhere_loginId'

2020-06-05 16:44:17 - [MESSAGE][PASSED] - Text 'phatvo' is set on object 'Object Repository/UI/Login/Page_Mattermost/input_All team communication in one place searchable and accessible anywhere_loginId'

2020-06-05 16:44:17 - [TEST_STEP][PASSED] - setEncryptedText(findTestObject("UI/Login/Page_Mattermost/input_All team communication in one place searchable and accessible anywhere_password"), password): Text ****** has been set on object 'Object Repository/UI/Login/Page_Mattermost/input_All team communication in one place searchable and accessible anywhere_password'

2020-06-05 16:44:18 - [MESSAGE][PASSED] - Text ****** has been set on object 'Object Repository/UI/Login/Page_Mattermost/input_All team communication in one place searchable and accessible anywhere_password'

2020-06-05 16:44:18 - [TEST_STEP][PASSED] - click(findTestObject("UI/Login/Page_Mattermost/button_Sign in")): Object: 'Object Repository/UI/Login/Page_Mattermost/button_Sign in' is clicked on

2020-06-05 16:44:18 - [MESSAGE][PASSED] - Object: 'Object Repository/UI/Login/Page_Mattermost/button_Sign in' is clicked on

2020-06-05 16:44:18 - [MESSAGE][INFO] - =================== Smart XPath Report =======================

2020-06-05 16:44:18 - [MESSAGE][INFO] - Refer to the link below to preview and approve auto healing on broken test objects.

2020-06-05 16:44:18 - [MESSAGE][INFO] - https://docs.katalon.com/katalon-studio/docs/auto-healing-smart-xpath.html

2020-06-05 16:44:18 - [MESSAGE][INFO] - ===============================================================

2020-06-05 16:44:18 - [MESSAGE][PASSED] - Call Test Case 'Test Cases/UI/Login' successfully

2020-06-05 16:44:18 - [TEST_STEP][PASSED] - click(findTestObject("UI/Create_private_channel/Page_Town Square - hp Mattermost/span_")): Object: 'Object Repository/UI/Create_private_channel/Page_Town Square - hp Mattermost/span_' is clicked on

2020-06-05 16:44:20 - [MESSAGE][PASSED] - Object: 'Object Repository/UI/Create_private_channel/Page_Town Square - hp Mattermost/span_' is clicked on

2020-06-05 16:44:20 - [TEST_STEP][PASSED] - click(findTestObject("UI/Create_private_channel/Page_Town Square - hp Mattermost/input_- Anyone can join this channel_channelType")): Object: 'Object Repository/UI/Create_private_channel/Page_Town Square - hp Mattermost/input_- Anyone can join this channel_channelType' is clicked on

2020-06-05 16:44:21 - [MESSAGE][PASSED] - Object: 'Object Repository/UI/Create_private_channel/Page_Town Square - hp Mattermost/input_- Anyone can join this channel_channelType' is clicked on

2020-06-05 16:44:21 - [TEST_STEP][PASSED] - setText(findTestObject("UI/Create_private_channel/Page_Town Square - hp Mattermost/input_Name_newChannelName"), name): Text 'private channel' is set on object 'Object Repository/UI/Create_private_channel/Page_Town Square - hp Mattermost/input_Name_newChannelName'

2020-06-05 16:44:22 - [MESSAGE][PASSED] - Text 'private channel' is set on object 'Object Repository/UI/Create_private_channel/Page_Town Square - hp Mattermost/input_Name_newChannelName'

2020-06-05 16:44:22 - [TEST_STEP][PASSED] - setText(findTestObject("UI/Create_private_channel/Page_Town Square - hp Mattermost/textarea_(optional)_newChannelPurpose"), purpose): Text 'purpose' is set on object 'Object Repository/UI/Create_private_channel/Page_Town Square - hp Mattermost/textarea_(optional)_newChannelPurpose'

2020-06-05 16:44:23 - [MESSAGE][PASSED] - Text 'purpose' is set on object 'Object Repository/UI/Create_private_channel/Page_Town Square - hp Mattermost/textarea_(optional)_newChannelPurpose'

2020-06-05 16:44:23 - [TEST_STEP][PASSED] - setText(findTestObject("UI/Create_private_channel/Page_Town Square - hp Mattermost/textarea_(optional)_newChannelHeader"), header): Text 'header' is set on object 'Object Repository/UI/Create_private_channel/Page_Town Square - hp Mattermost/textarea_(optional)_newChannelHeader'

2020-06-05 16:44:24 - [MESSAGE][PASSED] - Text 'header' is set on object 'Object Repository/UI/Create_private_channel/Page_Town Square - hp Mattermost/textarea_(optional)_newChannelHeader'

2020-06-05 16:44:24 - [TEST_STEP][PASSED] - click(findTestObject("UI/Create_private_channel/Page_Town Square - hp Mattermost/span_Create Channel")): Object: 'Object Repository/UI/Create_private_channel/Page_Town Square - hp Mattermost/span_Create Channel' is clicked on

2020-06-05 16:44:24 - [MESSAGE][PASSED] - Object: 'Object Repository/UI/Create_private_channel/Page_Town Square - hp Mattermost/span_Create Channel' is clicked on

2020-06-05 16:44:24 - [TEST_STEP][PASSED] - closeBrowser(): Browser is closed

2020-06-05 16:44:24 - [MESSAGE][PASSED] - Browser is closed]]></system-out>
         <system-err><![CDATA[]]></system-err>
      </testcase>
      <testcase name="Test Cases/UI/Create_team" time="8.306" classname="Test Cases/UI/Create_team" status="PASSED">
         <system-out><![CDATA[2020-06-05 16:44:24 - [TEST_CASE][PASSED] - Test Cases/UI/Create_team: Test Cases/UI/Create_team

2020-06-05 16:44:24 - [TEST_STEP][PASSED] - callTestCase(findTestCase("UI/Login"), [:], STOP_ON_FAILURE): Call Test Case 'Test Cases/UI/Login' successfully

2020-06-05 16:44:24 - [TEST_CASE][PASSED] - Test Cases/UI/Login: Test Cases/UI/Login

2020-06-05 16:44:24 - [TEST_STEP][PASSED] - openBrowser(""): Browser is opened with url: ''

2020-06-05 16:44:24 - [MESSAGE][INFO] - Starting 'Chrome' driver

2020-06-05 16:44:24 - [MESSAGE][INFO] - Action delay is set to 0 milliseconds

2020-06-05 16:44:25 - [MESSAGE][PASSED] - Browser is opened with url: ''

2020-06-05 16:44:25 - [TEST_STEP][PASSED] - navigateToUrl(url): Navigate to 'http://localhost:8065/login' successfully

2020-06-05 16:44:26 - [MESSAGE][PASSED] - Navigate to 'http://localhost:8065/login' successfully

2020-06-05 16:44:26 - [TEST_STEP][PASSED] - setText(findTestObject("UI/Login/Page_Mattermost/input_All team communication in one place searchable and accessible anywhere_loginId"), email): Text 'phatvo' is set on object 'Object Repository/UI/Login/Page_Mattermost/input_All team communication in one place searchable and accessible anywhere_loginId'

2020-06-05 16:44:27 - [MESSAGE][PASSED] - Text 'phatvo' is set on object 'Object Repository/UI/Login/Page_Mattermost/input_All team communication in one place searchable and accessible anywhere_loginId'

2020-06-05 16:44:27 - [TEST_STEP][PASSED] - setEncryptedText(findTestObject("UI/Login/Page_Mattermost/input_All team communication in one place searchable and accessible anywhere_password"), password): Text ****** has been set on object 'Object Repository/UI/Login/Page_Mattermost/input_All team communication in one place searchable and accessible anywhere_password'

2020-06-05 16:44:28 - [MESSAGE][PASSED] - Text ****** has been set on object 'Object Repository/UI/Login/Page_Mattermost/input_All team communication in one place searchable and accessible anywhere_password'

2020-06-05 16:44:28 - [TEST_STEP][PASSED] - click(findTestObject("UI/Login/Page_Mattermost/button_Sign in")): Object: 'Object Repository/UI/Login/Page_Mattermost/button_Sign in' is clicked on

2020-06-05 16:44:28 - [MESSAGE][PASSED] - Object: 'Object Repository/UI/Login/Page_Mattermost/button_Sign in' is clicked on

2020-06-05 16:44:28 - [MESSAGE][INFO] - =================== Smart XPath Report =======================

2020-06-05 16:44:28 - [MESSAGE][INFO] - Refer to the link below to preview and approve auto healing on broken test objects.

2020-06-05 16:44:28 - [MESSAGE][INFO] - https://docs.katalon.com/katalon-studio/docs/auto-healing-smart-xpath.html

2020-06-05 16:44:28 - [MESSAGE][INFO] - ===============================================================

2020-06-05 16:44:28 - [MESSAGE][PASSED] - Call Test Case 'Test Cases/UI/Login' successfully

2020-06-05 16:44:28 - [TEST_STEP][PASSED] - click(findTestObject("UI/Create_team/Page_Town Square - team1 Mattermost/span")): Object: 'Object Repository/UI/Create_team/Page_Town Square - team1 Mattermost/span' is clicked on

2020-06-05 16:44:30 - [MESSAGE][PASSED] - Object: 'Object Repository/UI/Create_team/Page_Town Square - team1 Mattermost/span' is clicked on

2020-06-05 16:44:30 - [TEST_STEP][PASSED] - click(findTestObject("UI/Create_team/Page_Town Square - team1 Mattermost/span_Create a Team")): Object: 'Object Repository/UI/Create_team/Page_Town Square - team1 Mattermost/span_Create a Team' is clicked on

2020-06-05 16:44:31 - [MESSAGE][PASSED] - Object: 'Object Repository/UI/Create_team/Page_Town Square - team1 Mattermost/span_Create a Team' is clicked on

2020-06-05 16:44:31 - [TEST_STEP][PASSED] - setText(findTestObject("UI/Create_team/Page_Town Square - team1 Mattermost/input_Team Name_teamNameInput"), name): Text 'team2' is set on object 'Object Repository/UI/Create_team/Page_Town Square - team1 Mattermost/input_Team Name_teamNameInput'

2020-06-05 16:44:32 - [MESSAGE][PASSED] - Text 'team2' is set on object 'Object Repository/UI/Create_team/Page_Town Square - team1 Mattermost/input_Team Name_teamNameInput'

2020-06-05 16:44:32 - [TEST_STEP][PASSED] - click(findTestObject("UI/Create_team/Page_Town Square - team1 Mattermost/button_Next")): Object: 'Object Repository/UI/Create_team/Page_Town Square - team1 Mattermost/button_Next' is clicked on

2020-06-05 16:44:32 - [MESSAGE][PASSED] - Object: 'Object Repository/UI/Create_team/Page_Town Square - team1 Mattermost/button_Next' is clicked on

2020-06-05 16:44:32 - [TEST_STEP][PASSED] - click(findTestObject("UI/Create_team/Page_Town Square - team1 Mattermost/button_Finish")): Object: 'Object Repository/UI/Create_team/Page_Town Square - team1 Mattermost/button_Finish' is clicked on

2020-06-05 16:44:33 - [MESSAGE][PASSED] - Object: 'Object Repository/UI/Create_team/Page_Town Square - team1 Mattermost/button_Finish' is clicked on

2020-06-05 16:44:33 - [TEST_STEP][PASSED] - closeBrowser(): Browser is closed

2020-06-05 16:44:33 - [MESSAGE][PASSED] - Browser is closed]]></system-out>
         <system-err><![CDATA[]]></system-err>
      </testcase>
      <testcase name="Test Cases/UI/Login" time="3.835" classname="Test Cases/UI/Login" status="PASSED">
         <system-out><![CDATA[2020-06-05 16:44:33 - [TEST_CASE][PASSED] - Test Cases/UI/Login: Test Cases/UI/Login

2020-06-05 16:44:33 - [TEST_STEP][PASSED] - openBrowser(""): Browser is opened with url: ''

2020-06-05 16:44:33 - [MESSAGE][INFO] - Starting 'Chrome' driver

2020-06-05 16:44:33 - [MESSAGE][INFO] - Action delay is set to 0 milliseconds

2020-06-05 16:44:33 - [MESSAGE][PASSED] - Browser is opened with url: ''

2020-06-05 16:44:33 - [TEST_STEP][PASSED] - navigateToUrl(url): Navigate to 'http://localhost:8065/login' successfully

2020-06-05 16:44:34 - [MESSAGE][PASSED] - Navigate to 'http://localhost:8065/login' successfully

2020-06-05 16:44:34 - [TEST_STEP][PASSED] - setText(findTestObject("UI/Login/Page_Mattermost/input_All team communication in one place searchable and accessible anywhere_loginId"), email): Text 'phatvo' is set on object 'Object Repository/UI/Login/Page_Mattermost/input_All team communication in one place searchable and accessible anywhere_loginId'

2020-06-05 16:44:35 - [MESSAGE][PASSED] - Text 'phatvo' is set on object 'Object Repository/UI/Login/Page_Mattermost/input_All team communication in one place searchable and accessible anywhere_loginId'

2020-06-05 16:44:35 - [TEST_STEP][PASSED] - setEncryptedText(findTestObject("UI/Login/Page_Mattermost/input_All team communication in one place searchable and accessible anywhere_password"), password): Text ****** has been set on object 'Object Repository/UI/Login/Page_Mattermost/input_All team communication in one place searchable and accessible anywhere_password'

2020-06-05 16:44:36 - [MESSAGE][PASSED] - Text ****** has been set on object 'Object Repository/UI/Login/Page_Mattermost/input_All team communication in one place searchable and accessible anywhere_password'

2020-06-05 16:44:36 - [TEST_STEP][PASSED] - click(findTestObject("UI/Login/Page_Mattermost/button_Sign in")): Object: 'Object Repository/UI/Login/Page_Mattermost/button_Sign in' is clicked on

2020-06-05 16:44:36 - [MESSAGE][PASSED] - Object: 'Object Repository/UI/Login/Page_Mattermost/button_Sign in' is clicked on]]></system-out>
         <system-err><![CDATA[]]></system-err>
      </testcase>
      <testcase name="Test Cases/Use condition/Message_public_channel" time="7.629" classname="Test Cases/Use condition/Message_public_channel" status="PASSED">
         <system-out><![CDATA[2020-06-05 16:44:36 - [TEST_CASE][PASSED] - Test Cases/Use condition/Message_public_channel: Test Cases/Use condition/Message_public_channel

2020-06-05 16:44:37 - [TEST_STEP][PASSED] - callTestCase(findTestCase("UI/Login"), [:], STOP_ON_FAILURE): Call Test Case 'Test Cases/UI/Login' successfully

2020-06-05 16:44:37 - [TEST_CASE][PASSED] - Test Cases/UI/Login: Test Cases/UI/Login

2020-06-05 16:44:37 - [TEST_STEP][PASSED] - openBrowser(""): Browser is opened with url: ''

2020-06-05 16:44:37 - [MESSAGE][WARNING] - A browser is already opened. Closing browser and opening a new one

2020-06-05 16:44:37 - [MESSAGE][INFO] - Starting 'Chrome' driver

2020-06-05 16:44:37 - [MESSAGE][INFO] - Action delay is set to 0 milliseconds

2020-06-05 16:44:37 - [MESSAGE][PASSED] - Browser is opened with url: ''

2020-06-05 16:44:37 - [TEST_STEP][PASSED] - navigateToUrl(url): Navigate to 'http://localhost:8065/login' successfully

2020-06-05 16:44:38 - [MESSAGE][PASSED] - Navigate to 'http://localhost:8065/login' successfully

2020-06-05 16:44:38 - [TEST_STEP][PASSED] - setText(findTestObject("UI/Login/Page_Mattermost/input_All team communication in one place searchable and accessible anywhere_loginId"), email): Text 'phatvo' is set on object 'Object Repository/UI/Login/Page_Mattermost/input_All team communication in one place searchable and accessible anywhere_loginId'

2020-06-05 16:44:39 - [MESSAGE][PASSED] - Text 'phatvo' is set on object 'Object Repository/UI/Login/Page_Mattermost/input_All team communication in one place searchable and accessible anywhere_loginId'

2020-06-05 16:44:39 - [TEST_STEP][PASSED] - setEncryptedText(findTestObject("UI/Login/Page_Mattermost/input_All team communication in one place searchable and accessible anywhere_password"), password): Text ****** has been set on object 'Object Repository/UI/Login/Page_Mattermost/input_All team communication in one place searchable and accessible anywhere_password'

2020-06-05 16:44:40 - [MESSAGE][PASSED] - Text ****** has been set on object 'Object Repository/UI/Login/Page_Mattermost/input_All team communication in one place searchable and accessible anywhere_password'

2020-06-05 16:44:40 - [TEST_STEP][PASSED] - click(findTestObject("UI/Login/Page_Mattermost/button_Sign in")): Object: 'Object Repository/UI/Login/Page_Mattermost/button_Sign in' is clicked on

2020-06-05 16:44:41 - [MESSAGE][PASSED] - Object: 'Object Repository/UI/Login/Page_Mattermost/button_Sign in' is clicked on

2020-06-05 16:44:41 - [MESSAGE][INFO] - =================== Smart XPath Report =======================

2020-06-05 16:44:41 - [MESSAGE][INFO] - Refer to the link below to preview and approve auto healing on broken test objects.

2020-06-05 16:44:41 - [MESSAGE][INFO] - https://docs.katalon.com/katalon-studio/docs/auto-healing-smart-xpath.html

2020-06-05 16:44:41 - [MESSAGE][INFO] - ===============================================================

2020-06-05 16:44:41 - [MESSAGE][PASSED] - Call Test Case 'Test Cases/UI/Login' successfully

2020-06-05 16:44:41 - [TEST_STEP][PASSED] - click(findTestObject("Use loop/Message_public_channel/Page_channel - hp Mattermost/span_Town Square")): Object: 'Object Repository/Use loop/Message_public_channel/Page_channel - hp Mattermost/span_Town Square' is clicked on

2020-06-05 16:44:43 - [MESSAGE][PASSED] - Object: 'Object Repository/Use loop/Message_public_channel/Page_channel - hp Mattermost/span_Town Square' is clicked on

2020-06-05 16:44:43 - [TEST_STEP][PASSED] - setText(findTestObject("Use loop/Message_public_channel/Page_channel - hp Mattermost/textarea_Write to channel_post_textbox"), message): Text 'haha' is set on object 'Object Repository/Use loop/Message_public_channel/Page_channel - hp Mattermost/textarea_Write to channel_post_textbox'

2020-06-05 16:44:43 - [MESSAGE][PASSED] - Text 'haha' is set on object 'Object Repository/Use loop/Message_public_channel/Page_channel - hp Mattermost/textarea_Write to channel_post_textbox'

2020-06-05 16:44:43 - [TEST_STEP][PASSED] - if (message == "haha"): Keys 'ENTER + ' sent to object: 'Object Repository/Use loop/Message_public_channel/Page_channel - hp Mattermost/textarea_Write to channel_post_textbox'

2020-06-05 16:44:43 - [TEST_STEP][PASSED] - sendKeys(findTestObject("Use loop/Message_public_channel/Page_channel - hp Mattermost/textarea_Write to channel_post_textbox"), Keys.chord(ENTER)): Keys 'ENTER + ' sent to object: 'Object Repository/Use loop/Message_public_channel/Page_channel - hp Mattermost/textarea_Write to channel_post_textbox'

2020-06-05 16:44:44 - [MESSAGE][PASSED] - Keys 'ENTER + ' sent to object: 'Object Repository/Use loop/Message_public_channel/Page_channel - hp Mattermost/textarea_Write to channel_post_textbox'

2020-06-05 16:44:44 - [TEST_STEP][PASSED] - closeBrowser(): Browser is closed

2020-06-05 16:44:44 - [MESSAGE][PASSED] - Browser is closed]]></system-out>
         <system-err><![CDATA[]]></system-err>
      </testcase>
      <testcase name="Test Cases/Use condition/Create_public_channel" time="9.383" classname="Test Cases/Use condition/Create_public_channel" status="ERROR">
         <error type="ERROR" message="Test Cases/Use condition/Create_public_channel FAILED.
Reason:
groovy.lang.MissingMethodException: No signature of method: java.io.PrintStream.printfln() is applicable for argument types: (java.lang.String) values: [This name have existed	]
Possible solutions: println(java.lang.String), println(), println(), println([C), println(boolean), println(char)
	at Create_public_channel.run(Create_public_channel:37)
	at com.kms.katalon.core.main.ScriptEngine.run(ScriptEngine.java:194)
	at com.kms.katalon.core.main.ScriptEngine.runScriptAsRawText(ScriptEngine.java:119)
	at com.kms.katalon.core.main.TestCaseExecutor.runScript(TestCaseExecutor.java:337)
	at com.kms.katalon.core.main.TestCaseExecutor.doExecute(TestCaseExecutor.java:328)
	at com.kms.katalon.core.main.TestCaseExecutor.processExecutionPhase(TestCaseExecutor.java:307)
	at com.kms.katalon.core.main.TestCaseExecutor.accessMainPhase(TestCaseExecutor.java:299)
	at com.kms.katalon.core.main.TestCaseExecutor.execute(TestCaseExecutor.java:233)
	at com.kms.katalon.core.main.TestSuiteExecutor.accessTestCaseMainPhase(TestSuiteExecutor.java:169)
	at com.kms.katalon.core.main.TestSuiteExecutor.accessTestSuiteMainPhase(TestSuiteExecutor.java:142)
	at com.kms.katalon.core.main.TestSuiteExecutor.execute(TestSuiteExecutor.java:91)
	at com.kms.katalon.core.main.TestCaseMain.startTestSuite(TestCaseMain.java:157)
	at com.kms.katalon.core.main.TestCaseMain$startTestSuite$0.call(Unknown Source)
	at TempTestSuite1591349893024.run(TempTestSuite1591349893024.groovy:37)
"/>
         <system-out><![CDATA[2020-06-05 16:44:44 - [TEST_CASE][ERROR] - Test Cases/Use condition/Create_public_channel: Test Cases/Use condition/Create_public_channel FAILED.
Reason:
groovy.lang.MissingMethodException: No signature of method: java.io.PrintStream.printfln() is applicable for argument types: (java.lang.String) values: [This name have existed	]
Possible solutions: println(java.lang.String), println(), println(), println([C), println(boolean), println(char)
	at Create_public_channel.run(Create_public_channel:37)
	at com.kms.katalon.core.main.ScriptEngine.run(ScriptEngine.java:194)
	at com.kms.katalon.core.main.ScriptEngine.runScriptAsRawText(ScriptEngine.java:119)
	at com.kms.katalon.core.main.TestCaseExecutor.runScript(TestCaseExecutor.java:337)
	at com.kms.katalon.core.main.TestCaseExecutor.doExecute(TestCaseExecutor.java:328)
	at com.kms.katalon.core.main.TestCaseExecutor.processExecutionPhase(TestCaseExecutor.java:307)
	at com.kms.katalon.core.main.TestCaseExecutor.accessMainPhase(TestCaseExecutor.java:299)
	at com.kms.katalon.core.main.TestCaseExecutor.execute(TestCaseExecutor.java:233)
	at com.kms.katalon.core.main.TestSuiteExecutor.accessTestCaseMainPhase(TestSuiteExecutor.java:169)
	at com.kms.katalon.core.main.TestSuiteExecutor.accessTestSuiteMainPhase(TestSuiteExecutor.java:142)
	at com.kms.katalon.core.main.TestSuiteExecutor.execute(TestSuiteExecutor.java:91)
	at com.kms.katalon.core.main.TestCaseMain.startTestSuite(TestCaseMain.java:157)
	at com.kms.katalon.core.main.TestCaseMain$startTestSuite$0.call(Unknown Source)
	at TempTestSuite1591349893024.run(TempTestSuite1591349893024.groovy:37)


2020-06-05 16:44:44 - [TEST_STEP][PASSED] - callTestCase(findTestCase("UI/Login"), [:], STOP_ON_FAILURE): Call Test Case 'Test Cases/UI/Login' successfully

2020-06-05 16:44:44 - [TEST_CASE][PASSED] - Test Cases/UI/Login: Test Cases/UI/Login

2020-06-05 16:44:44 - [TEST_STEP][PASSED] - openBrowser(""): Browser is opened with url: ''

2020-06-05 16:44:44 - [MESSAGE][INFO] - Starting 'Chrome' driver

2020-06-05 16:44:44 - [MESSAGE][INFO] - Action delay is set to 0 milliseconds

2020-06-05 16:44:45 - [MESSAGE][PASSED] - Browser is opened with url: ''

2020-06-05 16:44:45 - [TEST_STEP][PASSED] - navigateToUrl(url): Navigate to 'http://localhost:8065/login' successfully

2020-06-05 16:44:46 - [MESSAGE][PASSED] - Navigate to 'http://localhost:8065/login' successfully

2020-06-05 16:44:46 - [TEST_STEP][PASSED] - setText(findTestObject("UI/Login/Page_Mattermost/input_All team communication in one place searchable and accessible anywhere_loginId"), email): Text 'phatvo' is set on object 'Object Repository/UI/Login/Page_Mattermost/input_All team communication in one place searchable and accessible anywhere_loginId'

2020-06-05 16:44:47 - [MESSAGE][PASSED] - Text 'phatvo' is set on object 'Object Repository/UI/Login/Page_Mattermost/input_All team communication in one place searchable and accessible anywhere_loginId'

2020-06-05 16:44:47 - [TEST_STEP][PASSED] - setEncryptedText(findTestObject("UI/Login/Page_Mattermost/input_All team communication in one place searchable and accessible anywhere_password"), password): Text ****** has been set on object 'Object Repository/UI/Login/Page_Mattermost/input_All team communication in one place searchable and accessible anywhere_password'

2020-06-05 16:44:48 - [MESSAGE][PASSED] - Text ****** has been set on object 'Object Repository/UI/Login/Page_Mattermost/input_All team communication in one place searchable and accessible anywhere_password'

2020-06-05 16:44:48 - [TEST_STEP][PASSED] - click(findTestObject("UI/Login/Page_Mattermost/button_Sign in")): Object: 'Object Repository/UI/Login/Page_Mattermost/button_Sign in' is clicked on

2020-06-05 16:44:48 - [MESSAGE][PASSED] - Object: 'Object Repository/UI/Login/Page_Mattermost/button_Sign in' is clicked on

2020-06-05 16:44:48 - [MESSAGE][INFO] - =================== Smart XPath Report =======================

2020-06-05 16:44:48 - [MESSAGE][INFO] - Refer to the link below to preview and approve auto healing on broken test objects.

2020-06-05 16:44:48 - [MESSAGE][INFO] - https://docs.katalon.com/katalon-studio/docs/auto-healing-smart-xpath.html

2020-06-05 16:44:48 - [MESSAGE][INFO] - ===============================================================

2020-06-05 16:44:48 - [MESSAGE][PASSED] - Call Test Case 'Test Cases/UI/Login' successfully

2020-06-05 16:44:48 - [TEST_STEP][PASSED] - click(findTestObject("UI/Create_public_channel/Page_Town Square - hp Mattermost/span_")): Object: 'Object Repository/UI/Create_public_channel/Page_Town Square - hp Mattermost/span_' is clicked on

2020-06-05 16:44:50 - [MESSAGE][PASSED] - Object: 'Object Repository/UI/Create_public_channel/Page_Town Square - hp Mattermost/span_' is clicked on

2020-06-05 16:44:50 - [TEST_STEP][PASSED] - click(findTestObject("UI/Create_public_channel/Page_Town Square - hp Mattermost/input_Type_channelType")): Object: 'Object Repository/UI/Create_public_channel/Page_Town Square - hp Mattermost/input_Type_channelType' is clicked on

2020-06-05 16:44:51 - [MESSAGE][PASSED] - Object: 'Object Repository/UI/Create_public_channel/Page_Town Square - hp Mattermost/input_Type_channelType' is clicked on

2020-06-05 16:44:51 - [TEST_STEP][PASSED] - setText(findTestObject("UI/Create_public_channel/Page_Town Square - hp Mattermost/input_Name_newChannelName"), name): Text 'public channel' is set on object 'Object Repository/UI/Create_public_channel/Page_Town Square - hp Mattermost/input_Name_newChannelName'

2020-06-05 16:44:52 - [MESSAGE][PASSED] - Text 'public channel' is set on object 'Object Repository/UI/Create_public_channel/Page_Town Square - hp Mattermost/input_Name_newChannelName'

2020-06-05 16:44:52 - [TEST_STEP][PASSED] - setText(findTestObject("UI/Create_public_channel/Page_Town Square - hp Mattermost/textarea_(optional)_newChannelPurpose"), purpose): Text 'purpose' is set on object 'Object Repository/UI/Create_public_channel/Page_Town Square - hp Mattermost/textarea_(optional)_newChannelPurpose'

2020-06-05 16:44:53 - [MESSAGE][PASSED] - Text 'purpose' is set on object 'Object Repository/UI/Create_public_channel/Page_Town Square - hp Mattermost/textarea_(optional)_newChannelPurpose'

2020-06-05 16:44:53 - [TEST_STEP][PASSED] - setText(findTestObject("UI/Create_public_channel/Page_Town Square - hp Mattermost/textarea_(optional)_newChannelHeader"), header): Text 'header' is set on object 'Object Repository/UI/Create_public_channel/Page_Town Square - hp Mattermost/textarea_(optional)_newChannelHeader'

2020-06-05 16:44:53 - [MESSAGE][PASSED] - Text 'header' is set on object 'Object Repository/UI/Create_public_channel/Page_Town Square - hp Mattermost/textarea_(optional)_newChannelHeader'

2020-06-05 16:44:53 - [TEST_STEP][PASSED] - if (name == "public channel"): null

2020-06-05 16:44:53 - [TEST_STEP][PASSED] - closeBrowser(): Browser is closed

2020-06-05 16:44:53 - [MESSAGE][PASSED] - Browser is closed

2020-06-05 16:44:53 - [TEST_STEP][PASSED] - out.printfln("This name have existed	"): null]]></system-out>
         <system-err><![CDATA[2020-06-05 16:44:44 - [TEST_CASE][ERROR] - Test Cases/Use condition/Create_public_channel: Test Cases/Use condition/Create_public_channel FAILED.
Reason:
groovy.lang.MissingMethodException: No signature of method: java.io.PrintStream.printfln() is applicable for argument types: (java.lang.String) values: [This name have existed	]
Possible solutions: println(java.lang.String), println(), println(), println([C), println(boolean), println(char)
	at Create_public_channel.run(Create_public_channel:37)
	at com.kms.katalon.core.main.ScriptEngine.run(ScriptEngine.java:194)
	at com.kms.katalon.core.main.ScriptEngine.runScriptAsRawText(ScriptEngine.java:119)
	at com.kms.katalon.core.main.TestCaseExecutor.runScript(TestCaseExecutor.java:337)
	at com.kms.katalon.core.main.TestCaseExecutor.doExecute(TestCaseExecutor.java:328)
	at com.kms.katalon.core.main.TestCaseExecutor.processExecutionPhase(TestCaseExecutor.java:307)
	at com.kms.katalon.core.main.TestCaseExecutor.accessMainPhase(TestCaseExecutor.java:299)
	at com.kms.katalon.core.main.TestCaseExecutor.execute(TestCaseExecutor.java:233)
	at com.kms.katalon.core.main.TestSuiteExecutor.accessTestCaseMainPhase(TestSuiteExecutor.java:169)
	at com.kms.katalon.core.main.TestSuiteExecutor.accessTestSuiteMainPhase(TestSuiteExecutor.java:142)
	at com.kms.katalon.core.main.TestSuiteExecutor.execute(TestSuiteExecutor.java:91)
	at com.kms.katalon.core.main.TestCaseMain.startTestSuite(TestCaseMain.java:157)
	at com.kms.katalon.core.main.TestCaseMain$startTestSuite$0.call(Unknown Source)
	at TempTestSuite1591349893024.run(TempTestSuite1591349893024.groovy:37)]]></system-err>
      </testcase>
      <testcase name="Test Cases/Use condition/Create_private_channel" time="9.264" classname="Test Cases/Use condition/Create_private_channel" status="ERROR">
         <error type="ERROR" message="Test Cases/Use condition/Create_private_channel FAILED.
Reason:
groovy.lang.MissingMethodException: No signature of method: java.io.PrintStream.printfln() is applicable for argument types: (java.lang.String) values: [This name have existed	]
Possible solutions: println(java.lang.String), println(), println(), println([C), println(boolean), println(char)
	at Create_private_channel.run(Create_private_channel:36)
	at com.kms.katalon.core.main.ScriptEngine.run(ScriptEngine.java:194)
	at com.kms.katalon.core.main.ScriptEngine.runScriptAsRawText(ScriptEngine.java:119)
	at com.kms.katalon.core.main.TestCaseExecutor.runScript(TestCaseExecutor.java:337)
	at com.kms.katalon.core.main.TestCaseExecutor.doExecute(TestCaseExecutor.java:328)
	at com.kms.katalon.core.main.TestCaseExecutor.processExecutionPhase(TestCaseExecutor.java:307)
	at com.kms.katalon.core.main.TestCaseExecutor.accessMainPhase(TestCaseExecutor.java:299)
	at com.kms.katalon.core.main.TestCaseExecutor.execute(TestCaseExecutor.java:233)
	at com.kms.katalon.core.main.TestSuiteExecutor.accessTestCaseMainPhase(TestSuiteExecutor.java:169)
	at com.kms.katalon.core.main.TestSuiteExecutor.accessTestSuiteMainPhase(TestSuiteExecutor.java:142)
	at com.kms.katalon.core.main.TestSuiteExecutor.execute(TestSuiteExecutor.java:91)
	at com.kms.katalon.core.main.TestCaseMain.startTestSuite(TestCaseMain.java:157)
	at com.kms.katalon.core.main.TestCaseMain$startTestSuite$0.call(Unknown Source)
	at TempTestSuite1591349893024.run(TempTestSuite1591349893024.groovy:37)
"/>
         <system-out><![CDATA[2020-06-05 16:44:53 - [TEST_CASE][ERROR] - Test Cases/Use condition/Create_private_channel: Test Cases/Use condition/Create_private_channel FAILED.
Reason:
groovy.lang.MissingMethodException: No signature of method: java.io.PrintStream.printfln() is applicable for argument types: (java.lang.String) values: [This name have existed	]
Possible solutions: println(java.lang.String), println(), println(), println([C), println(boolean), println(char)
	at Create_private_channel.run(Create_private_channel:36)
	at com.kms.katalon.core.main.ScriptEngine.run(ScriptEngine.java:194)
	at com.kms.katalon.core.main.ScriptEngine.runScriptAsRawText(ScriptEngine.java:119)
	at com.kms.katalon.core.main.TestCaseExecutor.runScript(TestCaseExecutor.java:337)
	at com.kms.katalon.core.main.TestCaseExecutor.doExecute(TestCaseExecutor.java:328)
	at com.kms.katalon.core.main.TestCaseExecutor.processExecutionPhase(TestCaseExecutor.java:307)
	at com.kms.katalon.core.main.TestCaseExecutor.accessMainPhase(TestCaseExecutor.java:299)
	at com.kms.katalon.core.main.TestCaseExecutor.execute(TestCaseExecutor.java:233)
	at com.kms.katalon.core.main.TestSuiteExecutor.accessTestCaseMainPhase(TestSuiteExecutor.java:169)
	at com.kms.katalon.core.main.TestSuiteExecutor.accessTestSuiteMainPhase(TestSuiteExecutor.java:142)
	at com.kms.katalon.core.main.TestSuiteExecutor.execute(TestSuiteExecutor.java:91)
	at com.kms.katalon.core.main.TestCaseMain.startTestSuite(TestCaseMain.java:157)
	at com.kms.katalon.core.main.TestCaseMain$startTestSuite$0.call(Unknown Source)
	at TempTestSuite1591349893024.run(TempTestSuite1591349893024.groovy:37)


2020-06-05 16:44:54 - [TEST_STEP][PASSED] - callTestCase(findTestCase("UI/Login"), [:], STOP_ON_FAILURE): Call Test Case 'Test Cases/UI/Login' successfully

2020-06-05 16:44:54 - [TEST_CASE][PASSED] - Test Cases/UI/Login: Test Cases/UI/Login

2020-06-05 16:44:54 - [TEST_STEP][PASSED] - openBrowser(""): Browser is opened with url: ''

2020-06-05 16:44:54 - [MESSAGE][INFO] - Starting 'Chrome' driver

2020-06-05 16:44:54 - [MESSAGE][INFO] - Action delay is set to 0 milliseconds

2020-06-05 16:44:54 - [MESSAGE][PASSED] - Browser is opened with url: ''

2020-06-05 16:44:54 - [TEST_STEP][PASSED] - navigateToUrl(url): Navigate to 'http://localhost:8065/login' successfully

2020-06-05 16:44:55 - [MESSAGE][PASSED] - Navigate to 'http://localhost:8065/login' successfully

2020-06-05 16:44:55 - [TEST_STEP][PASSED] - setText(findTestObject("UI/Login/Page_Mattermost/input_All team communication in one place searchable and accessible anywhere_loginId"), email): Text 'phatvo' is set on object 'Object Repository/UI/Login/Page_Mattermost/input_All team communication in one place searchable and accessible anywhere_loginId'

2020-06-05 16:44:56 - [MESSAGE][PASSED] - Text 'phatvo' is set on object 'Object Repository/UI/Login/Page_Mattermost/input_All team communication in one place searchable and accessible anywhere_loginId'

2020-06-05 16:44:56 - [TEST_STEP][PASSED] - setEncryptedText(findTestObject("UI/Login/Page_Mattermost/input_All team communication in one place searchable and accessible anywhere_password"), password): Text ****** has been set on object 'Object Repository/UI/Login/Page_Mattermost/input_All team communication in one place searchable and accessible anywhere_password'

2020-06-05 16:44:57 - [MESSAGE][PASSED] - Text ****** has been set on object 'Object Repository/UI/Login/Page_Mattermost/input_All team communication in one place searchable and accessible anywhere_password'

2020-06-05 16:44:57 - [TEST_STEP][PASSED] - click(findTestObject("UI/Login/Page_Mattermost/button_Sign in")): Object: 'Object Repository/UI/Login/Page_Mattermost/button_Sign in' is clicked on

2020-06-05 16:44:58 - [MESSAGE][PASSED] - Object: 'Object Repository/UI/Login/Page_Mattermost/button_Sign in' is clicked on

2020-06-05 16:44:58 - [MESSAGE][INFO] - =================== Smart XPath Report =======================

2020-06-05 16:44:58 - [MESSAGE][INFO] - Refer to the link below to preview and approve auto healing on broken test objects.

2020-06-05 16:44:58 - [MESSAGE][INFO] - https://docs.katalon.com/katalon-studio/docs/auto-healing-smart-xpath.html

2020-06-05 16:44:58 - [MESSAGE][INFO] - ===============================================================

2020-06-05 16:44:58 - [MESSAGE][PASSED] - Call Test Case 'Test Cases/UI/Login' successfully

2020-06-05 16:44:58 - [TEST_STEP][PASSED] - click(findTestObject("UI/Create_private_channel/Page_Town Square - hp Mattermost/span_")): Object: 'Object Repository/UI/Create_private_channel/Page_Town Square - hp Mattermost/span_' is clicked on

2020-06-05 16:45:00 - [MESSAGE][PASSED] - Object: 'Object Repository/UI/Create_private_channel/Page_Town Square - hp Mattermost/span_' is clicked on

2020-06-05 16:45:00 - [TEST_STEP][PASSED] - click(findTestObject("UI/Create_private_channel/Page_Town Square - hp Mattermost/input_- Anyone can join this channel_channelType")): Object: 'Object Repository/UI/Create_private_channel/Page_Town Square - hp Mattermost/input_- Anyone can join this channel_channelType' is clicked on

2020-06-05 16:45:00 - [MESSAGE][PASSED] - Object: 'Object Repository/UI/Create_private_channel/Page_Town Square - hp Mattermost/input_- Anyone can join this channel_channelType' is clicked on

2020-06-05 16:45:00 - [TEST_STEP][PASSED] - setText(findTestObject("UI/Create_private_channel/Page_Town Square - hp Mattermost/input_Name_newChannelName"), name): Text 'private channel' is set on object 'Object Repository/UI/Create_private_channel/Page_Town Square - hp Mattermost/input_Name_newChannelName'

2020-06-05 16:45:01 - [MESSAGE][PASSED] - Text 'private channel' is set on object 'Object Repository/UI/Create_private_channel/Page_Town Square - hp Mattermost/input_Name_newChannelName'

2020-06-05 16:45:01 - [TEST_STEP][PASSED] - setText(findTestObject("UI/Create_private_channel/Page_Town Square - hp Mattermost/textarea_(optional)_newChannelPurpose"), purpose): Text 'purpose' is set on object 'Object Repository/UI/Create_private_channel/Page_Town Square - hp Mattermost/textarea_(optional)_newChannelPurpose'

2020-06-05 16:45:02 - [MESSAGE][PASSED] - Text 'purpose' is set on object 'Object Repository/UI/Create_private_channel/Page_Town Square - hp Mattermost/textarea_(optional)_newChannelPurpose'

2020-06-05 16:45:02 - [TEST_STEP][PASSED] - setText(findTestObject("UI/Create_private_channel/Page_Town Square - hp Mattermost/textarea_(optional)_newChannelHeader"), header): Text 'header' is set on object 'Object Repository/UI/Create_private_channel/Page_Town Square - hp Mattermost/textarea_(optional)_newChannelHeader'

2020-06-05 16:45:03 - [MESSAGE][PASSED] - Text 'header' is set on object 'Object Repository/UI/Create_private_channel/Page_Town Square - hp Mattermost/textarea_(optional)_newChannelHeader'

2020-06-05 16:45:03 - [TEST_STEP][PASSED] - if (name == "private channel"): null

2020-06-05 16:45:03 - [TEST_STEP][PASSED] - closeBrowser(): Browser is closed

2020-06-05 16:45:03 - [MESSAGE][PASSED] - Browser is closed

2020-06-05 16:45:03 - [TEST_STEP][PASSED] - out.printfln("This name have existed	"): null]]></system-out>
         <system-err><![CDATA[2020-06-05 16:44:53 - [TEST_CASE][ERROR] - Test Cases/Use condition/Create_private_channel: Test Cases/Use condition/Create_private_channel FAILED.
Reason:
groovy.lang.MissingMethodException: No signature of method: java.io.PrintStream.printfln() is applicable for argument types: (java.lang.String) values: [This name have existed	]
Possible solutions: println(java.lang.String), println(), println(), println([C), println(boolean), println(char)
	at Create_private_channel.run(Create_private_channel:36)
	at com.kms.katalon.core.main.ScriptEngine.run(ScriptEngine.java:194)
	at com.kms.katalon.core.main.ScriptEngine.runScriptAsRawText(ScriptEngine.java:119)
	at com.kms.katalon.core.main.TestCaseExecutor.runScript(TestCaseExecutor.java:337)
	at com.kms.katalon.core.main.TestCaseExecutor.doExecute(TestCaseExecutor.java:328)
	at com.kms.katalon.core.main.TestCaseExecutor.processExecutionPhase(TestCaseExecutor.java:307)
	at com.kms.katalon.core.main.TestCaseExecutor.accessMainPhase(TestCaseExecutor.java:299)
	at com.kms.katalon.core.main.TestCaseExecutor.execute(TestCaseExecutor.java:233)
	at com.kms.katalon.core.main.TestSuiteExecutor.accessTestCaseMainPhase(TestSuiteExecutor.java:169)
	at com.kms.katalon.core.main.TestSuiteExecutor.accessTestSuiteMainPhase(TestSuiteExecutor.java:142)
	at com.kms.katalon.core.main.TestSuiteExecutor.execute(TestSuiteExecutor.java:91)
	at com.kms.katalon.core.main.TestCaseMain.startTestSuite(TestCaseMain.java:157)
	at com.kms.katalon.core.main.TestCaseMain$startTestSuite$0.call(Unknown Source)
	at TempTestSuite1591349893024.run(TempTestSuite1591349893024.groovy:37)]]></system-err>
      </testcase>
      <testcase name="Test Cases/Use condition/Create_team" time="7.592" classname="Test Cases/Use condition/Create_team" status="ERROR">
         <error type="ERROR" message="Test Cases/Use condition/Create_team FAILED.
Reason:
groovy.lang.MissingMethodException: No signature of method: java.io.PrintStream.printfln() is applicable for argument types: (java.lang.String) values: [This name have existed	]
Possible solutions: println(java.lang.String), println(), println(), println([C), println(boolean), println(char)
	at Create_team.run(Create_team:30)
	at com.kms.katalon.core.main.ScriptEngine.run(ScriptEngine.java:194)
	at com.kms.katalon.core.main.ScriptEngine.runScriptAsRawText(ScriptEngine.java:119)
	at com.kms.katalon.core.main.TestCaseExecutor.runScript(TestCaseExecutor.java:337)
	at com.kms.katalon.core.main.TestCaseExecutor.doExecute(TestCaseExecutor.java:328)
	at com.kms.katalon.core.main.TestCaseExecutor.processExecutionPhase(TestCaseExecutor.java:307)
	at com.kms.katalon.core.main.TestCaseExecutor.accessMainPhase(TestCaseExecutor.java:299)
	at com.kms.katalon.core.main.TestCaseExecutor.execute(TestCaseExecutor.java:233)
	at com.kms.katalon.core.main.TestSuiteExecutor.accessTestCaseMainPhase(TestSuiteExecutor.java:169)
	at com.kms.katalon.core.main.TestSuiteExecutor.accessTestSuiteMainPhase(TestSuiteExecutor.java:142)
	at com.kms.katalon.core.main.TestSuiteExecutor.execute(TestSuiteExecutor.java:91)
	at com.kms.katalon.core.main.TestCaseMain.startTestSuite(TestCaseMain.java:157)
	at com.kms.katalon.core.main.TestCaseMain$startTestSuite$0.call(Unknown Source)
	at TempTestSuite1591349893024.run(TempTestSuite1591349893024.groovy:37)
"/>
         <system-out><![CDATA[2020-06-05 16:45:03 - [TEST_CASE][ERROR] - Test Cases/Use condition/Create_team: Test Cases/Use condition/Create_team FAILED.
Reason:
groovy.lang.MissingMethodException: No signature of method: java.io.PrintStream.printfln() is applicable for argument types: (java.lang.String) values: [This name have existed	]
Possible solutions: println(java.lang.String), println(), println(), println([C), println(boolean), println(char)
	at Create_team.run(Create_team:30)
	at com.kms.katalon.core.main.ScriptEngine.run(ScriptEngine.java:194)
	at com.kms.katalon.core.main.ScriptEngine.runScriptAsRawText(ScriptEngine.java:119)
	at com.kms.katalon.core.main.TestCaseExecutor.runScript(TestCaseExecutor.java:337)
	at com.kms.katalon.core.main.TestCaseExecutor.doExecute(TestCaseExecutor.java:328)
	at com.kms.katalon.core.main.TestCaseExecutor.processExecutionPhase(TestCaseExecutor.java:307)
	at com.kms.katalon.core.main.TestCaseExecutor.accessMainPhase(TestCaseExecutor.java:299)
	at com.kms.katalon.core.main.TestCaseExecutor.execute(TestCaseExecutor.java:233)
	at com.kms.katalon.core.main.TestSuiteExecutor.accessTestCaseMainPhase(TestSuiteExecutor.java:169)
	at com.kms.katalon.core.main.TestSuiteExecutor.accessTestSuiteMainPhase(TestSuiteExecutor.java:142)
	at com.kms.katalon.core.main.TestSuiteExecutor.execute(TestSuiteExecutor.java:91)
	at com.kms.katalon.core.main.TestCaseMain.startTestSuite(TestCaseMain.java:157)
	at com.kms.katalon.core.main.TestCaseMain$startTestSuite$0.call(Unknown Source)
	at TempTestSuite1591349893024.run(TempTestSuite1591349893024.groovy:37)


2020-06-05 16:45:03 - [TEST_STEP][PASSED] - callTestCase(findTestCase("UI/Login"), [:], STOP_ON_FAILURE): Call Test Case 'Test Cases/UI/Login' successfully

2020-06-05 16:45:03 - [TEST_CASE][PASSED] - Test Cases/UI/Login: Test Cases/UI/Login

2020-06-05 16:45:03 - [TEST_STEP][PASSED] - openBrowser(""): Browser is opened with url: ''

2020-06-05 16:45:03 - [MESSAGE][INFO] - Starting 'Chrome' driver

2020-06-05 16:45:03 - [MESSAGE][INFO] - Action delay is set to 0 milliseconds

2020-06-05 16:45:03 - [MESSAGE][PASSED] - Browser is opened with url: ''

2020-06-05 16:45:03 - [TEST_STEP][PASSED] - navigateToUrl(url): Navigate to 'http://localhost:8065/login' successfully

2020-06-05 16:45:04 - [MESSAGE][PASSED] - Navigate to 'http://localhost:8065/login' successfully

2020-06-05 16:45:04 - [TEST_STEP][PASSED] - setText(findTestObject("UI/Login/Page_Mattermost/input_All team communication in one place searchable and accessible anywhere_loginId"), email): Text 'phatvo' is set on object 'Object Repository/UI/Login/Page_Mattermost/input_All team communication in one place searchable and accessible anywhere_loginId'

2020-06-05 16:45:06 - [MESSAGE][PASSED] - Text 'phatvo' is set on object 'Object Repository/UI/Login/Page_Mattermost/input_All team communication in one place searchable and accessible anywhere_loginId'

2020-06-05 16:45:06 - [TEST_STEP][PASSED] - setEncryptedText(findTestObject("UI/Login/Page_Mattermost/input_All team communication in one place searchable and accessible anywhere_password"), password): Text ****** has been set on object 'Object Repository/UI/Login/Page_Mattermost/input_All team communication in one place searchable and accessible anywhere_password'

2020-06-05 16:45:06 - [MESSAGE][PASSED] - Text ****** has been set on object 'Object Repository/UI/Login/Page_Mattermost/input_All team communication in one place searchable and accessible anywhere_password'

2020-06-05 16:45:06 - [TEST_STEP][PASSED] - click(findTestObject("UI/Login/Page_Mattermost/button_Sign in")): Object: 'Object Repository/UI/Login/Page_Mattermost/button_Sign in' is clicked on

2020-06-05 16:45:07 - [MESSAGE][PASSED] - Object: 'Object Repository/UI/Login/Page_Mattermost/button_Sign in' is clicked on

2020-06-05 16:45:07 - [MESSAGE][INFO] - =================== Smart XPath Report =======================

2020-06-05 16:45:07 - [MESSAGE][INFO] - Refer to the link below to preview and approve auto healing on broken test objects.

2020-06-05 16:45:07 - [MESSAGE][INFO] - https://docs.katalon.com/katalon-studio/docs/auto-healing-smart-xpath.html

2020-06-05 16:45:07 - [MESSAGE][INFO] - ===============================================================

2020-06-05 16:45:07 - [MESSAGE][PASSED] - Call Test Case 'Test Cases/UI/Login' successfully

2020-06-05 16:45:07 - [TEST_STEP][PASSED] - click(findTestObject("UI/Create_team/Page_Town Square - team1 Mattermost/span")): Object: 'Object Repository/UI/Create_team/Page_Town Square - team1 Mattermost/span' is clicked on

2020-06-05 16:45:09 - [MESSAGE][PASSED] - Object: 'Object Repository/UI/Create_team/Page_Town Square - team1 Mattermost/span' is clicked on

2020-06-05 16:45:09 - [TEST_STEP][PASSED] - click(findTestObject("UI/Create_team/Page_Town Square - team1 Mattermost/span_Create a Team")): Object: 'Object Repository/UI/Create_team/Page_Town Square - team1 Mattermost/span_Create a Team' is clicked on

2020-06-05 16:45:09 - [MESSAGE][PASSED] - Object: 'Object Repository/UI/Create_team/Page_Town Square - team1 Mattermost/span_Create a Team' is clicked on

2020-06-05 16:45:09 - [TEST_STEP][PASSED] - setText(findTestObject("UI/Create_team/Page_Town Square - team1 Mattermost/input_Team Name_teamNameInput"), name): Text 'team1' is set on object 'Object Repository/UI/Create_team/Page_Town Square - team1 Mattermost/input_Team Name_teamNameInput'

2020-06-05 16:45:10 - [MESSAGE][PASSED] - Text 'team1' is set on object 'Object Repository/UI/Create_team/Page_Town Square - team1 Mattermost/input_Team Name_teamNameInput'

2020-06-05 16:45:10 - [TEST_STEP][PASSED] - if (name == "team1"): null

2020-06-05 16:45:10 - [TEST_STEP][PASSED] - closeBrowser(): Browser is closed

2020-06-05 16:45:10 - [MESSAGE][PASSED] - Browser is closed

2020-06-05 16:45:10 - [TEST_STEP][PASSED] - out.printfln("This name have existed	"): null]]></system-out>
         <system-err><![CDATA[2020-06-05 16:45:03 - [TEST_CASE][ERROR] - Test Cases/Use condition/Create_team: Test Cases/Use condition/Create_team FAILED.
Reason:
groovy.lang.MissingMethodException: No signature of method: java.io.PrintStream.printfln() is applicable for argument types: (java.lang.String) values: [This name have existed	]
Possible solutions: println(java.lang.String), println(), println(), println([C), println(boolean), println(char)
	at Create_team.run(Create_team:30)
	at com.kms.katalon.core.main.ScriptEngine.run(ScriptEngine.java:194)
	at com.kms.katalon.core.main.ScriptEngine.runScriptAsRawText(ScriptEngine.java:119)
	at com.kms.katalon.core.main.TestCaseExecutor.runScript(TestCaseExecutor.java:337)
	at com.kms.katalon.core.main.TestCaseExecutor.doExecute(TestCaseExecutor.java:328)
	at com.kms.katalon.core.main.TestCaseExecutor.processExecutionPhase(TestCaseExecutor.java:307)
	at com.kms.katalon.core.main.TestCaseExecutor.accessMainPhase(TestCaseExecutor.java:299)
	at com.kms.katalon.core.main.TestCaseExecutor.execute(TestCaseExecutor.java:233)
	at com.kms.katalon.core.main.TestSuiteExecutor.accessTestCaseMainPhase(TestSuiteExecutor.java:169)
	at com.kms.katalon.core.main.TestSuiteExecutor.accessTestSuiteMainPhase(TestSuiteExecutor.java:142)
	at com.kms.katalon.core.main.TestSuiteExecutor.execute(TestSuiteExecutor.java:91)
	at com.kms.katalon.core.main.TestCaseMain.startTestSuite(TestCaseMain.java:157)
	at com.kms.katalon.core.main.TestCaseMain$startTestSuite$0.call(Unknown Source)
	at TempTestSuite1591349893024.run(TempTestSuite1591349893024.groovy:37)]]></system-err>
      </testcase>
      <testcase name="Test Cases/Use condition/Login" time="3.531" classname="Test Cases/Use condition/Login" status="ERROR">
         <error type="ERROR" message="Test Cases/Use condition/Login FAILED.
Reason:
groovy.lang.MissingMethodException: No signature of method: java.io.PrintStream.printfln() is applicable for argument types: (java.lang.String) values: [Email or username have not existed]
Possible solutions: println(java.lang.String), println(), println(), println([C), println(boolean), println(char)
	at Login.run(Login:38)
	at com.kms.katalon.core.main.ScriptEngine.run(ScriptEngine.java:194)
	at com.kms.katalon.core.main.ScriptEngine.runScriptAsRawText(ScriptEngine.java:119)
	at com.kms.katalon.core.main.TestCaseExecutor.runScript(TestCaseExecutor.java:337)
	at com.kms.katalon.core.main.TestCaseExecutor.doExecute(TestCaseExecutor.java:328)
	at com.kms.katalon.core.main.TestCaseExecutor.processExecutionPhase(TestCaseExecutor.java:307)
	at com.kms.katalon.core.main.TestCaseExecutor.accessMainPhase(TestCaseExecutor.java:299)
	at com.kms.katalon.core.main.TestCaseExecutor.execute(TestCaseExecutor.java:233)
	at com.kms.katalon.core.main.TestSuiteExecutor.accessTestCaseMainPhase(TestSuiteExecutor.java:169)
	at com.kms.katalon.core.main.TestSuiteExecutor.accessTestSuiteMainPhase(TestSuiteExecutor.java:142)
	at com.kms.katalon.core.main.TestSuiteExecutor.execute(TestSuiteExecutor.java:91)
	at com.kms.katalon.core.main.TestCaseMain.startTestSuite(TestCaseMain.java:157)
	at com.kms.katalon.core.main.TestCaseMain$startTestSuite$0.call(Unknown Source)
	at TempTestSuite1591349893024.run(TempTestSuite1591349893024.groovy:37)
"/>
         <system-out><![CDATA[2020-06-05 16:45:10 - [TEST_CASE][ERROR] - Test Cases/Use condition/Login: Test Cases/Use condition/Login FAILED.
Reason:
groovy.lang.MissingMethodException: No signature of method: java.io.PrintStream.printfln() is applicable for argument types: (java.lang.String) values: [Email or username have not existed]
Possible solutions: println(java.lang.String), println(), println(), println([C), println(boolean), println(char)
	at Login.run(Login:38)
	at com.kms.katalon.core.main.ScriptEngine.run(ScriptEngine.java:194)
	at com.kms.katalon.core.main.ScriptEngine.runScriptAsRawText(ScriptEngine.java:119)
	at com.kms.katalon.core.main.TestCaseExecutor.runScript(TestCaseExecutor.java:337)
	at com.kms.katalon.core.main.TestCaseExecutor.doExecute(TestCaseExecutor.java:328)
	at com.kms.katalon.core.main.TestCaseExecutor.processExecutionPhase(TestCaseExecutor.java:307)
	at com.kms.katalon.core.main.TestCaseExecutor.accessMainPhase(TestCaseExecutor.java:299)
	at com.kms.katalon.core.main.TestCaseExecutor.execute(TestCaseExecutor.java:233)
	at com.kms.katalon.core.main.TestSuiteExecutor.accessTestCaseMainPhase(TestSuiteExecutor.java:169)
	at com.kms.katalon.core.main.TestSuiteExecutor.accessTestSuiteMainPhase(TestSuiteExecutor.java:142)
	at com.kms.katalon.core.main.TestSuiteExecutor.execute(TestSuiteExecutor.java:91)
	at com.kms.katalon.core.main.TestCaseMain.startTestSuite(TestCaseMain.java:157)
	at com.kms.katalon.core.main.TestCaseMain$startTestSuite$0.call(Unknown Source)
	at TempTestSuite1591349893024.run(TempTestSuite1591349893024.groovy:37)


2020-06-05 16:45:10 - [TEST_STEP][PASSED] - openBrowser(""): Browser is opened with url: ''

2020-06-05 16:45:10 - [MESSAGE][INFO] - Starting 'Chrome' driver

2020-06-05 16:45:10 - [MESSAGE][INFO] - Action delay is set to 0 milliseconds

2020-06-05 16:45:11 - [MESSAGE][PASSED] - Browser is opened with url: ''

2020-06-05 16:45:11 - [TEST_STEP][PASSED] - navigateToUrl(url): Navigate to 'http://localhost:8065/login' successfully

2020-06-05 16:45:12 - [MESSAGE][PASSED] - Navigate to 'http://localhost:8065/login' successfully

2020-06-05 16:45:12 - [TEST_STEP][PASSED] - setText(findTestObject("UI/Login/Page_Mattermost/input_All team communication in one place searchable and accessible anywhere_loginId"), email): Text 'phatvo0' is set on object 'Object Repository/UI/Login/Page_Mattermost/input_All team communication in one place searchable and accessible anywhere_loginId'

2020-06-05 16:45:13 - [MESSAGE][PASSED] - Text 'phatvo0' is set on object 'Object Repository/UI/Login/Page_Mattermost/input_All team communication in one place searchable and accessible anywhere_loginId'

2020-06-05 16:45:13 - [TEST_STEP][PASSED] - setEncryptedText(findTestObject("UI/Login/Page_Mattermost/input_All team communication in one place searchable and accessible anywhere_password"), password): Text ****** has been set on object 'Object Repository/UI/Login/Page_Mattermost/input_All team communication in one place searchable and accessible anywhere_password'

2020-06-05 16:45:14 - [MESSAGE][PASSED] - Text ****** has been set on object 'Object Repository/UI/Login/Page_Mattermost/input_All team communication in one place searchable and accessible anywhere_password'

2020-06-05 16:45:14 - [TEST_STEP][PASSED] - if (email == "phatvo"): null

2020-06-05 16:45:14 - [TEST_STEP][PASSED] - else: null

2020-06-05 16:45:14 - [TEST_STEP][PASSED] - closeBrowser(): Browser is closed

2020-06-05 16:45:14 - [MESSAGE][PASSED] - Browser is closed

2020-06-05 16:45:14 - [TEST_STEP][PASSED] - out.printfln("Email or username have not existed"): null]]></system-out>
         <system-err><![CDATA[2020-06-05 16:45:10 - [TEST_CASE][ERROR] - Test Cases/Use condition/Login: Test Cases/Use condition/Login FAILED.
Reason:
groovy.lang.MissingMethodException: No signature of method: java.io.PrintStream.printfln() is applicable for argument types: (java.lang.String) values: [Email or username have not existed]
Possible solutions: println(java.lang.String), println(), println(), println([C), println(boolean), println(char)
	at Login.run(Login:38)
	at com.kms.katalon.core.main.ScriptEngine.run(ScriptEngine.java:194)
	at com.kms.katalon.core.main.ScriptEngine.runScriptAsRawText(ScriptEngine.java:119)
	at com.kms.katalon.core.main.TestCaseExecutor.runScript(TestCaseExecutor.java:337)
	at com.kms.katalon.core.main.TestCaseExecutor.doExecute(TestCaseExecutor.java:328)
	at com.kms.katalon.core.main.TestCaseExecutor.processExecutionPhase(TestCaseExecutor.java:307)
	at com.kms.katalon.core.main.TestCaseExecutor.accessMainPhase(TestCaseExecutor.java:299)
	at com.kms.katalon.core.main.TestCaseExecutor.execute(TestCaseExecutor.java:233)
	at com.kms.katalon.core.main.TestSuiteExecutor.accessTestCaseMainPhase(TestSuiteExecutor.java:169)
	at com.kms.katalon.core.main.TestSuiteExecutor.accessTestSuiteMainPhase(TestSuiteExecutor.java:142)
	at com.kms.katalon.core.main.TestSuiteExecutor.execute(TestSuiteExecutor.java:91)
	at com.kms.katalon.core.main.TestCaseMain.startTestSuite(TestCaseMain.java:157)
	at com.kms.katalon.core.main.TestCaseMain$startTestSuite$0.call(Unknown Source)
	at TempTestSuite1591349893024.run(TempTestSuite1591349893024.groovy:37)]]></system-err>
      </testcase>
      <testcase name="Test Cases/Use loop/Message_public_channel" time="13.235" classname="Test Cases/Use loop/Message_public_channel" status="PASSED">
         <system-out><![CDATA[2020-06-05 16:45:14 - [TEST_CASE][PASSED] - Test Cases/Use loop/Message_public_channel: Test Cases/Use loop/Message_public_channel

2020-06-05 16:45:14 - [TEST_STEP][PASSED] - callTestCase(findTestCase("UI/Login"), [:], STOP_ON_FAILURE): Call Test Case 'Test Cases/UI/Login' successfully

2020-06-05 16:45:14 - [TEST_CASE][PASSED] - Test Cases/UI/Login: Test Cases/UI/Login

2020-06-05 16:45:14 - [TEST_STEP][PASSED] - openBrowser(""): Browser is opened with url: ''

2020-06-05 16:45:14 - [MESSAGE][INFO] - Starting 'Chrome' driver

2020-06-05 16:45:14 - [MESSAGE][INFO] - Action delay is set to 0 milliseconds

2020-06-05 16:45:14 - [MESSAGE][PASSED] - Browser is opened with url: ''

2020-06-05 16:45:14 - [TEST_STEP][PASSED] - navigateToUrl(url): Navigate to 'http://localhost:8065/login' successfully

2020-06-05 16:45:15 - [MESSAGE][PASSED] - Navigate to 'http://localhost:8065/login' successfully

2020-06-05 16:45:15 - [TEST_STEP][PASSED] - setText(findTestObject("UI/Login/Page_Mattermost/input_All team communication in one place searchable and accessible anywhere_loginId"), email): Text 'phatvo' is set on object 'Object Repository/UI/Login/Page_Mattermost/input_All team communication in one place searchable and accessible anywhere_loginId'

2020-06-05 16:45:17 - [MESSAGE][PASSED] - Text 'phatvo' is set on object 'Object Repository/UI/Login/Page_Mattermost/input_All team communication in one place searchable and accessible anywhere_loginId'

2020-06-05 16:45:17 - [TEST_STEP][PASSED] - setEncryptedText(findTestObject("UI/Login/Page_Mattermost/input_All team communication in one place searchable and accessible anywhere_password"), password): Text ****** has been set on object 'Object Repository/UI/Login/Page_Mattermost/input_All team communication in one place searchable and accessible anywhere_password'

2020-06-05 16:45:17 - [MESSAGE][PASSED] - Text ****** has been set on object 'Object Repository/UI/Login/Page_Mattermost/input_All team communication in one place searchable and accessible anywhere_password'

2020-06-05 16:45:17 - [TEST_STEP][PASSED] - click(findTestObject("UI/Login/Page_Mattermost/button_Sign in")): Object: 'Object Repository/UI/Login/Page_Mattermost/button_Sign in' is clicked on

2020-06-05 16:45:18 - [MESSAGE][PASSED] - Object: 'Object Repository/UI/Login/Page_Mattermost/button_Sign in' is clicked on

2020-06-05 16:45:18 - [MESSAGE][INFO] - =================== Smart XPath Report =======================

2020-06-05 16:45:18 - [MESSAGE][INFO] - Refer to the link below to preview and approve auto healing on broken test objects.

2020-06-05 16:45:18 - [MESSAGE][INFO] - https://docs.katalon.com/katalon-studio/docs/auto-healing-smart-xpath.html

2020-06-05 16:45:18 - [MESSAGE][INFO] - ===============================================================

2020-06-05 16:45:18 - [MESSAGE][PASSED] - Call Test Case 'Test Cases/UI/Login' successfully

2020-06-05 16:45:18 - [TEST_STEP][PASSED] - click(findTestObject("Use loop/Message_public_channel/Page_channel - hp Mattermost/span_Town Square")): Object: 'Object Repository/Use loop/Message_public_channel/Page_channel - hp Mattermost/span_Town Square' is clicked on

2020-06-05 16:45:20 - [MESSAGE][PASSED] - Object: 'Object Repository/Use loop/Message_public_channel/Page_channel - hp Mattermost/span_Town Square' is clicked on

2020-06-05 16:45:20 - [TEST_STEP][PASSED] - for (def index : (0..3)): Keys 'ENTER + ' sent to object: 'Object Repository/Use loop/Message_public_channel/Page_channel - hp Mattermost/textarea_Write to channel_post_textbox'

2020-06-05 16:45:20 - [TEST_STEP][PASSED] - setText(findTestObject("Use loop/Message_public_channel/Page_channel - hp Mattermost/textarea_Write to channel_post_textbox"), message): Text 'haha' is set on object 'Object Repository/Use loop/Message_public_channel/Page_channel - hp Mattermost/textarea_Write to channel_post_textbox'

2020-06-05 16:45:21 - [MESSAGE][PASSED] - Text 'haha' is set on object 'Object Repository/Use loop/Message_public_channel/Page_channel - hp Mattermost/textarea_Write to channel_post_textbox'

2020-06-05 16:45:21 - [TEST_STEP][PASSED] - sendKeys(findTestObject("Use loop/Message_public_channel/Page_channel - hp Mattermost/textarea_Write to channel_post_textbox"), Keys.chord(ENTER)): Keys 'ENTER + ' sent to object: 'Object Repository/Use loop/Message_public_channel/Page_channel - hp Mattermost/textarea_Write to channel_post_textbox'

2020-06-05 16:45:21 - [MESSAGE][PASSED] - Keys 'ENTER + ' sent to object: 'Object Repository/Use loop/Message_public_channel/Page_channel - hp Mattermost/textarea_Write to channel_post_textbox'

2020-06-05 16:45:21 - [TEST_STEP][PASSED] - setText(findTestObject("Use loop/Message_public_channel/Page_channel - hp Mattermost/textarea_Write to channel_post_textbox"), message): Text 'haha' is set on object 'Object Repository/Use loop/Message_public_channel/Page_channel - hp Mattermost/textarea_Write to channel_post_textbox'

2020-06-05 16:45:23 - [MESSAGE][PASSED] - Text 'haha' is set on object 'Object Repository/Use loop/Message_public_channel/Page_channel - hp Mattermost/textarea_Write to channel_post_textbox'

2020-06-05 16:45:23 - [TEST_STEP][PASSED] - sendKeys(findTestObject("Use loop/Message_public_channel/Page_channel - hp Mattermost/textarea_Write to channel_post_textbox"), Keys.chord(ENTER)): Keys 'ENTER + ' sent to object: 'Object Repository/Use loop/Message_public_channel/Page_channel - hp Mattermost/textarea_Write to channel_post_textbox'

2020-06-05 16:45:23 - [MESSAGE][PASSED] - Keys 'ENTER + ' sent to object: 'Object Repository/Use loop/Message_public_channel/Page_channel - hp Mattermost/textarea_Write to channel_post_textbox'

2020-06-05 16:45:23 - [TEST_STEP][PASSED] - setText(findTestObject("Use loop/Message_public_channel/Page_channel - hp Mattermost/textarea_Write to channel_post_textbox"), message): Text 'haha' is set on object 'Object Repository/Use loop/Message_public_channel/Page_channel - hp Mattermost/textarea_Write to channel_post_textbox'

2020-06-05 16:45:25 - [MESSAGE][PASSED] - Text 'haha' is set on object 'Object Repository/Use loop/Message_public_channel/Page_channel - hp Mattermost/textarea_Write to channel_post_textbox'

2020-06-05 16:45:25 - [TEST_STEP][PASSED] - sendKeys(findTestObject("Use loop/Message_public_channel/Page_channel - hp Mattermost/textarea_Write to channel_post_textbox"), Keys.chord(ENTER)): Keys 'ENTER + ' sent to object: 'Object Repository/Use loop/Message_public_channel/Page_channel - hp Mattermost/textarea_Write to channel_post_textbox'

2020-06-05 16:45:25 - [MESSAGE][PASSED] - Keys 'ENTER + ' sent to object: 'Object Repository/Use loop/Message_public_channel/Page_channel - hp Mattermost/textarea_Write to channel_post_textbox'

2020-06-05 16:45:25 - [TEST_STEP][PASSED] - setText(findTestObject("Use loop/Message_public_channel/Page_channel - hp Mattermost/textarea_Write to channel_post_textbox"), message): Text 'haha' is set on object 'Object Repository/Use loop/Message_public_channel/Page_channel - hp Mattermost/textarea_Write to channel_post_textbox'

2020-06-05 16:45:26 - [MESSAGE][PASSED] - Text 'haha' is set on object 'Object Repository/Use loop/Message_public_channel/Page_channel - hp Mattermost/textarea_Write to channel_post_textbox'

2020-06-05 16:45:26 - [TEST_STEP][PASSED] - sendKeys(findTestObject("Use loop/Message_public_channel/Page_channel - hp Mattermost/textarea_Write to channel_post_textbox"), Keys.chord(ENTER)): Keys 'ENTER + ' sent to object: 'Object Repository/Use loop/Message_public_channel/Page_channel - hp Mattermost/textarea_Write to channel_post_textbox'

2020-06-05 16:45:27 - [MESSAGE][PASSED] - Keys 'ENTER + ' sent to object: 'Object Repository/Use loop/Message_public_channel/Page_channel - hp Mattermost/textarea_Write to channel_post_textbox'

2020-06-05 16:45:27 - [TEST_STEP][PASSED] - closeBrowser(): Browser is closed

2020-06-05 16:45:27 - [MESSAGE][PASSED] - Browser is closed]]></system-out>
         <system-err><![CDATA[]]></system-err>
      </testcase>
      <testcase name="Test Cases/Use loop/Message_private_channel" time="13.927" classname="Test Cases/Use loop/Message_private_channel" status="PASSED">
         <system-out><![CDATA[2020-06-05 16:45:27 - [TEST_CASE][PASSED] - Test Cases/Use loop/Message_private_channel: Test Cases/Use loop/Message_private_channel

2020-06-05 16:45:27 - [TEST_STEP][PASSED] - callTestCase(findTestCase("UI/Login"), [:], STOP_ON_FAILURE): Call Test Case 'Test Cases/UI/Login' successfully

2020-06-05 16:45:27 - [TEST_CASE][PASSED] - Test Cases/UI/Login: Test Cases/UI/Login

2020-06-05 16:45:27 - [TEST_STEP][PASSED] - openBrowser(""): Browser is opened with url: ''

2020-06-05 16:45:27 - [MESSAGE][INFO] - Starting 'Chrome' driver

2020-06-05 16:45:27 - [MESSAGE][INFO] - Action delay is set to 0 milliseconds

2020-06-05 16:45:28 - [MESSAGE][PASSED] - Browser is opened with url: ''

2020-06-05 16:45:28 - [TEST_STEP][PASSED] - navigateToUrl(url): Navigate to 'http://localhost:8065/login' successfully

2020-06-05 16:45:29 - [MESSAGE][PASSED] - Navigate to 'http://localhost:8065/login' successfully

2020-06-05 16:45:29 - [TEST_STEP][PASSED] - setText(findTestObject("UI/Login/Page_Mattermost/input_All team communication in one place searchable and accessible anywhere_loginId"), email): Text 'phatvo' is set on object 'Object Repository/UI/Login/Page_Mattermost/input_All team communication in one place searchable and accessible anywhere_loginId'

2020-06-05 16:45:30 - [MESSAGE][PASSED] - Text 'phatvo' is set on object 'Object Repository/UI/Login/Page_Mattermost/input_All team communication in one place searchable and accessible anywhere_loginId'

2020-06-05 16:45:30 - [TEST_STEP][PASSED] - setEncryptedText(findTestObject("UI/Login/Page_Mattermost/input_All team communication in one place searchable and accessible anywhere_password"), password): Text ****** has been set on object 'Object Repository/UI/Login/Page_Mattermost/input_All team communication in one place searchable and accessible anywhere_password'

2020-06-05 16:45:31 - [MESSAGE][PASSED] - Text ****** has been set on object 'Object Repository/UI/Login/Page_Mattermost/input_All team communication in one place searchable and accessible anywhere_password'

2020-06-05 16:45:31 - [TEST_STEP][PASSED] - click(findTestObject("UI/Login/Page_Mattermost/button_Sign in")): Object: 'Object Repository/UI/Login/Page_Mattermost/button_Sign in' is clicked on

2020-06-05 16:45:31 - [MESSAGE][PASSED] - Object: 'Object Repository/UI/Login/Page_Mattermost/button_Sign in' is clicked on

2020-06-05 16:45:31 - [MESSAGE][INFO] - =================== Smart XPath Report =======================

2020-06-05 16:45:31 - [MESSAGE][INFO] - Refer to the link below to preview and approve auto healing on broken test objects.

2020-06-05 16:45:31 - [MESSAGE][INFO] - https://docs.katalon.com/katalon-studio/docs/auto-healing-smart-xpath.html

2020-06-05 16:45:31 - [MESSAGE][INFO] - ===============================================================

2020-06-05 16:45:31 - [MESSAGE][PASSED] - Call Test Case 'Test Cases/UI/Login' successfully

2020-06-05 16:45:31 - [TEST_STEP][PASSED] - click(findTestObject("Use loop/Message_private_channel/Page_Town Square - team1 Mattermost/a_private channel")): Object: 'Object Repository/Use loop/Message_private_channel/Page_Town Square - team1 Mattermost/a_private channel' is clicked on

2020-06-05 16:45:34 - [MESSAGE][PASSED] - Object: 'Object Repository/Use loop/Message_private_channel/Page_Town Square - team1 Mattermost/a_private channel' is clicked on

2020-06-05 16:45:34 - [TEST_STEP][PASSED] - for (def index : (0..3)): Keys 'ENTER + ' sent to object: 'Object Repository/Use loop/Message_private_channel/Page_private channel - team1 Mattermost/textarea_Write to private channel_post_textbox'

2020-06-05 16:45:34 - [TEST_STEP][PASSED] - setText(findTestObject("Use loop/Message_private_channel/Page_private channel - team1 Mattermost/textarea_Write to private channel_post_textbox"), message): Text 'hoho' is set on object 'Object Repository/Use loop/Message_private_channel/Page_private channel - team1 Mattermost/textarea_Write to private channel_post_textbox'

2020-06-05 16:45:35 - [MESSAGE][PASSED] - Text 'hoho' is set on object 'Object Repository/Use loop/Message_private_channel/Page_private channel - team1 Mattermost/textarea_Write to private channel_post_textbox'

2020-06-05 16:45:35 - [TEST_STEP][PASSED] - sendKeys(findTestObject("Use loop/Message_private_channel/Page_private channel - team1 Mattermost/textarea_Write to private channel_post_textbox"), Keys.chord(ENTER)): Keys 'ENTER + ' sent to object: 'Object Repository/Use loop/Message_private_channel/Page_private channel - team1 Mattermost/textarea_Write to private channel_post_textbox'

2020-06-05 16:45:36 - [MESSAGE][PASSED] - Keys 'ENTER + ' sent to object: 'Object Repository/Use loop/Message_private_channel/Page_private channel - team1 Mattermost/textarea_Write to private channel_post_textbox'

2020-06-05 16:45:36 - [TEST_STEP][PASSED] - setText(findTestObject("Use loop/Message_private_channel/Page_private channel - team1 Mattermost/textarea_Write to private channel_post_textbox"), message): Text 'hoho' is set on object 'Object Repository/Use loop/Message_private_channel/Page_private channel - team1 Mattermost/textarea_Write to private channel_post_textbox'

2020-06-05 16:45:37 - [MESSAGE][PASSED] - Text 'hoho' is set on object 'Object Repository/Use loop/Message_private_channel/Page_private channel - team1 Mattermost/textarea_Write to private channel_post_textbox'

2020-06-05 16:45:37 - [TEST_STEP][PASSED] - sendKeys(findTestObject("Use loop/Message_private_channel/Page_private channel - team1 Mattermost/textarea_Write to private channel_post_textbox"), Keys.chord(ENTER)): Keys 'ENTER + ' sent to object: 'Object Repository/Use loop/Message_private_channel/Page_private channel - team1 Mattermost/textarea_Write to private channel_post_textbox'

2020-06-05 16:45:37 - [MESSAGE][PASSED] - Keys 'ENTER + ' sent to object: 'Object Repository/Use loop/Message_private_channel/Page_private channel - team1 Mattermost/textarea_Write to private channel_post_textbox'

2020-06-05 16:45:37 - [TEST_STEP][PASSED] - setText(findTestObject("Use loop/Message_private_channel/Page_private channel - team1 Mattermost/textarea_Write to private channel_post_textbox"), message): Text 'hoho' is set on object 'Object Repository/Use loop/Message_private_channel/Page_private channel - team1 Mattermost/textarea_Write to private channel_post_textbox'

2020-06-05 16:45:38 - [MESSAGE][PASSED] - Text 'hoho' is set on object 'Object Repository/Use loop/Message_private_channel/Page_private channel - team1 Mattermost/textarea_Write to private channel_post_textbox'

2020-06-05 16:45:38 - [TEST_STEP][PASSED] - sendKeys(findTestObject("Use loop/Message_private_channel/Page_private channel - team1 Mattermost/textarea_Write to private channel_post_textbox"), Keys.chord(ENTER)): Keys 'ENTER + ' sent to object: 'Object Repository/Use loop/Message_private_channel/Page_private channel - team1 Mattermost/textarea_Write to private channel_post_textbox'

2020-06-05 16:45:39 - [MESSAGE][PASSED] - Keys 'ENTER + ' sent to object: 'Object Repository/Use loop/Message_private_channel/Page_private channel - team1 Mattermost/textarea_Write to private channel_post_textbox'

2020-06-05 16:45:39 - [TEST_STEP][PASSED] - setText(findTestObject("Use loop/Message_private_channel/Page_private channel - team1 Mattermost/textarea_Write to private channel_post_textbox"), message): Text 'hoho' is set on object 'Object Repository/Use loop/Message_private_channel/Page_private channel - team1 Mattermost/textarea_Write to private channel_post_textbox'

2020-06-05 16:45:40 - [MESSAGE][PASSED] - Text 'hoho' is set on object 'Object Repository/Use loop/Message_private_channel/Page_private channel - team1 Mattermost/textarea_Write to private channel_post_textbox'

2020-06-05 16:45:40 - [TEST_STEP][PASSED] - sendKeys(findTestObject("Use loop/Message_private_channel/Page_private channel - team1 Mattermost/textarea_Write to private channel_post_textbox"), Keys.chord(ENTER)): Keys 'ENTER + ' sent to object: 'Object Repository/Use loop/Message_private_channel/Page_private channel - team1 Mattermost/textarea_Write to private channel_post_textbox'

2020-06-05 16:45:41 - [MESSAGE][PASSED] - Keys 'ENTER + ' sent to object: 'Object Repository/Use loop/Message_private_channel/Page_private channel - team1 Mattermost/textarea_Write to private channel_post_textbox'

2020-06-05 16:45:41 - [TEST_STEP][PASSED] - closeBrowser(): Browser is closed

2020-06-05 16:45:41 - [MESSAGE][PASSED] - Browser is closed]]></system-out>
         <system-err><![CDATA[]]></system-err>
      </testcase>
      <testcase name="Test Cases/Use loop/Edit-message" time="20.316" classname="Test Cases/Use loop/Edit-message" status="PASSED">
         <system-out><![CDATA[2020-06-05 16:45:41 - [TEST_CASE][PASSED] - Test Cases/Use loop/Edit-message: Test Cases/Use loop/Edit-message

2020-06-05 16:45:41 - [TEST_STEP][PASSED] - callTestCase(findTestCase("UI/Login"), [:], STOP_ON_FAILURE): Call Test Case 'Test Cases/UI/Login' successfully

2020-06-05 16:45:41 - [TEST_CASE][PASSED] - Test Cases/UI/Login: Test Cases/UI/Login

2020-06-05 16:45:41 - [TEST_STEP][PASSED] - openBrowser(""): Browser is opened with url: ''

2020-06-05 16:45:41 - [MESSAGE][INFO] - Starting 'Chrome' driver

2020-06-05 16:45:41 - [MESSAGE][INFO] - Action delay is set to 0 milliseconds

2020-06-05 16:45:42 - [MESSAGE][PASSED] - Browser is opened with url: ''

2020-06-05 16:45:42 - [TEST_STEP][PASSED] - navigateToUrl(url): Navigate to 'http://localhost:8065/login' successfully

2020-06-05 16:45:43 - [MESSAGE][PASSED] - Navigate to 'http://localhost:8065/login' successfully

2020-06-05 16:45:43 - [TEST_STEP][PASSED] - setText(findTestObject("UI/Login/Page_Mattermost/input_All team communication in one place searchable and accessible anywhere_loginId"), email): Text 'phatvo' is set on object 'Object Repository/UI/Login/Page_Mattermost/input_All team communication in one place searchable and accessible anywhere_loginId'

2020-06-05 16:45:44 - [MESSAGE][PASSED] - Text 'phatvo' is set on object 'Object Repository/UI/Login/Page_Mattermost/input_All team communication in one place searchable and accessible anywhere_loginId'

2020-06-05 16:45:44 - [TEST_STEP][PASSED] - setEncryptedText(findTestObject("UI/Login/Page_Mattermost/input_All team communication in one place searchable and accessible anywhere_password"), password): Text ****** has been set on object 'Object Repository/UI/Login/Page_Mattermost/input_All team communication in one place searchable and accessible anywhere_password'

2020-06-05 16:45:44 - [MESSAGE][PASSED] - Text ****** has been set on object 'Object Repository/UI/Login/Page_Mattermost/input_All team communication in one place searchable and accessible anywhere_password'

2020-06-05 16:45:44 - [TEST_STEP][PASSED] - click(findTestObject("UI/Login/Page_Mattermost/button_Sign in")): Object: 'Object Repository/UI/Login/Page_Mattermost/button_Sign in' is clicked on

2020-06-05 16:45:45 - [MESSAGE][PASSED] - Object: 'Object Repository/UI/Login/Page_Mattermost/button_Sign in' is clicked on

2020-06-05 16:45:45 - [MESSAGE][INFO] - =================== Smart XPath Report =======================

2020-06-05 16:45:45 - [MESSAGE][INFO] - Refer to the link below to preview and approve auto healing on broken test objects.

2020-06-05 16:45:45 - [MESSAGE][INFO] - https://docs.katalon.com/katalon-studio/docs/auto-healing-smart-xpath.html

2020-06-05 16:45:45 - [MESSAGE][INFO] - ===============================================================

2020-06-05 16:45:45 - [MESSAGE][PASSED] - Call Test Case 'Test Cases/UI/Login' successfully

2020-06-05 16:45:45 - [TEST_STEP][PASSED] - click(findTestObject("Use loop/Edit-message/Page_Town Square - team1 Mattermost/span_phatvo2")): Object: 'Object Repository/Use loop/Edit-message/Page_Town Square - team1 Mattermost/span_phatvo2' is clicked on

2020-06-05 16:45:47 - [MESSAGE][PASSED] - Object: 'Object Repository/Use loop/Edit-message/Page_Town Square - team1 Mattermost/span_phatvo2' is clicked on

2020-06-05 16:45:47 - [TEST_STEP][PASSED] - for (def index : (0..3)): Object: 'Object Repository/Use loop/Edit-message/Page_phatvo2 - team1 Mattermost/button_Save' is clicked on

2020-06-05 16:45:47 - [TEST_STEP][PASSED] - mouseOver(findTestObject("Use loop/Edit-message/Page_phatvo2 - team1 Mattermost/p_hi")): Object: 'Object Repository/Use loop/Edit-message/Page_phatvo2 - team1 Mattermost/p_hi' is hovered

2020-06-05 16:45:48 - [MESSAGE][PASSED] - Object: 'Object Repository/Use loop/Edit-message/Page_phatvo2 - team1 Mattermost/p_hi' is hovered

2020-06-05 16:45:48 - [TEST_STEP][PASSED] - click(findTestObject("Use loop/Edit-message/Page_phatvo2 - team1 Mattermost/button_phatvo_CENTER_button_9b3ky3ts37n7pf9jx3b63j6b9w")): Object: 'Object Repository/Use loop/Edit-message/Page_phatvo2 - team1 Mattermost/button_phatvo_CENTER_button_9b3ky3ts37n7pf9jx3b63j6b9w' is clicked on

2020-06-05 16:45:49 - [MESSAGE][PASSED] - Object: 'Object Repository/Use loop/Edit-message/Page_phatvo2 - team1 Mattermost/button_phatvo_CENTER_button_9b3ky3ts37n7pf9jx3b63j6b9w' is clicked on

2020-06-05 16:45:49 - [TEST_STEP][PASSED] - click(findTestObject("Use loop/Edit-message/Page_phatvo2 - team1 Mattermost/button_Edit")): Object: 'Object Repository/Use loop/Edit-message/Page_phatvo2 - team1 Mattermost/button_Edit' is clicked on

2020-06-05 16:45:50 - [MESSAGE][PASSED] - Object: 'Object Repository/Use loop/Edit-message/Page_phatvo2 - team1 Mattermost/button_Edit' is clicked on

2020-06-05 16:45:50 - [TEST_STEP][PASSED] - setText(findTestObject("Use loop/Edit-message/Page_phatvo2 - team1 Mattermost/textarea_hi"), message): Text 'editttttttt' is set on object 'Object Repository/Use loop/Edit-message/Page_phatvo2 - team1 Mattermost/textarea_hi'

2020-06-05 16:45:51 - [MESSAGE][PASSED] - Text 'editttttttt' is set on object 'Object Repository/Use loop/Edit-message/Page_phatvo2 - team1 Mattermost/textarea_hi'

2020-06-05 16:45:51 - [TEST_STEP][PASSED] - click(findTestObject("Use loop/Edit-message/Page_phatvo2 - team1 Mattermost/button_Save")): Object: 'Object Repository/Use loop/Edit-message/Page_phatvo2 - team1 Mattermost/button_Save' is clicked on

2020-06-05 16:45:51 - [MESSAGE][PASSED] - Object: 'Object Repository/Use loop/Edit-message/Page_phatvo2 - team1 Mattermost/button_Save' is clicked on

2020-06-05 16:45:51 - [TEST_STEP][PASSED] - mouseOver(findTestObject("Use loop/Edit-message/Page_phatvo2 - team1 Mattermost/p_hi")): Object: 'Object Repository/Use loop/Edit-message/Page_phatvo2 - team1 Mattermost/p_hi' is hovered

2020-06-05 16:45:52 - [MESSAGE][PASSED] - Object: 'Object Repository/Use loop/Edit-message/Page_phatvo2 - team1 Mattermost/p_hi' is hovered

2020-06-05 16:45:52 - [TEST_STEP][PASSED] - click(findTestObject("Use loop/Edit-message/Page_phatvo2 - team1 Mattermost/button_phatvo_CENTER_button_9b3ky3ts37n7pf9jx3b63j6b9w")): Object: 'Object Repository/Use loop/Edit-message/Page_phatvo2 - team1 Mattermost/button_phatvo_CENTER_button_9b3ky3ts37n7pf9jx3b63j6b9w' is clicked on

2020-06-05 16:45:52 - [MESSAGE][PASSED] - Object: 'Object Repository/Use loop/Edit-message/Page_phatvo2 - team1 Mattermost/button_phatvo_CENTER_button_9b3ky3ts37n7pf9jx3b63j6b9w' is clicked on

2020-06-05 16:45:52 - [TEST_STEP][PASSED] - click(findTestObject("Use loop/Edit-message/Page_phatvo2 - team1 Mattermost/button_Edit")): Object: 'Object Repository/Use loop/Edit-message/Page_phatvo2 - team1 Mattermost/button_Edit' is clicked on

2020-06-05 16:45:53 - [MESSAGE][PASSED] - Object: 'Object Repository/Use loop/Edit-message/Page_phatvo2 - team1 Mattermost/button_Edit' is clicked on

2020-06-05 16:45:53 - [TEST_STEP][PASSED] - setText(findTestObject("Use loop/Edit-message/Page_phatvo2 - team1 Mattermost/textarea_hi"), message): Text 'editttttttt' is set on object 'Object Repository/Use loop/Edit-message/Page_phatvo2 - team1 Mattermost/textarea_hi'

2020-06-05 16:45:54 - [MESSAGE][PASSED] - Text 'editttttttt' is set on object 'Object Repository/Use loop/Edit-message/Page_phatvo2 - team1 Mattermost/textarea_hi'

2020-06-05 16:45:54 - [TEST_STEP][PASSED] - click(findTestObject("Use loop/Edit-message/Page_phatvo2 - team1 Mattermost/button_Save")): Object: 'Object Repository/Use loop/Edit-message/Page_phatvo2 - team1 Mattermost/button_Save' is clicked on

2020-06-05 16:45:55 - [MESSAGE][PASSED] - Object: 'Object Repository/Use loop/Edit-message/Page_phatvo2 - team1 Mattermost/button_Save' is clicked on

2020-06-05 16:45:55 - [TEST_STEP][PASSED] - mouseOver(findTestObject("Use loop/Edit-message/Page_phatvo2 - team1 Mattermost/p_hi")): Object: 'Object Repository/Use loop/Edit-message/Page_phatvo2 - team1 Mattermost/p_hi' is hovered

2020-06-05 16:45:55 - [MESSAGE][PASSED] - Object: 'Object Repository/Use loop/Edit-message/Page_phatvo2 - team1 Mattermost/p_hi' is hovered

2020-06-05 16:45:55 - [TEST_STEP][PASSED] - click(findTestObject("Use loop/Edit-message/Page_phatvo2 - team1 Mattermost/button_phatvo_CENTER_button_9b3ky3ts37n7pf9jx3b63j6b9w")): Object: 'Object Repository/Use loop/Edit-message/Page_phatvo2 - team1 Mattermost/button_phatvo_CENTER_button_9b3ky3ts37n7pf9jx3b63j6b9w' is clicked on

2020-06-05 16:45:56 - [MESSAGE][PASSED] - Object: 'Object Repository/Use loop/Edit-message/Page_phatvo2 - team1 Mattermost/button_phatvo_CENTER_button_9b3ky3ts37n7pf9jx3b63j6b9w' is clicked on

2020-06-05 16:45:56 - [TEST_STEP][PASSED] - click(findTestObject("Use loop/Edit-message/Page_phatvo2 - team1 Mattermost/button_Edit")): Object: 'Object Repository/Use loop/Edit-message/Page_phatvo2 - team1 Mattermost/button_Edit' is clicked on

2020-06-05 16:45:56 - [MESSAGE][PASSED] - Object: 'Object Repository/Use loop/Edit-message/Page_phatvo2 - team1 Mattermost/button_Edit' is clicked on

2020-06-05 16:45:56 - [TEST_STEP][PASSED] - setText(findTestObject("Use loop/Edit-message/Page_phatvo2 - team1 Mattermost/textarea_hi"), message): Text 'editttttttt' is set on object 'Object Repository/Use loop/Edit-message/Page_phatvo2 - team1 Mattermost/textarea_hi'

2020-06-05 16:45:57 - [MESSAGE][PASSED] - Text 'editttttttt' is set on object 'Object Repository/Use loop/Edit-message/Page_phatvo2 - team1 Mattermost/textarea_hi'

2020-06-05 16:45:57 - [TEST_STEP][PASSED] - click(findTestObject("Use loop/Edit-message/Page_phatvo2 - team1 Mattermost/button_Save")): Object: 'Object Repository/Use loop/Edit-message/Page_phatvo2 - team1 Mattermost/button_Save' is clicked on

2020-06-05 16:45:58 - [MESSAGE][PASSED] - Object: 'Object Repository/Use loop/Edit-message/Page_phatvo2 - team1 Mattermost/button_Save' is clicked on

2020-06-05 16:45:58 - [TEST_STEP][PASSED] - mouseOver(findTestObject("Use loop/Edit-message/Page_phatvo2 - team1 Mattermost/p_hi")): Object: 'Object Repository/Use loop/Edit-message/Page_phatvo2 - team1 Mattermost/p_hi' is hovered

2020-06-05 16:45:59 - [MESSAGE][PASSED] - Object: 'Object Repository/Use loop/Edit-message/Page_phatvo2 - team1 Mattermost/p_hi' is hovered

2020-06-05 16:45:59 - [TEST_STEP][PASSED] - click(findTestObject("Use loop/Edit-message/Page_phatvo2 - team1 Mattermost/button_phatvo_CENTER_button_9b3ky3ts37n7pf9jx3b63j6b9w")): Object: 'Object Repository/Use loop/Edit-message/Page_phatvo2 - team1 Mattermost/button_phatvo_CENTER_button_9b3ky3ts37n7pf9jx3b63j6b9w' is clicked on

2020-06-05 16:45:59 - [MESSAGE][PASSED] - Object: 'Object Repository/Use loop/Edit-message/Page_phatvo2 - team1 Mattermost/button_phatvo_CENTER_button_9b3ky3ts37n7pf9jx3b63j6b9w' is clicked on

2020-06-05 16:45:59 - [TEST_STEP][PASSED] - click(findTestObject("Use loop/Edit-message/Page_phatvo2 - team1 Mattermost/button_Edit")): Object: 'Object Repository/Use loop/Edit-message/Page_phatvo2 - team1 Mattermost/button_Edit' is clicked on

2020-06-05 16:46:00 - [MESSAGE][PASSED] - Object: 'Object Repository/Use loop/Edit-message/Page_phatvo2 - team1 Mattermost/button_Edit' is clicked on

2020-06-05 16:46:00 - [TEST_STEP][PASSED] - setText(findTestObject("Use loop/Edit-message/Page_phatvo2 - team1 Mattermost/textarea_hi"), message): Text 'editttttttt' is set on object 'Object Repository/Use loop/Edit-message/Page_phatvo2 - team1 Mattermost/textarea_hi'

2020-06-05 16:46:01 - [MESSAGE][PASSED] - Text 'editttttttt' is set on object 'Object Repository/Use loop/Edit-message/Page_phatvo2 - team1 Mattermost/textarea_hi'

2020-06-05 16:46:01 - [TEST_STEP][PASSED] - click(findTestObject("Use loop/Edit-message/Page_phatvo2 - team1 Mattermost/button_Save")): Object: 'Object Repository/Use loop/Edit-message/Page_phatvo2 - team1 Mattermost/button_Save' is clicked on

2020-06-05 16:46:01 - [MESSAGE][PASSED] - Object: 'Object Repository/Use loop/Edit-message/Page_phatvo2 - team1 Mattermost/button_Save' is clicked on

2020-06-05 16:46:01 - [TEST_STEP][PASSED] - closeBrowser(): Browser is closed

2020-06-05 16:46:01 - [MESSAGE][PASSED] - Browser is closed]]></system-out>
         <system-err><![CDATA[]]></system-err>
      </testcase>
      <testcase name="Test Cases/Use loop/Reply_message" time="16.695" classname="Test Cases/Use loop/Reply_message" status="PASSED">
         <system-out><![CDATA[2020-06-05 16:46:01 - [TEST_CASE][PASSED] - Test Cases/Use loop/Reply_message: Test Cases/Use loop/Reply_message

2020-06-05 16:46:01 - [TEST_STEP][PASSED] - callTestCase(findTestCase("UI/Login"), [:], STOP_ON_FAILURE): Call Test Case 'Test Cases/UI/Login' successfully

2020-06-05 16:46:01 - [TEST_CASE][PASSED] - Test Cases/UI/Login: Test Cases/UI/Login

2020-06-05 16:46:01 - [TEST_STEP][PASSED] - openBrowser(""): Browser is opened with url: ''

2020-06-05 16:46:01 - [MESSAGE][INFO] - Starting 'Chrome' driver

2020-06-05 16:46:01 - [MESSAGE][INFO] - Action delay is set to 0 milliseconds

2020-06-05 16:46:02 - [MESSAGE][PASSED] - Browser is opened with url: ''

2020-06-05 16:46:02 - [TEST_STEP][PASSED] - navigateToUrl(url): Navigate to 'http://localhost:8065/login' successfully

2020-06-05 16:46:03 - [MESSAGE][PASSED] - Navigate to 'http://localhost:8065/login' successfully

2020-06-05 16:46:03 - [TEST_STEP][PASSED] - setText(findTestObject("UI/Login/Page_Mattermost/input_All team communication in one place searchable and accessible anywhere_loginId"), email): Text 'phatvo' is set on object 'Object Repository/UI/Login/Page_Mattermost/input_All team communication in one place searchable and accessible anywhere_loginId'

2020-06-05 16:46:04 - [MESSAGE][PASSED] - Text 'phatvo' is set on object 'Object Repository/UI/Login/Page_Mattermost/input_All team communication in one place searchable and accessible anywhere_loginId'

2020-06-05 16:46:04 - [TEST_STEP][PASSED] - setEncryptedText(findTestObject("UI/Login/Page_Mattermost/input_All team communication in one place searchable and accessible anywhere_password"), password): Text ****** has been set on object 'Object Repository/UI/Login/Page_Mattermost/input_All team communication in one place searchable and accessible anywhere_password'

2020-06-05 16:46:05 - [MESSAGE][PASSED] - Text ****** has been set on object 'Object Repository/UI/Login/Page_Mattermost/input_All team communication in one place searchable and accessible anywhere_password'

2020-06-05 16:46:05 - [TEST_STEP][PASSED] - click(findTestObject("UI/Login/Page_Mattermost/button_Sign in")): Object: 'Object Repository/UI/Login/Page_Mattermost/button_Sign in' is clicked on

2020-06-05 16:46:05 - [MESSAGE][PASSED] - Object: 'Object Repository/UI/Login/Page_Mattermost/button_Sign in' is clicked on

2020-06-05 16:46:05 - [MESSAGE][INFO] - =================== Smart XPath Report =======================

2020-06-05 16:46:05 - [MESSAGE][INFO] - Refer to the link below to preview and approve auto healing on broken test objects.

2020-06-05 16:46:05 - [MESSAGE][INFO] - https://docs.katalon.com/katalon-studio/docs/auto-healing-smart-xpath.html

2020-06-05 16:46:05 - [MESSAGE][INFO] - ===============================================================

2020-06-05 16:46:05 - [MESSAGE][PASSED] - Call Test Case 'Test Cases/UI/Login' successfully

2020-06-05 16:46:05 - [TEST_STEP][PASSED] - click(findTestObject("Use loop/Reply_message/Page_Town Square - team1 Mattermost/span_phatvo2")): Object: 'Object Repository/Use loop/Reply_message/Page_Town Square - team1 Mattermost/span_phatvo2' is clicked on

2020-06-05 16:46:08 - [MESSAGE][PASSED] - Object: 'Object Repository/Use loop/Reply_message/Page_Town Square - team1 Mattermost/span_phatvo2' is clicked on

2020-06-05 16:46:08 - [TEST_STEP][PASSED] - mouseOver(findTestObject("Use loop/Reply_message/Page_phatvo2 - team1 Mattermost/p_hi")): Object: 'Object Repository/Use loop/Reply_message/Page_phatvo2 - team1 Mattermost/p_hi' is hovered

2020-06-05 16:46:09 - [MESSAGE][PASSED] - Object: 'Object Repository/Use loop/Reply_message/Page_phatvo2 - team1 Mattermost/p_hi' is hovered

2020-06-05 16:46:09 - [TEST_STEP][PASSED] - click(findTestObject("Use loop/Reply_message/Page_phatvo2 - team1 Mattermost/button_phatvo_CENTER_commentIcon_apf5rbbyo3bxxxt8tatig7tzhw")): Object: 'Object Repository/Use loop/Reply_message/Page_phatvo2 - team1 Mattermost/button_phatvo_CENTER_commentIcon_apf5rbbyo3bxxxt8tatig7tzhw' is clicked on

2020-06-05 16:46:09 - [MESSAGE][PASSED] - Object: 'Object Repository/Use loop/Reply_message/Page_phatvo2 - team1 Mattermost/button_phatvo_CENTER_commentIcon_apf5rbbyo3bxxxt8tatig7tzhw' is clicked on

2020-06-05 16:46:09 - [TEST_STEP][PASSED] - for (def index : (0..3)): Object: 'Object Repository/Use loop/Reply_message/Page_phatvo2 - team1 Mattermost/input_Help_addCommentButton' is clicked on

2020-06-05 16:46:09 - [TEST_STEP][PASSED] - setText(findTestObject("Use loop/Reply_message/Page_phatvo2 - team1 Mattermost/textarea_Add a comment_reply_textbox"), message): Text 'huhu' is set on object 'Object Repository/Use loop/Reply_message/Page_phatvo2 - team1 Mattermost/textarea_Add a comment_reply_textbox'

2020-06-05 16:46:10 - [MESSAGE][PASSED] - Text 'huhu' is set on object 'Object Repository/Use loop/Reply_message/Page_phatvo2 - team1 Mattermost/textarea_Add a comment_reply_textbox'

2020-06-05 16:46:10 - [TEST_STEP][PASSED] - click(findTestObject("Use loop/Reply_message/Page_phatvo2 - team1 Mattermost/input_Help_addCommentButton")): Object: 'Object Repository/Use loop/Reply_message/Page_phatvo2 - team1 Mattermost/input_Help_addCommentButton' is clicked on

2020-06-05 16:46:11 - [MESSAGE][PASSED] - Object: 'Object Repository/Use loop/Reply_message/Page_phatvo2 - team1 Mattermost/input_Help_addCommentButton' is clicked on

2020-06-05 16:46:11 - [TEST_STEP][PASSED] - setText(findTestObject("Use loop/Reply_message/Page_phatvo2 - team1 Mattermost/textarea_Add a comment_reply_textbox"), message): Text 'huhu' is set on object 'Object Repository/Use loop/Reply_message/Page_phatvo2 - team1 Mattermost/textarea_Add a comment_reply_textbox'

2020-06-05 16:46:13 - [MESSAGE][PASSED] - Text 'huhu' is set on object 'Object Repository/Use loop/Reply_message/Page_phatvo2 - team1 Mattermost/textarea_Add a comment_reply_textbox'

2020-06-05 16:46:13 - [TEST_STEP][PASSED] - click(findTestObject("Use loop/Reply_message/Page_phatvo2 - team1 Mattermost/input_Help_addCommentButton")): Object: 'Object Repository/Use loop/Reply_message/Page_phatvo2 - team1 Mattermost/input_Help_addCommentButton' is clicked on

2020-06-05 16:46:13 - [MESSAGE][PASSED] - Object: 'Object Repository/Use loop/Reply_message/Page_phatvo2 - team1 Mattermost/input_Help_addCommentButton' is clicked on

2020-06-05 16:46:13 - [TEST_STEP][PASSED] - setText(findTestObject("Use loop/Reply_message/Page_phatvo2 - team1 Mattermost/textarea_Add a comment_reply_textbox"), message): Text 'huhu' is set on object 'Object Repository/Use loop/Reply_message/Page_phatvo2 - team1 Mattermost/textarea_Add a comment_reply_textbox'

2020-06-05 16:46:15 - [MESSAGE][PASSED] - Text 'huhu' is set on object 'Object Repository/Use loop/Reply_message/Page_phatvo2 - team1 Mattermost/textarea_Add a comment_reply_textbox'

2020-06-05 16:46:15 - [TEST_STEP][PASSED] - click(findTestObject("Use loop/Reply_message/Page_phatvo2 - team1 Mattermost/input_Help_addCommentButton")): Object: 'Object Repository/Use loop/Reply_message/Page_phatvo2 - team1 Mattermost/input_Help_addCommentButton' is clicked on

2020-06-05 16:46:16 - [MESSAGE][PASSED] - Object: 'Object Repository/Use loop/Reply_message/Page_phatvo2 - team1 Mattermost/input_Help_addCommentButton' is clicked on

2020-06-05 16:46:16 - [TEST_STEP][PASSED] - setText(findTestObject("Use loop/Reply_message/Page_phatvo2 - team1 Mattermost/textarea_Add a comment_reply_textbox"), message): Text 'huhu' is set on object 'Object Repository/Use loop/Reply_message/Page_phatvo2 - team1 Mattermost/textarea_Add a comment_reply_textbox'

2020-06-05 16:46:17 - [MESSAGE][PASSED] - Text 'huhu' is set on object 'Object Repository/Use loop/Reply_message/Page_phatvo2 - team1 Mattermost/textarea_Add a comment_reply_textbox'

2020-06-05 16:46:17 - [TEST_STEP][PASSED] - click(findTestObject("Use loop/Reply_message/Page_phatvo2 - team1 Mattermost/input_Help_addCommentButton")): Object: 'Object Repository/Use loop/Reply_message/Page_phatvo2 - team1 Mattermost/input_Help_addCommentButton' is clicked on

2020-06-05 16:46:18 - [MESSAGE][PASSED] - Object: 'Object Repository/Use loop/Reply_message/Page_phatvo2 - team1 Mattermost/input_Help_addCommentButton' is clicked on

2020-06-05 16:46:18 - [TEST_STEP][PASSED] - closeBrowser(): Browser is closed

2020-06-05 16:46:18 - [MESSAGE][PASSED] - Browser is closed]]></system-out>
         <system-err><![CDATA[]]></system-err>
      </testcase>
      <testcase name="Test Cases/Use loop/Direct_message" time="15.859" classname="Test Cases/Use loop/Direct_message" status="PASSED">
         <system-out><![CDATA[2020-06-05 16:46:18 - [TEST_CASE][PASSED] - Test Cases/Use loop/Direct_message: Test Cases/Use loop/Direct_message

2020-06-05 16:46:18 - [TEST_STEP][PASSED] - callTestCase(findTestCase("UI/Login"), [:], STOP_ON_FAILURE): Call Test Case 'Test Cases/UI/Login' successfully

2020-06-05 16:46:18 - [TEST_CASE][PASSED] - Test Cases/UI/Login: Test Cases/UI/Login

2020-06-05 16:46:18 - [TEST_STEP][PASSED] - openBrowser(""): Browser is opened with url: ''

2020-06-05 16:46:18 - [MESSAGE][INFO] - Starting 'Chrome' driver

2020-06-05 16:46:18 - [MESSAGE][INFO] - Action delay is set to 0 milliseconds

2020-06-05 16:46:19 - [MESSAGE][PASSED] - Browser is opened with url: ''

2020-06-05 16:46:19 - [TEST_STEP][PASSED] - navigateToUrl(url): Navigate to 'http://localhost:8065/login' successfully

2020-06-05 16:46:20 - [MESSAGE][PASSED] - Navigate to 'http://localhost:8065/login' successfully

2020-06-05 16:46:20 - [TEST_STEP][PASSED] - setText(findTestObject("UI/Login/Page_Mattermost/input_All team communication in one place searchable and accessible anywhere_loginId"), email): Text 'phatvo' is set on object 'Object Repository/UI/Login/Page_Mattermost/input_All team communication in one place searchable and accessible anywhere_loginId'

2020-06-05 16:46:21 - [MESSAGE][PASSED] - Text 'phatvo' is set on object 'Object Repository/UI/Login/Page_Mattermost/input_All team communication in one place searchable and accessible anywhere_loginId'

2020-06-05 16:46:21 - [TEST_STEP][PASSED] - setEncryptedText(findTestObject("UI/Login/Page_Mattermost/input_All team communication in one place searchable and accessible anywhere_password"), password): Text ****** has been set on object 'Object Repository/UI/Login/Page_Mattermost/input_All team communication in one place searchable and accessible anywhere_password'

2020-06-05 16:46:22 - [MESSAGE][PASSED] - Text ****** has been set on object 'Object Repository/UI/Login/Page_Mattermost/input_All team communication in one place searchable and accessible anywhere_password'

2020-06-05 16:46:22 - [TEST_STEP][PASSED] - click(findTestObject("UI/Login/Page_Mattermost/button_Sign in")): Object: 'Object Repository/UI/Login/Page_Mattermost/button_Sign in' is clicked on

2020-06-05 16:46:22 - [MESSAGE][PASSED] - Object: 'Object Repository/UI/Login/Page_Mattermost/button_Sign in' is clicked on

2020-06-05 16:46:22 - [MESSAGE][INFO] - =================== Smart XPath Report =======================

2020-06-05 16:46:22 - [MESSAGE][INFO] - Refer to the link below to preview and approve auto healing on broken test objects.

2020-06-05 16:46:22 - [MESSAGE][INFO] - https://docs.katalon.com/katalon-studio/docs/auto-healing-smart-xpath.html

2020-06-05 16:46:22 - [MESSAGE][INFO] - ===============================================================

2020-06-05 16:46:22 - [MESSAGE][PASSED] - Call Test Case 'Test Cases/UI/Login' successfully

2020-06-05 16:46:22 - [TEST_STEP][PASSED] - click(findTestObject("Use loop/Direct_message/Page_Town Square - hp Mattermost/span_")): Object: 'Object Repository/Use loop/Direct_message/Page_Town Square - hp Mattermost/span_' is clicked on

2020-06-05 16:46:24 - [MESSAGE][PASSED] - Object: 'Object Repository/Use loop/Direct_message/Page_Town Square - hp Mattermost/span_' is clicked on

2020-06-05 16:46:24 - [TEST_STEP][PASSED] - click(findTestObject("Use loop/Direct_message/Page_Town Square - hp Mattermost/div_votanphatb21gmailcom_more-modal__actions--round")): Object: 'Object Repository/Use loop/Direct_message/Page_Town Square - hp Mattermost/div_votanphatb21gmailcom_more-modal__actions--round' is clicked on

2020-06-05 16:46:25 - [MESSAGE][PASSED] - Object: 'Object Repository/Use loop/Direct_message/Page_Town Square - hp Mattermost/div_votanphatb21gmailcom_more-modal__actions--round' is clicked on

2020-06-05 16:46:25 - [TEST_STEP][PASSED] - click(findTestObject("Use loop/Direct_message/Page_Town Square - hp Mattermost/button_Go")): Object: 'Object Repository/Use loop/Direct_message/Page_Town Square - hp Mattermost/button_Go' is clicked on

2020-06-05 16:46:26 - [MESSAGE][PASSED] - Object: 'Object Repository/Use loop/Direct_message/Page_Town Square - hp Mattermost/button_Go' is clicked on

2020-06-05 16:46:26 - [TEST_STEP][PASSED] - for (def index : (0..3)): Keys 'ENTER + ' sent to object: 'Object Repository/Use loop/Direct_message/Page_tanphat - hp Mattermost/textarea_Write to tanphat_post_textbox'

2020-06-05 16:46:26 - [TEST_STEP][PASSED] - setText(findTestObject("Use loop/Direct_message/Page_tanphat - hp Mattermost/textarea_Write to tanphat_post_textbox"), message): Text 'hi' is set on object 'Object Repository/Use loop/Direct_message/Page_tanphat - hp Mattermost/textarea_Write to tanphat_post_textbox'

2020-06-05 16:46:27 - [MESSAGE][PASSED] - Text 'hi' is set on object 'Object Repository/Use loop/Direct_message/Page_tanphat - hp Mattermost/textarea_Write to tanphat_post_textbox'

2020-06-05 16:46:27 - [TEST_STEP][PASSED] - sendKeys(findTestObject("Use loop/Direct_message/Page_tanphat - hp Mattermost/textarea_Write to tanphat_post_textbox"), Keys.chord(ENTER)): Keys 'ENTER + ' sent to object: 'Object Repository/Use loop/Direct_message/Page_tanphat - hp Mattermost/textarea_Write to tanphat_post_textbox'

2020-06-05 16:46:28 - [MESSAGE][PASSED] - Keys 'ENTER + ' sent to object: 'Object Repository/Use loop/Direct_message/Page_tanphat - hp Mattermost/textarea_Write to tanphat_post_textbox'

2020-06-05 16:46:28 - [TEST_STEP][PASSED] - setText(findTestObject("Use loop/Direct_message/Page_tanphat - hp Mattermost/textarea_Write to tanphat_post_textbox"), message): Text 'hi' is set on object 'Object Repository/Use loop/Direct_message/Page_tanphat - hp Mattermost/textarea_Write to tanphat_post_textbox'

2020-06-05 16:46:29 - [MESSAGE][PASSED] - Text 'hi' is set on object 'Object Repository/Use loop/Direct_message/Page_tanphat - hp Mattermost/textarea_Write to tanphat_post_textbox'

2020-06-05 16:46:29 - [TEST_STEP][PASSED] - sendKeys(findTestObject("Use loop/Direct_message/Page_tanphat - hp Mattermost/textarea_Write to tanphat_post_textbox"), Keys.chord(ENTER)): Keys 'ENTER + ' sent to object: 'Object Repository/Use loop/Direct_message/Page_tanphat - hp Mattermost/textarea_Write to tanphat_post_textbox'

2020-06-05 16:46:30 - [MESSAGE][PASSED] - Keys 'ENTER + ' sent to object: 'Object Repository/Use loop/Direct_message/Page_tanphat - hp Mattermost/textarea_Write to tanphat_post_textbox'

2020-06-05 16:46:30 - [TEST_STEP][PASSED] - setText(findTestObject("Use loop/Direct_message/Page_tanphat - hp Mattermost/textarea_Write to tanphat_post_textbox"), message): Text 'hi' is set on object 'Object Repository/Use loop/Direct_message/Page_tanphat - hp Mattermost/textarea_Write to tanphat_post_textbox'

2020-06-05 16:46:31 - [MESSAGE][PASSED] - Text 'hi' is set on object 'Object Repository/Use loop/Direct_message/Page_tanphat - hp Mattermost/textarea_Write to tanphat_post_textbox'

2020-06-05 16:46:31 - [TEST_STEP][PASSED] - sendKeys(findTestObject("Use loop/Direct_message/Page_tanphat - hp Mattermost/textarea_Write to tanphat_post_textbox"), Keys.chord(ENTER)): Keys 'ENTER + ' sent to object: 'Object Repository/Use loop/Direct_message/Page_tanphat - hp Mattermost/textarea_Write to tanphat_post_textbox'

2020-06-05 16:46:32 - [MESSAGE][PASSED] - Keys 'ENTER + ' sent to object: 'Object Repository/Use loop/Direct_message/Page_tanphat - hp Mattermost/textarea_Write to tanphat_post_textbox'

2020-06-05 16:46:32 - [TEST_STEP][PASSED] - setText(findTestObject("Use loop/Direct_message/Page_tanphat - hp Mattermost/textarea_Write to tanphat_post_textbox"), message): Text 'hi' is set on object 'Object Repository/Use loop/Direct_message/Page_tanphat - hp Mattermost/textarea_Write to tanphat_post_textbox'

2020-06-05 16:46:33 - [MESSAGE][PASSED] - Text 'hi' is set on object 'Object Repository/Use loop/Direct_message/Page_tanphat - hp Mattermost/textarea_Write to tanphat_post_textbox'

2020-06-05 16:46:33 - [TEST_STEP][PASSED] - sendKeys(findTestObject("Use loop/Direct_message/Page_tanphat - hp Mattermost/textarea_Write to tanphat_post_textbox"), Keys.chord(ENTER)): Keys 'ENTER + ' sent to object: 'Object Repository/Use loop/Direct_message/Page_tanphat - hp Mattermost/textarea_Write to tanphat_post_textbox'

2020-06-05 16:46:34 - [MESSAGE][PASSED] - Keys 'ENTER + ' sent to object: 'Object Repository/Use loop/Direct_message/Page_tanphat - hp Mattermost/textarea_Write to tanphat_post_textbox'

2020-06-05 16:46:34 - [TEST_STEP][PASSED] - closeBrowser(): Browser is closed

2020-06-05 16:46:34 - [MESSAGE][PASSED] - Browser is closed]]></system-out>
         <system-err><![CDATA[]]></system-err>
      </testcase>
      <testcase name="Test Cases/Switch case/Search_comment" time="8.877" classname="Test Cases/Switch case/Search_comment" status="PASSED">
         <system-out><![CDATA[2020-06-05 16:46:34 - [TEST_CASE][PASSED] - Test Cases/Switch case/Search_comment: Test Cases/Switch case/Search_comment

2020-06-05 16:46:34 - [TEST_STEP][PASSED] - openBrowser(""): Browser is opened with url: ''

2020-06-05 16:46:34 - [MESSAGE][INFO] - Starting 'Chrome' driver

2020-06-05 16:46:34 - [MESSAGE][INFO] - Action delay is set to 0 milliseconds

2020-06-05 16:46:34 - [MESSAGE][PASSED] - Browser is opened with url: ''

2020-06-05 16:46:34 - [TEST_STEP][PASSED] - navigateToUrl("http://localhost:8065/"): Navigate to 'http://localhost:8065/' successfully

2020-06-05 16:46:36 - [MESSAGE][PASSED] - Navigate to 'http://localhost:8065/' successfully

2020-06-05 16:46:36 - [TEST_STEP][PASSED] - setText(findTestObject("Use switch case/Page_Mattermost/input_All team communication in one place s_703ef5"), "phatvo"): Text 'phatvo' is set on object 'Object Repository/Use switch case/Page_Mattermost/input_All team communication in one place s_703ef5'

2020-06-05 16:46:37 - [MESSAGE][PASSED] - Text 'phatvo' is set on object 'Object Repository/Use switch case/Page_Mattermost/input_All team communication in one place s_703ef5'

2020-06-05 16:46:37 - [TEST_STEP][PASSED] - setEncryptedText(findTestObject("Use switch case/Page_Mattermost/input_All team communication in one place s_2f2733"), "RigbBhfdqOBGNlJIWM1ClA=="): Text ****** has been set on object 'Object Repository/Use switch case/Page_Mattermost/input_All team communication in one place s_2f2733'

2020-06-05 16:46:37 - [MESSAGE][PASSED] - Text ****** has been set on object 'Object Repository/Use switch case/Page_Mattermost/input_All team communication in one place s_2f2733'

2020-06-05 16:46:37 - [TEST_STEP][PASSED] - sendKeys(findTestObject("Use switch case/Page_Mattermost/input_All team communication in one place s_2f2733"), Keys.chord(ENTER)): Keys 'ENTER + ' sent to object: 'Object Repository/Use switch case/Page_Mattermost/input_All team communication in one place s_2f2733'

2020-06-05 16:46:38 - [MESSAGE][PASSED] - Keys 'ENTER + ' sent to object: 'Object Repository/Use switch case/Page_Mattermost/input_All team communication in one place s_2f2733'

2020-06-05 16:46:38 - [TEST_STEP][PASSED] - click(findTestObject("Use switch case/Page_Town Square - My Team Mattermost/svg")): Object: 'Object Repository/Use switch case/Page_Town Square - My Team Mattermost/svg' is clicked on

2020-06-05 16:46:40 - [MESSAGE][PASSED] - Object: 'Object Repository/Use switch case/Page_Town Square - My Team Mattermost/svg' is clicked on

2020-06-05 16:46:40 - [TEST_STEP][PASSED] - setText(findTestObject("Use switch case/Page_Town Square - My Team Mattermost/input_System Console_sbrSearchBox"), VarA): Text 'hello' is set on object 'Object Repository/Use switch case/Page_Town Square - My Team Mattermost/input_System Console_sbrSearchBox'

2020-06-05 16:46:41 - [MESSAGE][PASSED] - Text 'hello' is set on object 'Object Repository/Use switch case/Page_Town Square - My Team Mattermost/input_System Console_sbrSearchBox'

2020-06-05 16:46:41 - [TEST_STEP][PASSED] - sendKeys(findTestObject("Use switch case/Page_Town Square - My Team Mattermost/input_System Console_sbrSearchBox"), Keys.chord(ENTER)): Keys 'ENTER + ' sent to object: 'Object Repository/Use switch case/Page_Town Square - My Team Mattermost/input_System Console_sbrSearchBox'

2020-06-05 16:46:42 - [MESSAGE][PASSED] - Keys 'ENTER + ' sent to object: 'Object Repository/Use switch case/Page_Town Square - My Team Mattermost/input_System Console_sbrSearchBox'

2020-06-05 16:46:42 - [TEST_STEP][PASSED] - switch (VarA): null

2020-06-05 16:46:42 - [TEST_STEP][PASSED] - case "hello":: null

2020-06-05 16:46:42 - [TEST_STEP][PASSED] - sendKeys(findTestObject("Use switch case/Page_Town Square - My Team Mattermost/input_System Console_sbrSearchBox"), Keys.chord(ENTER)): Keys 'ENTER + ' sent to object: 'Object Repository/Use switch case/Page_Town Square - My Team Mattermost/input_System Console_sbrSearchBox'

2020-06-05 16:46:43 - [MESSAGE][PASSED] - Keys 'ENTER + ' sent to object: 'Object Repository/Use switch case/Page_Town Square - My Team Mattermost/input_System Console_sbrSearchBox'

2020-06-05 16:46:43 - [TEST_STEP][PASSED] - break: null

2020-06-05 16:46:43 - [TEST_STEP][PASSED] - closeBrowser(): Browser is closed

2020-06-05 16:46:43 - [MESSAGE][PASSED] - Browser is closed]]></system-out>
         <system-err><![CDATA[]]></system-err>
      </testcase>
      <testcase name="Test Cases/Switch case/Change_channel" time="8.242" classname="Test Cases/Switch case/Change_channel" status="PASSED">
         <system-out><![CDATA[2020-06-05 16:46:43 - [TEST_CASE][PASSED] - Test Cases/Switch case/Change_channel: Test Cases/Switch case/Change_channel

2020-06-05 16:46:43 - [TEST_STEP][PASSED] - openBrowser(""): Browser is opened with url: ''

2020-06-05 16:46:43 - [MESSAGE][INFO] - Starting 'Chrome' driver

2020-06-05 16:46:43 - [MESSAGE][INFO] - Action delay is set to 0 milliseconds

2020-06-05 16:46:43 - [MESSAGE][PASSED] - Browser is opened with url: ''

2020-06-05 16:46:43 - [TEST_STEP][PASSED] - navigateToUrl("http://localhost:8065/"): Navigate to 'http://localhost:8065/' successfully

2020-06-05 16:46:44 - [MESSAGE][PASSED] - Navigate to 'http://localhost:8065/' successfully

2020-06-05 16:46:44 - [TEST_STEP][PASSED] - setText(findTestObject("Use switch case/Page_Mattermost/input_All team communication in one place s_703ef5"), Email): Text 'phatvo' is set on object 'Object Repository/Use switch case/Page_Mattermost/input_All team communication in one place s_703ef5'

2020-06-05 16:46:46 - [MESSAGE][PASSED] - Text 'phatvo' is set on object 'Object Repository/Use switch case/Page_Mattermost/input_All team communication in one place s_703ef5'

2020-06-05 16:46:46 - [TEST_STEP][PASSED] - setEncryptedText(findTestObject("Use switch case/Page_Mattermost/input_All team communication in one place s_2f2733"), Password): Text ****** has been set on object 'Object Repository/Use switch case/Page_Mattermost/input_All team communication in one place s_2f2733'

2020-06-05 16:46:46 - [MESSAGE][PASSED] - Text ****** has been set on object 'Object Repository/Use switch case/Page_Mattermost/input_All team communication in one place s_2f2733'

2020-06-05 16:46:46 - [TEST_STEP][PASSED] - switch (Email): null

2020-06-05 16:46:46 - [TEST_STEP][PASSED] - case "phatvo":: Object: 'Object Repository/Use switch case/Page_Mattermost/span_Sign in' is clicked on

2020-06-05 16:46:46 - [TEST_STEP][PASSED] - if (Password == "RigbBhfdqOBGNlJIWM1ClA=="): Object: 'Object Repository/Use switch case/Page_Mattermost/span_Sign in' is clicked on

2020-06-05 16:46:46 - [TEST_STEP][PASSED] - click(findTestObject("Use switch case/Page_Mattermost/span_Sign in")): Object: 'Object Repository/Use switch case/Page_Mattermost/span_Sign in' is clicked on

2020-06-05 16:46:47 - [MESSAGE][PASSED] - Object: 'Object Repository/Use switch case/Page_Mattermost/span_Sign in' is clicked on

2020-06-05 16:46:47 - [TEST_STEP][PASSED] - Default: null

2020-06-05 16:46:47 - [TEST_STEP][PASSED] - break: null

2020-06-05 16:46:47 - [TEST_STEP][PASSED] - click(findTestObject("Use switch case/Page_Town Square - My Team Mattermost/span_Switch Channels")): Object: 'Object Repository/Use switch case/Page_Town Square - My Team Mattermost/span_Switch Channels' is clicked on

2020-06-05 16:46:49 - [MESSAGE][PASSED] - Object: 'Object Repository/Use switch case/Page_Town Square - My Team Mattermost/span_Switch Channels' is clicked on

2020-06-05 16:46:49 - [TEST_STEP][PASSED] - setText(findTestObject("Use switch case/Page_Town Square - My Team Mattermost/input_Type to find a channel Use  to browse_c1b80e"), ChannelName): Text 'public channel' is set on object 'Object Repository/Use switch case/Page_Town Square - My Team Mattermost/input_Type to find a channel Use  to browse_c1b80e'

2020-06-05 16:46:50 - [MESSAGE][PASSED] - Text 'public channel' is set on object 'Object Repository/Use switch case/Page_Town Square - My Team Mattermost/input_Type to find a channel Use  to browse_c1b80e'

2020-06-05 16:46:50 - [TEST_STEP][PASSED] - switch (ChannelName): null

2020-06-05 16:46:50 - [TEST_STEP][PASSED] - case "public channel":: Keys 'ENTER + ' sent to object: 'Object Repository/Use switch case/Page_Town Square - My Team Mattermost/input_Type to find a channel Use  to browse_c1b80e'

2020-06-05 16:46:50 - [TEST_STEP][PASSED] - sendKeys(findTestObject("Use switch case/Page_Town Square - My Team Mattermost/input_Type to find a channel Use  to browse_c1b80e"), Keys.chord(ENTER)): Keys 'ENTER + ' sent to object: 'Object Repository/Use switch case/Page_Town Square - My Team Mattermost/input_Type to find a channel Use  to browse_c1b80e'

2020-06-05 16:46:51 - [MESSAGE][PASSED] - Keys 'ENTER + ' sent to object: 'Object Repository/Use switch case/Page_Town Square - My Team Mattermost/input_Type to find a channel Use  to browse_c1b80e'

2020-06-05 16:46:51 - [TEST_STEP][PASSED] - Default: null

2020-06-05 16:46:51 - [TEST_STEP][PASSED] - break: null]]></system-out>
         <system-err><![CDATA[]]></system-err>
      </testcase>
      <testcase name="Test Cases/Switch case/Login_fail" time="3.869" classname="Test Cases/Switch case/Login_fail" status="ERROR">
         <error type="ERROR" message="Test Cases/Switch case/Login_fail FAILED.
Reason:
groovy.lang.MissingMethodException: No signature of method: java.io.PrintStream.printfln() is applicable for argument types: (java.lang.String) values: [Password Erorr .]
Possible solutions: println(java.lang.String), println(), println(), println([C), println(boolean), println(char)
	at Login_fail.run(Login_fail:35)
	at com.kms.katalon.core.main.ScriptEngine.run(ScriptEngine.java:194)
	at com.kms.katalon.core.main.ScriptEngine.runScriptAsRawText(ScriptEngine.java:119)
	at com.kms.katalon.core.main.TestCaseExecutor.runScript(TestCaseExecutor.java:337)
	at com.kms.katalon.core.main.TestCaseExecutor.doExecute(TestCaseExecutor.java:328)
	at com.kms.katalon.core.main.TestCaseExecutor.processExecutionPhase(TestCaseExecutor.java:307)
	at com.kms.katalon.core.main.TestCaseExecutor.accessMainPhase(TestCaseExecutor.java:299)
	at com.kms.katalon.core.main.TestCaseExecutor.execute(TestCaseExecutor.java:233)
	at com.kms.katalon.core.main.TestSuiteExecutor.accessTestCaseMainPhase(TestSuiteExecutor.java:169)
	at com.kms.katalon.core.main.TestSuiteExecutor.accessTestSuiteMainPhase(TestSuiteExecutor.java:142)
	at com.kms.katalon.core.main.TestSuiteExecutor.execute(TestSuiteExecutor.java:91)
	at com.kms.katalon.core.main.TestCaseMain.startTestSuite(TestCaseMain.java:157)
	at com.kms.katalon.core.main.TestCaseMain$startTestSuite$0.call(Unknown Source)
	at TempTestSuite1591349893024.run(TempTestSuite1591349893024.groovy:37)
"/>
         <system-out><![CDATA[2020-06-05 16:46:51 - [TEST_CASE][ERROR] - Test Cases/Switch case/Login_fail: Test Cases/Switch case/Login_fail FAILED.
Reason:
groovy.lang.MissingMethodException: No signature of method: java.io.PrintStream.printfln() is applicable for argument types: (java.lang.String) values: [Password Erorr .]
Possible solutions: println(java.lang.String), println(), println(), println([C), println(boolean), println(char)
	at Login_fail.run(Login_fail:35)
	at com.kms.katalon.core.main.ScriptEngine.run(ScriptEngine.java:194)
	at com.kms.katalon.core.main.ScriptEngine.runScriptAsRawText(ScriptEngine.java:119)
	at com.kms.katalon.core.main.TestCaseExecutor.runScript(TestCaseExecutor.java:337)
	at com.kms.katalon.core.main.TestCaseExecutor.doExecute(TestCaseExecutor.java:328)
	at com.kms.katalon.core.main.TestCaseExecutor.processExecutionPhase(TestCaseExecutor.java:307)
	at com.kms.katalon.core.main.TestCaseExecutor.accessMainPhase(TestCaseExecutor.java:299)
	at com.kms.katalon.core.main.TestCaseExecutor.execute(TestCaseExecutor.java:233)
	at com.kms.katalon.core.main.TestSuiteExecutor.accessTestCaseMainPhase(TestSuiteExecutor.java:169)
	at com.kms.katalon.core.main.TestSuiteExecutor.accessTestSuiteMainPhase(TestSuiteExecutor.java:142)
	at com.kms.katalon.core.main.TestSuiteExecutor.execute(TestSuiteExecutor.java:91)
	at com.kms.katalon.core.main.TestCaseMain.startTestSuite(TestCaseMain.java:157)
	at com.kms.katalon.core.main.TestCaseMain$startTestSuite$0.call(Unknown Source)
	at TempTestSuite1591349893024.run(TempTestSuite1591349893024.groovy:37)


2020-06-05 16:46:51 - [TEST_STEP][PASSED] - openBrowser(""): Browser is opened with url: ''

2020-06-05 16:46:51 - [MESSAGE][WARNING] - A browser is already opened. Closing browser and opening a new one

2020-06-05 16:46:51 - [MESSAGE][INFO] - Starting 'Chrome' driver

2020-06-05 16:46:51 - [MESSAGE][INFO] - Action delay is set to 0 milliseconds

2020-06-05 16:46:52 - [MESSAGE][PASSED] - Browser is opened with url: ''

2020-06-05 16:46:52 - [TEST_STEP][PASSED] - navigateToUrl("http://localhost:8065/"): Navigate to 'http://localhost:8065/' successfully

2020-06-05 16:46:53 - [MESSAGE][PASSED] - Navigate to 'http://localhost:8065/' successfully

2020-06-05 16:46:53 - [TEST_STEP][PASSED] - setText(findTestObject("UI/Login/Page_Mattermost/input_All team communication in one place searchable and accessible anywhere_loginId"), Email): Text 'phatvo' is set on object 'Object Repository/UI/Login/Page_Mattermost/input_All team communication in one place searchable and accessible anywhere_loginId'

2020-06-05 16:46:54 - [MESSAGE][PASSED] - Text 'phatvo' is set on object 'Object Repository/UI/Login/Page_Mattermost/input_All team communication in one place searchable and accessible anywhere_loginId'

2020-06-05 16:46:54 - [TEST_STEP][PASSED] - setText(findTestObject("UI/Login/Page_Mattermost/input_All team communication in one place searchable and accessible anywhere_password"), Password): Text 'BhfdqOBGNlJIWM1ClA==' is set on object 'Object Repository/UI/Login/Page_Mattermost/input_All team communication in one place searchable and accessible anywhere_password'

2020-06-05 16:46:55 - [MESSAGE][PASSED] - Text 'BhfdqOBGNlJIWM1ClA==' is set on object 'Object Repository/UI/Login/Page_Mattermost/input_All team communication in one place searchable and accessible anywhere_password'

2020-06-05 16:46:55 - [TEST_STEP][PASSED] - switch (Email): null

2020-06-05 16:46:55 - [TEST_STEP][PASSED] - case "phatvo":: null

2020-06-05 16:46:55 - [TEST_STEP][PASSED] - if (Password == "RigbBhfdqOBGNlJIWM1ClA=="): null

2020-06-05 16:46:55 - [TEST_STEP][PASSED] - else: null

2020-06-05 16:46:55 - [TEST_STEP][PASSED] - out.printfln("Password Erorr ."): null]]></system-out>
         <system-err><![CDATA[2020-06-05 16:46:51 - [TEST_CASE][ERROR] - Test Cases/Switch case/Login_fail: Test Cases/Switch case/Login_fail FAILED.
Reason:
groovy.lang.MissingMethodException: No signature of method: java.io.PrintStream.printfln() is applicable for argument types: (java.lang.String) values: [Password Erorr .]
Possible solutions: println(java.lang.String), println(), println(), println([C), println(boolean), println(char)
	at Login_fail.run(Login_fail:35)
	at com.kms.katalon.core.main.ScriptEngine.run(ScriptEngine.java:194)
	at com.kms.katalon.core.main.ScriptEngine.runScriptAsRawText(ScriptEngine.java:119)
	at com.kms.katalon.core.main.TestCaseExecutor.runScript(TestCaseExecutor.java:337)
	at com.kms.katalon.core.main.TestCaseExecutor.doExecute(TestCaseExecutor.java:328)
	at com.kms.katalon.core.main.TestCaseExecutor.processExecutionPhase(TestCaseExecutor.java:307)
	at com.kms.katalon.core.main.TestCaseExecutor.accessMainPhase(TestCaseExecutor.java:299)
	at com.kms.katalon.core.main.TestCaseExecutor.execute(TestCaseExecutor.java:233)
	at com.kms.katalon.core.main.TestSuiteExecutor.accessTestCaseMainPhase(TestSuiteExecutor.java:169)
	at com.kms.katalon.core.main.TestSuiteExecutor.accessTestSuiteMainPhase(TestSuiteExecutor.java:142)
	at com.kms.katalon.core.main.TestSuiteExecutor.execute(TestSuiteExecutor.java:91)
	at com.kms.katalon.core.main.TestCaseMain.startTestSuite(TestCaseMain.java:157)
	at com.kms.katalon.core.main.TestCaseMain$startTestSuite$0.call(Unknown Source)
	at TempTestSuite1591349893024.run(TempTestSuite1591349893024.groovy:37)]]></system-err>
      </testcase>
      <testcase name="Test Cases/Switch case/New_comment" time="7.354" classname="Test Cases/Switch case/New_comment" status="PASSED">
         <system-out><![CDATA[2020-06-05 16:46:55 - [TEST_CASE][PASSED] - Test Cases/Switch case/New_comment: Test Cases/Switch case/New_comment

2020-06-05 16:46:55 - [TEST_STEP][PASSED] - openBrowser(""): Browser is opened with url: ''

2020-06-05 16:46:55 - [MESSAGE][WARNING] - A browser is already opened. Closing browser and opening a new one

2020-06-05 16:46:55 - [MESSAGE][INFO] - Starting 'Chrome' driver

2020-06-05 16:46:55 - [MESSAGE][INFO] - Action delay is set to 0 milliseconds

2020-06-05 16:46:55 - [MESSAGE][PASSED] - Browser is opened with url: ''

2020-06-05 16:46:55 - [TEST_STEP][PASSED] - navigateToUrl("http://localhost:8065/"): Navigate to 'http://localhost:8065/' successfully

2020-06-05 16:46:56 - [MESSAGE][PASSED] - Navigate to 'http://localhost:8065/' successfully

2020-06-05 16:46:56 - [TEST_STEP][PASSED] - setText(findTestObject("Use switch case/Page_Mattermost/input_All team communication in one place s_703ef5"), "phatvo"): Text 'phatvo' is set on object 'Object Repository/Use switch case/Page_Mattermost/input_All team communication in one place s_703ef5'

2020-06-05 16:46:58 - [MESSAGE][PASSED] - Text 'phatvo' is set on object 'Object Repository/Use switch case/Page_Mattermost/input_All team communication in one place s_703ef5'

2020-06-05 16:46:58 - [TEST_STEP][PASSED] - setEncryptedText(findTestObject("Use switch case/Page_Mattermost/input_All team communication in one place s_2f2733"), "RigbBhfdqOBGNlJIWM1ClA=="): Text ****** has been set on object 'Object Repository/Use switch case/Page_Mattermost/input_All team communication in one place s_2f2733'

2020-06-05 16:46:58 - [MESSAGE][PASSED] - Text ****** has been set on object 'Object Repository/Use switch case/Page_Mattermost/input_All team communication in one place s_2f2733'

2020-06-05 16:46:58 - [TEST_STEP][PASSED] - sendKeys(findTestObject("Use switch case/Page_Mattermost/input_All team communication in one place s_2f2733"), Keys.chord(ENTER)): Keys 'ENTER + ' sent to object: 'Object Repository/Use switch case/Page_Mattermost/input_All team communication in one place s_2f2733'

2020-06-05 16:46:59 - [MESSAGE][PASSED] - Keys 'ENTER + ' sent to object: 'Object Repository/Use switch case/Page_Mattermost/input_All team communication in one place s_2f2733'

2020-06-05 16:46:59 - [TEST_STEP][PASSED] - setText(findTestObject("Use switch case/Page_Town Square - My Team Mattermost/textarea_new cmt la da"), var): Text '' is set on object 'Object Repository/Use switch case/Page_Town Square - My Team Mattermost/textarea_new cmt la da'

2020-06-05 16:47:01 - [MESSAGE][PASSED] - Text '' is set on object 'Object Repository/Use switch case/Page_Town Square - My Team Mattermost/textarea_new cmt la da'

2020-06-05 16:47:01 - [TEST_STEP][PASSED] - switch (var): null

2020-06-05 16:47:01 - [TEST_STEP][PASSED] - Default: null

2020-06-05 16:47:01 - [TEST_STEP][PASSED] - setText(findTestObject("Use switch case/Page_Town Square - My Team Mattermost/textarea_oh i am sorr"), "it is falt"): Text 'it is falt' is set on object 'Object Repository/Use switch case/Page_Town Square - My Team Mattermost/textarea_oh i am sorr'

2020-06-05 16:47:02 - [MESSAGE][PASSED] - Text 'it is falt' is set on object 'Object Repository/Use switch case/Page_Town Square - My Team Mattermost/textarea_oh i am sorr'

2020-06-05 16:47:02 - [TEST_STEP][PASSED] - break: null

2020-06-05 16:47:02 - [TEST_STEP][PASSED] - closeBrowser(): Browser is closed

2020-06-05 16:47:02 - [MESSAGE][PASSED] - Browser is closed]]></system-out>
         <system-err><![CDATA[]]></system-err>
      </testcase>
      <testcase name="Test Cases/Switch case/Login_success" time="3.941" classname="Test Cases/Switch case/Login_success" status="PASSED">
         <system-out><![CDATA[2020-06-05 16:47:02 - [TEST_CASE][PASSED] - Test Cases/Switch case/Login_success: Test Cases/Switch case/Login_success

2020-06-05 16:47:02 - [TEST_STEP][PASSED] - openBrowser(""): Browser is opened with url: ''

2020-06-05 16:47:02 - [MESSAGE][INFO] - Starting 'Chrome' driver

2020-06-05 16:47:02 - [MESSAGE][INFO] - Action delay is set to 0 milliseconds

2020-06-05 16:47:03 - [MESSAGE][PASSED] - Browser is opened with url: ''

2020-06-05 16:47:03 - [TEST_STEP][PASSED] - navigateToUrl("http://localhost:8065/"): Navigate to 'http://localhost:8065/' successfully

2020-06-05 16:47:04 - [MESSAGE][PASSED] - Navigate to 'http://localhost:8065/' successfully

2020-06-05 16:47:04 - [TEST_STEP][PASSED] - setText(findTestObject("Use switch case/Page_Mattermost/input_All team communication in one place s_703ef5"), Email): Text 'phatvo' is set on object 'Object Repository/Use switch case/Page_Mattermost/input_All team communication in one place s_703ef5'

2020-06-05 16:47:05 - [MESSAGE][PASSED] - Text 'phatvo' is set on object 'Object Repository/Use switch case/Page_Mattermost/input_All team communication in one place s_703ef5'

2020-06-05 16:47:05 - [TEST_STEP][PASSED] - setEncryptedText(findTestObject("Use switch case/Page_Mattermost/input_All team communication in one place s_2f2733"), Password): Text ****** has been set on object 'Object Repository/Use switch case/Page_Mattermost/input_All team communication in one place s_2f2733'

2020-06-05 16:47:06 - [MESSAGE][PASSED] - Text ****** has been set on object 'Object Repository/Use switch case/Page_Mattermost/input_All team communication in one place s_2f2733'

2020-06-05 16:47:06 - [TEST_STEP][PASSED] - switch (Email): null

2020-06-05 16:47:06 - [TEST_STEP][PASSED] - case "phatvo":: Object: 'Object Repository/Use switch case/Page_Mattermost/span_Sign in' is clicked on

2020-06-05 16:47:06 - [TEST_STEP][PASSED] - if (Password == "RigbBhfdqOBGNlJIWM1ClA=="): Object: 'Object Repository/Use switch case/Page_Mattermost/span_Sign in' is clicked on

2020-06-05 16:47:06 - [MESSAGE][PASSED] - Object: 'Object Repository/Use switch case/Page_Mattermost/span_Sign in' is clicked on

2020-06-05 16:47:06 - [TEST_STEP][PASSED] - Default: null

2020-06-05 16:47:06 - [TEST_STEP][PASSED] - break: null]]></system-out>
         <system-err><![CDATA[]]></system-err>
      </testcase>
      <system-out><![CDATA[2020-06-05 16:38:16 - [TEST_SUITE][FAILED] - Run all test cases: Test Cases/csv test case/public-channel FAILED.
Reason:
com.kms.katalon.core.exception.StepFailedException: Unable to click on object
	at com.kms.katalon.core.webui.keyword.internal.WebUIKeywordMain.stepFailed(WebUIKeywordMain.groovy:64)
	at com.kms.katalon.core.webui.keyword.internal.WebUIKeywordMain.runKeyword(WebUIKeywordMain.groovy:26)
	at com.kms.katalon.core.webui.keyword.builtin.ClickKeyword.click(ClickKeyword.groovy:76)
	at com.kms.katalon.core.webui.keyword.builtin.ClickKeyword.execute(ClickKeyword.groovy:43)
	at com.kms.katalon.core.keyword.internal.KeywordExecutor.executeKeywordForPlatform(KeywordExecutor.groovy:72)
	at com.kms.katalon.core.webui.keyword.WebUiBuiltInKeywords.click(WebUiBuiltInKeywords.groovy:616)
	at com.kms.katalon.core.webui.keyword.WebUiBuiltInKeywords$click$3.call(Unknown Source)
	at public-channel.run(public-channel:42)
	at com.kms.katalon.core.main.ScriptEngine.run(ScriptEngine.java:194)
	at com.kms.katalon.core.main.ScriptEngine.runScriptAsRawText(ScriptEngine.java:119)
	at com.kms.katalon.core.main.TestCaseExecutor.runScript(TestCaseExecutor.java:337)
	at com.kms.katalon.core.main.TestCaseExecutor.doExecute(TestCaseExecutor.java:328)
	at com.kms.katalon.core.main.TestCaseExecutor.processExecutionPhase(TestCaseExecutor.java:307)
	at com.kms.katalon.core.main.TestCaseExecutor.accessMainPhase(TestCaseExecutor.java:299)
	at com.kms.katalon.core.main.TestCaseExecutor.execute(TestCaseExecutor.java:233)
	at com.kms.katalon.core.main.TestSuiteExecutor.accessTestCaseMainPhase(TestSuiteExecutor.java:169)
	at com.kms.katalon.core.main.TestSuiteExecutor.accessTestSuiteMainPhase(TestSuiteExecutor.java:142)
	at com.kms.katalon.core.main.TestSuiteExecutor.execute(TestSuiteExecutor.java:91)
	at com.kms.katalon.core.main.TestCaseMain.startTestSuite(TestCaseMain.java:157)
	at com.kms.katalon.core.main.TestCaseMain$startTestSuite$0.call(Unknown Source)
	at TempTestSuite1591349893024.run(TempTestSuite1591349893024.groovy:37)
Caused by: java.lang.IllegalArgumentException: Object is null
	at com.kms.katalon.core.helper.KeywordHelper.checkTestObjectParameter(KeywordHelper.java:33)
	at com.kms.katalon.core.webui.keyword.builtin.ClickKeyword$_click_closure1.doCall(ClickKeyword.groovy:65)
	at com.kms.katalon.core.webui.keyword.builtin.ClickKeyword$_click_closure1.call(ClickKeyword.groovy)
	at com.kms.katalon.core.webui.keyword.internal.WebUIKeywordMain.runKeyword(WebUIKeywordMain.groovy:20)
	... 19 more]]></system-out>
      <system-err><![CDATA[2020-06-05 16:38:16 - [TEST_SUITE][FAILED] - Run all test cases: Test Cases/csv test case/public-channel FAILED.
Reason:
com.kms.katalon.core.exception.StepFailedException: Unable to click on object
	at com.kms.katalon.core.webui.keyword.internal.WebUIKeywordMain.stepFailed(WebUIKeywordMain.groovy:64)
	at com.kms.katalon.core.webui.keyword.internal.WebUIKeywordMain.runKeyword(WebUIKeywordMain.groovy:26)
	at com.kms.katalon.core.webui.keyword.builtin.ClickKeyword.click(ClickKeyword.groovy:76)
	at com.kms.katalon.core.webui.keyword.builtin.ClickKeyword.execute(ClickKeyword.groovy:43)
	at com.kms.katalon.core.keyword.internal.KeywordExecutor.executeKeywordForPlatform(KeywordExecutor.groovy:72)
	at com.kms.katalon.core.webui.keyword.WebUiBuiltInKeywords.click(WebUiBuiltInKeywords.groovy:616)
	at com.kms.katalon.core.webui.keyword.WebUiBuiltInKeywords$click$3.call(Unknown Source)
	at public-channel.run(public-channel:42)
	at com.kms.katalon.core.main.ScriptEngine.run(ScriptEngine.java:194)
	at com.kms.katalon.core.main.ScriptEngine.runScriptAsRawText(ScriptEngine.java:119)
	at com.kms.katalon.core.main.TestCaseExecutor.runScript(TestCaseExecutor.java:337)
	at com.kms.katalon.core.main.TestCaseExecutor.doExecute(TestCaseExecutor.java:328)
	at com.kms.katalon.core.main.TestCaseExecutor.processExecutionPhase(TestCaseExecutor.java:307)
	at com.kms.katalon.core.main.TestCaseExecutor.accessMainPhase(TestCaseExecutor.java:299)
	at com.kms.katalon.core.main.TestCaseExecutor.execute(TestCaseExecutor.java:233)
	at com.kms.katalon.core.main.TestSuiteExecutor.accessTestCaseMainPhase(TestSuiteExecutor.java:169)
	at com.kms.katalon.core.main.TestSuiteExecutor.accessTestSuiteMainPhase(TestSuiteExecutor.java:142)
	at com.kms.katalon.core.main.TestSuiteExecutor.execute(TestSuiteExecutor.java:91)
	at com.kms.katalon.core.main.TestCaseMain.startTestSuite(TestCaseMain.java:157)
	at com.kms.katalon.core.main.TestCaseMain$startTestSuite$0.call(Unknown Source)
	at TempTestSuite1591349893024.run(TempTestSuite1591349893024.groovy:37)
Caused by: java.lang.IllegalArgumentException: Object is null
	at com.kms.katalon.core.helper.KeywordHelper.checkTestObjectParameter(KeywordHelper.java:33)
	at com.kms.katalon.core.webui.keyword.builtin.ClickKeyword$_click_closure1.doCall(ClickKeyword.groovy:65)
	at com.kms.katalon.core.webui.keyword.builtin.ClickKeyword$_click_closure1.call(ClickKeyword.groovy)
	at com.kms.katalon.core.webui.keyword.internal.WebUIKeywordMain.runKeyword(WebUIKeywordMain.groovy:20)
	... 19 more]]></system-err>
   </testsuite>
</testsuites>
