<?xml version="1.0" encoding="UTF-8"?>
<testsuites name="Run all test cases" time="589.076" tests="30" failures="12" errors="2">
   <testsuite name="Run all test cases" tests="30" failures="12" errors="2" time="589.076" timestamp="2020-06-05 16:23:12" hostname="phat - Acer" id="Test Suites/Run all test cases">
      <properties>
         <property name="deviceName" value=""/>
         <property name="devicePlatform" value=""/>
         <property name="logFolder" value="/home/phat/Downloads/katalon/mattermost-webapp/Reports/20200605_162310/Run all test cases/20200605_162310"/>
         <property name="logFiles" value="/home/phat/Downloads/katalon/mattermost-webapp/Reports/20200605_162310/Run all test cases/20200605_162310/execution0.log"/>
         <property name="attachments" value="/home/phat/Downloads/katalon/mattermost-webapp/Reports/20200605_162310/Run all test cases/20200605_162310/1591349021417.png, /home/phat/Downloads/katalon/mattermost-webapp/Reports/20200605_162310/Run all test cases/20200605_162310/1591349073957.png, /home/phat/Downloads/katalon/mattermost-webapp/Reports/20200605_162310/Run all test cases/20200605_162310/1591349085897.png, /home/phat/Downloads/katalon/mattermost-webapp/Reports/20200605_162310/Run all test cases/20200605_162310/1591349140711.png, /home/phat/Downloads/katalon/mattermost-webapp/Reports/20200605_162310/Run all test cases/20200605_162310/1591349191558.png, /home/phat/Downloads/katalon/mattermost-webapp/Reports/20200605_162310/Run all test cases/20200605_162310/1591349246361.png, /home/phat/Downloads/katalon/mattermost-webapp/Reports/20200605_162310/Run all test cases/20200605_162310/1591349285268.png, /home/phat/Downloads/katalon/mattermost-webapp/Reports/20200605_162310/Run all test cases/20200605_162310/1591349351672.png, /home/phat/Downloads/katalon/mattermost-webapp/Reports/20200605_162310/Run all test cases/20200605_162310/1591349401669.png, /home/phat/Downloads/katalon/mattermost-webapp/Reports/20200605_162310/Run all test cases/20200605_162310/1591349451393.png, /home/phat/Downloads/katalon/mattermost-webapp/Reports/20200605_162310/Run all test cases/20200605_162310/1591349520789.png, /home/phat/Downloads/katalon/mattermost-webapp/Reports/20200605_162310/Run all test cases/20200605_162310/1591349570196.png"/>
         <property name="hostName" value="phat - Acer"/>
         <property name="os" value="Linux 64bit"/>
         <property name="katalonVersion" value="7.5.5.1"/>
         <property name="browser" value="Chrome 83.0.4103.97"/>
         <property name="hostAddress" value="127.0.1.1"/>
         <property name="sessionId" value="4c64cb274f9154c1bd10cd018671de17"/>
         <property name="seleniumVersion" value="3.141.59"/>
         <property name="proxyInformation" value="ProxyInformation { proxyOption=NO_PROXY, proxyServerType=HTTP, username=, password=********, proxyServerAddress=, proxyServerPort=0, executionList=\&quot;\&quot;, isApplyToDesiredCapabilities=true }"/>
         <property name="platform" value="Linux"/>
      </properties>
      <testcase name="Test Cases/csv test case/private-channel" time="15.001" classname="Test Cases/csv test case/private-channel" status="PASSED">
         <system-out><![CDATA[2020-06-05 16:23:12 - [TEST_CASE][PASSED] - Test Cases/csv test case/private-channel: Test Cases/csv test case/private-channel

2020-06-05 16:23:12 - [TEST_STEP][PASSED] - openBrowser(""): Browser is opened with url: ''

2020-06-05 16:23:13 - [MESSAGE][INFO] - Starting 'Chrome' driver

2020-06-05 16:23:13 - [MESSAGE][INFO] - Action delay is set to 0 milliseconds

2020-06-05 16:23:14 - [MESSAGE][PASSED] - Browser is opened with url: ''

2020-06-05 16:23:14 - [TEST_STEP][PASSED] - navigateToUrl("https://mattermost-aut.herokuapp.com/login"): Navigate to 'https://mattermost-aut.herokuapp.com/login' successfully

2020-06-05 16:23:17 - [MESSAGE][PASSED] - Navigate to 'https://mattermost-aut.herokuapp.com/login' successfully

2020-06-05 16:23:17 - [TEST_STEP][PASSED] - setText(findTestObject("Data Driven/login/Page_Mattermost/input_All team communication in one place searchable and accessible anywhere_loginId"), "phong1998"): Text 'phong1998' is set on object 'Object Repository/Data Driven/login/Page_Mattermost/input_All team communication in one place searchable and accessible anywhere_loginId'

2020-06-05 16:23:21 - [MESSAGE][PASSED] - Text 'phong1998' is set on object 'Object Repository/Data Driven/login/Page_Mattermost/input_All team communication in one place searchable and accessible anywhere_loginId'

2020-06-05 16:23:21 - [TEST_STEP][PASSED] - setEncryptedText(findTestObject("Data Driven/login/Page_Mattermost/input_All team communication in one place searchable and accessible anywhere_password"), "X6RAMBNCYDQ8H8PMJNlsmQ=="): Text ****** has been set on object 'Object Repository/Data Driven/login/Page_Mattermost/input_All team communication in one place searchable and accessible anywhere_password'

2020-06-05 16:23:21 - [MESSAGE][PASSED] - Text ****** has been set on object 'Object Repository/Data Driven/login/Page_Mattermost/input_All team communication in one place searchable and accessible anywhere_password'

2020-06-05 16:23:21 - [TEST_STEP][PASSED] - click(findTestObject("Data Driven/login/Page_Mattermost/button_Sign in")): Object: 'Object Repository/Data Driven/login/Page_Mattermost/button_Sign in' is clicked on

2020-06-05 16:23:22 - [MESSAGE][PASSED] - Object: 'Object Repository/Data Driven/login/Page_Mattermost/button_Sign in' is clicked on

2020-06-05 16:23:22 - [TEST_STEP][PASSED] - click(findTestObject("Data Driven/private-channel/Page_Town Square - team1612499 Mattermost/span_")): Object: 'Object Repository/Data Driven/private-channel/Page_Town Square - team1612499 Mattermost/span_' is clicked on

2020-06-05 16:23:25 - [MESSAGE][PASSED] - Object: 'Object Repository/Data Driven/private-channel/Page_Town Square - team1612499 Mattermost/span_' is clicked on

2020-06-05 16:23:25 - [TEST_STEP][PASSED] - setText(findTestObject("Data Driven/private-channel/Page_Town Square - team1612499 Mattermost/input_Name_newChannelName"), name): Text '' is set on object 'Object Repository/Data Driven/private-channel/Page_Town Square - team1612499 Mattermost/input_Name_newChannelName'

2020-06-05 16:23:26 - [MESSAGE][PASSED] - Text '' is set on object 'Object Repository/Data Driven/private-channel/Page_Town Square - team1612499 Mattermost/input_Name_newChannelName'

2020-06-05 16:23:26 - [TEST_STEP][PASSED] - setText(findTestObject("Data Driven/private-channel/Page_Town Square - team1612499 Mattermost/textarea_(optional)_newChannelPurpose"), purpose): Text '' is set on object 'Object Repository/Data Driven/private-channel/Page_Town Square - team1612499 Mattermost/textarea_(optional)_newChannelPurpose'

2020-06-05 16:23:26 - [MESSAGE][PASSED] - Text '' is set on object 'Object Repository/Data Driven/private-channel/Page_Town Square - team1612499 Mattermost/textarea_(optional)_newChannelPurpose'

2020-06-05 16:23:26 - [TEST_STEP][PASSED] - setText(findTestObject("Data Driven/private-channel/Page_Town Square - team1612499 Mattermost/textarea_(optional)_newChannelHeader"), header): Text '' is set on object 'Object Repository/Data Driven/private-channel/Page_Town Square - team1612499 Mattermost/textarea_(optional)_newChannelHeader'

2020-06-05 16:23:27 - [MESSAGE][PASSED] - Text '' is set on object 'Object Repository/Data Driven/private-channel/Page_Town Square - team1612499 Mattermost/textarea_(optional)_newChannelHeader'

2020-06-05 16:23:27 - [TEST_STEP][PASSED] - click(findTestObject("Data Driven/private-channel/Page_Town Square - team1612499 Mattermost/span_Create Channel")): Object: 'Object Repository/Data Driven/private-channel/Page_Town Square - team1612499 Mattermost/span_Create Channel' is clicked on

2020-06-05 16:23:27 - [MESSAGE][PASSED] - Object: 'Object Repository/Data Driven/private-channel/Page_Town Square - team1612499 Mattermost/span_Create Channel' is clicked on

2020-06-05 16:23:27 - [TEST_STEP][PASSED] - closeBrowser(): Browser is closed

2020-06-05 16:23:27 - [MESSAGE][PASSED] - Browser is closed]]></system-out>
         <system-err><![CDATA[]]></system-err>
      </testcase>
      <testcase name="Test Cases/csv test case/public-channel" time="13.974" classname="Test Cases/csv test case/public-channel" status="FAILED">
         <failure type="FAILED" message="Test Cases/csv test case/public-channel FAILED.
Reason:
com.kms.katalon.core.exception.StepFailedException: Unable to click on object
	at com.kms.katalon.core.webui.keyword.internal.WebUIKeywordMain.stepFailed(WebUIKeywordMain.groovy:64)
	at com.kms.katalon.core.webui.keyword.internal.WebUIKeywordMain.runKeyword(WebUIKeywordMain.groovy:26)
	at com.kms.katalon.core.webui.keyword.builtin.ClickKeyword.click(ClickKeyword.groovy:76)
	at com.kms.katalon.core.webui.keyword.builtin.ClickKeyword.execute(ClickKeyword.groovy:43)
	at com.kms.katalon.core.keyword.internal.KeywordExecutor.executeKeywordForPlatform(KeywordExecutor.groovy:72)
	at com.kms.katalon.core.webui.keyword.WebUiBuiltInKeywords.click(WebUiBuiltInKeywords.groovy:616)
	at com.kms.katalon.core.webui.keyword.WebUiBuiltInKeywords$click$3.call(Unknown Source)
	at public-channel.run(public-channel:42)
	at com.kms.katalon.core.main.ScriptEngine.run(ScriptEngine.java:194)
	at com.kms.katalon.core.main.ScriptEngine.runScriptAsRawText(ScriptEngine.java:119)
	at com.kms.katalon.core.main.TestCaseExecutor.runScript(TestCaseExecutor.java:337)
	at com.kms.katalon.core.main.TestCaseExecutor.doExecute(TestCaseExecutor.java:328)
	at com.kms.katalon.core.main.TestCaseExecutor.processExecutionPhase(TestCaseExecutor.java:307)
	at com.kms.katalon.core.main.TestCaseExecutor.accessMainPhase(TestCaseExecutor.java:299)
	at com.kms.katalon.core.main.TestCaseExecutor.execute(TestCaseExecutor.java:233)
	at com.kms.katalon.core.main.TestSuiteExecutor.accessTestCaseMainPhase(TestSuiteExecutor.java:169)
	at com.kms.katalon.core.main.TestSuiteExecutor.accessTestSuiteMainPhase(TestSuiteExecutor.java:142)
	at com.kms.katalon.core.main.TestSuiteExecutor.execute(TestSuiteExecutor.java:91)
	at com.kms.katalon.core.main.TestCaseMain.startTestSuite(TestCaseMain.java:157)
	at com.kms.katalon.core.main.TestCaseMain$startTestSuite$0.call(Unknown Source)
	at TempTestSuite1591348990827.run(TempTestSuite1591348990827.groovy:37)
Caused by: java.lang.IllegalArgumentException: Object is null
	at com.kms.katalon.core.helper.KeywordHelper.checkTestObjectParameter(KeywordHelper.java:33)
	at com.kms.katalon.core.webui.keyword.builtin.ClickKeyword$_click_closure1.doCall(ClickKeyword.groovy:65)
	at com.kms.katalon.core.webui.keyword.builtin.ClickKeyword$_click_closure1.call(ClickKeyword.groovy)
	at com.kms.katalon.core.webui.keyword.internal.WebUIKeywordMain.runKeyword(WebUIKeywordMain.groovy:20)
	... 19 more
"/>
         <system-out><![CDATA[2020-06-05 16:23:27 - [TEST_CASE][FAILED] - Test Cases/csv test case/public-channel: Test Cases/csv test case/public-channel FAILED.
Reason:
com.kms.katalon.core.exception.StepFailedException: Unable to click on object
	at com.kms.katalon.core.webui.keyword.internal.WebUIKeywordMain.stepFailed(WebUIKeywordMain.groovy:64)
	at com.kms.katalon.core.webui.keyword.internal.WebUIKeywordMain.runKeyword(WebUIKeywordMain.groovy:26)
	at com.kms.katalon.core.webui.keyword.builtin.ClickKeyword.click(ClickKeyword.groovy:76)
	at com.kms.katalon.core.webui.keyword.builtin.ClickKeyword.execute(ClickKeyword.groovy:43)
	at com.kms.katalon.core.keyword.internal.KeywordExecutor.executeKeywordForPlatform(KeywordExecutor.groovy:72)
	at com.kms.katalon.core.webui.keyword.WebUiBuiltInKeywords.click(WebUiBuiltInKeywords.groovy:616)
	at com.kms.katalon.core.webui.keyword.WebUiBuiltInKeywords$click$3.call(Unknown Source)
	at public-channel.run(public-channel:42)
	at com.kms.katalon.core.main.ScriptEngine.run(ScriptEngine.java:194)
	at com.kms.katalon.core.main.ScriptEngine.runScriptAsRawText(ScriptEngine.java:119)
	at com.kms.katalon.core.main.TestCaseExecutor.runScript(TestCaseExecutor.java:337)
	at com.kms.katalon.core.main.TestCaseExecutor.doExecute(TestCaseExecutor.java:328)
	at com.kms.katalon.core.main.TestCaseExecutor.processExecutionPhase(TestCaseExecutor.java:307)
	at com.kms.katalon.core.main.TestCaseExecutor.accessMainPhase(TestCaseExecutor.java:299)
	at com.kms.katalon.core.main.TestCaseExecutor.execute(TestCaseExecutor.java:233)
	at com.kms.katalon.core.main.TestSuiteExecutor.accessTestCaseMainPhase(TestSuiteExecutor.java:169)
	at com.kms.katalon.core.main.TestSuiteExecutor.accessTestSuiteMainPhase(TestSuiteExecutor.java:142)
	at com.kms.katalon.core.main.TestSuiteExecutor.execute(TestSuiteExecutor.java:91)
	at com.kms.katalon.core.main.TestCaseMain.startTestSuite(TestCaseMain.java:157)
	at com.kms.katalon.core.main.TestCaseMain$startTestSuite$0.call(Unknown Source)
	at TempTestSuite1591348990827.run(TempTestSuite1591348990827.groovy:37)
Caused by: java.lang.IllegalArgumentException: Object is null
	at com.kms.katalon.core.helper.KeywordHelper.checkTestObjectParameter(KeywordHelper.java:33)
	at com.kms.katalon.core.webui.keyword.builtin.ClickKeyword$_click_closure1.doCall(ClickKeyword.groovy:65)
	at com.kms.katalon.core.webui.keyword.builtin.ClickKeyword$_click_closure1.call(ClickKeyword.groovy)
	at com.kms.katalon.core.webui.keyword.internal.WebUIKeywordMain.runKeyword(WebUIKeywordMain.groovy:20)
	... 19 more


2020-06-05 16:23:27 - [TEST_STEP][PASSED] - openBrowser(""): Browser is opened with url: ''

2020-06-05 16:23:27 - [MESSAGE][INFO] - Starting 'Chrome' driver

2020-06-05 16:23:27 - [MESSAGE][INFO] - Action delay is set to 0 milliseconds

2020-06-05 16:23:28 - [MESSAGE][PASSED] - Browser is opened with url: ''

2020-06-05 16:23:28 - [TEST_STEP][PASSED] - navigateToUrl("https://mattermost-aut.herokuapp.com/login"): Navigate to 'https://mattermost-aut.herokuapp.com/login' successfully

2020-06-05 16:23:31 - [MESSAGE][PASSED] - Navigate to 'https://mattermost-aut.herokuapp.com/login' successfully

2020-06-05 16:23:31 - [TEST_STEP][PASSED] - setText(findTestObject("Data Driven/login/Page_Mattermost/input_All team communication in one place searchable and accessible anywhere_loginId"), "phong1998"): Text 'phong1998' is set on object 'Object Repository/Data Driven/login/Page_Mattermost/input_All team communication in one place searchable and accessible anywhere_loginId'

2020-06-05 16:23:35 - [MESSAGE][PASSED] - Text 'phong1998' is set on object 'Object Repository/Data Driven/login/Page_Mattermost/input_All team communication in one place searchable and accessible anywhere_loginId'

2020-06-05 16:23:35 - [TEST_STEP][PASSED] - setEncryptedText(findTestObject("Data Driven/login/Page_Mattermost/input_All team communication in one place searchable and accessible anywhere_password"), "X6RAMBNCYDQ8H8PMJNlsmQ=="): Text ****** has been set on object 'Object Repository/Data Driven/login/Page_Mattermost/input_All team communication in one place searchable and accessible anywhere_password'

2020-06-05 16:23:36 - [MESSAGE][PASSED] - Text ****** has been set on object 'Object Repository/Data Driven/login/Page_Mattermost/input_All team communication in one place searchable and accessible anywhere_password'

2020-06-05 16:23:36 - [TEST_STEP][PASSED] - click(findTestObject("Data Driven/login/Page_Mattermost/button_Sign in")): Object: 'Object Repository/Data Driven/login/Page_Mattermost/button_Sign in' is clicked on

2020-06-05 16:23:36 - [MESSAGE][PASSED] - Object: 'Object Repository/Data Driven/login/Page_Mattermost/button_Sign in' is clicked on

2020-06-05 16:23:36 - [TEST_STEP][PASSED] - click(findTestObject("Data Driven/public-channel/Page_Town Square - team1612499 Mattermost/span_")): Object: 'Object Repository/Data Driven/public-channel/Page_Town Square - team1612499 Mattermost/span_' is clicked on

2020-06-05 16:23:39 - [MESSAGE][PASSED] - Object: 'Object Repository/Data Driven/public-channel/Page_Town Square - team1612499 Mattermost/span_' is clicked on

2020-06-05 16:23:39 - [TEST_STEP][PASSED] - setText(findTestObject("Data Driven/public-channel/Page_Town Square - team1612499 Mattermost/input_Name_newChannelName"), name): Text '' is set on object 'Object Repository/Data Driven/public-channel/Page_Town Square - team1612499 Mattermost/input_Name_newChannelName'

2020-06-05 16:23:40 - [MESSAGE][PASSED] - Text '' is set on object 'Object Repository/Data Driven/public-channel/Page_Town Square - team1612499 Mattermost/input_Name_newChannelName'

2020-06-05 16:23:40 - [TEST_STEP][PASSED] - setText(findTestObject("Data Driven/public-channel/Page_Town Square - team1612499 Mattermost/textarea_(optional)_newChannelPurpose"), purpose): Text '' is set on object 'Object Repository/Data Driven/public-channel/Page_Town Square - team1612499 Mattermost/textarea_(optional)_newChannelPurpose'

2020-06-05 16:23:40 - [MESSAGE][PASSED] - Text '' is set on object 'Object Repository/Data Driven/public-channel/Page_Town Square - team1612499 Mattermost/textarea_(optional)_newChannelPurpose'

2020-06-05 16:23:40 - [TEST_STEP][PASSED] - setText(findTestObject("Data Driven/public-channel/Page_Town Square - team1612499 Mattermost/textarea_(optional)_newChannelHeader"), header): Text '' is set on object 'Object Repository/Data Driven/public-channel/Page_Town Square - team1612499 Mattermost/textarea_(optional)_newChannelHeader'

2020-06-05 16:23:41 - [MESSAGE][PASSED] - Text '' is set on object 'Object Repository/Data Driven/public-channel/Page_Town Square - team1612499 Mattermost/textarea_(optional)_newChannelHeader'

2020-06-05 16:23:41 - [TEST_STEP][FAILED] - click(findTestObject("Page_Town Square - team1612499 Mattermost/span_Create Channel")): Unable to click on object (Root cause: com.kms.katalon.core.exception.StepFailedException: Unable to click on object
	at com.kms.katalon.core.webui.keyword.internal.WebUIKeywordMain.stepFailed(WebUIKeywordMain.groovy:64)
	at com.kms.katalon.core.webui.keyword.internal.WebUIKeywordMain.runKeyword(WebUIKeywordMain.groovy:26)
	at com.kms.katalon.core.webui.keyword.builtin.ClickKeyword.click(ClickKeyword.groovy:76)
	at com.kms.katalon.core.webui.keyword.builtin.ClickKeyword.execute(ClickKeyword.groovy:43)
	at com.kms.katalon.core.keyword.internal.KeywordExecutor.executeKeywordForPlatform(KeywordExecutor.groovy:72)
	at com.kms.katalon.core.webui.keyword.WebUiBuiltInKeywords.click(WebUiBuiltInKeywords.groovy:616)
	at com.kms.katalon.core.webui.keyword.WebUiBuiltInKeywords$click$3.call(Unknown Source)
	at public-channel.run(public-channel:42)
	at com.kms.katalon.core.main.ScriptEngine.run(ScriptEngine.java:194)
	at com.kms.katalon.core.main.ScriptEngine.runScriptAsRawText(ScriptEngine.java:119)
	at com.kms.katalon.core.main.TestCaseExecutor.runScript(TestCaseExecutor.java:337)
	at com.kms.katalon.core.main.TestCaseExecutor.doExecute(TestCaseExecutor.java:328)
	at com.kms.katalon.core.main.TestCaseExecutor.processExecutionPhase(TestCaseExecutor.java:307)
	at com.kms.katalon.core.main.TestCaseExecutor.accessMainPhase(TestCaseExecutor.java:299)
	at com.kms.katalon.core.main.TestCaseExecutor.execute(TestCaseExecutor.java:233)
	at com.kms.katalon.core.main.TestSuiteExecutor.accessTestCaseMainPhase(TestSuiteExecutor.java:169)
	at com.kms.katalon.core.main.TestSuiteExecutor.accessTestSuiteMainPhase(TestSuiteExecutor.java:142)
	at com.kms.katalon.core.main.TestSuiteExecutor.execute(TestSuiteExecutor.java:91)
	at com.kms.katalon.core.main.TestCaseMain.startTestSuite(TestCaseMain.java:157)
	at com.kms.katalon.core.main.TestCaseMain$startTestSuite$0.call(Unknown Source)
	at TempTestSuite1591348990827.run(TempTestSuite1591348990827.groovy:37)
Caused by: java.lang.IllegalArgumentException: Object is null
	at com.kms.katalon.core.helper.KeywordHelper.checkTestObjectParameter(KeywordHelper.java:33)
	at com.kms.katalon.core.webui.keyword.builtin.ClickKeyword$_click_closure1.doCall(ClickKeyword.groovy:65)
	at com.kms.katalon.core.webui.keyword.builtin.ClickKeyword$_click_closure1.call(ClickKeyword.groovy)
	at com.kms.katalon.core.webui.keyword.internal.WebUIKeywordMain.runKeyword(WebUIKeywordMain.groovy:20)
	at com.kms.katalon.core.webui.keyword.builtin.ClickKeyword.click(ClickKeyword.groovy:76)
	at com.kms.katalon.core.webui.keyword.builtin.ClickKeyword.execute(ClickKeyword.groovy:43)
	at com.kms.katalon.core.keyword.internal.KeywordExecutor.executeKeywordForPlatform(KeywordExecutor.groovy:72)
	at com.kms.katalon.core.webui.keyword.WebUiBuiltInKeywords.click(WebUiBuiltInKeywords.groovy:616)
	at com.kms.katalon.core.webui.keyword.WebUiBuiltInKeywords$click$3.call(Unknown Source)
	at Script1591278352537.run(Script1591278352537.groovy:42)
	... 13 more
)

2020-06-05 16:23:41 - [MESSAGE][WARNING] - Test object with id 'Object Repository/Page_Town Square - team1612499 Mattermost/span_Create Channel' does not exist

2020-06-05 16:23:41 - [MESSAGE][WARNING] - Test object with id 'Object Repository/' does not exist

2020-06-05 16:23:41 - [MESSAGE][FAILED] - Unable to click on object (Root cause: com.kms.katalon.core.exception.StepFailedException: Unable to click on object
	at com.kms.katalon.core.webui.keyword.internal.WebUIKeywordMain.stepFailed(WebUIKeywordMain.groovy:64)
	at com.kms.katalon.core.webui.keyword.internal.WebUIKeywordMain.runKeyword(WebUIKeywordMain.groovy:26)
	at com.kms.katalon.core.webui.keyword.builtin.ClickKeyword.click(ClickKeyword.groovy:76)
	at com.kms.katalon.core.webui.keyword.builtin.ClickKeyword.execute(ClickKeyword.groovy:43)
	at com.kms.katalon.core.keyword.internal.KeywordExecutor.executeKeywordForPlatform(KeywordExecutor.groovy:72)
	at com.kms.katalon.core.webui.keyword.WebUiBuiltInKeywords.click(WebUiBuiltInKeywords.groovy:616)
	at com.kms.katalon.core.webui.keyword.WebUiBuiltInKeywords$click$3.call(Unknown Source)
	at public-channel.run(public-channel:42)
	at com.kms.katalon.core.main.ScriptEngine.run(ScriptEngine.java:194)
	at com.kms.katalon.core.main.ScriptEngine.runScriptAsRawText(ScriptEngine.java:119)
	at com.kms.katalon.core.main.TestCaseExecutor.runScript(TestCaseExecutor.java:337)
	at com.kms.katalon.core.main.TestCaseExecutor.doExecute(TestCaseExecutor.java:328)
	at com.kms.katalon.core.main.TestCaseExecutor.processExecutionPhase(TestCaseExecutor.java:307)
	at com.kms.katalon.core.main.TestCaseExecutor.accessMainPhase(TestCaseExecutor.java:299)
	at com.kms.katalon.core.main.TestCaseExecutor.execute(TestCaseExecutor.java:233)
	at com.kms.katalon.core.main.TestSuiteExecutor.accessTestCaseMainPhase(TestSuiteExecutor.java:169)
	at com.kms.katalon.core.main.TestSuiteExecutor.accessTestSuiteMainPhase(TestSuiteExecutor.java:142)
	at com.kms.katalon.core.main.TestSuiteExecutor.execute(TestSuiteExecutor.java:91)
	at com.kms.katalon.core.main.TestCaseMain.startTestSuite(TestCaseMain.java:157)
	at com.kms.katalon.core.main.TestCaseMain$startTestSuite$0.call(Unknown Source)
	at TempTestSuite1591348990827.run(TempTestSuite1591348990827.groovy:37)
Caused by: java.lang.IllegalArgumentException: Object is null
	at com.kms.katalon.core.helper.KeywordHelper.checkTestObjectParameter(KeywordHelper.java:33)
	at com.kms.katalon.core.webui.keyword.builtin.ClickKeyword$_click_closure1.doCall(ClickKeyword.groovy:65)
	at com.kms.katalon.core.webui.keyword.builtin.ClickKeyword$_click_closure1.call(ClickKeyword.groovy)
	at com.kms.katalon.core.webui.keyword.internal.WebUIKeywordMain.runKeyword(WebUIKeywordMain.groovy:20)
	at com.kms.katalon.core.webui.keyword.builtin.ClickKeyword.click(ClickKeyword.groovy:76)
	at com.kms.katalon.core.webui.keyword.builtin.ClickKeyword.execute(ClickKeyword.groovy:43)
	at com.kms.katalon.core.keyword.internal.KeywordExecutor.executeKeywordForPlatform(KeywordExecutor.groovy:72)
	at com.kms.katalon.core.webui.keyword.WebUiBuiltInKeywords.click(WebUiBuiltInKeywords.groovy:616)
	at com.kms.katalon.core.webui.keyword.WebUiBuiltInKeywords$click$3.call(Unknown Source)
	at Script1591278352537.run(Script1591278352537.groovy:42)
	... 13 more
)
[[ATTACHMENT|/home/phat/Downloads/katalon/mattermost-webapp/Reports/20200605_162310/Run all test cases/20200605_162310/1591349021417.png]]]]></system-out>
         <system-err><![CDATA[2020-06-05 16:23:27 - [TEST_CASE][FAILED] - Test Cases/csv test case/public-channel: Test Cases/csv test case/public-channel FAILED.
Reason:
com.kms.katalon.core.exception.StepFailedException: Unable to click on object
	at com.kms.katalon.core.webui.keyword.internal.WebUIKeywordMain.stepFailed(WebUIKeywordMain.groovy:64)
	at com.kms.katalon.core.webui.keyword.internal.WebUIKeywordMain.runKeyword(WebUIKeywordMain.groovy:26)
	at com.kms.katalon.core.webui.keyword.builtin.ClickKeyword.click(ClickKeyword.groovy:76)
	at com.kms.katalon.core.webui.keyword.builtin.ClickKeyword.execute(ClickKeyword.groovy:43)
	at com.kms.katalon.core.keyword.internal.KeywordExecutor.executeKeywordForPlatform(KeywordExecutor.groovy:72)
	at com.kms.katalon.core.webui.keyword.WebUiBuiltInKeywords.click(WebUiBuiltInKeywords.groovy:616)
	at com.kms.katalon.core.webui.keyword.WebUiBuiltInKeywords$click$3.call(Unknown Source)
	at public-channel.run(public-channel:42)
	at com.kms.katalon.core.main.ScriptEngine.run(ScriptEngine.java:194)
	at com.kms.katalon.core.main.ScriptEngine.runScriptAsRawText(ScriptEngine.java:119)
	at com.kms.katalon.core.main.TestCaseExecutor.runScript(TestCaseExecutor.java:337)
	at com.kms.katalon.core.main.TestCaseExecutor.doExecute(TestCaseExecutor.java:328)
	at com.kms.katalon.core.main.TestCaseExecutor.processExecutionPhase(TestCaseExecutor.java:307)
	at com.kms.katalon.core.main.TestCaseExecutor.accessMainPhase(TestCaseExecutor.java:299)
	at com.kms.katalon.core.main.TestCaseExecutor.execute(TestCaseExecutor.java:233)
	at com.kms.katalon.core.main.TestSuiteExecutor.accessTestCaseMainPhase(TestSuiteExecutor.java:169)
	at com.kms.katalon.core.main.TestSuiteExecutor.accessTestSuiteMainPhase(TestSuiteExecutor.java:142)
	at com.kms.katalon.core.main.TestSuiteExecutor.execute(TestSuiteExecutor.java:91)
	at com.kms.katalon.core.main.TestCaseMain.startTestSuite(TestCaseMain.java:157)
	at com.kms.katalon.core.main.TestCaseMain$startTestSuite$0.call(Unknown Source)
	at TempTestSuite1591348990827.run(TempTestSuite1591348990827.groovy:37)
Caused by: java.lang.IllegalArgumentException: Object is null
	at com.kms.katalon.core.helper.KeywordHelper.checkTestObjectParameter(KeywordHelper.java:33)
	at com.kms.katalon.core.webui.keyword.builtin.ClickKeyword$_click_closure1.doCall(ClickKeyword.groovy:65)
	at com.kms.katalon.core.webui.keyword.builtin.ClickKeyword$_click_closure1.call(ClickKeyword.groovy)
	at com.kms.katalon.core.webui.keyword.internal.WebUIKeywordMain.runKeyword(WebUIKeywordMain.groovy:20)
	... 19 more]]></system-err>
      </testcase>
      <testcase name="Test Cases/csv test case/login" time="10.492" classname="Test Cases/csv test case/login" status="PASSED">
         <system-out><![CDATA[2020-06-05 16:23:41 - [TEST_CASE][PASSED] - Test Cases/csv test case/login: Test Cases/csv test case/login

2020-06-05 16:23:41 - [TEST_STEP][PASSED] - openBrowser(""): Browser is opened with url: ''

2020-06-05 16:23:41 - [MESSAGE][WARNING] - A browser is already opened. Closing browser and opening a new one

2020-06-05 16:23:41 - [MESSAGE][INFO] - Starting 'Chrome' driver

2020-06-05 16:23:41 - [MESSAGE][INFO] - Action delay is set to 0 milliseconds

2020-06-05 16:23:42 - [MESSAGE][PASSED] - Browser is opened with url: ''

2020-06-05 16:23:42 - [TEST_STEP][PASSED] - navigateToUrl("https://mattermost-aut.herokuapp.com/login"): Navigate to 'https://mattermost-aut.herokuapp.com/login' successfully

2020-06-05 16:23:47 - [MESSAGE][PASSED] - Navigate to 'https://mattermost-aut.herokuapp.com/login' successfully

2020-06-05 16:23:47 - [TEST_STEP][PASSED] - setText(findTestObject("Data Driven/login/Page_Mattermost/input_All team communication in one place searchable and accessible anywhere_loginId"), username): Text '' is set on object 'Object Repository/Data Driven/login/Page_Mattermost/input_All team communication in one place searchable and accessible anywhere_loginId'

2020-06-05 16:23:51 - [MESSAGE][PASSED] - Text '' is set on object 'Object Repository/Data Driven/login/Page_Mattermost/input_All team communication in one place searchable and accessible anywhere_loginId'

2020-06-05 16:23:51 - [TEST_STEP][PASSED] - setEncryptedText(findTestObject("Data Driven/login/Page_Mattermost/input_All team communication in one place searchable and accessible anywhere_password"), password): Text ****** has been set on object 'Object Repository/Data Driven/login/Page_Mattermost/input_All team communication in one place searchable and accessible anywhere_password'

2020-06-05 16:23:51 - [MESSAGE][PASSED] - Text ****** has been set on object 'Object Repository/Data Driven/login/Page_Mattermost/input_All team communication in one place searchable and accessible anywhere_password'

2020-06-05 16:23:51 - [TEST_STEP][PASSED] - click(findTestObject("Data Driven/login/Page_Mattermost/button_Sign in")): Object: 'Object Repository/Data Driven/login/Page_Mattermost/button_Sign in' is clicked on

2020-06-05 16:23:52 - [MESSAGE][PASSED] - Object: 'Object Repository/Data Driven/login/Page_Mattermost/button_Sign in' is clicked on

2020-06-05 16:23:52 - [TEST_STEP][PASSED] - closeBrowser(): Browser is closed

2020-06-05 16:23:52 - [MESSAGE][PASSED] - Browser is closed]]></system-out>
         <system-err><![CDATA[]]></system-err>
      </testcase>
      <testcase name="Test Cases/csv test case/direct-message" time="15.454" classname="Test Cases/csv test case/direct-message" status="PASSED">
         <system-out><![CDATA[2020-06-05 16:23:52 - [TEST_CASE][PASSED] - Test Cases/csv test case/direct-message: Test Cases/csv test case/direct-message

2020-06-05 16:23:52 - [TEST_STEP][PASSED] - openBrowser(""): Browser is opened with url: ''

2020-06-05 16:23:52 - [MESSAGE][INFO] - Starting 'Chrome' driver

2020-06-05 16:23:52 - [MESSAGE][INFO] - Action delay is set to 0 milliseconds

2020-06-05 16:23:52 - [MESSAGE][PASSED] - Browser is opened with url: ''

2020-06-05 16:23:52 - [TEST_STEP][PASSED] - navigateToUrl("https://mattermost-aut.herokuapp.com/login"): Navigate to 'https://mattermost-aut.herokuapp.com/login' successfully

2020-06-05 16:23:56 - [MESSAGE][PASSED] - Navigate to 'https://mattermost-aut.herokuapp.com/login' successfully

2020-06-05 16:23:56 - [TEST_STEP][PASSED] - setText(findTestObject("Data Driven/login/Page_Mattermost/input_All team communication in one place searchable and accessible anywhere_loginId"), "phong1998"): Text 'phong1998' is set on object 'Object Repository/Data Driven/login/Page_Mattermost/input_All team communication in one place searchable and accessible anywhere_loginId'

2020-06-05 16:24:00 - [MESSAGE][PASSED] - Text 'phong1998' is set on object 'Object Repository/Data Driven/login/Page_Mattermost/input_All team communication in one place searchable and accessible anywhere_loginId'

2020-06-05 16:24:00 - [TEST_STEP][PASSED] - setEncryptedText(findTestObject("Data Driven/login/Page_Mattermost/input_All team communication in one place searchable and accessible anywhere_password"), "X6RAMBNCYDQ8H8PMJNlsmQ=="): Text ****** has been set on object 'Object Repository/Data Driven/login/Page_Mattermost/input_All team communication in one place searchable and accessible anywhere_password'

2020-06-05 16:24:01 - [MESSAGE][PASSED] - Text ****** has been set on object 'Object Repository/Data Driven/login/Page_Mattermost/input_All team communication in one place searchable and accessible anywhere_password'

2020-06-05 16:24:01 - [TEST_STEP][PASSED] - click(findTestObject("Data Driven/login/Page_Mattermost/button_Sign in")): Object: 'Object Repository/Data Driven/login/Page_Mattermost/button_Sign in' is clicked on

2020-06-05 16:24:01 - [MESSAGE][PASSED] - Object: 'Object Repository/Data Driven/login/Page_Mattermost/button_Sign in' is clicked on

2020-06-05 16:24:01 - [TEST_STEP][PASSED] - click(findTestObject("Data Driven/direct-message/Page_Town Square - team1612499 Mattermost/span_")): Object: 'Object Repository/Data Driven/direct-message/Page_Town Square - team1612499 Mattermost/span_' is clicked on

2020-06-05 16:24:04 - [MESSAGE][PASSED] - Object: 'Object Repository/Data Driven/direct-message/Page_Town Square - team1612499 Mattermost/span_' is clicked on

2020-06-05 16:24:04 - [TEST_STEP][PASSED] - click(findTestObject("Data Driven/direct-message/Page_Town Square - team1612499 Mattermost/div_huydoan198gmailcom_more-modal__actions--round")): Object: 'Object Repository/Data Driven/direct-message/Page_Town Square - team1612499 Mattermost/div_huydoan198gmailcom_more-modal__actions--round' is clicked on

2020-06-05 16:24:05 - [MESSAGE][PASSED] - Object: 'Object Repository/Data Driven/direct-message/Page_Town Square - team1612499 Mattermost/div_huydoan198gmailcom_more-modal__actions--round' is clicked on

2020-06-05 16:24:05 - [TEST_STEP][PASSED] - click(findTestObject("Data Driven/direct-message/Page_Town Square - team1612499 Mattermost/span_Go")): Object: 'Object Repository/Data Driven/direct-message/Page_Town Square - team1612499 Mattermost/span_Go' is clicked on

2020-06-05 16:24:05 - [MESSAGE][PASSED] - Object: 'Object Repository/Data Driven/direct-message/Page_Town Square - team1612499 Mattermost/span_Go' is clicked on

2020-06-05 16:24:05 - [TEST_STEP][PASSED] - setText(findTestObject("Data Driven/direct-message/Page_huydoan - team1612499 Mattermost/textarea_Write to huydoan_post_textbox"), message): Text '' is set on object 'Object Repository/Data Driven/direct-message/Page_huydoan - team1612499 Mattermost/textarea_Write to huydoan_post_textbox'

2020-06-05 16:24:07 - [MESSAGE][PASSED] - Text '' is set on object 'Object Repository/Data Driven/direct-message/Page_huydoan - team1612499 Mattermost/textarea_Write to huydoan_post_textbox'

2020-06-05 16:24:07 - [TEST_STEP][PASSED] - closeBrowser(): Browser is closed

2020-06-05 16:24:07 - [MESSAGE][PASSED] - Browser is closed]]></system-out>
         <system-err><![CDATA[]]></system-err>
      </testcase>
      <testcase name="Test Cases/csv test case/full-name" time="15.007" classname="Test Cases/csv test case/full-name" status="PASSED">
         <system-out><![CDATA[2020-06-05 16:24:07 - [TEST_CASE][PASSED] - Test Cases/csv test case/full-name: Test Cases/csv test case/full-name

2020-06-05 16:24:07 - [TEST_STEP][PASSED] - openBrowser(""): Browser is opened with url: ''

2020-06-05 16:24:07 - [MESSAGE][INFO] - Starting 'Chrome' driver

2020-06-05 16:24:07 - [MESSAGE][INFO] - Action delay is set to 0 milliseconds

2020-06-05 16:24:08 - [MESSAGE][PASSED] - Browser is opened with url: ''

2020-06-05 16:24:08 - [TEST_STEP][PASSED] - navigateToUrl("https://mattermost-aut.herokuapp.com/login"): Navigate to 'https://mattermost-aut.herokuapp.com/login' successfully

2020-06-05 16:24:11 - [MESSAGE][PASSED] - Navigate to 'https://mattermost-aut.herokuapp.com/login' successfully

2020-06-05 16:24:11 - [TEST_STEP][PASSED] - setText(findTestObject("Data Driven/login/Page_Mattermost/input_All team communication in one place searchable and accessible anywhere_loginId"), "phong1998"): Text 'phong1998' is set on object 'Object Repository/Data Driven/login/Page_Mattermost/input_All team communication in one place searchable and accessible anywhere_loginId'

2020-06-05 16:24:15 - [MESSAGE][PASSED] - Text 'phong1998' is set on object 'Object Repository/Data Driven/login/Page_Mattermost/input_All team communication in one place searchable and accessible anywhere_loginId'

2020-06-05 16:24:15 - [TEST_STEP][PASSED] - setEncryptedText(findTestObject("Data Driven/login/Page_Mattermost/input_All team communication in one place searchable and accessible anywhere_password"), "X6RAMBNCYDQ8H8PMJNlsmQ=="): Text ****** has been set on object 'Object Repository/Data Driven/login/Page_Mattermost/input_All team communication in one place searchable and accessible anywhere_password'

2020-06-05 16:24:15 - [MESSAGE][PASSED] - Text ****** has been set on object 'Object Repository/Data Driven/login/Page_Mattermost/input_All team communication in one place searchable and accessible anywhere_password'

2020-06-05 16:24:15 - [TEST_STEP][PASSED] - click(findTestObject("Data Driven/login/Page_Mattermost/button_Sign in")): Object: 'Object Repository/Data Driven/login/Page_Mattermost/button_Sign in' is clicked on

2020-06-05 16:24:16 - [MESSAGE][PASSED] - Object: 'Object Repository/Data Driven/login/Page_Mattermost/button_Sign in' is clicked on

2020-06-05 16:24:16 - [TEST_STEP][PASSED] - click(findTestObject("Data Driven/full-name/Page_Town Square - team1612499 Mattermost/span")): Object: 'Object Repository/Data Driven/full-name/Page_Town Square - team1612499 Mattermost/span' is clicked on

2020-06-05 16:24:19 - [MESSAGE][PASSED] - Object: 'Object Repository/Data Driven/full-name/Page_Town Square - team1612499 Mattermost/span' is clicked on

2020-06-05 16:24:19 - [TEST_STEP][PASSED] - click(findTestObject("Data Driven/full-name/Page_Town Square - team1612499 Mattermost/span_Account Settings")): Object: 'Object Repository/Data Driven/full-name/Page_Town Square - team1612499 Mattermost/span_Account Settings' is clicked on

2020-06-05 16:24:20 - [MESSAGE][PASSED] - Object: 'Object Repository/Data Driven/full-name/Page_Town Square - team1612499 Mattermost/span_Account Settings' is clicked on

2020-06-05 16:24:20 - [TEST_STEP][PASSED] - click(findTestObject("Data Driven/full-name/Page_Town Square - team1612499 Mattermost/span_Edit")): Object: 'Object Repository/Data Driven/full-name/Page_Town Square - team1612499 Mattermost/span_Edit' is clicked on

2020-06-05 16:24:20 - [MESSAGE][PASSED] - Object: 'Object Repository/Data Driven/full-name/Page_Town Square - team1612499 Mattermost/span_Edit' is clicked on

2020-06-05 16:24:20 - [TEST_STEP][PASSED] - setText(findTestObject("Data Driven/full-name/Page_Town Square - team1612499 Mattermost/input_First Name_firstName"), first_name): Text '' is set on object 'Object Repository/Data Driven/full-name/Page_Town Square - team1612499 Mattermost/input_First Name_firstName'

2020-06-05 16:24:21 - [MESSAGE][PASSED] - Text '' is set on object 'Object Repository/Data Driven/full-name/Page_Town Square - team1612499 Mattermost/input_First Name_firstName'

2020-06-05 16:24:21 - [TEST_STEP][PASSED] - setText(findTestObject("Data Driven/full-name/Page_Town Square - team1612499 Mattermost/input_Last Name_lastName"), last_name): Text '' is set on object 'Object Repository/Data Driven/full-name/Page_Town Square - team1612499 Mattermost/input_Last Name_lastName'

2020-06-05 16:24:22 - [MESSAGE][PASSED] - Text '' is set on object 'Object Repository/Data Driven/full-name/Page_Town Square - team1612499 Mattermost/input_Last Name_lastName'

2020-06-05 16:24:22 - [TEST_STEP][PASSED] - click(findTestObject("Data Driven/full-name/Page_Town Square - team1612499 Mattermost/span_Save")): Object: 'Object Repository/Data Driven/full-name/Page_Town Square - team1612499 Mattermost/span_Save' is clicked on

2020-06-05 16:24:22 - [MESSAGE][PASSED] - Object: 'Object Repository/Data Driven/full-name/Page_Town Square - team1612499 Mattermost/span_Save' is clicked on

2020-06-05 16:24:22 - [TEST_STEP][PASSED] - closeBrowser(): Browser is closed

2020-06-05 16:24:22 - [MESSAGE][PASSED] - Browser is closed]]></system-out>
         <system-err><![CDATA[]]></system-err>
      </testcase>
      <testcase name="Test Cases/internal data test case/email" time="11.58" classname="Test Cases/internal data test case/email" status="FAILED">
         <failure type="FAILED" message="Test Cases/internal data test case/email FAILED.
Reason:
com.kms.katalon.core.exception.StepFailedException: Unable to click on object
	at com.kms.katalon.core.webui.keyword.internal.WebUIKeywordMain.stepFailed(WebUIKeywordMain.groovy:64)
	at com.kms.katalon.core.webui.keyword.internal.WebUIKeywordMain.runKeyword(WebUIKeywordMain.groovy:26)
	at com.kms.katalon.core.webui.keyword.builtin.ClickKeyword.click(ClickKeyword.groovy:76)
	at com.kms.katalon.core.webui.keyword.builtin.ClickKeyword.execute(ClickKeyword.groovy:43)
	at com.kms.katalon.core.keyword.internal.KeywordExecutor.executeKeywordForPlatform(KeywordExecutor.groovy:72)
	at com.kms.katalon.core.webui.keyword.WebUiBuiltInKeywords.click(WebUiBuiltInKeywords.groovy:616)
	at com.kms.katalon.core.webui.keyword.WebUiBuiltInKeywords$click$3.call(Unknown Source)
	at email.run(email:34)
	at com.kms.katalon.core.main.ScriptEngine.run(ScriptEngine.java:194)
	at com.kms.katalon.core.main.ScriptEngine.runScriptAsRawText(ScriptEngine.java:119)
	at com.kms.katalon.core.main.TestCaseExecutor.runScript(TestCaseExecutor.java:337)
	at com.kms.katalon.core.main.TestCaseExecutor.doExecute(TestCaseExecutor.java:328)
	at com.kms.katalon.core.main.TestCaseExecutor.processExecutionPhase(TestCaseExecutor.java:307)
	at com.kms.katalon.core.main.TestCaseExecutor.accessMainPhase(TestCaseExecutor.java:299)
	at com.kms.katalon.core.main.TestCaseExecutor.execute(TestCaseExecutor.java:233)
	at com.kms.katalon.core.main.TestSuiteExecutor.accessTestCaseMainPhase(TestSuiteExecutor.java:169)
	at com.kms.katalon.core.main.TestSuiteExecutor.accessTestSuiteMainPhase(TestSuiteExecutor.java:142)
	at com.kms.katalon.core.main.TestSuiteExecutor.execute(TestSuiteExecutor.java:91)
	at com.kms.katalon.core.main.TestCaseMain.startTestSuite(TestCaseMain.java:157)
	at com.kms.katalon.core.main.TestCaseMain$startTestSuite$0.call(Unknown Source)
	at TempTestSuite1591348990827.run(TempTestSuite1591348990827.groovy:37)
Caused by: java.lang.IllegalArgumentException: Object is null
	at com.kms.katalon.core.helper.KeywordHelper.checkTestObjectParameter(KeywordHelper.java:33)
	at com.kms.katalon.core.webui.keyword.builtin.ClickKeyword$_click_closure1.doCall(ClickKeyword.groovy:65)
	at com.kms.katalon.core.webui.keyword.builtin.ClickKeyword$_click_closure1.call(ClickKeyword.groovy)
	at com.kms.katalon.core.webui.keyword.internal.WebUIKeywordMain.runKeyword(WebUIKeywordMain.groovy:20)
	... 19 more
"/>
         <system-out><![CDATA[2020-06-05 16:24:22 - [TEST_CASE][FAILED] - Test Cases/internal data test case/email: Test Cases/internal data test case/email FAILED.
Reason:
com.kms.katalon.core.exception.StepFailedException: Unable to click on object
	at com.kms.katalon.core.webui.keyword.internal.WebUIKeywordMain.stepFailed(WebUIKeywordMain.groovy:64)
	at com.kms.katalon.core.webui.keyword.internal.WebUIKeywordMain.runKeyword(WebUIKeywordMain.groovy:26)
	at com.kms.katalon.core.webui.keyword.builtin.ClickKeyword.click(ClickKeyword.groovy:76)
	at com.kms.katalon.core.webui.keyword.builtin.ClickKeyword.execute(ClickKeyword.groovy:43)
	at com.kms.katalon.core.keyword.internal.KeywordExecutor.executeKeywordForPlatform(KeywordExecutor.groovy:72)
	at com.kms.katalon.core.webui.keyword.WebUiBuiltInKeywords.click(WebUiBuiltInKeywords.groovy:616)
	at com.kms.katalon.core.webui.keyword.WebUiBuiltInKeywords$click$3.call(Unknown Source)
	at email.run(email:34)
	at com.kms.katalon.core.main.ScriptEngine.run(ScriptEngine.java:194)
	at com.kms.katalon.core.main.ScriptEngine.runScriptAsRawText(ScriptEngine.java:119)
	at com.kms.katalon.core.main.TestCaseExecutor.runScript(TestCaseExecutor.java:337)
	at com.kms.katalon.core.main.TestCaseExecutor.doExecute(TestCaseExecutor.java:328)
	at com.kms.katalon.core.main.TestCaseExecutor.processExecutionPhase(TestCaseExecutor.java:307)
	at com.kms.katalon.core.main.TestCaseExecutor.accessMainPhase(TestCaseExecutor.java:299)
	at com.kms.katalon.core.main.TestCaseExecutor.execute(TestCaseExecutor.java:233)
	at com.kms.katalon.core.main.TestSuiteExecutor.accessTestCaseMainPhase(TestSuiteExecutor.java:169)
	at com.kms.katalon.core.main.TestSuiteExecutor.accessTestSuiteMainPhase(TestSuiteExecutor.java:142)
	at com.kms.katalon.core.main.TestSuiteExecutor.execute(TestSuiteExecutor.java:91)
	at com.kms.katalon.core.main.TestCaseMain.startTestSuite(TestCaseMain.java:157)
	at com.kms.katalon.core.main.TestCaseMain$startTestSuite$0.call(Unknown Source)
	at TempTestSuite1591348990827.run(TempTestSuite1591348990827.groovy:37)
Caused by: java.lang.IllegalArgumentException: Object is null
	at com.kms.katalon.core.helper.KeywordHelper.checkTestObjectParameter(KeywordHelper.java:33)
	at com.kms.katalon.core.webui.keyword.builtin.ClickKeyword$_click_closure1.doCall(ClickKeyword.groovy:65)
	at com.kms.katalon.core.webui.keyword.builtin.ClickKeyword$_click_closure1.call(ClickKeyword.groovy)
	at com.kms.katalon.core.webui.keyword.internal.WebUIKeywordMain.runKeyword(WebUIKeywordMain.groovy:20)
	... 19 more


2020-06-05 16:24:22 - [TEST_STEP][PASSED] - openBrowser(""): Browser is opened with url: ''

2020-06-05 16:24:22 - [MESSAGE][INFO] - Starting 'Chrome' driver

2020-06-05 16:24:22 - [MESSAGE][INFO] - Action delay is set to 0 milliseconds

2020-06-05 16:24:23 - [MESSAGE][PASSED] - Browser is opened with url: ''

2020-06-05 16:24:23 - [TEST_STEP][PASSED] - navigateToUrl("https://mattermost-aut.herokuapp.com/login"): Navigate to 'https://mattermost-aut.herokuapp.com/login' successfully

2020-06-05 16:24:26 - [MESSAGE][PASSED] - Navigate to 'https://mattermost-aut.herokuapp.com/login' successfully

2020-06-05 16:24:26 - [TEST_STEP][PASSED] - setText(findTestObject("Data Driven/nickname/Page_Mattermost/input_All team communication in one place searchable and accessible anywhere_loginId"), "phong1998"): Text 'phong1998' is set on object 'Object Repository/Data Driven/nickname/Page_Mattermost/input_All team communication in one place searchable and accessible anywhere_loginId'

2020-06-05 16:24:30 - [MESSAGE][PASSED] - Text 'phong1998' is set on object 'Object Repository/Data Driven/nickname/Page_Mattermost/input_All team communication in one place searchable and accessible anywhere_loginId'

2020-06-05 16:24:30 - [TEST_STEP][PASSED] - setEncryptedText(findTestObject("Data Driven/nickname/Page_Mattermost/input_All team communication in one place searchable and accessible anywhere_password"), "X6RAMBNCYDQ8H8PMJNlsmQ=="): Text ****** has been set on object 'Object Repository/Data Driven/nickname/Page_Mattermost/input_All team communication in one place searchable and accessible anywhere_password'

2020-06-05 16:24:30 - [MESSAGE][PASSED] - Text ****** has been set on object 'Object Repository/Data Driven/nickname/Page_Mattermost/input_All team communication in one place searchable and accessible anywhere_password'

2020-06-05 16:24:30 - [TEST_STEP][PASSED] - click(findTestObject("Data Driven/nickname/Page_Mattermost/span_Sign in")): Object: 'Object Repository/Data Driven/nickname/Page_Mattermost/span_Sign in' is clicked on

2020-06-05 16:24:31 - [MESSAGE][PASSED] - Object: 'Object Repository/Data Driven/nickname/Page_Mattermost/span_Sign in' is clicked on

2020-06-05 16:24:31 - [TEST_STEP][PASSED] - click(findTestObject("Data Driven/position/Page_Town Square - team1612499 Mattermost/span")): Object: 'Object Repository/Data Driven/position/Page_Town Square - team1612499 Mattermost/span' is clicked on

2020-06-05 16:24:33 - [MESSAGE][PASSED] - Object: 'Object Repository/Data Driven/position/Page_Town Square - team1612499 Mattermost/span' is clicked on

2020-06-05 16:24:33 - [TEST_STEP][FAILED] - click(findTestObject("Page_Town Square - team1612499 Mattermost/span_Account Settings")): Unable to click on object (Root cause: com.kms.katalon.core.exception.StepFailedException: Unable to click on object
	at com.kms.katalon.core.webui.keyword.internal.WebUIKeywordMain.stepFailed(WebUIKeywordMain.groovy:64)
	at com.kms.katalon.core.webui.keyword.internal.WebUIKeywordMain.runKeyword(WebUIKeywordMain.groovy:26)
	at com.kms.katalon.core.webui.keyword.builtin.ClickKeyword.click(ClickKeyword.groovy:76)
	at com.kms.katalon.core.webui.keyword.builtin.ClickKeyword.execute(ClickKeyword.groovy:43)
	at com.kms.katalon.core.keyword.internal.KeywordExecutor.executeKeywordForPlatform(KeywordExecutor.groovy:72)
	at com.kms.katalon.core.webui.keyword.WebUiBuiltInKeywords.click(WebUiBuiltInKeywords.groovy:616)
	at com.kms.katalon.core.webui.keyword.WebUiBuiltInKeywords$click$3.call(Unknown Source)
	at email.run(email:34)
	at com.kms.katalon.core.main.ScriptEngine.run(ScriptEngine.java:194)
	at com.kms.katalon.core.main.ScriptEngine.runScriptAsRawText(ScriptEngine.java:119)
	at com.kms.katalon.core.main.TestCaseExecutor.runScript(TestCaseExecutor.java:337)
	at com.kms.katalon.core.main.TestCaseExecutor.doExecute(TestCaseExecutor.java:328)
	at com.kms.katalon.core.main.TestCaseExecutor.processExecutionPhase(TestCaseExecutor.java:307)
	at com.kms.katalon.core.main.TestCaseExecutor.accessMainPhase(TestCaseExecutor.java:299)
	at com.kms.katalon.core.main.TestCaseExecutor.execute(TestCaseExecutor.java:233)
	at com.kms.katalon.core.main.TestSuiteExecutor.accessTestCaseMainPhase(TestSuiteExecutor.java:169)
	at com.kms.katalon.core.main.TestSuiteExecutor.accessTestSuiteMainPhase(TestSuiteExecutor.java:142)
	at com.kms.katalon.core.main.TestSuiteExecutor.execute(TestSuiteExecutor.java:91)
	at com.kms.katalon.core.main.TestCaseMain.startTestSuite(TestCaseMain.java:157)
	at com.kms.katalon.core.main.TestCaseMain$startTestSuite$0.call(Unknown Source)
	at TempTestSuite1591348990827.run(TempTestSuite1591348990827.groovy:37)
Caused by: java.lang.IllegalArgumentException: Object is null
	at com.kms.katalon.core.helper.KeywordHelper.checkTestObjectParameter(KeywordHelper.java:33)
	at com.kms.katalon.core.webui.keyword.builtin.ClickKeyword$_click_closure1.doCall(ClickKeyword.groovy:65)
	at com.kms.katalon.core.webui.keyword.builtin.ClickKeyword$_click_closure1.call(ClickKeyword.groovy)
	at com.kms.katalon.core.webui.keyword.internal.WebUIKeywordMain.runKeyword(WebUIKeywordMain.groovy:20)
	at com.kms.katalon.core.webui.keyword.builtin.ClickKeyword.click(ClickKeyword.groovy:76)
	at com.kms.katalon.core.webui.keyword.builtin.ClickKeyword.execute(ClickKeyword.groovy:43)
	at com.kms.katalon.core.keyword.internal.KeywordExecutor.executeKeywordForPlatform(KeywordExecutor.groovy:72)
	at com.kms.katalon.core.webui.keyword.WebUiBuiltInKeywords.click(WebUiBuiltInKeywords.groovy:616)
	at com.kms.katalon.core.webui.keyword.WebUiBuiltInKeywords$click$3.call(Unknown Source)
	at Script1591296506249.run(Script1591296506249.groovy:34)
	... 13 more
)

2020-06-05 16:24:33 - [MESSAGE][WARNING] - Test object with id 'Object Repository/Page_Town Square - team1612499 Mattermost/span_Account Settings' does not exist

2020-06-05 16:24:33 - [MESSAGE][WARNING] - Test object with id 'Object Repository/' does not exist

2020-06-05 16:24:34 - [MESSAGE][FAILED] - Unable to click on object (Root cause: com.kms.katalon.core.exception.StepFailedException: Unable to click on object
	at com.kms.katalon.core.webui.keyword.internal.WebUIKeywordMain.stepFailed(WebUIKeywordMain.groovy:64)
	at com.kms.katalon.core.webui.keyword.internal.WebUIKeywordMain.runKeyword(WebUIKeywordMain.groovy:26)
	at com.kms.katalon.core.webui.keyword.builtin.ClickKeyword.click(ClickKeyword.groovy:76)
	at com.kms.katalon.core.webui.keyword.builtin.ClickKeyword.execute(ClickKeyword.groovy:43)
	at com.kms.katalon.core.keyword.internal.KeywordExecutor.executeKeywordForPlatform(KeywordExecutor.groovy:72)
	at com.kms.katalon.core.webui.keyword.WebUiBuiltInKeywords.click(WebUiBuiltInKeywords.groovy:616)
	at com.kms.katalon.core.webui.keyword.WebUiBuiltInKeywords$click$3.call(Unknown Source)
	at email.run(email:34)
	at com.kms.katalon.core.main.ScriptEngine.run(ScriptEngine.java:194)
	at com.kms.katalon.core.main.ScriptEngine.runScriptAsRawText(ScriptEngine.java:119)
	at com.kms.katalon.core.main.TestCaseExecutor.runScript(TestCaseExecutor.java:337)
	at com.kms.katalon.core.main.TestCaseExecutor.doExecute(TestCaseExecutor.java:328)
	at com.kms.katalon.core.main.TestCaseExecutor.processExecutionPhase(TestCaseExecutor.java:307)
	at com.kms.katalon.core.main.TestCaseExecutor.accessMainPhase(TestCaseExecutor.java:299)
	at com.kms.katalon.core.main.TestCaseExecutor.execute(TestCaseExecutor.java:233)
	at com.kms.katalon.core.main.TestSuiteExecutor.accessTestCaseMainPhase(TestSuiteExecutor.java:169)
	at com.kms.katalon.core.main.TestSuiteExecutor.accessTestSuiteMainPhase(TestSuiteExecutor.java:142)
	at com.kms.katalon.core.main.TestSuiteExecutor.execute(TestSuiteExecutor.java:91)
	at com.kms.katalon.core.main.TestCaseMain.startTestSuite(TestCaseMain.java:157)
	at com.kms.katalon.core.main.TestCaseMain$startTestSuite$0.call(Unknown Source)
	at TempTestSuite1591348990827.run(TempTestSuite1591348990827.groovy:37)
Caused by: java.lang.IllegalArgumentException: Object is null
	at com.kms.katalon.core.helper.KeywordHelper.checkTestObjectParameter(KeywordHelper.java:33)
	at com.kms.katalon.core.webui.keyword.builtin.ClickKeyword$_click_closure1.doCall(ClickKeyword.groovy:65)
	at com.kms.katalon.core.webui.keyword.builtin.ClickKeyword$_click_closure1.call(ClickKeyword.groovy)
	at com.kms.katalon.core.webui.keyword.internal.WebUIKeywordMain.runKeyword(WebUIKeywordMain.groovy:20)
	at com.kms.katalon.core.webui.keyword.builtin.ClickKeyword.click(ClickKeyword.groovy:76)
	at com.kms.katalon.core.webui.keyword.builtin.ClickKeyword.execute(ClickKeyword.groovy:43)
	at com.kms.katalon.core.keyword.internal.KeywordExecutor.executeKeywordForPlatform(KeywordExecutor.groovy:72)
	at com.kms.katalon.core.webui.keyword.WebUiBuiltInKeywords.click(WebUiBuiltInKeywords.groovy:616)
	at com.kms.katalon.core.webui.keyword.WebUiBuiltInKeywords$click$3.call(Unknown Source)
	at Script1591296506249.run(Script1591296506249.groovy:34)
	... 13 more
)
[[ATTACHMENT|/home/phat/Downloads/katalon/mattermost-webapp/Reports/20200605_162310/Run all test cases/20200605_162310/1591349073957.png]]]]></system-out>
         <system-err><![CDATA[2020-06-05 16:24:22 - [TEST_CASE][FAILED] - Test Cases/internal data test case/email: Test Cases/internal data test case/email FAILED.
Reason:
com.kms.katalon.core.exception.StepFailedException: Unable to click on object
	at com.kms.katalon.core.webui.keyword.internal.WebUIKeywordMain.stepFailed(WebUIKeywordMain.groovy:64)
	at com.kms.katalon.core.webui.keyword.internal.WebUIKeywordMain.runKeyword(WebUIKeywordMain.groovy:26)
	at com.kms.katalon.core.webui.keyword.builtin.ClickKeyword.click(ClickKeyword.groovy:76)
	at com.kms.katalon.core.webui.keyword.builtin.ClickKeyword.execute(ClickKeyword.groovy:43)
	at com.kms.katalon.core.keyword.internal.KeywordExecutor.executeKeywordForPlatform(KeywordExecutor.groovy:72)
	at com.kms.katalon.core.webui.keyword.WebUiBuiltInKeywords.click(WebUiBuiltInKeywords.groovy:616)
	at com.kms.katalon.core.webui.keyword.WebUiBuiltInKeywords$click$3.call(Unknown Source)
	at email.run(email:34)
	at com.kms.katalon.core.main.ScriptEngine.run(ScriptEngine.java:194)
	at com.kms.katalon.core.main.ScriptEngine.runScriptAsRawText(ScriptEngine.java:119)
	at com.kms.katalon.core.main.TestCaseExecutor.runScript(TestCaseExecutor.java:337)
	at com.kms.katalon.core.main.TestCaseExecutor.doExecute(TestCaseExecutor.java:328)
	at com.kms.katalon.core.main.TestCaseExecutor.processExecutionPhase(TestCaseExecutor.java:307)
	at com.kms.katalon.core.main.TestCaseExecutor.accessMainPhase(TestCaseExecutor.java:299)
	at com.kms.katalon.core.main.TestCaseExecutor.execute(TestCaseExecutor.java:233)
	at com.kms.katalon.core.main.TestSuiteExecutor.accessTestCaseMainPhase(TestSuiteExecutor.java:169)
	at com.kms.katalon.core.main.TestSuiteExecutor.accessTestSuiteMainPhase(TestSuiteExecutor.java:142)
	at com.kms.katalon.core.main.TestSuiteExecutor.execute(TestSuiteExecutor.java:91)
	at com.kms.katalon.core.main.TestCaseMain.startTestSuite(TestCaseMain.java:157)
	at com.kms.katalon.core.main.TestCaseMain$startTestSuite$0.call(Unknown Source)
	at TempTestSuite1591348990827.run(TempTestSuite1591348990827.groovy:37)
Caused by: java.lang.IllegalArgumentException: Object is null
	at com.kms.katalon.core.helper.KeywordHelper.checkTestObjectParameter(KeywordHelper.java:33)
	at com.kms.katalon.core.webui.keyword.builtin.ClickKeyword$_click_closure1.doCall(ClickKeyword.groovy:65)
	at com.kms.katalon.core.webui.keyword.builtin.ClickKeyword$_click_closure1.call(ClickKeyword.groovy)
	at com.kms.katalon.core.webui.keyword.internal.WebUIKeywordMain.runKeyword(WebUIKeywordMain.groovy:20)
	... 19 more]]></system-err>
      </testcase>
      <testcase name="Test Cases/internal data test case/word-trigger" time="11.94" classname="Test Cases/internal data test case/word-trigger" status="FAILED">
         <failure type="FAILED" message="Test Cases/internal data test case/word-trigger FAILED.
Reason:
com.kms.katalon.core.exception.StepFailedException: Unable to click on object
	at com.kms.katalon.core.webui.keyword.internal.WebUIKeywordMain.stepFailed(WebUIKeywordMain.groovy:64)
	at com.kms.katalon.core.webui.keyword.internal.WebUIKeywordMain.runKeyword(WebUIKeywordMain.groovy:26)
	at com.kms.katalon.core.webui.keyword.builtin.ClickKeyword.click(ClickKeyword.groovy:76)
	at com.kms.katalon.core.webui.keyword.builtin.ClickKeyword.execute(ClickKeyword.groovy:43)
	at com.kms.katalon.core.keyword.internal.KeywordExecutor.executeKeywordForPlatform(KeywordExecutor.groovy:72)
	at com.kms.katalon.core.webui.keyword.WebUiBuiltInKeywords.click(WebUiBuiltInKeywords.groovy:616)
	at com.kms.katalon.core.webui.keyword.WebUiBuiltInKeywords$click$3.call(Unknown Source)
	at word-trigger.run(word-trigger:34)
	at com.kms.katalon.core.main.ScriptEngine.run(ScriptEngine.java:194)
	at com.kms.katalon.core.main.ScriptEngine.runScriptAsRawText(ScriptEngine.java:119)
	at com.kms.katalon.core.main.TestCaseExecutor.runScript(TestCaseExecutor.java:337)
	at com.kms.katalon.core.main.TestCaseExecutor.doExecute(TestCaseExecutor.java:328)
	at com.kms.katalon.core.main.TestCaseExecutor.processExecutionPhase(TestCaseExecutor.java:307)
	at com.kms.katalon.core.main.TestCaseExecutor.accessMainPhase(TestCaseExecutor.java:299)
	at com.kms.katalon.core.main.TestCaseExecutor.execute(TestCaseExecutor.java:233)
	at com.kms.katalon.core.main.TestSuiteExecutor.accessTestCaseMainPhase(TestSuiteExecutor.java:169)
	at com.kms.katalon.core.main.TestSuiteExecutor.accessTestSuiteMainPhase(TestSuiteExecutor.java:142)
	at com.kms.katalon.core.main.TestSuiteExecutor.execute(TestSuiteExecutor.java:91)
	at com.kms.katalon.core.main.TestCaseMain.startTestSuite(TestCaseMain.java:157)
	at com.kms.katalon.core.main.TestCaseMain$startTestSuite$0.call(Unknown Source)
	at TempTestSuite1591348990827.run(TempTestSuite1591348990827.groovy:37)
Caused by: java.lang.IllegalArgumentException: Object is null
	at com.kms.katalon.core.helper.KeywordHelper.checkTestObjectParameter(KeywordHelper.java:33)
	at com.kms.katalon.core.webui.keyword.builtin.ClickKeyword$_click_closure1.doCall(ClickKeyword.groovy:65)
	at com.kms.katalon.core.webui.keyword.builtin.ClickKeyword$_click_closure1.call(ClickKeyword.groovy)
	at com.kms.katalon.core.webui.keyword.internal.WebUIKeywordMain.runKeyword(WebUIKeywordMain.groovy:20)
	... 19 more
"/>
         <system-out><![CDATA[2020-06-05 16:24:34 - [TEST_CASE][FAILED] - Test Cases/internal data test case/word-trigger: Test Cases/internal data test case/word-trigger FAILED.
Reason:
com.kms.katalon.core.exception.StepFailedException: Unable to click on object
	at com.kms.katalon.core.webui.keyword.internal.WebUIKeywordMain.stepFailed(WebUIKeywordMain.groovy:64)
	at com.kms.katalon.core.webui.keyword.internal.WebUIKeywordMain.runKeyword(WebUIKeywordMain.groovy:26)
	at com.kms.katalon.core.webui.keyword.builtin.ClickKeyword.click(ClickKeyword.groovy:76)
	at com.kms.katalon.core.webui.keyword.builtin.ClickKeyword.execute(ClickKeyword.groovy:43)
	at com.kms.katalon.core.keyword.internal.KeywordExecutor.executeKeywordForPlatform(KeywordExecutor.groovy:72)
	at com.kms.katalon.core.webui.keyword.WebUiBuiltInKeywords.click(WebUiBuiltInKeywords.groovy:616)
	at com.kms.katalon.core.webui.keyword.WebUiBuiltInKeywords$click$3.call(Unknown Source)
	at word-trigger.run(word-trigger:34)
	at com.kms.katalon.core.main.ScriptEngine.run(ScriptEngine.java:194)
	at com.kms.katalon.core.main.ScriptEngine.runScriptAsRawText(ScriptEngine.java:119)
	at com.kms.katalon.core.main.TestCaseExecutor.runScript(TestCaseExecutor.java:337)
	at com.kms.katalon.core.main.TestCaseExecutor.doExecute(TestCaseExecutor.java:328)
	at com.kms.katalon.core.main.TestCaseExecutor.processExecutionPhase(TestCaseExecutor.java:307)
	at com.kms.katalon.core.main.TestCaseExecutor.accessMainPhase(TestCaseExecutor.java:299)
	at com.kms.katalon.core.main.TestCaseExecutor.execute(TestCaseExecutor.java:233)
	at com.kms.katalon.core.main.TestSuiteExecutor.accessTestCaseMainPhase(TestSuiteExecutor.java:169)
	at com.kms.katalon.core.main.TestSuiteExecutor.accessTestSuiteMainPhase(TestSuiteExecutor.java:142)
	at com.kms.katalon.core.main.TestSuiteExecutor.execute(TestSuiteExecutor.java:91)
	at com.kms.katalon.core.main.TestCaseMain.startTestSuite(TestCaseMain.java:157)
	at com.kms.katalon.core.main.TestCaseMain$startTestSuite$0.call(Unknown Source)
	at TempTestSuite1591348990827.run(TempTestSuite1591348990827.groovy:37)
Caused by: java.lang.IllegalArgumentException: Object is null
	at com.kms.katalon.core.helper.KeywordHelper.checkTestObjectParameter(KeywordHelper.java:33)
	at com.kms.katalon.core.webui.keyword.builtin.ClickKeyword$_click_closure1.doCall(ClickKeyword.groovy:65)
	at com.kms.katalon.core.webui.keyword.builtin.ClickKeyword$_click_closure1.call(ClickKeyword.groovy)
	at com.kms.katalon.core.webui.keyword.internal.WebUIKeywordMain.runKeyword(WebUIKeywordMain.groovy:20)
	... 19 more


2020-06-05 16:24:34 - [TEST_STEP][PASSED] - openBrowser(""): Browser is opened with url: ''

2020-06-05 16:24:34 - [MESSAGE][WARNING] - A browser is already opened. Closing browser and opening a new one

2020-06-05 16:24:34 - [MESSAGE][INFO] - Starting 'Chrome' driver

2020-06-05 16:24:34 - [MESSAGE][INFO] - Action delay is set to 0 milliseconds

2020-06-05 16:24:34 - [MESSAGE][PASSED] - Browser is opened with url: ''

2020-06-05 16:24:34 - [TEST_STEP][PASSED] - navigateToUrl("https://mattermost-aut.herokuapp.com/login"): Navigate to 'https://mattermost-aut.herokuapp.com/login' successfully

2020-06-05 16:24:37 - [MESSAGE][PASSED] - Navigate to 'https://mattermost-aut.herokuapp.com/login' successfully

2020-06-05 16:24:37 - [TEST_STEP][PASSED] - setText(findTestObject("Data Driven/login/Page_Mattermost/input_All team communication in one place searchable and accessible anywhere_loginId"), "phong1998"): Text 'phong1998' is set on object 'Object Repository/Data Driven/login/Page_Mattermost/input_All team communication in one place searchable and accessible anywhere_loginId'

2020-06-05 16:24:41 - [MESSAGE][PASSED] - Text 'phong1998' is set on object 'Object Repository/Data Driven/login/Page_Mattermost/input_All team communication in one place searchable and accessible anywhere_loginId'

2020-06-05 16:24:41 - [TEST_STEP][PASSED] - setEncryptedText(findTestObject("Data Driven/login/Page_Mattermost/input_All team communication in one place searchable and accessible anywhere_password"), "X6RAMBNCYDQ8H8PMJNlsmQ=="): Text ****** has been set on object 'Object Repository/Data Driven/login/Page_Mattermost/input_All team communication in one place searchable and accessible anywhere_password'

2020-06-05 16:24:42 - [MESSAGE][PASSED] - Text ****** has been set on object 'Object Repository/Data Driven/login/Page_Mattermost/input_All team communication in one place searchable and accessible anywhere_password'

2020-06-05 16:24:42 - [TEST_STEP][PASSED] - click(findTestObject("Data Driven/direct-message/Page_Mattermost/button_Sign in")): Object: 'Object Repository/Data Driven/direct-message/Page_Mattermost/button_Sign in' is clicked on

2020-06-05 16:24:42 - [MESSAGE][PASSED] - Object: 'Object Repository/Data Driven/direct-message/Page_Mattermost/button_Sign in' is clicked on

2020-06-05 16:24:42 - [TEST_STEP][PASSED] - click(findTestObject("Data Driven/password/Page_Town Square - team1612499 Mattermost/button_phong1998_style--none sidebar-header_cd5638")): Object: 'Object Repository/Data Driven/password/Page_Town Square - team1612499 Mattermost/button_phong1998_style--none sidebar-header_cd5638' is clicked on

2020-06-05 16:24:45 - [MESSAGE][PASSED] - Object: 'Object Repository/Data Driven/password/Page_Town Square - team1612499 Mattermost/button_phong1998_style--none sidebar-header_cd5638' is clicked on

2020-06-05 16:24:45 - [TEST_STEP][FAILED] - click(findTestObject("Page_Town Square - team1612499 Mattermost/span_Account Settings")): Unable to click on object (Root cause: com.kms.katalon.core.exception.StepFailedException: Unable to click on object
	at com.kms.katalon.core.webui.keyword.internal.WebUIKeywordMain.stepFailed(WebUIKeywordMain.groovy:64)
	at com.kms.katalon.core.webui.keyword.internal.WebUIKeywordMain.runKeyword(WebUIKeywordMain.groovy:26)
	at com.kms.katalon.core.webui.keyword.builtin.ClickKeyword.click(ClickKeyword.groovy:76)
	at com.kms.katalon.core.webui.keyword.builtin.ClickKeyword.execute(ClickKeyword.groovy:43)
	at com.kms.katalon.core.keyword.internal.KeywordExecutor.executeKeywordForPlatform(KeywordExecutor.groovy:72)
	at com.kms.katalon.core.webui.keyword.WebUiBuiltInKeywords.click(WebUiBuiltInKeywords.groovy:616)
	at com.kms.katalon.core.webui.keyword.WebUiBuiltInKeywords$click$3.call(Unknown Source)
	at word-trigger.run(word-trigger:34)
	at com.kms.katalon.core.main.ScriptEngine.run(ScriptEngine.java:194)
	at com.kms.katalon.core.main.ScriptEngine.runScriptAsRawText(ScriptEngine.java:119)
	at com.kms.katalon.core.main.TestCaseExecutor.runScript(TestCaseExecutor.java:337)
	at com.kms.katalon.core.main.TestCaseExecutor.doExecute(TestCaseExecutor.java:328)
	at com.kms.katalon.core.main.TestCaseExecutor.processExecutionPhase(TestCaseExecutor.java:307)
	at com.kms.katalon.core.main.TestCaseExecutor.accessMainPhase(TestCaseExecutor.java:299)
	at com.kms.katalon.core.main.TestCaseExecutor.execute(TestCaseExecutor.java:233)
	at com.kms.katalon.core.main.TestSuiteExecutor.accessTestCaseMainPhase(TestSuiteExecutor.java:169)
	at com.kms.katalon.core.main.TestSuiteExecutor.accessTestSuiteMainPhase(TestSuiteExecutor.java:142)
	at com.kms.katalon.core.main.TestSuiteExecutor.execute(TestSuiteExecutor.java:91)
	at com.kms.katalon.core.main.TestCaseMain.startTestSuite(TestCaseMain.java:157)
	at com.kms.katalon.core.main.TestCaseMain$startTestSuite$0.call(Unknown Source)
	at TempTestSuite1591348990827.run(TempTestSuite1591348990827.groovy:37)
Caused by: java.lang.IllegalArgumentException: Object is null
	at com.kms.katalon.core.helper.KeywordHelper.checkTestObjectParameter(KeywordHelper.java:33)
	at com.kms.katalon.core.webui.keyword.builtin.ClickKeyword$_click_closure1.doCall(ClickKeyword.groovy:65)
	at com.kms.katalon.core.webui.keyword.builtin.ClickKeyword$_click_closure1.call(ClickKeyword.groovy)
	at com.kms.katalon.core.webui.keyword.internal.WebUIKeywordMain.runKeyword(WebUIKeywordMain.groovy:20)
	at com.kms.katalon.core.webui.keyword.builtin.ClickKeyword.click(ClickKeyword.groovy:76)
	at com.kms.katalon.core.webui.keyword.builtin.ClickKeyword.execute(ClickKeyword.groovy:43)
	at com.kms.katalon.core.keyword.internal.KeywordExecutor.executeKeywordForPlatform(KeywordExecutor.groovy:72)
	at com.kms.katalon.core.webui.keyword.WebUiBuiltInKeywords.click(WebUiBuiltInKeywords.groovy:616)
	at com.kms.katalon.core.webui.keyword.WebUiBuiltInKeywords$click$3.call(Unknown Source)
	at Script1591296532982.run(Script1591296532982.groovy:34)
	... 13 more
)

2020-06-05 16:24:45 - [MESSAGE][WARNING] - Test object with id 'Object Repository/Page_Town Square - team1612499 Mattermost/span_Account Settings' does not exist

2020-06-05 16:24:45 - [MESSAGE][WARNING] - Test object with id 'Object Repository/' does not exist

2020-06-05 16:24:46 - [MESSAGE][FAILED] - Unable to click on object (Root cause: com.kms.katalon.core.exception.StepFailedException: Unable to click on object
	at com.kms.katalon.core.webui.keyword.internal.WebUIKeywordMain.stepFailed(WebUIKeywordMain.groovy:64)
	at com.kms.katalon.core.webui.keyword.internal.WebUIKeywordMain.runKeyword(WebUIKeywordMain.groovy:26)
	at com.kms.katalon.core.webui.keyword.builtin.ClickKeyword.click(ClickKeyword.groovy:76)
	at com.kms.katalon.core.webui.keyword.builtin.ClickKeyword.execute(ClickKeyword.groovy:43)
	at com.kms.katalon.core.keyword.internal.KeywordExecutor.executeKeywordForPlatform(KeywordExecutor.groovy:72)
	at com.kms.katalon.core.webui.keyword.WebUiBuiltInKeywords.click(WebUiBuiltInKeywords.groovy:616)
	at com.kms.katalon.core.webui.keyword.WebUiBuiltInKeywords$click$3.call(Unknown Source)
	at word-trigger.run(word-trigger:34)
	at com.kms.katalon.core.main.ScriptEngine.run(ScriptEngine.java:194)
	at com.kms.katalon.core.main.ScriptEngine.runScriptAsRawText(ScriptEngine.java:119)
	at com.kms.katalon.core.main.TestCaseExecutor.runScript(TestCaseExecutor.java:337)
	at com.kms.katalon.core.main.TestCaseExecutor.doExecute(TestCaseExecutor.java:328)
	at com.kms.katalon.core.main.TestCaseExecutor.processExecutionPhase(TestCaseExecutor.java:307)
	at com.kms.katalon.core.main.TestCaseExecutor.accessMainPhase(TestCaseExecutor.java:299)
	at com.kms.katalon.core.main.TestCaseExecutor.execute(TestCaseExecutor.java:233)
	at com.kms.katalon.core.main.TestSuiteExecutor.accessTestCaseMainPhase(TestSuiteExecutor.java:169)
	at com.kms.katalon.core.main.TestSuiteExecutor.accessTestSuiteMainPhase(TestSuiteExecutor.java:142)
	at com.kms.katalon.core.main.TestSuiteExecutor.execute(TestSuiteExecutor.java:91)
	at com.kms.katalon.core.main.TestCaseMain.startTestSuite(TestCaseMain.java:157)
	at com.kms.katalon.core.main.TestCaseMain$startTestSuite$0.call(Unknown Source)
	at TempTestSuite1591348990827.run(TempTestSuite1591348990827.groovy:37)
Caused by: java.lang.IllegalArgumentException: Object is null
	at com.kms.katalon.core.helper.KeywordHelper.checkTestObjectParameter(KeywordHelper.java:33)
	at com.kms.katalon.core.webui.keyword.builtin.ClickKeyword$_click_closure1.doCall(ClickKeyword.groovy:65)
	at com.kms.katalon.core.webui.keyword.builtin.ClickKeyword$_click_closure1.call(ClickKeyword.groovy)
	at com.kms.katalon.core.webui.keyword.internal.WebUIKeywordMain.runKeyword(WebUIKeywordMain.groovy:20)
	at com.kms.katalon.core.webui.keyword.builtin.ClickKeyword.click(ClickKeyword.groovy:76)
	at com.kms.katalon.core.webui.keyword.builtin.ClickKeyword.execute(ClickKeyword.groovy:43)
	at com.kms.katalon.core.keyword.internal.KeywordExecutor.executeKeywordForPlatform(KeywordExecutor.groovy:72)
	at com.kms.katalon.core.webui.keyword.WebUiBuiltInKeywords.click(WebUiBuiltInKeywords.groovy:616)
	at com.kms.katalon.core.webui.keyword.WebUiBuiltInKeywords$click$3.call(Unknown Source)
	at Script1591296532982.run(Script1591296532982.groovy:34)
	... 13 more
)
[[ATTACHMENT|/home/phat/Downloads/katalon/mattermost-webapp/Reports/20200605_162310/Run all test cases/20200605_162310/1591349085897.png]]]]></system-out>
         <system-err><![CDATA[2020-06-05 16:24:34 - [TEST_CASE][FAILED] - Test Cases/internal data test case/word-trigger: Test Cases/internal data test case/word-trigger FAILED.
Reason:
com.kms.katalon.core.exception.StepFailedException: Unable to click on object
	at com.kms.katalon.core.webui.keyword.internal.WebUIKeywordMain.stepFailed(WebUIKeywordMain.groovy:64)
	at com.kms.katalon.core.webui.keyword.internal.WebUIKeywordMain.runKeyword(WebUIKeywordMain.groovy:26)
	at com.kms.katalon.core.webui.keyword.builtin.ClickKeyword.click(ClickKeyword.groovy:76)
	at com.kms.katalon.core.webui.keyword.builtin.ClickKeyword.execute(ClickKeyword.groovy:43)
	at com.kms.katalon.core.keyword.internal.KeywordExecutor.executeKeywordForPlatform(KeywordExecutor.groovy:72)
	at com.kms.katalon.core.webui.keyword.WebUiBuiltInKeywords.click(WebUiBuiltInKeywords.groovy:616)
	at com.kms.katalon.core.webui.keyword.WebUiBuiltInKeywords$click$3.call(Unknown Source)
	at word-trigger.run(word-trigger:34)
	at com.kms.katalon.core.main.ScriptEngine.run(ScriptEngine.java:194)
	at com.kms.katalon.core.main.ScriptEngine.runScriptAsRawText(ScriptEngine.java:119)
	at com.kms.katalon.core.main.TestCaseExecutor.runScript(TestCaseExecutor.java:337)
	at com.kms.katalon.core.main.TestCaseExecutor.doExecute(TestCaseExecutor.java:328)
	at com.kms.katalon.core.main.TestCaseExecutor.processExecutionPhase(TestCaseExecutor.java:307)
	at com.kms.katalon.core.main.TestCaseExecutor.accessMainPhase(TestCaseExecutor.java:299)
	at com.kms.katalon.core.main.TestCaseExecutor.execute(TestCaseExecutor.java:233)
	at com.kms.katalon.core.main.TestSuiteExecutor.accessTestCaseMainPhase(TestSuiteExecutor.java:169)
	at com.kms.katalon.core.main.TestSuiteExecutor.accessTestSuiteMainPhase(TestSuiteExecutor.java:142)
	at com.kms.katalon.core.main.TestSuiteExecutor.execute(TestSuiteExecutor.java:91)
	at com.kms.katalon.core.main.TestCaseMain.startTestSuite(TestCaseMain.java:157)
	at com.kms.katalon.core.main.TestCaseMain$startTestSuite$0.call(Unknown Source)
	at TempTestSuite1591348990827.run(TempTestSuite1591348990827.groovy:37)
Caused by: java.lang.IllegalArgumentException: Object is null
	at com.kms.katalon.core.helper.KeywordHelper.checkTestObjectParameter(KeywordHelper.java:33)
	at com.kms.katalon.core.webui.keyword.builtin.ClickKeyword$_click_closure1.doCall(ClickKeyword.groovy:65)
	at com.kms.katalon.core.webui.keyword.builtin.ClickKeyword$_click_closure1.call(ClickKeyword.groovy)
	at com.kms.katalon.core.webui.keyword.internal.WebUIKeywordMain.runKeyword(WebUIKeywordMain.groovy:20)
	... 19 more]]></system-err>
      </testcase>
      <testcase name="Test Cases/internal data test case/private-channel" time="14.068" classname="Test Cases/internal data test case/private-channel" status="PASSED">
         <system-out><![CDATA[2020-06-05 16:24:46 - [TEST_CASE][PASSED] - Test Cases/internal data test case/private-channel: Test Cases/internal data test case/private-channel

2020-06-05 16:24:46 - [TEST_STEP][PASSED] - openBrowser(""): Browser is opened with url: ''

2020-06-05 16:24:46 - [MESSAGE][WARNING] - A browser is already opened. Closing browser and opening a new one

2020-06-05 16:24:46 - [MESSAGE][INFO] - Starting 'Chrome' driver

2020-06-05 16:24:46 - [MESSAGE][INFO] - Action delay is set to 0 milliseconds

2020-06-05 16:24:46 - [MESSAGE][PASSED] - Browser is opened with url: ''

2020-06-05 16:24:46 - [TEST_STEP][PASSED] - navigateToUrl("https://mattermost-aut.herokuapp.com/login"): Navigate to 'https://mattermost-aut.herokuapp.com/login' successfully

2020-06-05 16:24:50 - [MESSAGE][PASSED] - Navigate to 'https://mattermost-aut.herokuapp.com/login' successfully

2020-06-05 16:24:50 - [TEST_STEP][PASSED] - setText(findTestObject("Data Driven/login/Page_Mattermost/input_All team communication in one place searchable and accessible anywhere_loginId"), "phong1998"): Text 'phong1998' is set on object 'Object Repository/Data Driven/login/Page_Mattermost/input_All team communication in one place searchable and accessible anywhere_loginId'

2020-06-05 16:24:54 - [MESSAGE][PASSED] - Text 'phong1998' is set on object 'Object Repository/Data Driven/login/Page_Mattermost/input_All team communication in one place searchable and accessible anywhere_loginId'

2020-06-05 16:24:54 - [TEST_STEP][PASSED] - setEncryptedText(findTestObject("Data Driven/login/Page_Mattermost/input_All team communication in one place searchable and accessible anywhere_password"), "X6RAMBNCYDQ8H8PMJNlsmQ=="): Text ****** has been set on object 'Object Repository/Data Driven/login/Page_Mattermost/input_All team communication in one place searchable and accessible anywhere_password'

2020-06-05 16:24:54 - [MESSAGE][PASSED] - Text ****** has been set on object 'Object Repository/Data Driven/login/Page_Mattermost/input_All team communication in one place searchable and accessible anywhere_password'

2020-06-05 16:24:54 - [TEST_STEP][PASSED] - click(findTestObject("Data Driven/login/Page_Mattermost/button_Sign in")): Object: 'Object Repository/Data Driven/login/Page_Mattermost/button_Sign in' is clicked on

2020-06-05 16:24:55 - [MESSAGE][PASSED] - Object: 'Object Repository/Data Driven/login/Page_Mattermost/button_Sign in' is clicked on

2020-06-05 16:24:55 - [TEST_STEP][PASSED] - click(findTestObject("Data Driven/private-channel/Page_Town Square - team1612499 Mattermost/span_")): Object: 'Object Repository/Data Driven/private-channel/Page_Town Square - team1612499 Mattermost/span_' is clicked on

2020-06-05 16:24:57 - [MESSAGE][PASSED] - Object: 'Object Repository/Data Driven/private-channel/Page_Town Square - team1612499 Mattermost/span_' is clicked on

2020-06-05 16:24:57 - [TEST_STEP][PASSED] - setText(findTestObject("Data Driven/private-channel/Page_Town Square - team1612499 Mattermost/input_Name_newChannelName"), name): Text '' is set on object 'Object Repository/Data Driven/private-channel/Page_Town Square - team1612499 Mattermost/input_Name_newChannelName'

2020-06-05 16:24:58 - [MESSAGE][PASSED] - Text '' is set on object 'Object Repository/Data Driven/private-channel/Page_Town Square - team1612499 Mattermost/input_Name_newChannelName'

2020-06-05 16:24:58 - [TEST_STEP][PASSED] - setText(findTestObject("Data Driven/private-channel/Page_Town Square - team1612499 Mattermost/textarea_(optional)_newChannelPurpose"), purpose): Text '' is set on object 'Object Repository/Data Driven/private-channel/Page_Town Square - team1612499 Mattermost/textarea_(optional)_newChannelPurpose'

2020-06-05 16:24:59 - [MESSAGE][PASSED] - Text '' is set on object 'Object Repository/Data Driven/private-channel/Page_Town Square - team1612499 Mattermost/textarea_(optional)_newChannelPurpose'

2020-06-05 16:24:59 - [TEST_STEP][PASSED] - setText(findTestObject("Data Driven/private-channel/Page_Town Square - team1612499 Mattermost/textarea_(optional)_newChannelHeader"), header): Text '' is set on object 'Object Repository/Data Driven/private-channel/Page_Town Square - team1612499 Mattermost/textarea_(optional)_newChannelHeader'

2020-06-05 16:24:59 - [MESSAGE][PASSED] - Text '' is set on object 'Object Repository/Data Driven/private-channel/Page_Town Square - team1612499 Mattermost/textarea_(optional)_newChannelHeader'

2020-06-05 16:24:59 - [TEST_STEP][PASSED] - click(findTestObject("Data Driven/private-channel/Page_Town Square - team1612499 Mattermost/span_Create Channel")): Object: 'Object Repository/Data Driven/private-channel/Page_Town Square - team1612499 Mattermost/span_Create Channel' is clicked on

2020-06-05 16:25:00 - [MESSAGE][PASSED] - Object: 'Object Repository/Data Driven/private-channel/Page_Town Square - team1612499 Mattermost/span_Create Channel' is clicked on

2020-06-05 16:25:00 - [TEST_STEP][PASSED] - closeBrowser(): Browser is closed

2020-06-05 16:25:00 - [MESSAGE][PASSED] - Browser is closed]]></system-out>
         <system-err><![CDATA[]]></system-err>
      </testcase>
      <testcase name="Test Cases/internal data test case/emotion" time="12.734" classname="Test Cases/internal data test case/emotion" status="PASSED">
         <system-out><![CDATA[2020-06-05 16:25:00 - [TEST_CASE][PASSED] - Test Cases/internal data test case/emotion: Test Cases/internal data test case/emotion

2020-06-05 16:25:00 - [TEST_STEP][PASSED] - openBrowser(""): Browser is opened with url: ''

2020-06-05 16:25:00 - [MESSAGE][INFO] - Starting 'Chrome' driver

2020-06-05 16:25:00 - [MESSAGE][INFO] - Action delay is set to 0 milliseconds

2020-06-05 16:25:00 - [MESSAGE][PASSED] - Browser is opened with url: ''

2020-06-05 16:25:00 - [TEST_STEP][PASSED] - navigateToUrl("https://mattermost-aut.herokuapp.com/login"): Navigate to 'https://mattermost-aut.herokuapp.com/login' successfully

2020-06-05 16:25:03 - [MESSAGE][PASSED] - Navigate to 'https://mattermost-aut.herokuapp.com/login' successfully

2020-06-05 16:25:03 - [TEST_STEP][PASSED] - setText(findTestObject("Data Driven/login/Page_Mattermost/input_All team communication in one place searchable and accessible anywhere_loginId"), "phong1998"): Text 'phong1998' is set on object 'Object Repository/Data Driven/login/Page_Mattermost/input_All team communication in one place searchable and accessible anywhere_loginId'

2020-06-05 16:25:07 - [MESSAGE][PASSED] - Text 'phong1998' is set on object 'Object Repository/Data Driven/login/Page_Mattermost/input_All team communication in one place searchable and accessible anywhere_loginId'

2020-06-05 16:25:07 - [TEST_STEP][PASSED] - setEncryptedText(findTestObject("Data Driven/login/Page_Mattermost/input_All team communication in one place searchable and accessible anywhere_password"), "X6RAMBNCYDQ8H8PMJNlsmQ=="): Text ****** has been set on object 'Object Repository/Data Driven/login/Page_Mattermost/input_All team communication in one place searchable and accessible anywhere_password'

2020-06-05 16:25:08 - [MESSAGE][PASSED] - Text ****** has been set on object 'Object Repository/Data Driven/login/Page_Mattermost/input_All team communication in one place searchable and accessible anywhere_password'

2020-06-05 16:25:08 - [TEST_STEP][PASSED] - click(findTestObject("Data Driven/direct-message/Page_Mattermost/button_Sign in")): Object: 'Object Repository/Data Driven/direct-message/Page_Mattermost/button_Sign in' is clicked on

2020-06-05 16:25:08 - [MESSAGE][PASSED] - Object: 'Object Repository/Data Driven/direct-message/Page_Mattermost/button_Sign in' is clicked on

2020-06-05 16:25:08 - [TEST_STEP][PASSED] - click(findTestObject("Data Driven/emotion/Page_Town Square - team1612499 Mattermost/svg")): Object: 'Object Repository/Data Driven/emotion/Page_Town Square - team1612499 Mattermost/svg' is clicked on

2020-06-05 16:25:11 - [MESSAGE][PASSED] - Object: 'Object Repository/Data Driven/emotion/Page_Town Square - team1612499 Mattermost/svg' is clicked on

2020-06-05 16:25:11 - [TEST_STEP][PASSED] - setText(findTestObject("Data Driven/emotion/Page_Town Square - team1612499 Mattermost/input_emoji_emojiPickerSearch"), emotion): Text '' is set on object 'Object Repository/Data Driven/emotion/Page_Town Square - team1612499 Mattermost/input_emoji_emojiPickerSearch'

2020-06-05 16:25:12 - [MESSAGE][PASSED] - Text '' is set on object 'Object Repository/Data Driven/emotion/Page_Town Square - team1612499 Mattermost/input_emoji_emojiPickerSearch'

2020-06-05 16:25:12 - [TEST_STEP][PASSED] - closeBrowser(): Browser is closed

2020-06-05 16:25:12 - [MESSAGE][PASSED] - Browser is closed]]></system-out>
         <system-err><![CDATA[]]></system-err>
      </testcase>
      <testcase name="Test Cases/internal data test case/username" time="14.064" classname="Test Cases/internal data test case/username" status="PASSED">
         <system-out><![CDATA[2020-06-05 16:25:12 - [TEST_CASE][PASSED] - Test Cases/internal data test case/username: Test Cases/internal data test case/username

2020-06-05 16:25:13 - [TEST_STEP][PASSED] - openBrowser(""): Browser is opened with url: ''

2020-06-05 16:25:13 - [MESSAGE][INFO] - Starting 'Chrome' driver

2020-06-05 16:25:13 - [MESSAGE][INFO] - Action delay is set to 0 milliseconds

2020-06-05 16:25:13 - [MESSAGE][PASSED] - Browser is opened with url: ''

2020-06-05 16:25:13 - [TEST_STEP][PASSED] - navigateToUrl("https://mattermost-aut.herokuapp.com/login"): Navigate to 'https://mattermost-aut.herokuapp.com/login' successfully

2020-06-05 16:25:16 - [MESSAGE][PASSED] - Navigate to 'https://mattermost-aut.herokuapp.com/login' successfully

2020-06-05 16:25:16 - [TEST_STEP][PASSED] - setText(findTestObject("Data Driven/username/Page_Mattermost/input_All team communication in one place searchable and accessible anywhere_loginId"), "phong1998"): Text 'phong1998' is set on object 'Object Repository/Data Driven/username/Page_Mattermost/input_All team communication in one place searchable and accessible anywhere_loginId'

2020-06-05 16:25:20 - [MESSAGE][PASSED] - Text 'phong1998' is set on object 'Object Repository/Data Driven/username/Page_Mattermost/input_All team communication in one place searchable and accessible anywhere_loginId'

2020-06-05 16:25:20 - [TEST_STEP][PASSED] - setEncryptedText(findTestObject("Data Driven/username/Page_Mattermost/input_All team communication in one place searchable and accessible anywhere_password"), "X6RAMBNCYDQ8H8PMJNlsmQ=="): Text ****** has been set on object 'Object Repository/Data Driven/username/Page_Mattermost/input_All team communication in one place searchable and accessible anywhere_password'

2020-06-05 16:25:20 - [MESSAGE][PASSED] - Text ****** has been set on object 'Object Repository/Data Driven/username/Page_Mattermost/input_All team communication in one place searchable and accessible anywhere_password'

2020-06-05 16:25:20 - [TEST_STEP][PASSED] - sendKeys(findTestObject("Data Driven/username/Page_Mattermost/input_All team communication in one place searchable and accessible anywhere_password"), Keys.chord(ENTER)): Keys 'ENTER + ' sent to object: 'Object Repository/Data Driven/username/Page_Mattermost/input_All team communication in one place searchable and accessible anywhere_password'

2020-06-05 16:25:21 - [MESSAGE][PASSED] - Keys 'ENTER + ' sent to object: 'Object Repository/Data Driven/username/Page_Mattermost/input_All team communication in one place searchable and accessible anywhere_password'

2020-06-05 16:25:21 - [TEST_STEP][PASSED] - click(findTestObject("Data Driven/username/Page_Town Square - team1612499 Mattermost/button_test_style--none sidebar-header-dropdown__icon")): Object: 'Object Repository/Data Driven/username/Page_Town Square - team1612499 Mattermost/button_test_style--none sidebar-header-dropdown__icon' is clicked on

2020-06-05 16:25:24 - [MESSAGE][PASSED] - Object: 'Object Repository/Data Driven/username/Page_Town Square - team1612499 Mattermost/button_test_style--none sidebar-header-dropdown__icon' is clicked on

2020-06-05 16:25:24 - [TEST_STEP][PASSED] - click(findTestObject("Data Driven/username/Page_Town Square - team1612499 Mattermost/span_Account Settings")): Object: 'Object Repository/Data Driven/username/Page_Town Square - team1612499 Mattermost/span_Account Settings' is clicked on

2020-06-05 16:25:25 - [MESSAGE][PASSED] - Object: 'Object Repository/Data Driven/username/Page_Town Square - team1612499 Mattermost/span_Account Settings' is clicked on

2020-06-05 16:25:25 - [TEST_STEP][PASSED] - click(findTestObject("Data Driven/username/Page_Town Square - team1612499 Mattermost/span_Edit")): Object: 'Object Repository/Data Driven/username/Page_Town Square - team1612499 Mattermost/span_Edit' is clicked on

2020-06-05 16:25:25 - [MESSAGE][PASSED] - Object: 'Object Repository/Data Driven/username/Page_Town Square - team1612499 Mattermost/span_Edit' is clicked on

2020-06-05 16:25:25 - [TEST_STEP][PASSED] - setText(findTestObject("Data Driven/username/Page_Town Square - team1612499 Mattermost/input_Username_username"), username): Text '' is set on object 'Object Repository/Data Driven/username/Page_Town Square - team1612499 Mattermost/input_Username_username'

2020-06-05 16:25:26 - [MESSAGE][PASSED] - Text '' is set on object 'Object Repository/Data Driven/username/Page_Town Square - team1612499 Mattermost/input_Username_username'

2020-06-05 16:25:26 - [TEST_STEP][PASSED] - click(findTestObject("Data Driven/username/Page_Town Square - team1612499 Mattermost/span_Save")): Object: 'Object Repository/Data Driven/username/Page_Town Square - team1612499 Mattermost/span_Save' is clicked on

2020-06-05 16:25:26 - [MESSAGE][PASSED] - Object: 'Object Repository/Data Driven/username/Page_Town Square - team1612499 Mattermost/span_Save' is clicked on]]></system-out>
         <system-err><![CDATA[]]></system-err>
      </testcase>
      <testcase name="Test Cases/internal data test case/public-channel" time="13.889" classname="Test Cases/internal data test case/public-channel" status="FAILED">
         <failure type="FAILED" message="Test Cases/internal data test case/public-channel FAILED.
Reason:
com.kms.katalon.core.exception.StepFailedException: Unable to click on object
	at com.kms.katalon.core.webui.keyword.internal.WebUIKeywordMain.stepFailed(WebUIKeywordMain.groovy:64)
	at com.kms.katalon.core.webui.keyword.internal.WebUIKeywordMain.runKeyword(WebUIKeywordMain.groovy:26)
	at com.kms.katalon.core.webui.keyword.builtin.ClickKeyword.click(ClickKeyword.groovy:76)
	at com.kms.katalon.core.webui.keyword.builtin.ClickKeyword.execute(ClickKeyword.groovy:43)
	at com.kms.katalon.core.keyword.internal.KeywordExecutor.executeKeywordForPlatform(KeywordExecutor.groovy:72)
	at com.kms.katalon.core.webui.keyword.WebUiBuiltInKeywords.click(WebUiBuiltInKeywords.groovy:616)
	at com.kms.katalon.core.webui.keyword.WebUiBuiltInKeywords$click$3.call(Unknown Source)
	at public-channel.run(public-channel:41)
	at com.kms.katalon.core.main.ScriptEngine.run(ScriptEngine.java:194)
	at com.kms.katalon.core.main.ScriptEngine.runScriptAsRawText(ScriptEngine.java:119)
	at com.kms.katalon.core.main.TestCaseExecutor.runScript(TestCaseExecutor.java:337)
	at com.kms.katalon.core.main.TestCaseExecutor.doExecute(TestCaseExecutor.java:328)
	at com.kms.katalon.core.main.TestCaseExecutor.processExecutionPhase(TestCaseExecutor.java:307)
	at com.kms.katalon.core.main.TestCaseExecutor.accessMainPhase(TestCaseExecutor.java:299)
	at com.kms.katalon.core.main.TestCaseExecutor.execute(TestCaseExecutor.java:233)
	at com.kms.katalon.core.main.TestSuiteExecutor.accessTestCaseMainPhase(TestSuiteExecutor.java:169)
	at com.kms.katalon.core.main.TestSuiteExecutor.accessTestSuiteMainPhase(TestSuiteExecutor.java:142)
	at com.kms.katalon.core.main.TestSuiteExecutor.execute(TestSuiteExecutor.java:91)
	at com.kms.katalon.core.main.TestCaseMain.startTestSuite(TestCaseMain.java:157)
	at com.kms.katalon.core.main.TestCaseMain$startTestSuite$0.call(Unknown Source)
	at TempTestSuite1591348990827.run(TempTestSuite1591348990827.groovy:37)
Caused by: java.lang.IllegalArgumentException: Object is null
	at com.kms.katalon.core.helper.KeywordHelper.checkTestObjectParameter(KeywordHelper.java:33)
	at com.kms.katalon.core.webui.keyword.builtin.ClickKeyword$_click_closure1.doCall(ClickKeyword.groovy:65)
	at com.kms.katalon.core.webui.keyword.builtin.ClickKeyword$_click_closure1.call(ClickKeyword.groovy)
	at com.kms.katalon.core.webui.keyword.internal.WebUIKeywordMain.runKeyword(WebUIKeywordMain.groovy:20)
	... 19 more
"/>
         <system-out><![CDATA[2020-06-05 16:25:26 - [TEST_CASE][FAILED] - Test Cases/internal data test case/public-channel: Test Cases/internal data test case/public-channel FAILED.
Reason:
com.kms.katalon.core.exception.StepFailedException: Unable to click on object
	at com.kms.katalon.core.webui.keyword.internal.WebUIKeywordMain.stepFailed(WebUIKeywordMain.groovy:64)
	at com.kms.katalon.core.webui.keyword.internal.WebUIKeywordMain.runKeyword(WebUIKeywordMain.groovy:26)
	at com.kms.katalon.core.webui.keyword.builtin.ClickKeyword.click(ClickKeyword.groovy:76)
	at com.kms.katalon.core.webui.keyword.builtin.ClickKeyword.execute(ClickKeyword.groovy:43)
	at com.kms.katalon.core.keyword.internal.KeywordExecutor.executeKeywordForPlatform(KeywordExecutor.groovy:72)
	at com.kms.katalon.core.webui.keyword.WebUiBuiltInKeywords.click(WebUiBuiltInKeywords.groovy:616)
	at com.kms.katalon.core.webui.keyword.WebUiBuiltInKeywords$click$3.call(Unknown Source)
	at public-channel.run(public-channel:41)
	at com.kms.katalon.core.main.ScriptEngine.run(ScriptEngine.java:194)
	at com.kms.katalon.core.main.ScriptEngine.runScriptAsRawText(ScriptEngine.java:119)
	at com.kms.katalon.core.main.TestCaseExecutor.runScript(TestCaseExecutor.java:337)
	at com.kms.katalon.core.main.TestCaseExecutor.doExecute(TestCaseExecutor.java:328)
	at com.kms.katalon.core.main.TestCaseExecutor.processExecutionPhase(TestCaseExecutor.java:307)
	at com.kms.katalon.core.main.TestCaseExecutor.accessMainPhase(TestCaseExecutor.java:299)
	at com.kms.katalon.core.main.TestCaseExecutor.execute(TestCaseExecutor.java:233)
	at com.kms.katalon.core.main.TestSuiteExecutor.accessTestCaseMainPhase(TestSuiteExecutor.java:169)
	at com.kms.katalon.core.main.TestSuiteExecutor.accessTestSuiteMainPhase(TestSuiteExecutor.java:142)
	at com.kms.katalon.core.main.TestSuiteExecutor.execute(TestSuiteExecutor.java:91)
	at com.kms.katalon.core.main.TestCaseMain.startTestSuite(TestCaseMain.java:157)
	at com.kms.katalon.core.main.TestCaseMain$startTestSuite$0.call(Unknown Source)
	at TempTestSuite1591348990827.run(TempTestSuite1591348990827.groovy:37)
Caused by: java.lang.IllegalArgumentException: Object is null
	at com.kms.katalon.core.helper.KeywordHelper.checkTestObjectParameter(KeywordHelper.java:33)
	at com.kms.katalon.core.webui.keyword.builtin.ClickKeyword$_click_closure1.doCall(ClickKeyword.groovy:65)
	at com.kms.katalon.core.webui.keyword.builtin.ClickKeyword$_click_closure1.call(ClickKeyword.groovy)
	at com.kms.katalon.core.webui.keyword.internal.WebUIKeywordMain.runKeyword(WebUIKeywordMain.groovy:20)
	... 19 more


2020-06-05 16:25:27 - [TEST_STEP][PASSED] - openBrowser(""): Browser is opened with url: ''

2020-06-05 16:25:27 - [MESSAGE][WARNING] - A browser is already opened. Closing browser and opening a new one

2020-06-05 16:25:27 - [MESSAGE][INFO] - Starting 'Chrome' driver

2020-06-05 16:25:27 - [MESSAGE][INFO] - Action delay is set to 0 milliseconds

2020-06-05 16:25:27 - [MESSAGE][PASSED] - Browser is opened with url: ''

2020-06-05 16:25:27 - [TEST_STEP][PASSED] - navigateToUrl("https://mattermost-aut.herokuapp.com/login"): Navigate to 'https://mattermost-aut.herokuapp.com/login' successfully

2020-06-05 16:25:30 - [MESSAGE][PASSED] - Navigate to 'https://mattermost-aut.herokuapp.com/login' successfully

2020-06-05 16:25:30 - [TEST_STEP][PASSED] - setText(findTestObject("Data Driven/login/Page_Mattermost/input_All team communication in one place searchable and accessible anywhere_loginId"), "phong1998"): Text 'phong1998' is set on object 'Object Repository/Data Driven/login/Page_Mattermost/input_All team communication in one place searchable and accessible anywhere_loginId'

2020-06-05 16:25:34 - [MESSAGE][PASSED] - Text 'phong1998' is set on object 'Object Repository/Data Driven/login/Page_Mattermost/input_All team communication in one place searchable and accessible anywhere_loginId'

2020-06-05 16:25:34 - [TEST_STEP][PASSED] - setEncryptedText(findTestObject("Data Driven/login/Page_Mattermost/input_All team communication in one place searchable and accessible anywhere_password"), "X6RAMBNCYDQ8H8PMJNlsmQ=="): Text ****** has been set on object 'Object Repository/Data Driven/login/Page_Mattermost/input_All team communication in one place searchable and accessible anywhere_password'

2020-06-05 16:25:35 - [MESSAGE][PASSED] - Text ****** has been set on object 'Object Repository/Data Driven/login/Page_Mattermost/input_All team communication in one place searchable and accessible anywhere_password'

2020-06-05 16:25:35 - [TEST_STEP][PASSED] - click(findTestObject("Data Driven/login/Page_Mattermost/button_Sign in")): Object: 'Object Repository/Data Driven/login/Page_Mattermost/button_Sign in' is clicked on

2020-06-05 16:25:35 - [MESSAGE][PASSED] - Object: 'Object Repository/Data Driven/login/Page_Mattermost/button_Sign in' is clicked on

2020-06-05 16:25:35 - [TEST_STEP][PASSED] - click(findTestObject("Data Driven/public-channel/Page_Town Square - team1612499 Mattermost/span_")): Object: 'Object Repository/Data Driven/public-channel/Page_Town Square - team1612499 Mattermost/span_' is clicked on

2020-06-05 16:25:38 - [MESSAGE][PASSED] - Object: 'Object Repository/Data Driven/public-channel/Page_Town Square - team1612499 Mattermost/span_' is clicked on

2020-06-05 16:25:38 - [TEST_STEP][PASSED] - setText(findTestObject("Data Driven/public-channel/Page_Town Square - team1612499 Mattermost/input_Name_newChannelName"), name): Text '' is set on object 'Object Repository/Data Driven/public-channel/Page_Town Square - team1612499 Mattermost/input_Name_newChannelName'

2020-06-05 16:25:39 - [MESSAGE][PASSED] - Text '' is set on object 'Object Repository/Data Driven/public-channel/Page_Town Square - team1612499 Mattermost/input_Name_newChannelName'

2020-06-05 16:25:39 - [TEST_STEP][PASSED] - setText(findTestObject("Data Driven/public-channel/Page_Town Square - team1612499 Mattermost/textarea_(optional)_newChannelPurpose"), purpose): Text '' is set on object 'Object Repository/Data Driven/public-channel/Page_Town Square - team1612499 Mattermost/textarea_(optional)_newChannelPurpose'

2020-06-05 16:25:40 - [MESSAGE][PASSED] - Text '' is set on object 'Object Repository/Data Driven/public-channel/Page_Town Square - team1612499 Mattermost/textarea_(optional)_newChannelPurpose'

2020-06-05 16:25:40 - [TEST_STEP][PASSED] - setText(findTestObject("Data Driven/public-channel/Page_Town Square - team1612499 Mattermost/textarea_(optional)_newChannelHeader"), header): Text '' is set on object 'Object Repository/Data Driven/public-channel/Page_Town Square - team1612499 Mattermost/textarea_(optional)_newChannelHeader'

2020-06-05 16:25:40 - [MESSAGE][PASSED] - Text '' is set on object 'Object Repository/Data Driven/public-channel/Page_Town Square - team1612499 Mattermost/textarea_(optional)_newChannelHeader'

2020-06-05 16:25:40 - [TEST_STEP][FAILED] - click(findTestObject("Page_Town Square - team1612499 Mattermost/span_Create Channel")): Unable to click on object (Root cause: com.kms.katalon.core.exception.StepFailedException: Unable to click on object
	at com.kms.katalon.core.webui.keyword.internal.WebUIKeywordMain.stepFailed(WebUIKeywordMain.groovy:64)
	at com.kms.katalon.core.webui.keyword.internal.WebUIKeywordMain.runKeyword(WebUIKeywordMain.groovy:26)
	at com.kms.katalon.core.webui.keyword.builtin.ClickKeyword.click(ClickKeyword.groovy:76)
	at com.kms.katalon.core.webui.keyword.builtin.ClickKeyword.execute(ClickKeyword.groovy:43)
	at com.kms.katalon.core.keyword.internal.KeywordExecutor.executeKeywordForPlatform(KeywordExecutor.groovy:72)
	at com.kms.katalon.core.webui.keyword.WebUiBuiltInKeywords.click(WebUiBuiltInKeywords.groovy:616)
	at com.kms.katalon.core.webui.keyword.WebUiBuiltInKeywords$click$3.call(Unknown Source)
	at public-channel.run(public-channel:41)
	at com.kms.katalon.core.main.ScriptEngine.run(ScriptEngine.java:194)
	at com.kms.katalon.core.main.ScriptEngine.runScriptAsRawText(ScriptEngine.java:119)
	at com.kms.katalon.core.main.TestCaseExecutor.runScript(TestCaseExecutor.java:337)
	at com.kms.katalon.core.main.TestCaseExecutor.doExecute(TestCaseExecutor.java:328)
	at com.kms.katalon.core.main.TestCaseExecutor.processExecutionPhase(TestCaseExecutor.java:307)
	at com.kms.katalon.core.main.TestCaseExecutor.accessMainPhase(TestCaseExecutor.java:299)
	at com.kms.katalon.core.main.TestCaseExecutor.execute(TestCaseExecutor.java:233)
	at com.kms.katalon.core.main.TestSuiteExecutor.accessTestCaseMainPhase(TestSuiteExecutor.java:169)
	at com.kms.katalon.core.main.TestSuiteExecutor.accessTestSuiteMainPhase(TestSuiteExecutor.java:142)
	at com.kms.katalon.core.main.TestSuiteExecutor.execute(TestSuiteExecutor.java:91)
	at com.kms.katalon.core.main.TestCaseMain.startTestSuite(TestCaseMain.java:157)
	at com.kms.katalon.core.main.TestCaseMain$startTestSuite$0.call(Unknown Source)
	at TempTestSuite1591348990827.run(TempTestSuite1591348990827.groovy:37)
Caused by: java.lang.IllegalArgumentException: Object is null
	at com.kms.katalon.core.helper.KeywordHelper.checkTestObjectParameter(KeywordHelper.java:33)
	at com.kms.katalon.core.webui.keyword.builtin.ClickKeyword$_click_closure1.doCall(ClickKeyword.groovy:65)
	at com.kms.katalon.core.webui.keyword.builtin.ClickKeyword$_click_closure1.call(ClickKeyword.groovy)
	at com.kms.katalon.core.webui.keyword.internal.WebUIKeywordMain.runKeyword(WebUIKeywordMain.groovy:20)
	at com.kms.katalon.core.webui.keyword.builtin.ClickKeyword.click(ClickKeyword.groovy:76)
	at com.kms.katalon.core.webui.keyword.builtin.ClickKeyword.execute(ClickKeyword.groovy:43)
	at com.kms.katalon.core.keyword.internal.KeywordExecutor.executeKeywordForPlatform(KeywordExecutor.groovy:72)
	at com.kms.katalon.core.webui.keyword.WebUiBuiltInKeywords.click(WebUiBuiltInKeywords.groovy:616)
	at com.kms.katalon.core.webui.keyword.WebUiBuiltInKeywords$click$3.call(Unknown Source)
	at Script1591293134604.run(Script1591293134604.groovy:41)
	... 13 more
)

2020-06-05 16:25:40 - [MESSAGE][WARNING] - Test object with id 'Object Repository/Page_Town Square - team1612499 Mattermost/span_Create Channel' does not exist

2020-06-05 16:25:40 - [MESSAGE][WARNING] - Test object with id 'Object Repository/' does not exist

2020-06-05 16:25:40 - [MESSAGE][FAILED] - Unable to click on object (Root cause: com.kms.katalon.core.exception.StepFailedException: Unable to click on object
	at com.kms.katalon.core.webui.keyword.internal.WebUIKeywordMain.stepFailed(WebUIKeywordMain.groovy:64)
	at com.kms.katalon.core.webui.keyword.internal.WebUIKeywordMain.runKeyword(WebUIKeywordMain.groovy:26)
	at com.kms.katalon.core.webui.keyword.builtin.ClickKeyword.click(ClickKeyword.groovy:76)
	at com.kms.katalon.core.webui.keyword.builtin.ClickKeyword.execute(ClickKeyword.groovy:43)
	at com.kms.katalon.core.keyword.internal.KeywordExecutor.executeKeywordForPlatform(KeywordExecutor.groovy:72)
	at com.kms.katalon.core.webui.keyword.WebUiBuiltInKeywords.click(WebUiBuiltInKeywords.groovy:616)
	at com.kms.katalon.core.webui.keyword.WebUiBuiltInKeywords$click$3.call(Unknown Source)
	at public-channel.run(public-channel:41)
	at com.kms.katalon.core.main.ScriptEngine.run(ScriptEngine.java:194)
	at com.kms.katalon.core.main.ScriptEngine.runScriptAsRawText(ScriptEngine.java:119)
	at com.kms.katalon.core.main.TestCaseExecutor.runScript(TestCaseExecutor.java:337)
	at com.kms.katalon.core.main.TestCaseExecutor.doExecute(TestCaseExecutor.java:328)
	at com.kms.katalon.core.main.TestCaseExecutor.processExecutionPhase(TestCaseExecutor.java:307)
	at com.kms.katalon.core.main.TestCaseExecutor.accessMainPhase(TestCaseExecutor.java:299)
	at com.kms.katalon.core.main.TestCaseExecutor.execute(TestCaseExecutor.java:233)
	at com.kms.katalon.core.main.TestSuiteExecutor.accessTestCaseMainPhase(TestSuiteExecutor.java:169)
	at com.kms.katalon.core.main.TestSuiteExecutor.accessTestSuiteMainPhase(TestSuiteExecutor.java:142)
	at com.kms.katalon.core.main.TestSuiteExecutor.execute(TestSuiteExecutor.java:91)
	at com.kms.katalon.core.main.TestCaseMain.startTestSuite(TestCaseMain.java:157)
	at com.kms.katalon.core.main.TestCaseMain$startTestSuite$0.call(Unknown Source)
	at TempTestSuite1591348990827.run(TempTestSuite1591348990827.groovy:37)
Caused by: java.lang.IllegalArgumentException: Object is null
	at com.kms.katalon.core.helper.KeywordHelper.checkTestObjectParameter(KeywordHelper.java:33)
	at com.kms.katalon.core.webui.keyword.builtin.ClickKeyword$_click_closure1.doCall(ClickKeyword.groovy:65)
	at com.kms.katalon.core.webui.keyword.builtin.ClickKeyword$_click_closure1.call(ClickKeyword.groovy)
	at com.kms.katalon.core.webui.keyword.internal.WebUIKeywordMain.runKeyword(WebUIKeywordMain.groovy:20)
	at com.kms.katalon.core.webui.keyword.builtin.ClickKeyword.click(ClickKeyword.groovy:76)
	at com.kms.katalon.core.webui.keyword.builtin.ClickKeyword.execute(ClickKeyword.groovy:43)
	at com.kms.katalon.core.keyword.internal.KeywordExecutor.executeKeywordForPlatform(KeywordExecutor.groovy:72)
	at com.kms.katalon.core.webui.keyword.WebUiBuiltInKeywords.click(WebUiBuiltInKeywords.groovy:616)
	at com.kms.katalon.core.webui.keyword.WebUiBuiltInKeywords$click$3.call(Unknown Source)
	at Script1591293134604.run(Script1591293134604.groovy:41)
	... 13 more
)
[[ATTACHMENT|/home/phat/Downloads/katalon/mattermost-webapp/Reports/20200605_162310/Run all test cases/20200605_162310/1591349140711.png]]]]></system-out>
         <system-err><![CDATA[2020-06-05 16:25:26 - [TEST_CASE][FAILED] - Test Cases/internal data test case/public-channel: Test Cases/internal data test case/public-channel FAILED.
Reason:
com.kms.katalon.core.exception.StepFailedException: Unable to click on object
	at com.kms.katalon.core.webui.keyword.internal.WebUIKeywordMain.stepFailed(WebUIKeywordMain.groovy:64)
	at com.kms.katalon.core.webui.keyword.internal.WebUIKeywordMain.runKeyword(WebUIKeywordMain.groovy:26)
	at com.kms.katalon.core.webui.keyword.builtin.ClickKeyword.click(ClickKeyword.groovy:76)
	at com.kms.katalon.core.webui.keyword.builtin.ClickKeyword.execute(ClickKeyword.groovy:43)
	at com.kms.katalon.core.keyword.internal.KeywordExecutor.executeKeywordForPlatform(KeywordExecutor.groovy:72)
	at com.kms.katalon.core.webui.keyword.WebUiBuiltInKeywords.click(WebUiBuiltInKeywords.groovy:616)
	at com.kms.katalon.core.webui.keyword.WebUiBuiltInKeywords$click$3.call(Unknown Source)
	at public-channel.run(public-channel:41)
	at com.kms.katalon.core.main.ScriptEngine.run(ScriptEngine.java:194)
	at com.kms.katalon.core.main.ScriptEngine.runScriptAsRawText(ScriptEngine.java:119)
	at com.kms.katalon.core.main.TestCaseExecutor.runScript(TestCaseExecutor.java:337)
	at com.kms.katalon.core.main.TestCaseExecutor.doExecute(TestCaseExecutor.java:328)
	at com.kms.katalon.core.main.TestCaseExecutor.processExecutionPhase(TestCaseExecutor.java:307)
	at com.kms.katalon.core.main.TestCaseExecutor.accessMainPhase(TestCaseExecutor.java:299)
	at com.kms.katalon.core.main.TestCaseExecutor.execute(TestCaseExecutor.java:233)
	at com.kms.katalon.core.main.TestSuiteExecutor.accessTestCaseMainPhase(TestSuiteExecutor.java:169)
	at com.kms.katalon.core.main.TestSuiteExecutor.accessTestSuiteMainPhase(TestSuiteExecutor.java:142)
	at com.kms.katalon.core.main.TestSuiteExecutor.execute(TestSuiteExecutor.java:91)
	at com.kms.katalon.core.main.TestCaseMain.startTestSuite(TestCaseMain.java:157)
	at com.kms.katalon.core.main.TestCaseMain$startTestSuite$0.call(Unknown Source)
	at TempTestSuite1591348990827.run(TempTestSuite1591348990827.groovy:37)
Caused by: java.lang.IllegalArgumentException: Object is null
	at com.kms.katalon.core.helper.KeywordHelper.checkTestObjectParameter(KeywordHelper.java:33)
	at com.kms.katalon.core.webui.keyword.builtin.ClickKeyword$_click_closure1.doCall(ClickKeyword.groovy:65)
	at com.kms.katalon.core.webui.keyword.builtin.ClickKeyword$_click_closure1.call(ClickKeyword.groovy)
	at com.kms.katalon.core.webui.keyword.internal.WebUIKeywordMain.runKeyword(WebUIKeywordMain.groovy:20)
	... 19 more]]></system-err>
      </testcase>
      <testcase name="Test Cases/internal data test case/login" time="10.219" classname="Test Cases/internal data test case/login" status="PASSED">
         <system-out><![CDATA[2020-06-05 16:25:40 - [TEST_CASE][PASSED] - Test Cases/internal data test case/login: Test Cases/internal data test case/login

2020-06-05 16:25:40 - [TEST_STEP][PASSED] - openBrowser(""): Browser is opened with url: ''

2020-06-05 16:25:40 - [MESSAGE][WARNING] - A browser is already opened. Closing browser and opening a new one

2020-06-05 16:25:41 - [MESSAGE][INFO] - Starting 'Chrome' driver

2020-06-05 16:25:41 - [MESSAGE][INFO] - Action delay is set to 0 milliseconds

2020-06-05 16:25:41 - [MESSAGE][PASSED] - Browser is opened with url: ''

2020-06-05 16:25:41 - [TEST_STEP][PASSED] - navigateToUrl("https://mattermost-aut.herokuapp.com/login"): Navigate to 'https://mattermost-aut.herokuapp.com/login' successfully

2020-06-05 16:25:46 - [MESSAGE][PASSED] - Navigate to 'https://mattermost-aut.herokuapp.com/login' successfully

2020-06-05 16:25:46 - [TEST_STEP][PASSED] - setText(findTestObject("Data Driven/login/Page_Mattermost/input_All team communication in one place searchable and accessible anywhere_loginId"), username): Text '' is set on object 'Object Repository/Data Driven/login/Page_Mattermost/input_All team communication in one place searchable and accessible anywhere_loginId'

2020-06-05 16:25:50 - [MESSAGE][PASSED] - Text '' is set on object 'Object Repository/Data Driven/login/Page_Mattermost/input_All team communication in one place searchable and accessible anywhere_loginId'

2020-06-05 16:25:50 - [TEST_STEP][PASSED] - setEncryptedText(findTestObject("Data Driven/login/Page_Mattermost/input_All team communication in one place searchable and accessible anywhere_password"), password): Text ****** has been set on object 'Object Repository/Data Driven/login/Page_Mattermost/input_All team communication in one place searchable and accessible anywhere_password'

2020-06-05 16:25:50 - [MESSAGE][PASSED] - Text ****** has been set on object 'Object Repository/Data Driven/login/Page_Mattermost/input_All team communication in one place searchable and accessible anywhere_password'

2020-06-05 16:25:50 - [TEST_STEP][PASSED] - click(findTestObject("Data Driven/login/Page_Mattermost/button_Sign in")): Object: 'Object Repository/Data Driven/login/Page_Mattermost/button_Sign in' is clicked on

2020-06-05 16:25:51 - [MESSAGE][PASSED] - Object: 'Object Repository/Data Driven/login/Page_Mattermost/button_Sign in' is clicked on

2020-06-05 16:25:51 - [TEST_STEP][PASSED] - closeBrowser(): Browser is closed

2020-06-05 16:25:51 - [MESSAGE][PASSED] - Browser is closed]]></system-out>
         <system-err><![CDATA[]]></system-err>
      </testcase>
      <testcase name="Test Cases/internal data test case/direct-message" time="15.987" classname="Test Cases/internal data test case/direct-message" status="PASSED">
         <system-out><![CDATA[2020-06-05 16:25:51 - [TEST_CASE][PASSED] - Test Cases/internal data test case/direct-message: Test Cases/internal data test case/direct-message

2020-06-05 16:25:51 - [TEST_STEP][PASSED] - openBrowser(""): Browser is opened with url: ''

2020-06-05 16:25:51 - [MESSAGE][INFO] - Starting 'Chrome' driver

2020-06-05 16:25:51 - [MESSAGE][INFO] - Action delay is set to 0 milliseconds

2020-06-05 16:25:51 - [MESSAGE][PASSED] - Browser is opened with url: ''

2020-06-05 16:25:51 - [TEST_STEP][PASSED] - navigateToUrl("https://mattermost-aut.herokuapp.com/login"): Navigate to 'https://mattermost-aut.herokuapp.com/login' successfully

2020-06-05 16:25:55 - [MESSAGE][PASSED] - Navigate to 'https://mattermost-aut.herokuapp.com/login' successfully

2020-06-05 16:25:55 - [TEST_STEP][PASSED] - setText(findTestObject("Data Driven/login/Page_Mattermost/input_All team communication in one place searchable and accessible anywhere_loginId"), "phong1998"): Text 'phong1998' is set on object 'Object Repository/Data Driven/login/Page_Mattermost/input_All team communication in one place searchable and accessible anywhere_loginId'

2020-06-05 16:25:59 - [MESSAGE][PASSED] - Text 'phong1998' is set on object 'Object Repository/Data Driven/login/Page_Mattermost/input_All team communication in one place searchable and accessible anywhere_loginId'

2020-06-05 16:25:59 - [TEST_STEP][PASSED] - setEncryptedText(findTestObject("Data Driven/login/Page_Mattermost/input_All team communication in one place searchable and accessible anywhere_password"), "X6RAMBNCYDQ8H8PMJNlsmQ=="): Text ****** has been set on object 'Object Repository/Data Driven/login/Page_Mattermost/input_All team communication in one place searchable and accessible anywhere_password'

2020-06-05 16:26:00 - [MESSAGE][PASSED] - Text ****** has been set on object 'Object Repository/Data Driven/login/Page_Mattermost/input_All team communication in one place searchable and accessible anywhere_password'

2020-06-05 16:26:00 - [TEST_STEP][PASSED] - click(findTestObject("Data Driven/login/Page_Mattermost/button_Sign in")): Object: 'Object Repository/Data Driven/login/Page_Mattermost/button_Sign in' is clicked on

2020-06-05 16:26:01 - [MESSAGE][PASSED] - Object: 'Object Repository/Data Driven/login/Page_Mattermost/button_Sign in' is clicked on

2020-06-05 16:26:01 - [TEST_STEP][PASSED] - click(findTestObject("Data Driven/direct-message/Page_Town Square - team1612499 Mattermost/span_")): Object: 'Object Repository/Data Driven/direct-message/Page_Town Square - team1612499 Mattermost/span_' is clicked on

2020-06-05 16:26:04 - [MESSAGE][PASSED] - Object: 'Object Repository/Data Driven/direct-message/Page_Town Square - team1612499 Mattermost/span_' is clicked on

2020-06-05 16:26:04 - [TEST_STEP][PASSED] - click(findTestObject("Data Driven/direct-message/Page_Town Square - team1612499 Mattermost/div_huydoan198gmailcom_more-modal__actions--round")): Object: 'Object Repository/Data Driven/direct-message/Page_Town Square - team1612499 Mattermost/div_huydoan198gmailcom_more-modal__actions--round' is clicked on

2020-06-05 16:26:04 - [MESSAGE][PASSED] - Object: 'Object Repository/Data Driven/direct-message/Page_Town Square - team1612499 Mattermost/div_huydoan198gmailcom_more-modal__actions--round' is clicked on

2020-06-05 16:26:04 - [TEST_STEP][PASSED] - click(findTestObject("Data Driven/direct-message/Page_Town Square - team1612499 Mattermost/span_Go")): Object: 'Object Repository/Data Driven/direct-message/Page_Town Square - team1612499 Mattermost/span_Go' is clicked on

2020-06-05 16:26:05 - [MESSAGE][PASSED] - Object: 'Object Repository/Data Driven/direct-message/Page_Town Square - team1612499 Mattermost/span_Go' is clicked on

2020-06-05 16:26:05 - [TEST_STEP][PASSED] - setText(findTestObject("Data Driven/direct-message/Page_huydoan - team1612499 Mattermost/textarea_Write to huydoan_post_textbox"), message): Text '' is set on object 'Object Repository/Data Driven/direct-message/Page_huydoan - team1612499 Mattermost/textarea_Write to huydoan_post_textbox'

2020-06-05 16:26:07 - [MESSAGE][PASSED] - Text '' is set on object 'Object Repository/Data Driven/direct-message/Page_huydoan - team1612499 Mattermost/textarea_Write to huydoan_post_textbox'

2020-06-05 16:26:07 - [TEST_STEP][PASSED] - closeBrowser(): Browser is closed

2020-06-05 16:26:07 - [MESSAGE][PASSED] - Browser is closed]]></system-out>
         <system-err><![CDATA[]]></system-err>
      </testcase>
      <testcase name="Test Cases/internal data test case/header" time="12.661" classname="Test Cases/internal data test case/header" status="PASSED">
         <system-out><![CDATA[2020-06-05 16:26:07 - [TEST_CASE][PASSED] - Test Cases/internal data test case/header: Test Cases/internal data test case/header

2020-06-05 16:26:07 - [TEST_STEP][PASSED] - openBrowser(""): Browser is opened with url: ''

2020-06-05 16:26:07 - [MESSAGE][INFO] - Starting 'Chrome' driver

2020-06-05 16:26:07 - [MESSAGE][INFO] - Action delay is set to 0 milliseconds

2020-06-05 16:26:07 - [MESSAGE][PASSED] - Browser is opened with url: ''

2020-06-05 16:26:07 - [TEST_STEP][PASSED] - navigateToUrl("https://mattermost-aut.herokuapp.com/login"): Navigate to 'https://mattermost-aut.herokuapp.com/login' successfully

2020-06-05 16:26:10 - [MESSAGE][PASSED] - Navigate to 'https://mattermost-aut.herokuapp.com/login' successfully

2020-06-05 16:26:10 - [TEST_STEP][PASSED] - setText(findTestObject("Data Driven/login/Page_Mattermost/input_All team communication in one place searchable and accessible anywhere_loginId"), "phong1998"): Text 'phong1998' is set on object 'Object Repository/Data Driven/login/Page_Mattermost/input_All team communication in one place searchable and accessible anywhere_loginId'

2020-06-05 16:26:14 - [MESSAGE][PASSED] - Text 'phong1998' is set on object 'Object Repository/Data Driven/login/Page_Mattermost/input_All team communication in one place searchable and accessible anywhere_loginId'

2020-06-05 16:26:14 - [TEST_STEP][PASSED] - setEncryptedText(findTestObject("Data Driven/login/Page_Mattermost/input_All team communication in one place searchable and accessible anywhere_password"), "X6RAMBNCYDQ8H8PMJNlsmQ=="): Text ****** has been set on object 'Object Repository/Data Driven/login/Page_Mattermost/input_All team communication in one place searchable and accessible anywhere_password'

2020-06-05 16:26:15 - [MESSAGE][PASSED] - Text ****** has been set on object 'Object Repository/Data Driven/login/Page_Mattermost/input_All team communication in one place searchable and accessible anywhere_password'

2020-06-05 16:26:15 - [TEST_STEP][PASSED] - click(findTestObject("Data Driven/direct-message/Page_Mattermost/button_Sign in")): Object: 'Object Repository/Data Driven/direct-message/Page_Mattermost/button_Sign in' is clicked on

2020-06-05 16:26:15 - [MESSAGE][PASSED] - Object: 'Object Repository/Data Driven/direct-message/Page_Mattermost/button_Sign in' is clicked on

2020-06-05 16:26:15 - [TEST_STEP][PASSED] - click(findTestObject("Data Driven/header/Page_Town Square - team1612499 Mattermost/button_Set a Header")): Object: 'Object Repository/Data Driven/header/Page_Town Square - team1612499 Mattermost/button_Set a Header' is clicked on

2020-06-05 16:26:18 - [MESSAGE][PASSED] - Object: 'Object Repository/Data Driven/header/Page_Town Square - team1612499 Mattermost/button_Set a Header' is clicked on

2020-06-05 16:26:18 - [TEST_STEP][PASSED] - setText(findTestObject("Data Driven/header/Page_Town Square - team1612499 Mattermost/textarea_tes"), header): Text '' is set on object 'Object Repository/Data Driven/header/Page_Town Square - team1612499 Mattermost/textarea_tes'

2020-06-05 16:26:19 - [MESSAGE][PASSED] - Text '' is set on object 'Object Repository/Data Driven/header/Page_Town Square - team1612499 Mattermost/textarea_tes'

2020-06-05 16:26:19 - [TEST_STEP][PASSED] - click(findTestObject("Data Driven/header/Page_Town Square - team1612499 Mattermost/span_Save")): Object: 'Object Repository/Data Driven/header/Page_Town Square - team1612499 Mattermost/span_Save' is clicked on

2020-06-05 16:26:19 - [MESSAGE][PASSED] - Object: 'Object Repository/Data Driven/header/Page_Town Square - team1612499 Mattermost/span_Save' is clicked on

2020-06-05 16:26:19 - [TEST_STEP][PASSED] - closeBrowser(): Browser is closed

2020-06-05 16:26:19 - [MESSAGE][PASSED] - Browser is closed]]></system-out>
         <system-err><![CDATA[]]></system-err>
      </testcase>
      <testcase name="Test Cases/internal data test case/nickname" time="12.015" classname="Test Cases/internal data test case/nickname" status="FAILED">
         <failure type="FAILED" message="Test Cases/internal data test case/nickname FAILED.
Reason:
com.kms.katalon.core.exception.StepFailedException: Unable to click on object
	at com.kms.katalon.core.webui.keyword.internal.WebUIKeywordMain.stepFailed(WebUIKeywordMain.groovy:64)
	at com.kms.katalon.core.webui.keyword.internal.WebUIKeywordMain.runKeyword(WebUIKeywordMain.groovy:26)
	at com.kms.katalon.core.webui.keyword.builtin.ClickKeyword.click(ClickKeyword.groovy:76)
	at com.kms.katalon.core.webui.keyword.builtin.ClickKeyword.execute(ClickKeyword.groovy:43)
	at com.kms.katalon.core.keyword.internal.KeywordExecutor.executeKeywordForPlatform(KeywordExecutor.groovy:72)
	at com.kms.katalon.core.webui.keyword.WebUiBuiltInKeywords.click(WebUiBuiltInKeywords.groovy:616)
	at com.kms.katalon.core.webui.keyword.WebUiBuiltInKeywords$click$3.call(Unknown Source)
	at nickname.run(nickname:34)
	at com.kms.katalon.core.main.ScriptEngine.run(ScriptEngine.java:194)
	at com.kms.katalon.core.main.ScriptEngine.runScriptAsRawText(ScriptEngine.java:119)
	at com.kms.katalon.core.main.TestCaseExecutor.runScript(TestCaseExecutor.java:337)
	at com.kms.katalon.core.main.TestCaseExecutor.doExecute(TestCaseExecutor.java:328)
	at com.kms.katalon.core.main.TestCaseExecutor.processExecutionPhase(TestCaseExecutor.java:307)
	at com.kms.katalon.core.main.TestCaseExecutor.accessMainPhase(TestCaseExecutor.java:299)
	at com.kms.katalon.core.main.TestCaseExecutor.execute(TestCaseExecutor.java:233)
	at com.kms.katalon.core.main.TestSuiteExecutor.accessTestCaseMainPhase(TestSuiteExecutor.java:169)
	at com.kms.katalon.core.main.TestSuiteExecutor.accessTestSuiteMainPhase(TestSuiteExecutor.java:142)
	at com.kms.katalon.core.main.TestSuiteExecutor.execute(TestSuiteExecutor.java:91)
	at com.kms.katalon.core.main.TestCaseMain.startTestSuite(TestCaseMain.java:157)
	at com.kms.katalon.core.main.TestCaseMain$startTestSuite$0.call(Unknown Source)
	at TempTestSuite1591348990827.run(TempTestSuite1591348990827.groovy:37)
Caused by: java.lang.IllegalArgumentException: Object is null
	at com.kms.katalon.core.helper.KeywordHelper.checkTestObjectParameter(KeywordHelper.java:33)
	at com.kms.katalon.core.webui.keyword.builtin.ClickKeyword$_click_closure1.doCall(ClickKeyword.groovy:65)
	at com.kms.katalon.core.webui.keyword.builtin.ClickKeyword$_click_closure1.call(ClickKeyword.groovy)
	at com.kms.katalon.core.webui.keyword.internal.WebUIKeywordMain.runKeyword(WebUIKeywordMain.groovy:20)
	... 19 more
"/>
         <system-out><![CDATA[2020-06-05 16:26:19 - [TEST_CASE][FAILED] - Test Cases/internal data test case/nickname: Test Cases/internal data test case/nickname FAILED.
Reason:
com.kms.katalon.core.exception.StepFailedException: Unable to click on object
	at com.kms.katalon.core.webui.keyword.internal.WebUIKeywordMain.stepFailed(WebUIKeywordMain.groovy:64)
	at com.kms.katalon.core.webui.keyword.internal.WebUIKeywordMain.runKeyword(WebUIKeywordMain.groovy:26)
	at com.kms.katalon.core.webui.keyword.builtin.ClickKeyword.click(ClickKeyword.groovy:76)
	at com.kms.katalon.core.webui.keyword.builtin.ClickKeyword.execute(ClickKeyword.groovy:43)
	at com.kms.katalon.core.keyword.internal.KeywordExecutor.executeKeywordForPlatform(KeywordExecutor.groovy:72)
	at com.kms.katalon.core.webui.keyword.WebUiBuiltInKeywords.click(WebUiBuiltInKeywords.groovy:616)
	at com.kms.katalon.core.webui.keyword.WebUiBuiltInKeywords$click$3.call(Unknown Source)
	at nickname.run(nickname:34)
	at com.kms.katalon.core.main.ScriptEngine.run(ScriptEngine.java:194)
	at com.kms.katalon.core.main.ScriptEngine.runScriptAsRawText(ScriptEngine.java:119)
	at com.kms.katalon.core.main.TestCaseExecutor.runScript(TestCaseExecutor.java:337)
	at com.kms.katalon.core.main.TestCaseExecutor.doExecute(TestCaseExecutor.java:328)
	at com.kms.katalon.core.main.TestCaseExecutor.processExecutionPhase(TestCaseExecutor.java:307)
	at com.kms.katalon.core.main.TestCaseExecutor.accessMainPhase(TestCaseExecutor.java:299)
	at com.kms.katalon.core.main.TestCaseExecutor.execute(TestCaseExecutor.java:233)
	at com.kms.katalon.core.main.TestSuiteExecutor.accessTestCaseMainPhase(TestSuiteExecutor.java:169)
	at com.kms.katalon.core.main.TestSuiteExecutor.accessTestSuiteMainPhase(TestSuiteExecutor.java:142)
	at com.kms.katalon.core.main.TestSuiteExecutor.execute(TestSuiteExecutor.java:91)
	at com.kms.katalon.core.main.TestCaseMain.startTestSuite(TestCaseMain.java:157)
	at com.kms.katalon.core.main.TestCaseMain$startTestSuite$0.call(Unknown Source)
	at TempTestSuite1591348990827.run(TempTestSuite1591348990827.groovy:37)
Caused by: java.lang.IllegalArgumentException: Object is null
	at com.kms.katalon.core.helper.KeywordHelper.checkTestObjectParameter(KeywordHelper.java:33)
	at com.kms.katalon.core.webui.keyword.builtin.ClickKeyword$_click_closure1.doCall(ClickKeyword.groovy:65)
	at com.kms.katalon.core.webui.keyword.builtin.ClickKeyword$_click_closure1.call(ClickKeyword.groovy)
	at com.kms.katalon.core.webui.keyword.internal.WebUIKeywordMain.runKeyword(WebUIKeywordMain.groovy:20)
	... 19 more


2020-06-05 16:26:19 - [TEST_STEP][PASSED] - openBrowser(""): Browser is opened with url: ''

2020-06-05 16:26:19 - [MESSAGE][INFO] - Starting 'Chrome' driver

2020-06-05 16:26:19 - [MESSAGE][INFO] - Action delay is set to 0 milliseconds

2020-06-05 16:26:20 - [MESSAGE][PASSED] - Browser is opened with url: ''

2020-06-05 16:26:20 - [TEST_STEP][PASSED] - navigateToUrl("https://mattermost-aut.herokuapp.com/login"): Navigate to 'https://mattermost-aut.herokuapp.com/login' successfully

2020-06-05 16:26:23 - [MESSAGE][PASSED] - Navigate to 'https://mattermost-aut.herokuapp.com/login' successfully

2020-06-05 16:26:23 - [TEST_STEP][PASSED] - setText(findTestObject("Data Driven/nickname/Page_Mattermost/input_All team communication in one place searchable and accessible anywhere_loginId"), "phong1998"): Text 'phong1998' is set on object 'Object Repository/Data Driven/nickname/Page_Mattermost/input_All team communication in one place searchable and accessible anywhere_loginId'

2020-06-05 16:26:27 - [MESSAGE][PASSED] - Text 'phong1998' is set on object 'Object Repository/Data Driven/nickname/Page_Mattermost/input_All team communication in one place searchable and accessible anywhere_loginId'

2020-06-05 16:26:27 - [TEST_STEP][PASSED] - setEncryptedText(findTestObject("Data Driven/nickname/Page_Mattermost/input_All team communication in one place searchable and accessible anywhere_password"), "X6RAMBNCYDQ8H8PMJNlsmQ=="): Text ****** has been set on object 'Object Repository/Data Driven/nickname/Page_Mattermost/input_All team communication in one place searchable and accessible anywhere_password'

2020-06-05 16:26:28 - [MESSAGE][PASSED] - Text ****** has been set on object 'Object Repository/Data Driven/nickname/Page_Mattermost/input_All team communication in one place searchable and accessible anywhere_password'

2020-06-05 16:26:28 - [TEST_STEP][PASSED] - click(findTestObject("Data Driven/nickname/Page_Mattermost/span_Sign in")): Object: 'Object Repository/Data Driven/nickname/Page_Mattermost/span_Sign in' is clicked on

2020-06-05 16:26:28 - [MESSAGE][PASSED] - Object: 'Object Repository/Data Driven/nickname/Page_Mattermost/span_Sign in' is clicked on

2020-06-05 16:26:28 - [TEST_STEP][PASSED] - click(findTestObject("Data Driven/position/Page_Town Square - team1612499 Mattermost/span")): Object: 'Object Repository/Data Driven/position/Page_Town Square - team1612499 Mattermost/span' is clicked on

2020-06-05 16:26:31 - [MESSAGE][PASSED] - Object: 'Object Repository/Data Driven/position/Page_Town Square - team1612499 Mattermost/span' is clicked on

2020-06-05 16:26:31 - [TEST_STEP][FAILED] - click(findTestObject("Page_Town Square - team1612499 Mattermost/span_Account Settings")): Unable to click on object (Root cause: com.kms.katalon.core.exception.StepFailedException: Unable to click on object
	at com.kms.katalon.core.webui.keyword.internal.WebUIKeywordMain.stepFailed(WebUIKeywordMain.groovy:64)
	at com.kms.katalon.core.webui.keyword.internal.WebUIKeywordMain.runKeyword(WebUIKeywordMain.groovy:26)
	at com.kms.katalon.core.webui.keyword.builtin.ClickKeyword.click(ClickKeyword.groovy:76)
	at com.kms.katalon.core.webui.keyword.builtin.ClickKeyword.execute(ClickKeyword.groovy:43)
	at com.kms.katalon.core.keyword.internal.KeywordExecutor.executeKeywordForPlatform(KeywordExecutor.groovy:72)
	at com.kms.katalon.core.webui.keyword.WebUiBuiltInKeywords.click(WebUiBuiltInKeywords.groovy:616)
	at com.kms.katalon.core.webui.keyword.WebUiBuiltInKeywords$click$3.call(Unknown Source)
	at nickname.run(nickname:34)
	at com.kms.katalon.core.main.ScriptEngine.run(ScriptEngine.java:194)
	at com.kms.katalon.core.main.ScriptEngine.runScriptAsRawText(ScriptEngine.java:119)
	at com.kms.katalon.core.main.TestCaseExecutor.runScript(TestCaseExecutor.java:337)
	at com.kms.katalon.core.main.TestCaseExecutor.doExecute(TestCaseExecutor.java:328)
	at com.kms.katalon.core.main.TestCaseExecutor.processExecutionPhase(TestCaseExecutor.java:307)
	at com.kms.katalon.core.main.TestCaseExecutor.accessMainPhase(TestCaseExecutor.java:299)
	at com.kms.katalon.core.main.TestCaseExecutor.execute(TestCaseExecutor.java:233)
	at com.kms.katalon.core.main.TestSuiteExecutor.accessTestCaseMainPhase(TestSuiteExecutor.java:169)
	at com.kms.katalon.core.main.TestSuiteExecutor.accessTestSuiteMainPhase(TestSuiteExecutor.java:142)
	at com.kms.katalon.core.main.TestSuiteExecutor.execute(TestSuiteExecutor.java:91)
	at com.kms.katalon.core.main.TestCaseMain.startTestSuite(TestCaseMain.java:157)
	at com.kms.katalon.core.main.TestCaseMain$startTestSuite$0.call(Unknown Source)
	at TempTestSuite1591348990827.run(TempTestSuite1591348990827.groovy:37)
Caused by: java.lang.IllegalArgumentException: Object is null
	at com.kms.katalon.core.helper.KeywordHelper.checkTestObjectParameter(KeywordHelper.java:33)
	at com.kms.katalon.core.webui.keyword.builtin.ClickKeyword$_click_closure1.doCall(ClickKeyword.groovy:65)
	at com.kms.katalon.core.webui.keyword.builtin.ClickKeyword$_click_closure1.call(ClickKeyword.groovy)
	at com.kms.katalon.core.webui.keyword.internal.WebUIKeywordMain.runKeyword(WebUIKeywordMain.groovy:20)
	at com.kms.katalon.core.webui.keyword.builtin.ClickKeyword.click(ClickKeyword.groovy:76)
	at com.kms.katalon.core.webui.keyword.builtin.ClickKeyword.execute(ClickKeyword.groovy:43)
	at com.kms.katalon.core.keyword.internal.KeywordExecutor.executeKeywordForPlatform(KeywordExecutor.groovy:72)
	at com.kms.katalon.core.webui.keyword.WebUiBuiltInKeywords.click(WebUiBuiltInKeywords.groovy:616)
	at com.kms.katalon.core.webui.keyword.WebUiBuiltInKeywords$click$3.call(Unknown Source)
	at Script1591296486685.run(Script1591296486685.groovy:34)
	... 13 more
)

2020-06-05 16:26:31 - [MESSAGE][WARNING] - Test object with id 'Object Repository/Page_Town Square - team1612499 Mattermost/span_Account Settings' does not exist

2020-06-05 16:26:31 - [MESSAGE][WARNING] - Test object with id 'Object Repository/' does not exist

2020-06-05 16:26:31 - [MESSAGE][FAILED] - Unable to click on object (Root cause: com.kms.katalon.core.exception.StepFailedException: Unable to click on object
	at com.kms.katalon.core.webui.keyword.internal.WebUIKeywordMain.stepFailed(WebUIKeywordMain.groovy:64)
	at com.kms.katalon.core.webui.keyword.internal.WebUIKeywordMain.runKeyword(WebUIKeywordMain.groovy:26)
	at com.kms.katalon.core.webui.keyword.builtin.ClickKeyword.click(ClickKeyword.groovy:76)
	at com.kms.katalon.core.webui.keyword.builtin.ClickKeyword.execute(ClickKeyword.groovy:43)
	at com.kms.katalon.core.keyword.internal.KeywordExecutor.executeKeywordForPlatform(KeywordExecutor.groovy:72)
	at com.kms.katalon.core.webui.keyword.WebUiBuiltInKeywords.click(WebUiBuiltInKeywords.groovy:616)
	at com.kms.katalon.core.webui.keyword.WebUiBuiltInKeywords$click$3.call(Unknown Source)
	at nickname.run(nickname:34)
	at com.kms.katalon.core.main.ScriptEngine.run(ScriptEngine.java:194)
	at com.kms.katalon.core.main.ScriptEngine.runScriptAsRawText(ScriptEngine.java:119)
	at com.kms.katalon.core.main.TestCaseExecutor.runScript(TestCaseExecutor.java:337)
	at com.kms.katalon.core.main.TestCaseExecutor.doExecute(TestCaseExecutor.java:328)
	at com.kms.katalon.core.main.TestCaseExecutor.processExecutionPhase(TestCaseExecutor.java:307)
	at com.kms.katalon.core.main.TestCaseExecutor.accessMainPhase(TestCaseExecutor.java:299)
	at com.kms.katalon.core.main.TestCaseExecutor.execute(TestCaseExecutor.java:233)
	at com.kms.katalon.core.main.TestSuiteExecutor.accessTestCaseMainPhase(TestSuiteExecutor.java:169)
	at com.kms.katalon.core.main.TestSuiteExecutor.accessTestSuiteMainPhase(TestSuiteExecutor.java:142)
	at com.kms.katalon.core.main.TestSuiteExecutor.execute(TestSuiteExecutor.java:91)
	at com.kms.katalon.core.main.TestCaseMain.startTestSuite(TestCaseMain.java:157)
	at com.kms.katalon.core.main.TestCaseMain$startTestSuite$0.call(Unknown Source)
	at TempTestSuite1591348990827.run(TempTestSuite1591348990827.groovy:37)
Caused by: java.lang.IllegalArgumentException: Object is null
	at com.kms.katalon.core.helper.KeywordHelper.checkTestObjectParameter(KeywordHelper.java:33)
	at com.kms.katalon.core.webui.keyword.builtin.ClickKeyword$_click_closure1.doCall(ClickKeyword.groovy:65)
	at com.kms.katalon.core.webui.keyword.builtin.ClickKeyword$_click_closure1.call(ClickKeyword.groovy)
	at com.kms.katalon.core.webui.keyword.internal.WebUIKeywordMain.runKeyword(WebUIKeywordMain.groovy:20)
	at com.kms.katalon.core.webui.keyword.builtin.ClickKeyword.click(ClickKeyword.groovy:76)
	at com.kms.katalon.core.webui.keyword.builtin.ClickKeyword.execute(ClickKeyword.groovy:43)
	at com.kms.katalon.core.keyword.internal.KeywordExecutor.executeKeywordForPlatform(KeywordExecutor.groovy:72)
	at com.kms.katalon.core.webui.keyword.WebUiBuiltInKeywords.click(WebUiBuiltInKeywords.groovy:616)
	at com.kms.katalon.core.webui.keyword.WebUiBuiltInKeywords$click$3.call(Unknown Source)
	at Script1591296486685.run(Script1591296486685.groovy:34)
	... 13 more
)
[[ATTACHMENT|/home/phat/Downloads/katalon/mattermost-webapp/Reports/20200605_162310/Run all test cases/20200605_162310/1591349191558.png]]]]></system-out>
         <system-err><![CDATA[2020-06-05 16:26:19 - [TEST_CASE][FAILED] - Test Cases/internal data test case/nickname: Test Cases/internal data test case/nickname FAILED.
Reason:
com.kms.katalon.core.exception.StepFailedException: Unable to click on object
	at com.kms.katalon.core.webui.keyword.internal.WebUIKeywordMain.stepFailed(WebUIKeywordMain.groovy:64)
	at com.kms.katalon.core.webui.keyword.internal.WebUIKeywordMain.runKeyword(WebUIKeywordMain.groovy:26)
	at com.kms.katalon.core.webui.keyword.builtin.ClickKeyword.click(ClickKeyword.groovy:76)
	at com.kms.katalon.core.webui.keyword.builtin.ClickKeyword.execute(ClickKeyword.groovy:43)
	at com.kms.katalon.core.keyword.internal.KeywordExecutor.executeKeywordForPlatform(KeywordExecutor.groovy:72)
	at com.kms.katalon.core.webui.keyword.WebUiBuiltInKeywords.click(WebUiBuiltInKeywords.groovy:616)
	at com.kms.katalon.core.webui.keyword.WebUiBuiltInKeywords$click$3.call(Unknown Source)
	at nickname.run(nickname:34)
	at com.kms.katalon.core.main.ScriptEngine.run(ScriptEngine.java:194)
	at com.kms.katalon.core.main.ScriptEngine.runScriptAsRawText(ScriptEngine.java:119)
	at com.kms.katalon.core.main.TestCaseExecutor.runScript(TestCaseExecutor.java:337)
	at com.kms.katalon.core.main.TestCaseExecutor.doExecute(TestCaseExecutor.java:328)
	at com.kms.katalon.core.main.TestCaseExecutor.processExecutionPhase(TestCaseExecutor.java:307)
	at com.kms.katalon.core.main.TestCaseExecutor.accessMainPhase(TestCaseExecutor.java:299)
	at com.kms.katalon.core.main.TestCaseExecutor.execute(TestCaseExecutor.java:233)
	at com.kms.katalon.core.main.TestSuiteExecutor.accessTestCaseMainPhase(TestSuiteExecutor.java:169)
	at com.kms.katalon.core.main.TestSuiteExecutor.accessTestSuiteMainPhase(TestSuiteExecutor.java:142)
	at com.kms.katalon.core.main.TestSuiteExecutor.execute(TestSuiteExecutor.java:91)
	at com.kms.katalon.core.main.TestCaseMain.startTestSuite(TestCaseMain.java:157)
	at com.kms.katalon.core.main.TestCaseMain$startTestSuite$0.call(Unknown Source)
	at TempTestSuite1591348990827.run(TempTestSuite1591348990827.groovy:37)
Caused by: java.lang.IllegalArgumentException: Object is null
	at com.kms.katalon.core.helper.KeywordHelper.checkTestObjectParameter(KeywordHelper.java:33)
	at com.kms.katalon.core.webui.keyword.builtin.ClickKeyword$_click_closure1.doCall(ClickKeyword.groovy:65)
	at com.kms.katalon.core.webui.keyword.builtin.ClickKeyword$_click_closure1.call(ClickKeyword.groovy)
	at com.kms.katalon.core.webui.keyword.internal.WebUIKeywordMain.runKeyword(WebUIKeywordMain.groovy:20)
	... 19 more]]></system-err>
      </testcase>
      <testcase name="Test Cases/internal data test case/language" time="54.717" classname="Test Cases/internal data test case/language" status="FAILED">
         <failure type="FAILED" message="Test Cases/internal data test case/language FAILED.
Reason:
com.kms.katalon.core.exception.StepFailedException: Unable to click on object 'Object Repository/Data Driven/language/Page_Town Square - team1612499 Mattermost/button_phong1998_style--none sidebar-header-dropdown__icon'
	at com.kms.katalon.core.webui.keyword.internal.WebUIKeywordMain.stepFailed(WebUIKeywordMain.groovy:64)
	at com.kms.katalon.core.webui.keyword.internal.WebUIKeywordMain.runKeyword(WebUIKeywordMain.groovy:26)
	at com.kms.katalon.core.webui.keyword.builtin.ClickKeyword.click(ClickKeyword.groovy:76)
	at com.kms.katalon.core.webui.keyword.builtin.ClickKeyword.execute(ClickKeyword.groovy:43)
	at com.kms.katalon.core.keyword.internal.KeywordExecutor.executeKeywordForPlatform(KeywordExecutor.groovy:72)
	at com.kms.katalon.core.webui.keyword.WebUiBuiltInKeywords.click(WebUiBuiltInKeywords.groovy:616)
	at com.kms.katalon.core.webui.keyword.WebUiBuiltInKeywords$click$3.call(Unknown Source)
	at language.run(language:32)
	at com.kms.katalon.core.main.ScriptEngine.run(ScriptEngine.java:194)
	at com.kms.katalon.core.main.ScriptEngine.runScriptAsRawText(ScriptEngine.java:119)
	at com.kms.katalon.core.main.TestCaseExecutor.runScript(TestCaseExecutor.java:337)
	at com.kms.katalon.core.main.TestCaseExecutor.doExecute(TestCaseExecutor.java:328)
	at com.kms.katalon.core.main.TestCaseExecutor.processExecutionPhase(TestCaseExecutor.java:307)
	at com.kms.katalon.core.main.TestCaseExecutor.accessMainPhase(TestCaseExecutor.java:299)
	at com.kms.katalon.core.main.TestCaseExecutor.execute(TestCaseExecutor.java:233)
	at com.kms.katalon.core.main.TestSuiteExecutor.accessTestCaseMainPhase(TestSuiteExecutor.java:169)
	at com.kms.katalon.core.main.TestSuiteExecutor.accessTestSuiteMainPhase(TestSuiteExecutor.java:142)
	at com.kms.katalon.core.main.TestSuiteExecutor.execute(TestSuiteExecutor.java:91)
	at com.kms.katalon.core.main.TestCaseMain.startTestSuite(TestCaseMain.java:157)
	at com.kms.katalon.core.main.TestCaseMain$startTestSuite$0.call(Unknown Source)
	at TempTestSuite1591348990827.run(TempTestSuite1591348990827.groovy:37)
Caused by: com.kms.katalon.core.webui.exception.WebElementNotFoundException: Web element with id: 'Object Repository/Data Driven/language/Page_Town Square - team1612499 Mattermost/button_phong1998_style--none sidebar-header-dropdown__icon' located by 'By.xpath: //div[@id='headerInfo']/button' not found
	at com.kms.katalon.core.webui.common.WebUiCommonHelper.findWebElement(WebUiCommonHelper.java:1154)
	at com.kms.katalon.core.webui.keyword.internal.WebUIAbstractKeyword.findWebElement(WebUIAbstractKeyword.groovy:27)
	at com.kms.katalon.core.webui.keyword.internal.WebUIAbstractKeyword.findWebElement(WebUIAbstractKeyword.groovy:26)
	at com.kms.katalon.core.webui.keyword.builtin.ClickKeyword$_click_closure1.doCall(ClickKeyword.groovy:67)
	at com.kms.katalon.core.webui.keyword.builtin.ClickKeyword$_click_closure1.call(ClickKeyword.groovy)
	at com.kms.katalon.core.webui.keyword.internal.WebUIKeywordMain.runKeyword(WebUIKeywordMain.groovy:20)
	... 19 more
"/>
         <system-out><![CDATA[2020-06-05 16:26:31 - [TEST_CASE][FAILED] - Test Cases/internal data test case/language: Test Cases/internal data test case/language FAILED.
Reason:
com.kms.katalon.core.exception.StepFailedException: Unable to click on object 'Object Repository/Data Driven/language/Page_Town Square - team1612499 Mattermost/button_phong1998_style--none sidebar-header-dropdown__icon'
	at com.kms.katalon.core.webui.keyword.internal.WebUIKeywordMain.stepFailed(WebUIKeywordMain.groovy:64)
	at com.kms.katalon.core.webui.keyword.internal.WebUIKeywordMain.runKeyword(WebUIKeywordMain.groovy:26)
	at com.kms.katalon.core.webui.keyword.builtin.ClickKeyword.click(ClickKeyword.groovy:76)
	at com.kms.katalon.core.webui.keyword.builtin.ClickKeyword.execute(ClickKeyword.groovy:43)
	at com.kms.katalon.core.keyword.internal.KeywordExecutor.executeKeywordForPlatform(KeywordExecutor.groovy:72)
	at com.kms.katalon.core.webui.keyword.WebUiBuiltInKeywords.click(WebUiBuiltInKeywords.groovy:616)
	at com.kms.katalon.core.webui.keyword.WebUiBuiltInKeywords$click$3.call(Unknown Source)
	at language.run(language:32)
	at com.kms.katalon.core.main.ScriptEngine.run(ScriptEngine.java:194)
	at com.kms.katalon.core.main.ScriptEngine.runScriptAsRawText(ScriptEngine.java:119)
	at com.kms.katalon.core.main.TestCaseExecutor.runScript(TestCaseExecutor.java:337)
	at com.kms.katalon.core.main.TestCaseExecutor.doExecute(TestCaseExecutor.java:328)
	at com.kms.katalon.core.main.TestCaseExecutor.processExecutionPhase(TestCaseExecutor.java:307)
	at com.kms.katalon.core.main.TestCaseExecutor.accessMainPhase(TestCaseExecutor.java:299)
	at com.kms.katalon.core.main.TestCaseExecutor.execute(TestCaseExecutor.java:233)
	at com.kms.katalon.core.main.TestSuiteExecutor.accessTestCaseMainPhase(TestSuiteExecutor.java:169)
	at com.kms.katalon.core.main.TestSuiteExecutor.accessTestSuiteMainPhase(TestSuiteExecutor.java:142)
	at com.kms.katalon.core.main.TestSuiteExecutor.execute(TestSuiteExecutor.java:91)
	at com.kms.katalon.core.main.TestCaseMain.startTestSuite(TestCaseMain.java:157)
	at com.kms.katalon.core.main.TestCaseMain$startTestSuite$0.call(Unknown Source)
	at TempTestSuite1591348990827.run(TempTestSuite1591348990827.groovy:37)
Caused by: com.kms.katalon.core.webui.exception.WebElementNotFoundException: Web element with id: 'Object Repository/Data Driven/language/Page_Town Square - team1612499 Mattermost/button_phong1998_style--none sidebar-header-dropdown__icon' located by 'By.xpath: //div[@id='headerInfo']/button' not found
	at com.kms.katalon.core.webui.common.WebUiCommonHelper.findWebElement(WebUiCommonHelper.java:1154)
	at com.kms.katalon.core.webui.keyword.internal.WebUIAbstractKeyword.findWebElement(WebUIAbstractKeyword.groovy:27)
	at com.kms.katalon.core.webui.keyword.internal.WebUIAbstractKeyword.findWebElement(WebUIAbstractKeyword.groovy:26)
	at com.kms.katalon.core.webui.keyword.builtin.ClickKeyword$_click_closure1.doCall(ClickKeyword.groovy:67)
	at com.kms.katalon.core.webui.keyword.builtin.ClickKeyword$_click_closure1.call(ClickKeyword.groovy)
	at com.kms.katalon.core.webui.keyword.internal.WebUIKeywordMain.runKeyword(WebUIKeywordMain.groovy:20)
	... 19 more


2020-06-05 16:26:31 - [TEST_STEP][PASSED] - openBrowser(""): Browser is opened with url: ''

2020-06-05 16:26:31 - [MESSAGE][WARNING] - A browser is already opened. Closing browser and opening a new one

2020-06-05 16:26:31 - [MESSAGE][INFO] - Starting 'Chrome' driver

2020-06-05 16:26:31 - [MESSAGE][INFO] - Action delay is set to 0 milliseconds

2020-06-05 16:26:32 - [MESSAGE][PASSED] - Browser is opened with url: ''

2020-06-05 16:26:32 - [TEST_STEP][PASSED] - navigateToUrl("https://mattermost-aut.herokuapp.com/login"): Navigate to 'https://mattermost-aut.herokuapp.com/login' successfully

2020-06-05 16:26:35 - [MESSAGE][PASSED] - Navigate to 'https://mattermost-aut.herokuapp.com/login' successfully

2020-06-05 16:26:35 - [TEST_STEP][PASSED] - setText(findTestObject("Data Driven/login/Page_Mattermost/input_All team communication in one place searchable and accessible anywhere_loginId"), "phong1998"): Text 'phong1998' is set on object 'Object Repository/Data Driven/login/Page_Mattermost/input_All team communication in one place searchable and accessible anywhere_loginId'

2020-06-05 16:26:40 - [MESSAGE][PASSED] - Text 'phong1998' is set on object 'Object Repository/Data Driven/login/Page_Mattermost/input_All team communication in one place searchable and accessible anywhere_loginId'

2020-06-05 16:26:40 - [TEST_STEP][PASSED] - setEncryptedText(findTestObject("Data Driven/login/Page_Mattermost/input_All team communication in one place searchable and accessible anywhere_password"), "X6RAMBNCYDQ8H8PMJNlsmQ=="): Text ****** has been set on object 'Object Repository/Data Driven/login/Page_Mattermost/input_All team communication in one place searchable and accessible anywhere_password'

2020-06-05 16:26:40 - [MESSAGE][PASSED] - Text ****** has been set on object 'Object Repository/Data Driven/login/Page_Mattermost/input_All team communication in one place searchable and accessible anywhere_password'

2020-06-05 16:26:40 - [TEST_STEP][PASSED] - click(findTestObject("Data Driven/direct-message/Page_Mattermost/button_Sign in")): Object: 'Object Repository/Data Driven/direct-message/Page_Mattermost/button_Sign in' is clicked on

2020-06-05 16:26:41 - [MESSAGE][PASSED] - Object: 'Object Repository/Data Driven/direct-message/Page_Mattermost/button_Sign in' is clicked on

2020-06-05 16:26:41 - [TEST_STEP][FAILED] - click(findTestObject("Data Driven/language/Page_Town Square - team1612499 Mattermost/button_phong1998_style--none sidebar-header-dropdown__icon")): Unable to click on object 'Object Repository/Data Driven/language/Page_Town Square - team1612499 Mattermost/button_phong1998_style--none sidebar-header-dropdown__icon' (Root cause: com.kms.katalon.core.exception.StepFailedException: Unable to click on object 'Object Repository/Data Driven/language/Page_Town Square - team1612499 Mattermost/button_phong1998_style--none sidebar-header-dropdown__icon'
	at com.kms.katalon.core.webui.keyword.internal.WebUIKeywordMain.stepFailed(WebUIKeywordMain.groovy:64)
	at com.kms.katalon.core.webui.keyword.internal.WebUIKeywordMain.runKeyword(WebUIKeywordMain.groovy:26)
	at com.kms.katalon.core.webui.keyword.builtin.ClickKeyword.click(ClickKeyword.groovy:76)
	at com.kms.katalon.core.webui.keyword.builtin.ClickKeyword.execute(ClickKeyword.groovy:43)
	at com.kms.katalon.core.keyword.internal.KeywordExecutor.executeKeywordForPlatform(KeywordExecutor.groovy:72)
	at com.kms.katalon.core.webui.keyword.WebUiBuiltInKeywords.click(WebUiBuiltInKeywords.groovy:616)
	at com.kms.katalon.core.webui.keyword.WebUiBuiltInKeywords$click$3.call(Unknown Source)
	at language.run(language:32)
	at com.kms.katalon.core.main.ScriptEngine.run(ScriptEngine.java:194)
	at com.kms.katalon.core.main.ScriptEngine.runScriptAsRawText(ScriptEngine.java:119)
	at com.kms.katalon.core.main.TestCaseExecutor.runScript(TestCaseExecutor.java:337)
	at com.kms.katalon.core.main.TestCaseExecutor.doExecute(TestCaseExecutor.java:328)
	at com.kms.katalon.core.main.TestCaseExecutor.processExecutionPhase(TestCaseExecutor.java:307)
	at com.kms.katalon.core.main.TestCaseExecutor.accessMainPhase(TestCaseExecutor.java:299)
	at com.kms.katalon.core.main.TestCaseExecutor.execute(TestCaseExecutor.java:233)
	at com.kms.katalon.core.main.TestSuiteExecutor.accessTestCaseMainPhase(TestSuiteExecutor.java:169)
	at com.kms.katalon.core.main.TestSuiteExecutor.accessTestSuiteMainPhase(TestSuiteExecutor.java:142)
	at com.kms.katalon.core.main.TestSuiteExecutor.execute(TestSuiteExecutor.java:91)
	at com.kms.katalon.core.main.TestCaseMain.startTestSuite(TestCaseMain.java:157)
	at com.kms.katalon.core.main.TestCaseMain$startTestSuite$0.call(Unknown Source)
	at TempTestSuite1591348990827.run(TempTestSuite1591348990827.groovy:37)
Caused by: com.kms.katalon.core.webui.exception.WebElementNotFoundException: Web element with id: 'Object Repository/Data Driven/language/Page_Town Square - team1612499 Mattermost/button_phong1998_style--none sidebar-header-dropdown__icon' located by 'By.xpath: //div[@id='headerInfo']/button' not found
	at com.kms.katalon.core.webui.common.WebUiCommonHelper.findWebElement(WebUiCommonHelper.java:1154)
	at com.kms.katalon.core.webui.keyword.internal.WebUIAbstractKeyword.findWebElement(WebUIAbstractKeyword.groovy:27)
	at com.kms.katalon.core.webui.keyword.internal.WebUIAbstractKeyword.findWebElement(WebUIAbstractKeyword.groovy:26)
	at com.kms.katalon.core.webui.keyword.builtin.ClickKeyword$_click_closure1.doCall(ClickKeyword.groovy:67)
	at com.kms.katalon.core.webui.keyword.builtin.ClickKeyword$_click_closure1.call(ClickKeyword.groovy)
	at com.kms.katalon.core.webui.keyword.internal.WebUIKeywordMain.runKeyword(WebUIKeywordMain.groovy:20)
	at com.kms.katalon.core.webui.keyword.builtin.ClickKeyword.click(ClickKeyword.groovy:76)
	at com.kms.katalon.core.webui.keyword.builtin.ClickKeyword.execute(ClickKeyword.groovy:43)
	at com.kms.katalon.core.keyword.internal.KeywordExecutor.executeKeywordForPlatform(KeywordExecutor.groovy:72)
	at com.kms.katalon.core.webui.keyword.WebUiBuiltInKeywords.click(WebUiBuiltInKeywords.groovy:616)
	at com.kms.katalon.core.webui.keyword.WebUiBuiltInKeywords$click$3.call(Unknown Source)
	at Script1591296542441.run(Script1591296542441.groovy:32)
	... 13 more
)

2020-06-05 16:27:24 - [MESSAGE][INFO] - Unable to find the element located by 'By.xpath: //div[@id='headerInfo']/button'. Please recheck the objects properties to make sure the desired element is located. 

2020-06-05 16:27:24 - [MESSAGE][INFO] - [SMART_XPATH] Auto-trying out other XPath values in the test object.

2020-06-05 16:27:25 - [MESSAGE][INFO] - [SMART_XPATH] FAILED XPATH: '//div[@id='headerInfo']/button'.

2020-06-05 16:27:25 - [MESSAGE][INFO] - [SMART_XPATH] FAILED XPATH: '(.//*[normalize-space(text()) and normalize-space(.)='@phong1998'])[1]/following::button[1]'.

2020-06-05 16:27:25 - [MESSAGE][INFO] - [SMART_XPATH] FAILED XPATH: '(.//*[normalize-space(text()) and normalize-space(.)='team1612499'])[2]/following::button[1]'.

2020-06-05 16:27:25 - [MESSAGE][INFO] - [SMART_XPATH] FAILED XPATH: '(.//*[normalize-space(text()) and normalize-space(.)='More Unreads'])[1]/preceding::button[1]'.

2020-06-05 16:27:26 - [MESSAGE][INFO] - [SMART_XPATH] FAILED XPATH: '(.//*[normalize-space(text()) and normalize-space(.)='More Unreads'])[2]/preceding::button[1]'.

2020-06-05 16:27:26 - [MESSAGE][INFO] - [SMART_XPATH] FAILED XPATH: '//div[3]/div/div/div[2]/div/div/button'.

2020-06-05 16:27:26 - [MESSAGE][INFO] - [SMART_XPATH] No working XPath is found.

2020-06-05 16:27:26 - [MESSAGE][FAILED] - Unable to click on object 'Object Repository/Data Driven/language/Page_Town Square - team1612499 Mattermost/button_phong1998_style--none sidebar-header-dropdown__icon' (Root cause: com.kms.katalon.core.exception.StepFailedException: Unable to click on object 'Object Repository/Data Driven/language/Page_Town Square - team1612499 Mattermost/button_phong1998_style--none sidebar-header-dropdown__icon'
	at com.kms.katalon.core.webui.keyword.internal.WebUIKeywordMain.stepFailed(WebUIKeywordMain.groovy:64)
	at com.kms.katalon.core.webui.keyword.internal.WebUIKeywordMain.runKeyword(WebUIKeywordMain.groovy:26)
	at com.kms.katalon.core.webui.keyword.builtin.ClickKeyword.click(ClickKeyword.groovy:76)
	at com.kms.katalon.core.webui.keyword.builtin.ClickKeyword.execute(ClickKeyword.groovy:43)
	at com.kms.katalon.core.keyword.internal.KeywordExecutor.executeKeywordForPlatform(KeywordExecutor.groovy:72)
	at com.kms.katalon.core.webui.keyword.WebUiBuiltInKeywords.click(WebUiBuiltInKeywords.groovy:616)
	at com.kms.katalon.core.webui.keyword.WebUiBuiltInKeywords$click$3.call(Unknown Source)
	at language.run(language:32)
	at com.kms.katalon.core.main.ScriptEngine.run(ScriptEngine.java:194)
	at com.kms.katalon.core.main.ScriptEngine.runScriptAsRawText(ScriptEngine.java:119)
	at com.kms.katalon.core.main.TestCaseExecutor.runScript(TestCaseExecutor.java:337)
	at com.kms.katalon.core.main.TestCaseExecutor.doExecute(TestCaseExecutor.java:328)
	at com.kms.katalon.core.main.TestCaseExecutor.processExecutionPhase(TestCaseExecutor.java:307)
	at com.kms.katalon.core.main.TestCaseExecutor.accessMainPhase(TestCaseExecutor.java:299)
	at com.kms.katalon.core.main.TestCaseExecutor.execute(TestCaseExecutor.java:233)
	at com.kms.katalon.core.main.TestSuiteExecutor.accessTestCaseMainPhase(TestSuiteExecutor.java:169)
	at com.kms.katalon.core.main.TestSuiteExecutor.accessTestSuiteMainPhase(TestSuiteExecutor.java:142)
	at com.kms.katalon.core.main.TestSuiteExecutor.execute(TestSuiteExecutor.java:91)
	at com.kms.katalon.core.main.TestCaseMain.startTestSuite(TestCaseMain.java:157)
	at com.kms.katalon.core.main.TestCaseMain$startTestSuite$0.call(Unknown Source)
	at TempTestSuite1591348990827.run(TempTestSuite1591348990827.groovy:37)
Caused by: com.kms.katalon.core.webui.exception.WebElementNotFoundException: Web element with id: 'Object Repository/Data Driven/language/Page_Town Square - team1612499 Mattermost/button_phong1998_style--none sidebar-header-dropdown__icon' located by 'By.xpath: //div[@id='headerInfo']/button' not found
	at com.kms.katalon.core.webui.common.WebUiCommonHelper.findWebElement(WebUiCommonHelper.java:1154)
	at com.kms.katalon.core.webui.keyword.internal.WebUIAbstractKeyword.findWebElement(WebUIAbstractKeyword.groovy:27)
	at com.kms.katalon.core.webui.keyword.internal.WebUIAbstractKeyword.findWebElement(WebUIAbstractKeyword.groovy:26)
	at com.kms.katalon.core.webui.keyword.builtin.ClickKeyword$_click_closure1.doCall(ClickKeyword.groovy:67)
	at com.kms.katalon.core.webui.keyword.builtin.ClickKeyword$_click_closure1.call(ClickKeyword.groovy)
	at com.kms.katalon.core.webui.keyword.internal.WebUIKeywordMain.runKeyword(WebUIKeywordMain.groovy:20)
	at com.kms.katalon.core.webui.keyword.builtin.ClickKeyword.click(ClickKeyword.groovy:76)
	at com.kms.katalon.core.webui.keyword.builtin.ClickKeyword.execute(ClickKeyword.groovy:43)
	at com.kms.katalon.core.keyword.internal.KeywordExecutor.executeKeywordForPlatform(KeywordExecutor.groovy:72)
	at com.kms.katalon.core.webui.keyword.WebUiBuiltInKeywords.click(WebUiBuiltInKeywords.groovy:616)
	at com.kms.katalon.core.webui.keyword.WebUiBuiltInKeywords$click$3.call(Unknown Source)
	at Script1591296542441.run(Script1591296542441.groovy:32)
	... 13 more
)
[[ATTACHMENT|/home/phat/Downloads/katalon/mattermost-webapp/Reports/20200605_162310/Run all test cases/20200605_162310/1591349246361.png]]]]></system-out>
         <system-err><![CDATA[2020-06-05 16:26:31 - [TEST_CASE][FAILED] - Test Cases/internal data test case/language: Test Cases/internal data test case/language FAILED.
Reason:
com.kms.katalon.core.exception.StepFailedException: Unable to click on object 'Object Repository/Data Driven/language/Page_Town Square - team1612499 Mattermost/button_phong1998_style--none sidebar-header-dropdown__icon'
	at com.kms.katalon.core.webui.keyword.internal.WebUIKeywordMain.stepFailed(WebUIKeywordMain.groovy:64)
	at com.kms.katalon.core.webui.keyword.internal.WebUIKeywordMain.runKeyword(WebUIKeywordMain.groovy:26)
	at com.kms.katalon.core.webui.keyword.builtin.ClickKeyword.click(ClickKeyword.groovy:76)
	at com.kms.katalon.core.webui.keyword.builtin.ClickKeyword.execute(ClickKeyword.groovy:43)
	at com.kms.katalon.core.keyword.internal.KeywordExecutor.executeKeywordForPlatform(KeywordExecutor.groovy:72)
	at com.kms.katalon.core.webui.keyword.WebUiBuiltInKeywords.click(WebUiBuiltInKeywords.groovy:616)
	at com.kms.katalon.core.webui.keyword.WebUiBuiltInKeywords$click$3.call(Unknown Source)
	at language.run(language:32)
	at com.kms.katalon.core.main.ScriptEngine.run(ScriptEngine.java:194)
	at com.kms.katalon.core.main.ScriptEngine.runScriptAsRawText(ScriptEngine.java:119)
	at com.kms.katalon.core.main.TestCaseExecutor.runScript(TestCaseExecutor.java:337)
	at com.kms.katalon.core.main.TestCaseExecutor.doExecute(TestCaseExecutor.java:328)
	at com.kms.katalon.core.main.TestCaseExecutor.processExecutionPhase(TestCaseExecutor.java:307)
	at com.kms.katalon.core.main.TestCaseExecutor.accessMainPhase(TestCaseExecutor.java:299)
	at com.kms.katalon.core.main.TestCaseExecutor.execute(TestCaseExecutor.java:233)
	at com.kms.katalon.core.main.TestSuiteExecutor.accessTestCaseMainPhase(TestSuiteExecutor.java:169)
	at com.kms.katalon.core.main.TestSuiteExecutor.accessTestSuiteMainPhase(TestSuiteExecutor.java:142)
	at com.kms.katalon.core.main.TestSuiteExecutor.execute(TestSuiteExecutor.java:91)
	at com.kms.katalon.core.main.TestCaseMain.startTestSuite(TestCaseMain.java:157)
	at com.kms.katalon.core.main.TestCaseMain$startTestSuite$0.call(Unknown Source)
	at TempTestSuite1591348990827.run(TempTestSuite1591348990827.groovy:37)
Caused by: com.kms.katalon.core.webui.exception.WebElementNotFoundException: Web element with id: 'Object Repository/Data Driven/language/Page_Town Square - team1612499 Mattermost/button_phong1998_style--none sidebar-header-dropdown__icon' located by 'By.xpath: //div[@id='headerInfo']/button' not found
	at com.kms.katalon.core.webui.common.WebUiCommonHelper.findWebElement(WebUiCommonHelper.java:1154)
	at com.kms.katalon.core.webui.keyword.internal.WebUIAbstractKeyword.findWebElement(WebUIAbstractKeyword.groovy:27)
	at com.kms.katalon.core.webui.keyword.internal.WebUIAbstractKeyword.findWebElement(WebUIAbstractKeyword.groovy:26)
	at com.kms.katalon.core.webui.keyword.builtin.ClickKeyword$_click_closure1.doCall(ClickKeyword.groovy:67)
	at com.kms.katalon.core.webui.keyword.builtin.ClickKeyword$_click_closure1.call(ClickKeyword.groovy)
	at com.kms.katalon.core.webui.keyword.internal.WebUIKeywordMain.runKeyword(WebUIKeywordMain.groovy:20)
	... 19 more]]></system-err>
      </testcase>
      <testcase name="Test Cases/internal data test case/position" time="14.056" classname="Test Cases/internal data test case/position" status="PASSED">
         <system-out><![CDATA[2020-06-05 16:27:26 - [TEST_CASE][PASSED] - Test Cases/internal data test case/position: Test Cases/internal data test case/position

2020-06-05 16:27:26 - [TEST_STEP][PASSED] - openBrowser(""): Browser is opened with url: ''

2020-06-05 16:27:26 - [MESSAGE][WARNING] - A browser is already opened. Closing browser and opening a new one

2020-06-05 16:27:26 - [MESSAGE][INFO] - Starting 'Chrome' driver

2020-06-05 16:27:26 - [MESSAGE][INFO] - Action delay is set to 0 milliseconds

2020-06-05 16:27:27 - [MESSAGE][PASSED] - Browser is opened with url: ''

2020-06-05 16:27:27 - [TEST_STEP][PASSED] - navigateToUrl("https://mattermost-aut.herokuapp.com/login"): Navigate to 'https://mattermost-aut.herokuapp.com/login' successfully

2020-06-05 16:27:30 - [MESSAGE][PASSED] - Navigate to 'https://mattermost-aut.herokuapp.com/login' successfully

2020-06-05 16:27:30 - [TEST_STEP][PASSED] - setText(findTestObject("Data Driven/nickname/Page_Mattermost/input_All team communication in one place searchable and accessible anywhere_loginId"), "phong1998"): Text 'phong1998' is set on object 'Object Repository/Data Driven/nickname/Page_Mattermost/input_All team communication in one place searchable and accessible anywhere_loginId'

2020-06-05 16:27:33 - [MESSAGE][PASSED] - Text 'phong1998' is set on object 'Object Repository/Data Driven/nickname/Page_Mattermost/input_All team communication in one place searchable and accessible anywhere_loginId'

2020-06-05 16:27:33 - [TEST_STEP][PASSED] - setEncryptedText(findTestObject("Data Driven/nickname/Page_Mattermost/input_All team communication in one place searchable and accessible anywhere_password"), "X6RAMBNCYDQ8H8PMJNlsmQ=="): Text ****** has been set on object 'Object Repository/Data Driven/nickname/Page_Mattermost/input_All team communication in one place searchable and accessible anywhere_password'

2020-06-05 16:27:34 - [MESSAGE][PASSED] - Text ****** has been set on object 'Object Repository/Data Driven/nickname/Page_Mattermost/input_All team communication in one place searchable and accessible anywhere_password'

2020-06-05 16:27:34 - [TEST_STEP][PASSED] - click(findTestObject("Data Driven/nickname/Page_Mattermost/span_Sign in")): Object: 'Object Repository/Data Driven/nickname/Page_Mattermost/span_Sign in' is clicked on

2020-06-05 16:27:34 - [MESSAGE][PASSED] - Object: 'Object Repository/Data Driven/nickname/Page_Mattermost/span_Sign in' is clicked on

2020-06-05 16:27:34 - [TEST_STEP][PASSED] - click(findTestObject("Data Driven/position/Page_Town Square - team1612499 Mattermost/svg")): Object: 'Object Repository/Data Driven/position/Page_Town Square - team1612499 Mattermost/svg' is clicked on

2020-06-05 16:27:37 - [MESSAGE][PASSED] - Object: 'Object Repository/Data Driven/position/Page_Town Square - team1612499 Mattermost/svg' is clicked on

2020-06-05 16:27:37 - [TEST_STEP][PASSED] - click(findTestObject("Data Driven/position/Page_Town Square - team1612499 Mattermost/span_Account Settings")): Object: 'Object Repository/Data Driven/position/Page_Town Square - team1612499 Mattermost/span_Account Settings' is clicked on

2020-06-05 16:27:38 - [MESSAGE][PASSED] - Object: 'Object Repository/Data Driven/position/Page_Town Square - team1612499 Mattermost/span_Account Settings' is clicked on

2020-06-05 16:27:38 - [TEST_STEP][PASSED] - click(findTestObject("Data Driven/position/Page_Town Square - team1612499 Mattermost/span_Edit")): Object: 'Object Repository/Data Driven/position/Page_Town Square - team1612499 Mattermost/span_Edit' is clicked on

2020-06-05 16:27:39 - [MESSAGE][PASSED] - Object: 'Object Repository/Data Driven/position/Page_Town Square - team1612499 Mattermost/span_Edit' is clicked on

2020-06-05 16:27:39 - [TEST_STEP][PASSED] - setText(findTestObject("Data Driven/position/Page_Town Square - team1612499 Mattermost/input_Position_position"), position): Text '' is set on object 'Object Repository/Data Driven/position/Page_Town Square - team1612499 Mattermost/input_Position_position'

2020-06-05 16:27:40 - [MESSAGE][PASSED] - Text '' is set on object 'Object Repository/Data Driven/position/Page_Town Square - team1612499 Mattermost/input_Position_position'

2020-06-05 16:27:40 - [TEST_STEP][PASSED] - click(findTestObject("Data Driven/position/Page_Town Square - team1612499 Mattermost/span_Save")): Object: 'Object Repository/Data Driven/position/Page_Town Square - team1612499 Mattermost/span_Save' is clicked on

2020-06-05 16:27:40 - [MESSAGE][PASSED] - Object: 'Object Repository/Data Driven/position/Page_Town Square - team1612499 Mattermost/span_Save' is clicked on

2020-06-05 16:27:40 - [TEST_STEP][PASSED] - closeBrowser(): Browser is closed

2020-06-05 16:27:40 - [MESSAGE][PASSED] - Browser is closed]]></system-out>
         <system-err><![CDATA[]]></system-err>
      </testcase>
      <testcase name="Test Cases/internal data test case/password" time="15.911" classname="Test Cases/internal data test case/password" status="PASSED">
         <system-out><![CDATA[2020-06-05 16:27:40 - [TEST_CASE][PASSED] - Test Cases/internal data test case/password: Test Cases/internal data test case/password

2020-06-05 16:27:40 - [TEST_STEP][PASSED] - openBrowser(""): Browser is opened with url: ''

2020-06-05 16:27:40 - [MESSAGE][INFO] - Starting 'Chrome' driver

2020-06-05 16:27:40 - [MESSAGE][INFO] - Action delay is set to 0 milliseconds

2020-06-05 16:27:41 - [MESSAGE][PASSED] - Browser is opened with url: ''

2020-06-05 16:27:41 - [TEST_STEP][PASSED] - navigateToUrl("https://mattermost-aut.herokuapp.com/login"): Navigate to 'https://mattermost-aut.herokuapp.com/login' successfully

2020-06-05 16:27:44 - [MESSAGE][PASSED] - Navigate to 'https://mattermost-aut.herokuapp.com/login' successfully

2020-06-05 16:27:44 - [TEST_STEP][PASSED] - setText(findTestObject("Data Driven/login/Page_Mattermost/input_All team communication in one place searchable and accessible anywhere_loginId"), "phong1998"): Text 'phong1998' is set on object 'Object Repository/Data Driven/login/Page_Mattermost/input_All team communication in one place searchable and accessible anywhere_loginId'

2020-06-05 16:27:48 - [MESSAGE][PASSED] - Text 'phong1998' is set on object 'Object Repository/Data Driven/login/Page_Mattermost/input_All team communication in one place searchable and accessible anywhere_loginId'

2020-06-05 16:27:48 - [TEST_STEP][PASSED] - setEncryptedText(findTestObject("Data Driven/login/Page_Mattermost/input_All team communication in one place searchable and accessible anywhere_password"), "X6RAMBNCYDQ8H8PMJNlsmQ=="): Text ****** has been set on object 'Object Repository/Data Driven/login/Page_Mattermost/input_All team communication in one place searchable and accessible anywhere_password'

2020-06-05 16:27:49 - [MESSAGE][PASSED] - Text ****** has been set on object 'Object Repository/Data Driven/login/Page_Mattermost/input_All team communication in one place searchable and accessible anywhere_password'

2020-06-05 16:27:49 - [TEST_STEP][PASSED] - click(findTestObject("Data Driven/login/Page_Mattermost/button_Sign in")): Object: 'Object Repository/Data Driven/login/Page_Mattermost/button_Sign in' is clicked on

2020-06-05 16:27:49 - [MESSAGE][PASSED] - Object: 'Object Repository/Data Driven/login/Page_Mattermost/button_Sign in' is clicked on

2020-06-05 16:27:49 - [TEST_STEP][PASSED] - click(findTestObject("Data Driven/password/Page_Town Square - team1612499 Mattermost/span")): Object: 'Object Repository/Data Driven/password/Page_Town Square - team1612499 Mattermost/span' is clicked on

2020-06-05 16:27:52 - [MESSAGE][PASSED] - Object: 'Object Repository/Data Driven/password/Page_Town Square - team1612499 Mattermost/span' is clicked on

2020-06-05 16:27:52 - [TEST_STEP][PASSED] - click(findTestObject("Data Driven/password/Page_Town Square - team1612499 Mattermost/span_Account Settings")): Object: 'Object Repository/Data Driven/password/Page_Town Square - team1612499 Mattermost/span_Account Settings' is clicked on

2020-06-05 16:27:53 - [MESSAGE][PASSED] - Object: 'Object Repository/Data Driven/password/Page_Town Square - team1612499 Mattermost/span_Account Settings' is clicked on

2020-06-05 16:27:53 - [TEST_STEP][PASSED] - click(findTestObject("Data Driven/password/Page_Town Square - team1612499 Mattermost/button_Security")): Object: 'Object Repository/Data Driven/password/Page_Town Square - team1612499 Mattermost/button_Security' is clicked on

2020-06-05 16:27:54 - [MESSAGE][PASSED] - Object: 'Object Repository/Data Driven/password/Page_Town Square - team1612499 Mattermost/button_Security' is clicked on

2020-06-05 16:27:54 - [TEST_STEP][PASSED] - click(findTestObject("Data Driven/password/Page_Town Square - team1612499 Mattermost/div_PasswordEdit")): Object: 'Object Repository/Data Driven/password/Page_Town Square - team1612499 Mattermost/div_PasswordEdit' is clicked on

2020-06-05 16:27:54 - [MESSAGE][PASSED] - Object: 'Object Repository/Data Driven/password/Page_Town Square - team1612499 Mattermost/div_PasswordEdit' is clicked on

2020-06-05 16:27:54 - [TEST_STEP][PASSED] - setEncryptedText(findTestObject("Data Driven/password/Page_Town Square - team1612499 Mattermost/input_Current Password_currentPassword"), current_password): Text ****** has been set on object 'Object Repository/Data Driven/password/Page_Town Square - team1612499 Mattermost/input_Current Password_currentPassword'

2020-06-05 16:27:55 - [MESSAGE][PASSED] - Text ****** has been set on object 'Object Repository/Data Driven/password/Page_Town Square - team1612499 Mattermost/input_Current Password_currentPassword'

2020-06-05 16:27:55 - [TEST_STEP][PASSED] - setEncryptedText(findTestObject("Data Driven/password/Page_Town Square - team1612499 Mattermost/input_New Password_newPassword"), new_password): Text ****** has been set on object 'Object Repository/Data Driven/password/Page_Town Square - team1612499 Mattermost/input_New Password_newPassword'

2020-06-05 16:27:55 - [MESSAGE][PASSED] - Text ****** has been set on object 'Object Repository/Data Driven/password/Page_Town Square - team1612499 Mattermost/input_New Password_newPassword'

2020-06-05 16:27:55 - [TEST_STEP][PASSED] - setEncryptedText(findTestObject("Data Driven/password/Page_Town Square - team1612499 Mattermost/input_Retype New Password_confirmPassword"), retype): Text ****** has been set on object 'Object Repository/Data Driven/password/Page_Town Square - team1612499 Mattermost/input_Retype New Password_confirmPassword'

2020-06-05 16:27:56 - [MESSAGE][PASSED] - Text ****** has been set on object 'Object Repository/Data Driven/password/Page_Town Square - team1612499 Mattermost/input_Retype New Password_confirmPassword'

2020-06-05 16:27:56 - [TEST_STEP][PASSED] - click(findTestObject("Data Driven/password/Page_Town Square - team1612499 Mattermost/button_Save")): Object: 'Object Repository/Data Driven/password/Page_Town Square - team1612499 Mattermost/button_Save' is clicked on

2020-06-05 16:27:56 - [MESSAGE][PASSED] - Object: 'Object Repository/Data Driven/password/Page_Town Square - team1612499 Mattermost/button_Save' is clicked on

2020-06-05 16:27:56 - [TEST_STEP][PASSED] - closeBrowser(): Browser is closed

2020-06-05 16:27:56 - [MESSAGE][PASSED] - Browser is closed]]></system-out>
         <system-err><![CDATA[]]></system-err>
      </testcase>
      <testcase name="Test Cases/internal data test case/search" time="8.967" classname="Test Cases/internal data test case/search" status="FAILED">
         <failure type="FAILED" message="Test Cases/internal data test case/search FAILED.
Reason:
com.kms.katalon.core.exception.StepFailedException: Unable to click on object 'Object Repository/Data Driven/search/Page_Town Square - team1612499 Mattermost/circle'
	at com.kms.katalon.core.webui.keyword.internal.WebUIKeywordMain.stepFailed(WebUIKeywordMain.groovy:64)
	at com.kms.katalon.core.webui.keyword.internal.WebUIKeywordMain.runKeyword(WebUIKeywordMain.groovy:26)
	at com.kms.katalon.core.webui.keyword.builtin.ClickKeyword.click(ClickKeyword.groovy:76)
	at com.kms.katalon.core.webui.keyword.builtin.ClickKeyword.execute(ClickKeyword.groovy:43)
	at com.kms.katalon.core.keyword.internal.KeywordExecutor.executeKeywordForPlatform(KeywordExecutor.groovy:72)
	at com.kms.katalon.core.webui.keyword.WebUiBuiltInKeywords.click(WebUiBuiltInKeywords.groovy:616)
	at com.kms.katalon.core.webui.keyword.WebUiBuiltInKeywords$click$3.call(Unknown Source)
	at search.run(search:32)
	at com.kms.katalon.core.main.ScriptEngine.run(ScriptEngine.java:194)
	at com.kms.katalon.core.main.ScriptEngine.runScriptAsRawText(ScriptEngine.java:119)
	at com.kms.katalon.core.main.TestCaseExecutor.runScript(TestCaseExecutor.java:337)
	at com.kms.katalon.core.main.TestCaseExecutor.doExecute(TestCaseExecutor.java:328)
	at com.kms.katalon.core.main.TestCaseExecutor.processExecutionPhase(TestCaseExecutor.java:307)
	at com.kms.katalon.core.main.TestCaseExecutor.accessMainPhase(TestCaseExecutor.java:299)
	at com.kms.katalon.core.main.TestCaseExecutor.execute(TestCaseExecutor.java:233)
	at com.kms.katalon.core.main.TestSuiteExecutor.accessTestCaseMainPhase(TestSuiteExecutor.java:169)
	at com.kms.katalon.core.main.TestSuiteExecutor.accessTestSuiteMainPhase(TestSuiteExecutor.java:142)
	at com.kms.katalon.core.main.TestSuiteExecutor.execute(TestSuiteExecutor.java:91)
	at com.kms.katalon.core.main.TestCaseMain.startTestSuite(TestCaseMain.java:157)
	at com.kms.katalon.core.main.TestCaseMain$startTestSuite$0.call(Unknown Source)
	at TempTestSuite1591348990827.run(TempTestSuite1591348990827.groovy:37)
Caused by: java.lang.IndexOutOfBoundsException: Index: 0, Size: 0
	at com.kms.katalon.core.webui.common.WebUiCommonHelper.buildLocator(WebUiCommonHelper.java:517)
	at com.kms.katalon.core.webui.common.WebUiCommonHelper.findWebElements(WebUiCommonHelper.java:767)
	at com.kms.katalon.core.webui.common.WebUiCommonHelper.findWebElement(WebUiCommonHelper.java:1150)
	at com.kms.katalon.core.webui.keyword.internal.WebUIAbstractKeyword.findWebElement(WebUIAbstractKeyword.groovy:27)
	at com.kms.katalon.core.webui.keyword.internal.WebUIAbstractKeyword.findWebElement(WebUIAbstractKeyword.groovy:26)
	at com.kms.katalon.core.webui.keyword.builtin.ClickKeyword$_click_closure1.doCall(ClickKeyword.groovy:67)
	at com.kms.katalon.core.webui.keyword.builtin.ClickKeyword$_click_closure1.call(ClickKeyword.groovy)
	at com.kms.katalon.core.webui.keyword.internal.WebUIKeywordMain.runKeyword(WebUIKeywordMain.groovy:20)
	... 19 more
"/>
         <system-out><![CDATA[2020-06-05 16:27:56 - [TEST_CASE][FAILED] - Test Cases/internal data test case/search: Test Cases/internal data test case/search FAILED.
Reason:
com.kms.katalon.core.exception.StepFailedException: Unable to click on object 'Object Repository/Data Driven/search/Page_Town Square - team1612499 Mattermost/circle'
	at com.kms.katalon.core.webui.keyword.internal.WebUIKeywordMain.stepFailed(WebUIKeywordMain.groovy:64)
	at com.kms.katalon.core.webui.keyword.internal.WebUIKeywordMain.runKeyword(WebUIKeywordMain.groovy:26)
	at com.kms.katalon.core.webui.keyword.builtin.ClickKeyword.click(ClickKeyword.groovy:76)
	at com.kms.katalon.core.webui.keyword.builtin.ClickKeyword.execute(ClickKeyword.groovy:43)
	at com.kms.katalon.core.keyword.internal.KeywordExecutor.executeKeywordForPlatform(KeywordExecutor.groovy:72)
	at com.kms.katalon.core.webui.keyword.WebUiBuiltInKeywords.click(WebUiBuiltInKeywords.groovy:616)
	at com.kms.katalon.core.webui.keyword.WebUiBuiltInKeywords$click$3.call(Unknown Source)
	at search.run(search:32)
	at com.kms.katalon.core.main.ScriptEngine.run(ScriptEngine.java:194)
	at com.kms.katalon.core.main.ScriptEngine.runScriptAsRawText(ScriptEngine.java:119)
	at com.kms.katalon.core.main.TestCaseExecutor.runScript(TestCaseExecutor.java:337)
	at com.kms.katalon.core.main.TestCaseExecutor.doExecute(TestCaseExecutor.java:328)
	at com.kms.katalon.core.main.TestCaseExecutor.processExecutionPhase(TestCaseExecutor.java:307)
	at com.kms.katalon.core.main.TestCaseExecutor.accessMainPhase(TestCaseExecutor.java:299)
	at com.kms.katalon.core.main.TestCaseExecutor.execute(TestCaseExecutor.java:233)
	at com.kms.katalon.core.main.TestSuiteExecutor.accessTestCaseMainPhase(TestSuiteExecutor.java:169)
	at com.kms.katalon.core.main.TestSuiteExecutor.accessTestSuiteMainPhase(TestSuiteExecutor.java:142)
	at com.kms.katalon.core.main.TestSuiteExecutor.execute(TestSuiteExecutor.java:91)
	at com.kms.katalon.core.main.TestCaseMain.startTestSuite(TestCaseMain.java:157)
	at com.kms.katalon.core.main.TestCaseMain$startTestSuite$0.call(Unknown Source)
	at TempTestSuite1591348990827.run(TempTestSuite1591348990827.groovy:37)
Caused by: java.lang.IndexOutOfBoundsException: Index: 0, Size: 0
	at com.kms.katalon.core.webui.common.WebUiCommonHelper.buildLocator(WebUiCommonHelper.java:517)
	at com.kms.katalon.core.webui.common.WebUiCommonHelper.findWebElements(WebUiCommonHelper.java:767)
	at com.kms.katalon.core.webui.common.WebUiCommonHelper.findWebElement(WebUiCommonHelper.java:1150)
	at com.kms.katalon.core.webui.keyword.internal.WebUIAbstractKeyword.findWebElement(WebUIAbstractKeyword.groovy:27)
	at com.kms.katalon.core.webui.keyword.internal.WebUIAbstractKeyword.findWebElement(WebUIAbstractKeyword.groovy:26)
	at com.kms.katalon.core.webui.keyword.builtin.ClickKeyword$_click_closure1.doCall(ClickKeyword.groovy:67)
	at com.kms.katalon.core.webui.keyword.builtin.ClickKeyword$_click_closure1.call(ClickKeyword.groovy)
	at com.kms.katalon.core.webui.keyword.internal.WebUIKeywordMain.runKeyword(WebUIKeywordMain.groovy:20)
	... 19 more


2020-06-05 16:27:56 - [TEST_STEP][PASSED] - openBrowser(""): Browser is opened with url: ''

2020-06-05 16:27:56 - [MESSAGE][INFO] - Starting 'Chrome' driver

2020-06-05 16:27:56 - [MESSAGE][INFO] - Action delay is set to 0 milliseconds

2020-06-05 16:27:56 - [MESSAGE][PASSED] - Browser is opened with url: ''

2020-06-05 16:27:56 - [TEST_STEP][PASSED] - navigateToUrl("https://mattermost-aut.herokuapp.com/login"): Navigate to 'https://mattermost-aut.herokuapp.com/login' successfully

2020-06-05 16:27:59 - [MESSAGE][PASSED] - Navigate to 'https://mattermost-aut.herokuapp.com/login' successfully

2020-06-05 16:27:59 - [TEST_STEP][PASSED] - setText(findTestObject("Data Driven/login/Page_Mattermost/input_All team communication in one place searchable and accessible anywhere_loginId"), "phong1998"): Text 'phong1998' is set on object 'Object Repository/Data Driven/login/Page_Mattermost/input_All team communication in one place searchable and accessible anywhere_loginId'

2020-06-05 16:28:04 - [MESSAGE][PASSED] - Text 'phong1998' is set on object 'Object Repository/Data Driven/login/Page_Mattermost/input_All team communication in one place searchable and accessible anywhere_loginId'

2020-06-05 16:28:04 - [TEST_STEP][PASSED] - setEncryptedText(findTestObject("Data Driven/login/Page_Mattermost/input_All team communication in one place searchable and accessible anywhere_password"), "X6RAMBNCYDQ8H8PMJNlsmQ=="): Text ****** has been set on object 'Object Repository/Data Driven/login/Page_Mattermost/input_All team communication in one place searchable and accessible anywhere_password'

2020-06-05 16:28:04 - [MESSAGE][PASSED] - Text ****** has been set on object 'Object Repository/Data Driven/login/Page_Mattermost/input_All team communication in one place searchable and accessible anywhere_password'

2020-06-05 16:28:04 - [TEST_STEP][PASSED] - click(findTestObject("Data Driven/direct-message/Page_Mattermost/button_Sign in")): Object: 'Object Repository/Data Driven/direct-message/Page_Mattermost/button_Sign in' is clicked on

2020-06-05 16:28:05 - [MESSAGE][PASSED] - Object: 'Object Repository/Data Driven/direct-message/Page_Mattermost/button_Sign in' is clicked on

2020-06-05 16:28:05 - [TEST_STEP][FAILED] - click(findTestObject("Data Driven/search/Page_Town Square - team1612499 Mattermost/circle")): Unable to click on object 'Object Repository/Data Driven/search/Page_Town Square - team1612499 Mattermost/circle' (Root cause: com.kms.katalon.core.exception.StepFailedException: Unable to click on object 'Object Repository/Data Driven/search/Page_Town Square - team1612499 Mattermost/circle'
	at com.kms.katalon.core.webui.keyword.internal.WebUIKeywordMain.stepFailed(WebUIKeywordMain.groovy:64)
	at com.kms.katalon.core.webui.keyword.internal.WebUIKeywordMain.runKeyword(WebUIKeywordMain.groovy:26)
	at com.kms.katalon.core.webui.keyword.builtin.ClickKeyword.click(ClickKeyword.groovy:76)
	at com.kms.katalon.core.webui.keyword.builtin.ClickKeyword.execute(ClickKeyword.groovy:43)
	at com.kms.katalon.core.keyword.internal.KeywordExecutor.executeKeywordForPlatform(KeywordExecutor.groovy:72)
	at com.kms.katalon.core.webui.keyword.WebUiBuiltInKeywords.click(WebUiBuiltInKeywords.groovy:616)
	at com.kms.katalon.core.webui.keyword.WebUiBuiltInKeywords$click$3.call(Unknown Source)
	at search.run(search:32)
	at com.kms.katalon.core.main.ScriptEngine.run(ScriptEngine.java:194)
	at com.kms.katalon.core.main.ScriptEngine.runScriptAsRawText(ScriptEngine.java:119)
	at com.kms.katalon.core.main.TestCaseExecutor.runScript(TestCaseExecutor.java:337)
	at com.kms.katalon.core.main.TestCaseExecutor.doExecute(TestCaseExecutor.java:328)
	at com.kms.katalon.core.main.TestCaseExecutor.processExecutionPhase(TestCaseExecutor.java:307)
	at com.kms.katalon.core.main.TestCaseExecutor.accessMainPhase(TestCaseExecutor.java:299)
	at com.kms.katalon.core.main.TestCaseExecutor.execute(TestCaseExecutor.java:233)
	at com.kms.katalon.core.main.TestSuiteExecutor.accessTestCaseMainPhase(TestSuiteExecutor.java:169)
	at com.kms.katalon.core.main.TestSuiteExecutor.accessTestSuiteMainPhase(TestSuiteExecutor.java:142)
	at com.kms.katalon.core.main.TestSuiteExecutor.execute(TestSuiteExecutor.java:91)
	at com.kms.katalon.core.main.TestCaseMain.startTestSuite(TestCaseMain.java:157)
	at com.kms.katalon.core.main.TestCaseMain$startTestSuite$0.call(Unknown Source)
	at TempTestSuite1591348990827.run(TempTestSuite1591348990827.groovy:37)
Caused by: java.lang.IndexOutOfBoundsException: Index: 0, Size: 0
	at com.kms.katalon.core.webui.common.WebUiCommonHelper.buildLocator(WebUiCommonHelper.java:517)
	at com.kms.katalon.core.webui.common.WebUiCommonHelper.findWebElements(WebUiCommonHelper.java:767)
	at com.kms.katalon.core.webui.common.WebUiCommonHelper.findWebElement(WebUiCommonHelper.java:1150)
	at com.kms.katalon.core.webui.keyword.internal.WebUIAbstractKeyword.findWebElement(WebUIAbstractKeyword.groovy:27)
	at com.kms.katalon.core.webui.keyword.internal.WebUIAbstractKeyword.findWebElement(WebUIAbstractKeyword.groovy:26)
	at com.kms.katalon.core.webui.keyword.builtin.ClickKeyword$_click_closure1.doCall(ClickKeyword.groovy:67)
	at com.kms.katalon.core.webui.keyword.builtin.ClickKeyword$_click_closure1.call(ClickKeyword.groovy)
	at com.kms.katalon.core.webui.keyword.internal.WebUIKeywordMain.runKeyword(WebUIKeywordMain.groovy:20)
	at com.kms.katalon.core.webui.keyword.builtin.ClickKeyword.click(ClickKeyword.groovy:76)
	at com.kms.katalon.core.webui.keyword.builtin.ClickKeyword.execute(ClickKeyword.groovy:43)
	at com.kms.katalon.core.keyword.internal.KeywordExecutor.executeKeywordForPlatform(KeywordExecutor.groovy:72)
	at com.kms.katalon.core.webui.keyword.WebUiBuiltInKeywords.click(WebUiBuiltInKeywords.groovy:616)
	at com.kms.katalon.core.webui.keyword.WebUiBuiltInKeywords$click$3.call(Unknown Source)
	at Script1591296565402.run(Script1591296565402.groovy:32)
	... 13 more
)

2020-06-05 16:28:05 - [MESSAGE][FAILED] - Unable to click on object 'Object Repository/Data Driven/search/Page_Town Square - team1612499 Mattermost/circle' (Root cause: com.kms.katalon.core.exception.StepFailedException: Unable to click on object 'Object Repository/Data Driven/search/Page_Town Square - team1612499 Mattermost/circle'
	at com.kms.katalon.core.webui.keyword.internal.WebUIKeywordMain.stepFailed(WebUIKeywordMain.groovy:64)
	at com.kms.katalon.core.webui.keyword.internal.WebUIKeywordMain.runKeyword(WebUIKeywordMain.groovy:26)
	at com.kms.katalon.core.webui.keyword.builtin.ClickKeyword.click(ClickKeyword.groovy:76)
	at com.kms.katalon.core.webui.keyword.builtin.ClickKeyword.execute(ClickKeyword.groovy:43)
	at com.kms.katalon.core.keyword.internal.KeywordExecutor.executeKeywordForPlatform(KeywordExecutor.groovy:72)
	at com.kms.katalon.core.webui.keyword.WebUiBuiltInKeywords.click(WebUiBuiltInKeywords.groovy:616)
	at com.kms.katalon.core.webui.keyword.WebUiBuiltInKeywords$click$3.call(Unknown Source)
	at search.run(search:32)
	at com.kms.katalon.core.main.ScriptEngine.run(ScriptEngine.java:194)
	at com.kms.katalon.core.main.ScriptEngine.runScriptAsRawText(ScriptEngine.java:119)
	at com.kms.katalon.core.main.TestCaseExecutor.runScript(TestCaseExecutor.java:337)
	at com.kms.katalon.core.main.TestCaseExecutor.doExecute(TestCaseExecutor.java:328)
	at com.kms.katalon.core.main.TestCaseExecutor.processExecutionPhase(TestCaseExecutor.java:307)
	at com.kms.katalon.core.main.TestCaseExecutor.accessMainPhase(TestCaseExecutor.java:299)
	at com.kms.katalon.core.main.TestCaseExecutor.execute(TestCaseExecutor.java:233)
	at com.kms.katalon.core.main.TestSuiteExecutor.accessTestCaseMainPhase(TestSuiteExecutor.java:169)
	at com.kms.katalon.core.main.TestSuiteExecutor.accessTestSuiteMainPhase(TestSuiteExecutor.java:142)
	at com.kms.katalon.core.main.TestSuiteExecutor.execute(TestSuiteExecutor.java:91)
	at com.kms.katalon.core.main.TestCaseMain.startTestSuite(TestCaseMain.java:157)
	at com.kms.katalon.core.main.TestCaseMain$startTestSuite$0.call(Unknown Source)
	at TempTestSuite1591348990827.run(TempTestSuite1591348990827.groovy:37)
Caused by: java.lang.IndexOutOfBoundsException: Index: 0, Size: 0
	at com.kms.katalon.core.webui.common.WebUiCommonHelper.buildLocator(WebUiCommonHelper.java:517)
	at com.kms.katalon.core.webui.common.WebUiCommonHelper.findWebElements(WebUiCommonHelper.java:767)
	at com.kms.katalon.core.webui.common.WebUiCommonHelper.findWebElement(WebUiCommonHelper.java:1150)
	at com.kms.katalon.core.webui.keyword.internal.WebUIAbstractKeyword.findWebElement(WebUIAbstractKeyword.groovy:27)
	at com.kms.katalon.core.webui.keyword.internal.WebUIAbstractKeyword.findWebElement(WebUIAbstractKeyword.groovy:26)
	at com.kms.katalon.core.webui.keyword.builtin.ClickKeyword$_click_closure1.doCall(ClickKeyword.groovy:67)
	at com.kms.katalon.core.webui.keyword.builtin.ClickKeyword$_click_closure1.call(ClickKeyword.groovy)
	at com.kms.katalon.core.webui.keyword.internal.WebUIKeywordMain.runKeyword(WebUIKeywordMain.groovy:20)
	at com.kms.katalon.core.webui.keyword.builtin.ClickKeyword.click(ClickKeyword.groovy:76)
	at com.kms.katalon.core.webui.keyword.builtin.ClickKeyword.execute(ClickKeyword.groovy:43)
	at com.kms.katalon.core.keyword.internal.KeywordExecutor.executeKeywordForPlatform(KeywordExecutor.groovy:72)
	at com.kms.katalon.core.webui.keyword.WebUiBuiltInKeywords.click(WebUiBuiltInKeywords.groovy:616)
	at com.kms.katalon.core.webui.keyword.WebUiBuiltInKeywords$click$3.call(Unknown Source)
	at Script1591296565402.run(Script1591296565402.groovy:32)
	... 13 more
)
[[ATTACHMENT|/home/phat/Downloads/katalon/mattermost-webapp/Reports/20200605_162310/Run all test cases/20200605_162310/1591349285268.png]]]]></system-out>
         <system-err><![CDATA[2020-06-05 16:27:56 - [TEST_CASE][FAILED] - Test Cases/internal data test case/search: Test Cases/internal data test case/search FAILED.
Reason:
com.kms.katalon.core.exception.StepFailedException: Unable to click on object 'Object Repository/Data Driven/search/Page_Town Square - team1612499 Mattermost/circle'
	at com.kms.katalon.core.webui.keyword.internal.WebUIKeywordMain.stepFailed(WebUIKeywordMain.groovy:64)
	at com.kms.katalon.core.webui.keyword.internal.WebUIKeywordMain.runKeyword(WebUIKeywordMain.groovy:26)
	at com.kms.katalon.core.webui.keyword.builtin.ClickKeyword.click(ClickKeyword.groovy:76)
	at com.kms.katalon.core.webui.keyword.builtin.ClickKeyword.execute(ClickKeyword.groovy:43)
	at com.kms.katalon.core.keyword.internal.KeywordExecutor.executeKeywordForPlatform(KeywordExecutor.groovy:72)
	at com.kms.katalon.core.webui.keyword.WebUiBuiltInKeywords.click(WebUiBuiltInKeywords.groovy:616)
	at com.kms.katalon.core.webui.keyword.WebUiBuiltInKeywords$click$3.call(Unknown Source)
	at search.run(search:32)
	at com.kms.katalon.core.main.ScriptEngine.run(ScriptEngine.java:194)
	at com.kms.katalon.core.main.ScriptEngine.runScriptAsRawText(ScriptEngine.java:119)
	at com.kms.katalon.core.main.TestCaseExecutor.runScript(TestCaseExecutor.java:337)
	at com.kms.katalon.core.main.TestCaseExecutor.doExecute(TestCaseExecutor.java:328)
	at com.kms.katalon.core.main.TestCaseExecutor.processExecutionPhase(TestCaseExecutor.java:307)
	at com.kms.katalon.core.main.TestCaseExecutor.accessMainPhase(TestCaseExecutor.java:299)
	at com.kms.katalon.core.main.TestCaseExecutor.execute(TestCaseExecutor.java:233)
	at com.kms.katalon.core.main.TestSuiteExecutor.accessTestCaseMainPhase(TestSuiteExecutor.java:169)
	at com.kms.katalon.core.main.TestSuiteExecutor.accessTestSuiteMainPhase(TestSuiteExecutor.java:142)
	at com.kms.katalon.core.main.TestSuiteExecutor.execute(TestSuiteExecutor.java:91)
	at com.kms.katalon.core.main.TestCaseMain.startTestSuite(TestCaseMain.java:157)
	at com.kms.katalon.core.main.TestCaseMain$startTestSuite$0.call(Unknown Source)
	at TempTestSuite1591348990827.run(TempTestSuite1591348990827.groovy:37)
Caused by: java.lang.IndexOutOfBoundsException: Index: 0, Size: 0
	at com.kms.katalon.core.webui.common.WebUiCommonHelper.buildLocator(WebUiCommonHelper.java:517)
	at com.kms.katalon.core.webui.common.WebUiCommonHelper.findWebElements(WebUiCommonHelper.java:767)
	at com.kms.katalon.core.webui.common.WebUiCommonHelper.findWebElement(WebUiCommonHelper.java:1150)
	at com.kms.katalon.core.webui.keyword.internal.WebUIAbstractKeyword.findWebElement(WebUIAbstractKeyword.groovy:27)
	at com.kms.katalon.core.webui.keyword.internal.WebUIAbstractKeyword.findWebElement(WebUIAbstractKeyword.groovy:26)
	at com.kms.katalon.core.webui.keyword.builtin.ClickKeyword$_click_closure1.doCall(ClickKeyword.groovy:67)
	at com.kms.katalon.core.webui.keyword.builtin.ClickKeyword$_click_closure1.call(ClickKeyword.groovy)
	at com.kms.katalon.core.webui.keyword.internal.WebUIKeywordMain.runKeyword(WebUIKeywordMain.groovy:20)
	... 19 more]]></system-err>
      </testcase>
      <testcase name="Test Cases/internal data test case/full-name" time="14.871" classname="Test Cases/internal data test case/full-name" status="PASSED">
         <system-out><![CDATA[2020-06-05 16:28:05 - [TEST_CASE][PASSED] - Test Cases/internal data test case/full-name: Test Cases/internal data test case/full-name

2020-06-05 16:28:05 - [TEST_STEP][PASSED] - openBrowser(""): Browser is opened with url: ''

2020-06-05 16:28:05 - [MESSAGE][WARNING] - A browser is already opened. Closing browser and opening a new one

2020-06-05 16:28:05 - [MESSAGE][INFO] - Starting 'Chrome' driver

2020-06-05 16:28:05 - [MESSAGE][INFO] - Action delay is set to 0 milliseconds

2020-06-05 16:28:05 - [MESSAGE][PASSED] - Browser is opened with url: ''

2020-06-05 16:28:05 - [TEST_STEP][PASSED] - navigateToUrl("https://mattermost-aut.herokuapp.com/login"): Navigate to 'https://mattermost-aut.herokuapp.com/login' successfully

2020-06-05 16:28:08 - [MESSAGE][PASSED] - Navigate to 'https://mattermost-aut.herokuapp.com/login' successfully

2020-06-05 16:28:08 - [TEST_STEP][PASSED] - setText(findTestObject("Data Driven/login/Page_Mattermost/input_All team communication in one place searchable and accessible anywhere_loginId"), "phong1998"): Text 'phong1998' is set on object 'Object Repository/Data Driven/login/Page_Mattermost/input_All team communication in one place searchable and accessible anywhere_loginId'

2020-06-05 16:28:12 - [MESSAGE][PASSED] - Text 'phong1998' is set on object 'Object Repository/Data Driven/login/Page_Mattermost/input_All team communication in one place searchable and accessible anywhere_loginId'

2020-06-05 16:28:12 - [TEST_STEP][PASSED] - setEncryptedText(findTestObject("Data Driven/login/Page_Mattermost/input_All team communication in one place searchable and accessible anywhere_password"), "X6RAMBNCYDQ8H8PMJNlsmQ=="): Text ****** has been set on object 'Object Repository/Data Driven/login/Page_Mattermost/input_All team communication in one place searchable and accessible anywhere_password'

2020-06-05 16:28:13 - [MESSAGE][PASSED] - Text ****** has been set on object 'Object Repository/Data Driven/login/Page_Mattermost/input_All team communication in one place searchable and accessible anywhere_password'

2020-06-05 16:28:13 - [TEST_STEP][PASSED] - click(findTestObject("Data Driven/login/Page_Mattermost/button_Sign in")): Object: 'Object Repository/Data Driven/login/Page_Mattermost/button_Sign in' is clicked on

2020-06-05 16:28:14 - [MESSAGE][PASSED] - Object: 'Object Repository/Data Driven/login/Page_Mattermost/button_Sign in' is clicked on

2020-06-05 16:28:14 - [TEST_STEP][PASSED] - click(findTestObject("Data Driven/full-name/Page_Town Square - team1612499 Mattermost/span")): Object: 'Object Repository/Data Driven/full-name/Page_Town Square - team1612499 Mattermost/span' is clicked on

2020-06-05 16:28:16 - [MESSAGE][PASSED] - Object: 'Object Repository/Data Driven/full-name/Page_Town Square - team1612499 Mattermost/span' is clicked on

2020-06-05 16:28:16 - [TEST_STEP][PASSED] - click(findTestObject("Data Driven/full-name/Page_Town Square - team1612499 Mattermost/span_Account Settings")): Object: 'Object Repository/Data Driven/full-name/Page_Town Square - team1612499 Mattermost/span_Account Settings' is clicked on

2020-06-05 16:28:17 - [MESSAGE][PASSED] - Object: 'Object Repository/Data Driven/full-name/Page_Town Square - team1612499 Mattermost/span_Account Settings' is clicked on

2020-06-05 16:28:17 - [TEST_STEP][PASSED] - click(findTestObject("Data Driven/full-name/Page_Town Square - team1612499 Mattermost/span_Edit")): Object: 'Object Repository/Data Driven/full-name/Page_Town Square - team1612499 Mattermost/span_Edit' is clicked on

2020-06-05 16:28:18 - [MESSAGE][PASSED] - Object: 'Object Repository/Data Driven/full-name/Page_Town Square - team1612499 Mattermost/span_Edit' is clicked on

2020-06-05 16:28:18 - [TEST_STEP][PASSED] - setText(findTestObject("Data Driven/full-name/Page_Town Square - team1612499 Mattermost/input_First Name_firstName"), first_name): Text '' is set on object 'Object Repository/Data Driven/full-name/Page_Town Square - team1612499 Mattermost/input_First Name_firstName'

2020-06-05 16:28:19 - [MESSAGE][PASSED] - Text '' is set on object 'Object Repository/Data Driven/full-name/Page_Town Square - team1612499 Mattermost/input_First Name_firstName'

2020-06-05 16:28:19 - [TEST_STEP][PASSED] - setText(findTestObject("Data Driven/full-name/Page_Town Square - team1612499 Mattermost/input_Last Name_lastName"), last_name): Text '' is set on object 'Object Repository/Data Driven/full-name/Page_Town Square - team1612499 Mattermost/input_Last Name_lastName'

2020-06-05 16:28:19 - [MESSAGE][PASSED] - Text '' is set on object 'Object Repository/Data Driven/full-name/Page_Town Square - team1612499 Mattermost/input_Last Name_lastName'

2020-06-05 16:28:19 - [TEST_STEP][PASSED] - click(findTestObject("Data Driven/full-name/Page_Town Square - team1612499 Mattermost/span_Save")): Object: 'Object Repository/Data Driven/full-name/Page_Town Square - team1612499 Mattermost/span_Save' is clicked on

2020-06-05 16:28:20 - [MESSAGE][PASSED] - Object: 'Object Repository/Data Driven/full-name/Page_Town Square - team1612499 Mattermost/span_Save' is clicked on

2020-06-05 16:28:20 - [TEST_STEP][PASSED] - closeBrowser(): Browser is closed

2020-06-05 16:28:20 - [MESSAGE][PASSED] - Browser is closed]]></system-out>
         <system-err><![CDATA[]]></system-err>
      </testcase>
      <testcase name="Test Cases/UI/Logout" time="51.489" classname="Test Cases/UI/Logout" status="FAILED">
         <failure type="FAILED" message="Test Cases/UI/Logout FAILED.
Reason:
com.kms.katalon.core.exception.StepFailedException: Unable to click on object 'Object Repository/UI/Logout/Page_Town Square - team1 Mattermost/button_Log Out'
	at com.kms.katalon.core.webui.keyword.internal.WebUIKeywordMain.stepFailed(WebUIKeywordMain.groovy:64)
	at com.kms.katalon.core.webui.keyword.internal.WebUIKeywordMain.runKeyword(WebUIKeywordMain.groovy:26)
	at com.kms.katalon.core.webui.keyword.builtin.ClickKeyword.click(ClickKeyword.groovy:76)
	at com.kms.katalon.core.webui.keyword.builtin.ClickKeyword.execute(ClickKeyword.groovy:43)
	at com.kms.katalon.core.keyword.internal.KeywordExecutor.executeKeywordForPlatform(KeywordExecutor.groovy:72)
	at com.kms.katalon.core.webui.keyword.WebUiBuiltInKeywords.click(WebUiBuiltInKeywords.groovy:616)
	at com.kms.katalon.core.webui.keyword.WebUiBuiltInKeywords$click$3.call(Unknown Source)
	at Logout.run(Logout:22)
	at com.kms.katalon.core.main.ScriptEngine.run(ScriptEngine.java:194)
	at com.kms.katalon.core.main.ScriptEngine.runScriptAsRawText(ScriptEngine.java:119)
	at com.kms.katalon.core.main.TestCaseExecutor.runScript(TestCaseExecutor.java:337)
	at com.kms.katalon.core.main.TestCaseExecutor.doExecute(TestCaseExecutor.java:328)
	at com.kms.katalon.core.main.TestCaseExecutor.processExecutionPhase(TestCaseExecutor.java:307)
	at com.kms.katalon.core.main.TestCaseExecutor.accessMainPhase(TestCaseExecutor.java:299)
	at com.kms.katalon.core.main.TestCaseExecutor.execute(TestCaseExecutor.java:233)
	at com.kms.katalon.core.main.TestSuiteExecutor.accessTestCaseMainPhase(TestSuiteExecutor.java:169)
	at com.kms.katalon.core.main.TestSuiteExecutor.accessTestSuiteMainPhase(TestSuiteExecutor.java:142)
	at com.kms.katalon.core.main.TestSuiteExecutor.execute(TestSuiteExecutor.java:91)
	at com.kms.katalon.core.main.TestCaseMain.startTestSuite(TestCaseMain.java:157)
	at com.kms.katalon.core.main.TestCaseMain$startTestSuite$0.call(Unknown Source)
	at TempTestSuite1591348990827.run(TempTestSuite1591348990827.groovy:37)
Caused by: com.kms.katalon.core.webui.exception.WebElementNotFoundException: Web element with id: 'Object Repository/UI/Logout/Page_Town Square - team1 Mattermost/button_Log Out' located by 'By.xpath: //li[@id='logout']/button' not found
	at com.kms.katalon.core.webui.common.WebUiCommonHelper.findWebElement(WebUiCommonHelper.java:1154)
	at com.kms.katalon.core.webui.keyword.internal.WebUIAbstractKeyword.findWebElement(WebUIAbstractKeyword.groovy:27)
	at com.kms.katalon.core.webui.keyword.internal.WebUIAbstractKeyword.findWebElement(WebUIAbstractKeyword.groovy:26)
	at com.kms.katalon.core.webui.keyword.builtin.ClickKeyword$_click_closure1.doCall(ClickKeyword.groovy:67)
	at com.kms.katalon.core.webui.keyword.builtin.ClickKeyword$_click_closure1.call(ClickKeyword.groovy)
	at com.kms.katalon.core.webui.keyword.internal.WebUIKeywordMain.runKeyword(WebUIKeywordMain.groovy:20)
	... 19 more
"/>
         <system-out><![CDATA[2020-06-05 16:28:20 - [TEST_CASE][FAILED] - Test Cases/UI/Logout: Test Cases/UI/Logout FAILED.
Reason:
com.kms.katalon.core.exception.StepFailedException: Unable to click on object 'Object Repository/UI/Logout/Page_Town Square - team1 Mattermost/button_Log Out'
	at com.kms.katalon.core.webui.keyword.internal.WebUIKeywordMain.stepFailed(WebUIKeywordMain.groovy:64)
	at com.kms.katalon.core.webui.keyword.internal.WebUIKeywordMain.runKeyword(WebUIKeywordMain.groovy:26)
	at com.kms.katalon.core.webui.keyword.builtin.ClickKeyword.click(ClickKeyword.groovy:76)
	at com.kms.katalon.core.webui.keyword.builtin.ClickKeyword.execute(ClickKeyword.groovy:43)
	at com.kms.katalon.core.keyword.internal.KeywordExecutor.executeKeywordForPlatform(KeywordExecutor.groovy:72)
	at com.kms.katalon.core.webui.keyword.WebUiBuiltInKeywords.click(WebUiBuiltInKeywords.groovy:616)
	at com.kms.katalon.core.webui.keyword.WebUiBuiltInKeywords$click$3.call(Unknown Source)
	at Logout.run(Logout:22)
	at com.kms.katalon.core.main.ScriptEngine.run(ScriptEngine.java:194)
	at com.kms.katalon.core.main.ScriptEngine.runScriptAsRawText(ScriptEngine.java:119)
	at com.kms.katalon.core.main.TestCaseExecutor.runScript(TestCaseExecutor.java:337)
	at com.kms.katalon.core.main.TestCaseExecutor.doExecute(TestCaseExecutor.java:328)
	at com.kms.katalon.core.main.TestCaseExecutor.processExecutionPhase(TestCaseExecutor.java:307)
	at com.kms.katalon.core.main.TestCaseExecutor.accessMainPhase(TestCaseExecutor.java:299)
	at com.kms.katalon.core.main.TestCaseExecutor.execute(TestCaseExecutor.java:233)
	at com.kms.katalon.core.main.TestSuiteExecutor.accessTestCaseMainPhase(TestSuiteExecutor.java:169)
	at com.kms.katalon.core.main.TestSuiteExecutor.accessTestSuiteMainPhase(TestSuiteExecutor.java:142)
	at com.kms.katalon.core.main.TestSuiteExecutor.execute(TestSuiteExecutor.java:91)
	at com.kms.katalon.core.main.TestCaseMain.startTestSuite(TestCaseMain.java:157)
	at com.kms.katalon.core.main.TestCaseMain$startTestSuite$0.call(Unknown Source)
	at TempTestSuite1591348990827.run(TempTestSuite1591348990827.groovy:37)
Caused by: com.kms.katalon.core.webui.exception.WebElementNotFoundException: Web element with id: 'Object Repository/UI/Logout/Page_Town Square - team1 Mattermost/button_Log Out' located by 'By.xpath: //li[@id='logout']/button' not found
	at com.kms.katalon.core.webui.common.WebUiCommonHelper.findWebElement(WebUiCommonHelper.java:1154)
	at com.kms.katalon.core.webui.keyword.internal.WebUIAbstractKeyword.findWebElement(WebUIAbstractKeyword.groovy:27)
	at com.kms.katalon.core.webui.keyword.internal.WebUIAbstractKeyword.findWebElement(WebUIAbstractKeyword.groovy:26)
	at com.kms.katalon.core.webui.keyword.builtin.ClickKeyword$_click_closure1.doCall(ClickKeyword.groovy:67)
	at com.kms.katalon.core.webui.keyword.builtin.ClickKeyword$_click_closure1.call(ClickKeyword.groovy)
	at com.kms.katalon.core.webui.keyword.internal.WebUIKeywordMain.runKeyword(WebUIKeywordMain.groovy:20)
	... 19 more


2020-06-05 16:28:20 - [TEST_STEP][PASSED] - callTestCase(findTestCase("UI/Login"), [:], STOP_ON_FAILURE): Call Test Case 'Test Cases/UI/Login' successfully

2020-06-05 16:28:20 - [TEST_CASE][PASSED] - Test Cases/UI/Login: Test Cases/UI/Login

2020-06-05 16:28:20 - [TEST_STEP][PASSED] - openBrowser(""): Browser is opened with url: ''

2020-06-05 16:28:20 - [MESSAGE][INFO] - Starting 'Chrome' driver

2020-06-05 16:28:20 - [MESSAGE][INFO] - Action delay is set to 0 milliseconds

2020-06-05 16:28:20 - [MESSAGE][PASSED] - Browser is opened with url: ''

2020-06-05 16:28:20 - [TEST_STEP][PASSED] - navigateToUrl(url): Navigate to 'http://localhost:8065/login' successfully

2020-06-05 16:28:21 - [MESSAGE][PASSED] - Navigate to 'http://localhost:8065/login' successfully

2020-06-05 16:28:21 - [TEST_STEP][PASSED] - setText(findTestObject("UI/Login/Page_Mattermost/input_All team communication in one place searchable and accessible anywhere_loginId"), email): Text 'phatvo' is set on object 'Object Repository/UI/Login/Page_Mattermost/input_All team communication in one place searchable and accessible anywhere_loginId'

2020-06-05 16:28:23 - [MESSAGE][PASSED] - Text 'phatvo' is set on object 'Object Repository/UI/Login/Page_Mattermost/input_All team communication in one place searchable and accessible anywhere_loginId'

2020-06-05 16:28:23 - [TEST_STEP][PASSED] - setEncryptedText(findTestObject("UI/Login/Page_Mattermost/input_All team communication in one place searchable and accessible anywhere_password"), password): Text ****** has been set on object 'Object Repository/UI/Login/Page_Mattermost/input_All team communication in one place searchable and accessible anywhere_password'

2020-06-05 16:28:23 - [MESSAGE][PASSED] - Text ****** has been set on object 'Object Repository/UI/Login/Page_Mattermost/input_All team communication in one place searchable and accessible anywhere_password'

2020-06-05 16:28:23 - [TEST_STEP][PASSED] - click(findTestObject("UI/Login/Page_Mattermost/button_Sign in")): Object: 'Object Repository/UI/Login/Page_Mattermost/button_Sign in' is clicked on

2020-06-05 16:28:24 - [MESSAGE][PASSED] - Object: 'Object Repository/UI/Login/Page_Mattermost/button_Sign in' is clicked on

2020-06-05 16:28:24 - [MESSAGE][INFO] - =================== Smart XPath Report =======================

2020-06-05 16:28:24 - [MESSAGE][INFO] - Refer to the link below to preview and approve auto healing on broken test objects.

2020-06-05 16:28:24 - [MESSAGE][INFO] - https://docs.katalon.com/katalon-studio/docs/auto-healing-smart-xpath.html

2020-06-05 16:28:24 - [MESSAGE][INFO] - ===============================================================

2020-06-05 16:28:24 - [MESSAGE][PASSED] - Call Test Case 'Test Cases/UI/Login' successfully

2020-06-05 16:28:24 - [TEST_STEP][PASSED] - click(findTestObject("UI/Logout/Page_Town Square - team1 Mattermost/button_phatvo_style--none sidebar-header-dropdown__icon")): Object: 'Object Repository/UI/Logout/Page_Town Square - team1 Mattermost/button_phatvo_style--none sidebar-header-dropdown__icon' is clicked on

2020-06-05 16:28:26 - [MESSAGE][PASSED] - Object: 'Object Repository/UI/Logout/Page_Town Square - team1 Mattermost/button_phatvo_style--none sidebar-header-dropdown__icon' is clicked on

2020-06-05 16:28:26 - [TEST_STEP][FAILED] - click(findTestObject("UI/Logout/Page_Town Square - team1 Mattermost/button_Log Out")): Unable to click on object 'Object Repository/UI/Logout/Page_Town Square - team1 Mattermost/button_Log Out' (Root cause: com.kms.katalon.core.exception.StepFailedException: Unable to click on object 'Object Repository/UI/Logout/Page_Town Square - team1 Mattermost/button_Log Out'
	at com.kms.katalon.core.webui.keyword.internal.WebUIKeywordMain.stepFailed(WebUIKeywordMain.groovy:64)
	at com.kms.katalon.core.webui.keyword.internal.WebUIKeywordMain.runKeyword(WebUIKeywordMain.groovy:26)
	at com.kms.katalon.core.webui.keyword.builtin.ClickKeyword.click(ClickKeyword.groovy:76)
	at com.kms.katalon.core.webui.keyword.builtin.ClickKeyword.execute(ClickKeyword.groovy:43)
	at com.kms.katalon.core.keyword.internal.KeywordExecutor.executeKeywordForPlatform(KeywordExecutor.groovy:72)
	at com.kms.katalon.core.webui.keyword.WebUiBuiltInKeywords.click(WebUiBuiltInKeywords.groovy:616)
	at com.kms.katalon.core.webui.keyword.WebUiBuiltInKeywords$click$3.call(Unknown Source)
	at Logout.run(Logout:22)
	at com.kms.katalon.core.main.ScriptEngine.run(ScriptEngine.java:194)
	at com.kms.katalon.core.main.ScriptEngine.runScriptAsRawText(ScriptEngine.java:119)
	at com.kms.katalon.core.main.TestCaseExecutor.runScript(TestCaseExecutor.java:337)
	at com.kms.katalon.core.main.TestCaseExecutor.doExecute(TestCaseExecutor.java:328)
	at com.kms.katalon.core.main.TestCaseExecutor.processExecutionPhase(TestCaseExecutor.java:307)
	at com.kms.katalon.core.main.TestCaseExecutor.accessMainPhase(TestCaseExecutor.java:299)
	at com.kms.katalon.core.main.TestCaseExecutor.execute(TestCaseExecutor.java:233)
	at com.kms.katalon.core.main.TestSuiteExecutor.accessTestCaseMainPhase(TestSuiteExecutor.java:169)
	at com.kms.katalon.core.main.TestSuiteExecutor.accessTestSuiteMainPhase(TestSuiteExecutor.java:142)
	at com.kms.katalon.core.main.TestSuiteExecutor.execute(TestSuiteExecutor.java:91)
	at com.kms.katalon.core.main.TestCaseMain.startTestSuite(TestCaseMain.java:157)
	at com.kms.katalon.core.main.TestCaseMain$startTestSuite$0.call(Unknown Source)
	at TempTestSuite1591348990827.run(TempTestSuite1591348990827.groovy:37)
Caused by: com.kms.katalon.core.webui.exception.WebElementNotFoundException: Web element with id: 'Object Repository/UI/Logout/Page_Town Square - team1 Mattermost/button_Log Out' located by 'By.xpath: //li[@id='logout']/button' not found
	at com.kms.katalon.core.webui.common.WebUiCommonHelper.findWebElement(WebUiCommonHelper.java:1154)
	at com.kms.katalon.core.webui.keyword.internal.WebUIAbstractKeyword.findWebElement(WebUIAbstractKeyword.groovy:27)
	at com.kms.katalon.core.webui.keyword.internal.WebUIAbstractKeyword.findWebElement(WebUIAbstractKeyword.groovy:26)
	at com.kms.katalon.core.webui.keyword.builtin.ClickKeyword$_click_closure1.doCall(ClickKeyword.groovy:67)
	at com.kms.katalon.core.webui.keyword.builtin.ClickKeyword$_click_closure1.call(ClickKeyword.groovy)
	at com.kms.katalon.core.webui.keyword.internal.WebUIKeywordMain.runKeyword(WebUIKeywordMain.groovy:20)
	at com.kms.katalon.core.webui.keyword.builtin.ClickKeyword.click(ClickKeyword.groovy:76)
	at com.kms.katalon.core.webui.keyword.builtin.ClickKeyword.execute(ClickKeyword.groovy:43)
	at com.kms.katalon.core.keyword.internal.KeywordExecutor.executeKeywordForPlatform(KeywordExecutor.groovy:72)
	at com.kms.katalon.core.webui.keyword.WebUiBuiltInKeywords.click(WebUiBuiltInKeywords.groovy:616)
	at com.kms.katalon.core.webui.keyword.WebUiBuiltInKeywords$click$3.call(Unknown Source)
	at Script1591326535096.run(Script1591326535096.groovy:22)
	... 13 more
)

2020-06-05 16:29:10 - [MESSAGE][INFO] - Unable to find the element located by 'By.xpath: //li[@id='logout']/button'. Please recheck the objects properties to make sure the desired element is located. 

2020-06-05 16:29:10 - [MESSAGE][INFO] - [SMART_XPATH] Auto-trying out other XPath values in the test object.

2020-06-05 16:29:10 - [MESSAGE][INFO] - [SMART_XPATH] FAILED XPATH: '//li[@id='logout']/button'.

2020-06-05 16:29:10 - [MESSAGE][INFO] - [SMART_XPATH] FAILED XPATH: ''.

2020-06-05 16:29:11 - [MESSAGE][INFO] - [SMART_XPATH] FAILED XPATH: ''.

2020-06-05 16:29:11 - [MESSAGE][INFO] - [SMART_XPATH] FAILED XPATH: ''.

2020-06-05 16:29:11 - [MESSAGE][INFO] - [SMART_XPATH] FAILED XPATH: ''.

2020-06-05 16:29:11 - [MESSAGE][INFO] - [SMART_XPATH] No working XPath is found.

2020-06-05 16:29:11 - [MESSAGE][FAILED] - Unable to click on object 'Object Repository/UI/Logout/Page_Town Square - team1 Mattermost/button_Log Out' (Root cause: com.kms.katalon.core.exception.StepFailedException: Unable to click on object 'Object Repository/UI/Logout/Page_Town Square - team1 Mattermost/button_Log Out'
	at com.kms.katalon.core.webui.keyword.internal.WebUIKeywordMain.stepFailed(WebUIKeywordMain.groovy:64)
	at com.kms.katalon.core.webui.keyword.internal.WebUIKeywordMain.runKeyword(WebUIKeywordMain.groovy:26)
	at com.kms.katalon.core.webui.keyword.builtin.ClickKeyword.click(ClickKeyword.groovy:76)
	at com.kms.katalon.core.webui.keyword.builtin.ClickKeyword.execute(ClickKeyword.groovy:43)
	at com.kms.katalon.core.keyword.internal.KeywordExecutor.executeKeywordForPlatform(KeywordExecutor.groovy:72)
	at com.kms.katalon.core.webui.keyword.WebUiBuiltInKeywords.click(WebUiBuiltInKeywords.groovy:616)
	at com.kms.katalon.core.webui.keyword.WebUiBuiltInKeywords$click$3.call(Unknown Source)
	at Logout.run(Logout:22)
	at com.kms.katalon.core.main.ScriptEngine.run(ScriptEngine.java:194)
	at com.kms.katalon.core.main.ScriptEngine.runScriptAsRawText(ScriptEngine.java:119)
	at com.kms.katalon.core.main.TestCaseExecutor.runScript(TestCaseExecutor.java:337)
	at com.kms.katalon.core.main.TestCaseExecutor.doExecute(TestCaseExecutor.java:328)
	at com.kms.katalon.core.main.TestCaseExecutor.processExecutionPhase(TestCaseExecutor.java:307)
	at com.kms.katalon.core.main.TestCaseExecutor.accessMainPhase(TestCaseExecutor.java:299)
	at com.kms.katalon.core.main.TestCaseExecutor.execute(TestCaseExecutor.java:233)
	at com.kms.katalon.core.main.TestSuiteExecutor.accessTestCaseMainPhase(TestSuiteExecutor.java:169)
	at com.kms.katalon.core.main.TestSuiteExecutor.accessTestSuiteMainPhase(TestSuiteExecutor.java:142)
	at com.kms.katalon.core.main.TestSuiteExecutor.execute(TestSuiteExecutor.java:91)
	at com.kms.katalon.core.main.TestCaseMain.startTestSuite(TestCaseMain.java:157)
	at com.kms.katalon.core.main.TestCaseMain$startTestSuite$0.call(Unknown Source)
	at TempTestSuite1591348990827.run(TempTestSuite1591348990827.groovy:37)
Caused by: com.kms.katalon.core.webui.exception.WebElementNotFoundException: Web element with id: 'Object Repository/UI/Logout/Page_Town Square - team1 Mattermost/button_Log Out' located by 'By.xpath: //li[@id='logout']/button' not found
	at com.kms.katalon.core.webui.common.WebUiCommonHelper.findWebElement(WebUiCommonHelper.java:1154)
	at com.kms.katalon.core.webui.keyword.internal.WebUIAbstractKeyword.findWebElement(WebUIAbstractKeyword.groovy:27)
	at com.kms.katalon.core.webui.keyword.internal.WebUIAbstractKeyword.findWebElement(WebUIAbstractKeyword.groovy:26)
	at com.kms.katalon.core.webui.keyword.builtin.ClickKeyword$_click_closure1.doCall(ClickKeyword.groovy:67)
	at com.kms.katalon.core.webui.keyword.builtin.ClickKeyword$_click_closure1.call(ClickKeyword.groovy)
	at com.kms.katalon.core.webui.keyword.internal.WebUIKeywordMain.runKeyword(WebUIKeywordMain.groovy:20)
	at com.kms.katalon.core.webui.keyword.builtin.ClickKeyword.click(ClickKeyword.groovy:76)
	at com.kms.katalon.core.webui.keyword.builtin.ClickKeyword.execute(ClickKeyword.groovy:43)
	at com.kms.katalon.core.keyword.internal.KeywordExecutor.executeKeywordForPlatform(KeywordExecutor.groovy:72)
	at com.kms.katalon.core.webui.keyword.WebUiBuiltInKeywords.click(WebUiBuiltInKeywords.groovy:616)
	at com.kms.katalon.core.webui.keyword.WebUiBuiltInKeywords$click$3.call(Unknown Source)
	at Script1591326535096.run(Script1591326535096.groovy:22)
	... 13 more
)
[[ATTACHMENT|/home/phat/Downloads/katalon/mattermost-webapp/Reports/20200605_162310/Run all test cases/20200605_162310/1591349351672.png]]]]></system-out>
         <system-err><![CDATA[2020-06-05 16:28:20 - [TEST_CASE][FAILED] - Test Cases/UI/Logout: Test Cases/UI/Logout FAILED.
Reason:
com.kms.katalon.core.exception.StepFailedException: Unable to click on object 'Object Repository/UI/Logout/Page_Town Square - team1 Mattermost/button_Log Out'
	at com.kms.katalon.core.webui.keyword.internal.WebUIKeywordMain.stepFailed(WebUIKeywordMain.groovy:64)
	at com.kms.katalon.core.webui.keyword.internal.WebUIKeywordMain.runKeyword(WebUIKeywordMain.groovy:26)
	at com.kms.katalon.core.webui.keyword.builtin.ClickKeyword.click(ClickKeyword.groovy:76)
	at com.kms.katalon.core.webui.keyword.builtin.ClickKeyword.execute(ClickKeyword.groovy:43)
	at com.kms.katalon.core.keyword.internal.KeywordExecutor.executeKeywordForPlatform(KeywordExecutor.groovy:72)
	at com.kms.katalon.core.webui.keyword.WebUiBuiltInKeywords.click(WebUiBuiltInKeywords.groovy:616)
	at com.kms.katalon.core.webui.keyword.WebUiBuiltInKeywords$click$3.call(Unknown Source)
	at Logout.run(Logout:22)
	at com.kms.katalon.core.main.ScriptEngine.run(ScriptEngine.java:194)
	at com.kms.katalon.core.main.ScriptEngine.runScriptAsRawText(ScriptEngine.java:119)
	at com.kms.katalon.core.main.TestCaseExecutor.runScript(TestCaseExecutor.java:337)
	at com.kms.katalon.core.main.TestCaseExecutor.doExecute(TestCaseExecutor.java:328)
	at com.kms.katalon.core.main.TestCaseExecutor.processExecutionPhase(TestCaseExecutor.java:307)
	at com.kms.katalon.core.main.TestCaseExecutor.accessMainPhase(TestCaseExecutor.java:299)
	at com.kms.katalon.core.main.TestCaseExecutor.execute(TestCaseExecutor.java:233)
	at com.kms.katalon.core.main.TestSuiteExecutor.accessTestCaseMainPhase(TestSuiteExecutor.java:169)
	at com.kms.katalon.core.main.TestSuiteExecutor.accessTestSuiteMainPhase(TestSuiteExecutor.java:142)
	at com.kms.katalon.core.main.TestSuiteExecutor.execute(TestSuiteExecutor.java:91)
	at com.kms.katalon.core.main.TestCaseMain.startTestSuite(TestCaseMain.java:157)
	at com.kms.katalon.core.main.TestCaseMain$startTestSuite$0.call(Unknown Source)
	at TempTestSuite1591348990827.run(TempTestSuite1591348990827.groovy:37)
Caused by: com.kms.katalon.core.webui.exception.WebElementNotFoundException: Web element with id: 'Object Repository/UI/Logout/Page_Town Square - team1 Mattermost/button_Log Out' located by 'By.xpath: //li[@id='logout']/button' not found
	at com.kms.katalon.core.webui.common.WebUiCommonHelper.findWebElement(WebUiCommonHelper.java:1154)
	at com.kms.katalon.core.webui.keyword.internal.WebUIAbstractKeyword.findWebElement(WebUIAbstractKeyword.groovy:27)
	at com.kms.katalon.core.webui.keyword.internal.WebUIAbstractKeyword.findWebElement(WebUIAbstractKeyword.groovy:26)
	at com.kms.katalon.core.webui.keyword.builtin.ClickKeyword$_click_closure1.doCall(ClickKeyword.groovy:67)
	at com.kms.katalon.core.webui.keyword.builtin.ClickKeyword$_click_closure1.call(ClickKeyword.groovy)
	at com.kms.katalon.core.webui.keyword.internal.WebUIKeywordMain.runKeyword(WebUIKeywordMain.groovy:20)
	... 19 more]]></system-err>
      </testcase>
      <testcase name="Test Cases/UI/Create_public_channel" time="50.184" classname="Test Cases/UI/Create_public_channel" status="FAILED">
         <failure type="FAILED" message="Test Cases/UI/Create_public_channel FAILED.
Reason:
com.kms.katalon.core.exception.StepFailedException: Unable to click on object 'Object Repository/UI/Create_public_channel/Page_Town Square - hp Mattermost/span_'
	at com.kms.katalon.core.webui.keyword.internal.WebUIKeywordMain.stepFailed(WebUIKeywordMain.groovy:64)
	at com.kms.katalon.core.webui.keyword.internal.WebUIKeywordMain.runKeyword(WebUIKeywordMain.groovy:26)
	at com.kms.katalon.core.webui.keyword.builtin.ClickKeyword.click(ClickKeyword.groovy:76)
	at com.kms.katalon.core.webui.keyword.builtin.ClickKeyword.execute(ClickKeyword.groovy:43)
	at com.kms.katalon.core.keyword.internal.KeywordExecutor.executeKeywordForPlatform(KeywordExecutor.groovy:72)
	at com.kms.katalon.core.webui.keyword.WebUiBuiltInKeywords.click(WebUiBuiltInKeywords.groovy:616)
	at com.kms.katalon.core.webui.keyword.WebUiBuiltInKeywords$click$3.call(Unknown Source)
	at Create_public_channel.run(Create_public_channel:21)
	at com.kms.katalon.core.main.ScriptEngine.run(ScriptEngine.java:194)
	at com.kms.katalon.core.main.ScriptEngine.runScriptAsRawText(ScriptEngine.java:119)
	at com.kms.katalon.core.main.TestCaseExecutor.runScript(TestCaseExecutor.java:337)
	at com.kms.katalon.core.main.TestCaseExecutor.doExecute(TestCaseExecutor.java:328)
	at com.kms.katalon.core.main.TestCaseExecutor.processExecutionPhase(TestCaseExecutor.java:307)
	at com.kms.katalon.core.main.TestCaseExecutor.accessMainPhase(TestCaseExecutor.java:299)
	at com.kms.katalon.core.main.TestCaseExecutor.execute(TestCaseExecutor.java:233)
	at com.kms.katalon.core.main.TestSuiteExecutor.accessTestCaseMainPhase(TestSuiteExecutor.java:169)
	at com.kms.katalon.core.main.TestSuiteExecutor.accessTestSuiteMainPhase(TestSuiteExecutor.java:142)
	at com.kms.katalon.core.main.TestSuiteExecutor.execute(TestSuiteExecutor.java:91)
	at com.kms.katalon.core.main.TestCaseMain.startTestSuite(TestCaseMain.java:157)
	at com.kms.katalon.core.main.TestCaseMain$startTestSuite$0.call(Unknown Source)
	at TempTestSuite1591348990827.run(TempTestSuite1591348990827.groovy:37)
Caused by: com.kms.katalon.core.webui.exception.WebElementNotFoundException: Web element with id: 'Object Repository/UI/Create_public_channel/Page_Town Square - hp Mattermost/span_' located by 'By.xpath: //button[@id='createPublicChannel']/span' not found
	at com.kms.katalon.core.webui.common.WebUiCommonHelper.findWebElement(WebUiCommonHelper.java:1154)
	at com.kms.katalon.core.webui.keyword.internal.WebUIAbstractKeyword.findWebElement(WebUIAbstractKeyword.groovy:27)
	at com.kms.katalon.core.webui.keyword.internal.WebUIAbstractKeyword.findWebElement(WebUIAbstractKeyword.groovy:26)
	at com.kms.katalon.core.webui.keyword.builtin.ClickKeyword$_click_closure1.doCall(ClickKeyword.groovy:67)
	at com.kms.katalon.core.webui.keyword.builtin.ClickKeyword$_click_closure1.call(ClickKeyword.groovy)
	at com.kms.katalon.core.webui.keyword.internal.WebUIKeywordMain.runKeyword(WebUIKeywordMain.groovy:20)
	... 19 more
"/>
         <system-out><![CDATA[2020-06-05 16:29:11 - [TEST_CASE][FAILED] - Test Cases/UI/Create_public_channel: Test Cases/UI/Create_public_channel FAILED.
Reason:
com.kms.katalon.core.exception.StepFailedException: Unable to click on object 'Object Repository/UI/Create_public_channel/Page_Town Square - hp Mattermost/span_'
	at com.kms.katalon.core.webui.keyword.internal.WebUIKeywordMain.stepFailed(WebUIKeywordMain.groovy:64)
	at com.kms.katalon.core.webui.keyword.internal.WebUIKeywordMain.runKeyword(WebUIKeywordMain.groovy:26)
	at com.kms.katalon.core.webui.keyword.builtin.ClickKeyword.click(ClickKeyword.groovy:76)
	at com.kms.katalon.core.webui.keyword.builtin.ClickKeyword.execute(ClickKeyword.groovy:43)
	at com.kms.katalon.core.keyword.internal.KeywordExecutor.executeKeywordForPlatform(KeywordExecutor.groovy:72)
	at com.kms.katalon.core.webui.keyword.WebUiBuiltInKeywords.click(WebUiBuiltInKeywords.groovy:616)
	at com.kms.katalon.core.webui.keyword.WebUiBuiltInKeywords$click$3.call(Unknown Source)
	at Create_public_channel.run(Create_public_channel:21)
	at com.kms.katalon.core.main.ScriptEngine.run(ScriptEngine.java:194)
	at com.kms.katalon.core.main.ScriptEngine.runScriptAsRawText(ScriptEngine.java:119)
	at com.kms.katalon.core.main.TestCaseExecutor.runScript(TestCaseExecutor.java:337)
	at com.kms.katalon.core.main.TestCaseExecutor.doExecute(TestCaseExecutor.java:328)
	at com.kms.katalon.core.main.TestCaseExecutor.processExecutionPhase(TestCaseExecutor.java:307)
	at com.kms.katalon.core.main.TestCaseExecutor.accessMainPhase(TestCaseExecutor.java:299)
	at com.kms.katalon.core.main.TestCaseExecutor.execute(TestCaseExecutor.java:233)
	at com.kms.katalon.core.main.TestSuiteExecutor.accessTestCaseMainPhase(TestSuiteExecutor.java:169)
	at com.kms.katalon.core.main.TestSuiteExecutor.accessTestSuiteMainPhase(TestSuiteExecutor.java:142)
	at com.kms.katalon.core.main.TestSuiteExecutor.execute(TestSuiteExecutor.java:91)
	at com.kms.katalon.core.main.TestCaseMain.startTestSuite(TestCaseMain.java:157)
	at com.kms.katalon.core.main.TestCaseMain$startTestSuite$0.call(Unknown Source)
	at TempTestSuite1591348990827.run(TempTestSuite1591348990827.groovy:37)
Caused by: com.kms.katalon.core.webui.exception.WebElementNotFoundException: Web element with id: 'Object Repository/UI/Create_public_channel/Page_Town Square - hp Mattermost/span_' located by 'By.xpath: //button[@id='createPublicChannel']/span' not found
	at com.kms.katalon.core.webui.common.WebUiCommonHelper.findWebElement(WebUiCommonHelper.java:1154)
	at com.kms.katalon.core.webui.keyword.internal.WebUIAbstractKeyword.findWebElement(WebUIAbstractKeyword.groovy:27)
	at com.kms.katalon.core.webui.keyword.internal.WebUIAbstractKeyword.findWebElement(WebUIAbstractKeyword.groovy:26)
	at com.kms.katalon.core.webui.keyword.builtin.ClickKeyword$_click_closure1.doCall(ClickKeyword.groovy:67)
	at com.kms.katalon.core.webui.keyword.builtin.ClickKeyword$_click_closure1.call(ClickKeyword.groovy)
	at com.kms.katalon.core.webui.keyword.internal.WebUIKeywordMain.runKeyword(WebUIKeywordMain.groovy:20)
	... 19 more


2020-06-05 16:29:11 - [TEST_STEP][PASSED] - callTestCase(findTestCase("UI/Login"), [:], STOP_ON_FAILURE): Call Test Case 'Test Cases/UI/Login' successfully

2020-06-05 16:29:11 - [TEST_CASE][PASSED] - Test Cases/UI/Login: Test Cases/UI/Login

2020-06-05 16:29:11 - [TEST_STEP][PASSED] - openBrowser(""): Browser is opened with url: ''

2020-06-05 16:29:11 - [MESSAGE][WARNING] - A browser is already opened. Closing browser and opening a new one

2020-06-05 16:29:12 - [MESSAGE][INFO] - Starting 'Chrome' driver

2020-06-05 16:29:12 - [MESSAGE][INFO] - Action delay is set to 0 milliseconds

2020-06-05 16:29:12 - [MESSAGE][PASSED] - Browser is opened with url: ''

2020-06-05 16:29:12 - [TEST_STEP][PASSED] - navigateToUrl(url): Navigate to 'http://localhost:8065/login' successfully

2020-06-05 16:29:13 - [MESSAGE][PASSED] - Navigate to 'http://localhost:8065/login' successfully

2020-06-05 16:29:13 - [TEST_STEP][PASSED] - setText(findTestObject("UI/Login/Page_Mattermost/input_All team communication in one place searchable and accessible anywhere_loginId"), email): Text 'phatvo' is set on object 'Object Repository/UI/Login/Page_Mattermost/input_All team communication in one place searchable and accessible anywhere_loginId'

2020-06-05 16:29:14 - [MESSAGE][PASSED] - Text 'phatvo' is set on object 'Object Repository/UI/Login/Page_Mattermost/input_All team communication in one place searchable and accessible anywhere_loginId'

2020-06-05 16:29:14 - [TEST_STEP][PASSED] - setEncryptedText(findTestObject("UI/Login/Page_Mattermost/input_All team communication in one place searchable and accessible anywhere_password"), password): Text ****** has been set on object 'Object Repository/UI/Login/Page_Mattermost/input_All team communication in one place searchable and accessible anywhere_password'

2020-06-05 16:29:15 - [MESSAGE][PASSED] - Text ****** has been set on object 'Object Repository/UI/Login/Page_Mattermost/input_All team communication in one place searchable and accessible anywhere_password'

2020-06-05 16:29:15 - [TEST_STEP][PASSED] - click(findTestObject("UI/Login/Page_Mattermost/button_Sign in")): Object: 'Object Repository/UI/Login/Page_Mattermost/button_Sign in' is clicked on

2020-06-05 16:29:15 - [MESSAGE][PASSED] - Object: 'Object Repository/UI/Login/Page_Mattermost/button_Sign in' is clicked on

2020-06-05 16:29:15 - [MESSAGE][INFO] - =================== Smart XPath Report =======================

2020-06-05 16:29:15 - [MESSAGE][INFO] - Refer to the link below to preview and approve auto healing on broken test objects.

2020-06-05 16:29:15 - [MESSAGE][INFO] - https://docs.katalon.com/katalon-studio/docs/auto-healing-smart-xpath.html

2020-06-05 16:29:15 - [MESSAGE][INFO] - ===============================================================

2020-06-05 16:29:15 - [MESSAGE][PASSED] - Call Test Case 'Test Cases/UI/Login' successfully

2020-06-05 16:29:15 - [TEST_STEP][FAILED] - click(findTestObject("UI/Create_public_channel/Page_Town Square - hp Mattermost/span_")): Unable to click on object 'Object Repository/UI/Create_public_channel/Page_Town Square - hp Mattermost/span_' (Root cause: com.kms.katalon.core.exception.StepFailedException: Unable to click on object 'Object Repository/UI/Create_public_channel/Page_Town Square - hp Mattermost/span_'
	at com.kms.katalon.core.webui.keyword.internal.WebUIKeywordMain.stepFailed(WebUIKeywordMain.groovy:64)
	at com.kms.katalon.core.webui.keyword.internal.WebUIKeywordMain.runKeyword(WebUIKeywordMain.groovy:26)
	at com.kms.katalon.core.webui.keyword.builtin.ClickKeyword.click(ClickKeyword.groovy:76)
	at com.kms.katalon.core.webui.keyword.builtin.ClickKeyword.execute(ClickKeyword.groovy:43)
	at com.kms.katalon.core.keyword.internal.KeywordExecutor.executeKeywordForPlatform(KeywordExecutor.groovy:72)
	at com.kms.katalon.core.webui.keyword.WebUiBuiltInKeywords.click(WebUiBuiltInKeywords.groovy:616)
	at com.kms.katalon.core.webui.keyword.WebUiBuiltInKeywords$click$3.call(Unknown Source)
	at Create_public_channel.run(Create_public_channel:21)
	at com.kms.katalon.core.main.ScriptEngine.run(ScriptEngine.java:194)
	at com.kms.katalon.core.main.ScriptEngine.runScriptAsRawText(ScriptEngine.java:119)
	at com.kms.katalon.core.main.TestCaseExecutor.runScript(TestCaseExecutor.java:337)
	at com.kms.katalon.core.main.TestCaseExecutor.doExecute(TestCaseExecutor.java:328)
	at com.kms.katalon.core.main.TestCaseExecutor.processExecutionPhase(TestCaseExecutor.java:307)
	at com.kms.katalon.core.main.TestCaseExecutor.accessMainPhase(TestCaseExecutor.java:299)
	at com.kms.katalon.core.main.TestCaseExecutor.execute(TestCaseExecutor.java:233)
	at com.kms.katalon.core.main.TestSuiteExecutor.accessTestCaseMainPhase(TestSuiteExecutor.java:169)
	at com.kms.katalon.core.main.TestSuiteExecutor.accessTestSuiteMainPhase(TestSuiteExecutor.java:142)
	at com.kms.katalon.core.main.TestSuiteExecutor.execute(TestSuiteExecutor.java:91)
	at com.kms.katalon.core.main.TestCaseMain.startTestSuite(TestCaseMain.java:157)
	at com.kms.katalon.core.main.TestCaseMain$startTestSuite$0.call(Unknown Source)
	at TempTestSuite1591348990827.run(TempTestSuite1591348990827.groovy:37)
Caused by: com.kms.katalon.core.webui.exception.WebElementNotFoundException: Web element with id: 'Object Repository/UI/Create_public_channel/Page_Town Square - hp Mattermost/span_' located by 'By.xpath: //button[@id='createPublicChannel']/span' not found
	at com.kms.katalon.core.webui.common.WebUiCommonHelper.findWebElement(WebUiCommonHelper.java:1154)
	at com.kms.katalon.core.webui.keyword.internal.WebUIAbstractKeyword.findWebElement(WebUIAbstractKeyword.groovy:27)
	at com.kms.katalon.core.webui.keyword.internal.WebUIAbstractKeyword.findWebElement(WebUIAbstractKeyword.groovy:26)
	at com.kms.katalon.core.webui.keyword.builtin.ClickKeyword$_click_closure1.doCall(ClickKeyword.groovy:67)
	at com.kms.katalon.core.webui.keyword.builtin.ClickKeyword$_click_closure1.call(ClickKeyword.groovy)
	at com.kms.katalon.core.webui.keyword.internal.WebUIKeywordMain.runKeyword(WebUIKeywordMain.groovy:20)
	at com.kms.katalon.core.webui.keyword.builtin.ClickKeyword.click(ClickKeyword.groovy:76)
	at com.kms.katalon.core.webui.keyword.builtin.ClickKeyword.execute(ClickKeyword.groovy:43)
	at com.kms.katalon.core.keyword.internal.KeywordExecutor.executeKeywordForPlatform(KeywordExecutor.groovy:72)
	at com.kms.katalon.core.webui.keyword.WebUiBuiltInKeywords.click(WebUiBuiltInKeywords.groovy:616)
	at com.kms.katalon.core.webui.keyword.WebUiBuiltInKeywords$click$3.call(Unknown Source)
	at Script1591198565523.run(Script1591198565523.groovy:21)
	... 13 more
)

2020-06-05 16:30:00 - [MESSAGE][INFO] - Unable to find the element located by 'By.xpath: //button[@id='createPublicChannel']/span'. Please recheck the objects properties to make sure the desired element is located. 

2020-06-05 16:30:00 - [MESSAGE][INFO] - [SMART_XPATH] Auto-trying out other XPath values in the test object.

2020-06-05 16:30:00 - [MESSAGE][INFO] - [SMART_XPATH] FAILED XPATH: '//button[@id='createPublicChannel']/span'.

2020-06-05 16:30:00 - [MESSAGE][INFO] - [SMART_XPATH] FAILED XPATH: ''.

2020-06-05 16:30:00 - [MESSAGE][INFO] - [SMART_XPATH] FAILED XPATH: ''.

2020-06-05 16:30:00 - [MESSAGE][INFO] - [SMART_XPATH] FAILED XPATH: ''.

2020-06-05 16:30:01 - [MESSAGE][INFO] - [SMART_XPATH] FAILED XPATH: ''.

2020-06-05 16:30:01 - [MESSAGE][INFO] - [SMART_XPATH] FAILED XPATH: ''.

2020-06-05 16:30:01 - [MESSAGE][INFO] - [SMART_XPATH] FAILED XPATH: ''.

2020-06-05 16:30:01 - [MESSAGE][INFO] - [SMART_XPATH] No working XPath is found.

2020-06-05 16:30:01 - [MESSAGE][FAILED] - Unable to click on object 'Object Repository/UI/Create_public_channel/Page_Town Square - hp Mattermost/span_' (Root cause: com.kms.katalon.core.exception.StepFailedException: Unable to click on object 'Object Repository/UI/Create_public_channel/Page_Town Square - hp Mattermost/span_'
	at com.kms.katalon.core.webui.keyword.internal.WebUIKeywordMain.stepFailed(WebUIKeywordMain.groovy:64)
	at com.kms.katalon.core.webui.keyword.internal.WebUIKeywordMain.runKeyword(WebUIKeywordMain.groovy:26)
	at com.kms.katalon.core.webui.keyword.builtin.ClickKeyword.click(ClickKeyword.groovy:76)
	at com.kms.katalon.core.webui.keyword.builtin.ClickKeyword.execute(ClickKeyword.groovy:43)
	at com.kms.katalon.core.keyword.internal.KeywordExecutor.executeKeywordForPlatform(KeywordExecutor.groovy:72)
	at com.kms.katalon.core.webui.keyword.WebUiBuiltInKeywords.click(WebUiBuiltInKeywords.groovy:616)
	at com.kms.katalon.core.webui.keyword.WebUiBuiltInKeywords$click$3.call(Unknown Source)
	at Create_public_channel.run(Create_public_channel:21)
	at com.kms.katalon.core.main.ScriptEngine.run(ScriptEngine.java:194)
	at com.kms.katalon.core.main.ScriptEngine.runScriptAsRawText(ScriptEngine.java:119)
	at com.kms.katalon.core.main.TestCaseExecutor.runScript(TestCaseExecutor.java:337)
	at com.kms.katalon.core.main.TestCaseExecutor.doExecute(TestCaseExecutor.java:328)
	at com.kms.katalon.core.main.TestCaseExecutor.processExecutionPhase(TestCaseExecutor.java:307)
	at com.kms.katalon.core.main.TestCaseExecutor.accessMainPhase(TestCaseExecutor.java:299)
	at com.kms.katalon.core.main.TestCaseExecutor.execute(TestCaseExecutor.java:233)
	at com.kms.katalon.core.main.TestSuiteExecutor.accessTestCaseMainPhase(TestSuiteExecutor.java:169)
	at com.kms.katalon.core.main.TestSuiteExecutor.accessTestSuiteMainPhase(TestSuiteExecutor.java:142)
	at com.kms.katalon.core.main.TestSuiteExecutor.execute(TestSuiteExecutor.java:91)
	at com.kms.katalon.core.main.TestCaseMain.startTestSuite(TestCaseMain.java:157)
	at com.kms.katalon.core.main.TestCaseMain$startTestSuite$0.call(Unknown Source)
	at TempTestSuite1591348990827.run(TempTestSuite1591348990827.groovy:37)
Caused by: com.kms.katalon.core.webui.exception.WebElementNotFoundException: Web element with id: 'Object Repository/UI/Create_public_channel/Page_Town Square - hp Mattermost/span_' located by 'By.xpath: //button[@id='createPublicChannel']/span' not found
	at com.kms.katalon.core.webui.common.WebUiCommonHelper.findWebElement(WebUiCommonHelper.java:1154)
	at com.kms.katalon.core.webui.keyword.internal.WebUIAbstractKeyword.findWebElement(WebUIAbstractKeyword.groovy:27)
	at com.kms.katalon.core.webui.keyword.internal.WebUIAbstractKeyword.findWebElement(WebUIAbstractKeyword.groovy:26)
	at com.kms.katalon.core.webui.keyword.builtin.ClickKeyword$_click_closure1.doCall(ClickKeyword.groovy:67)
	at com.kms.katalon.core.webui.keyword.builtin.ClickKeyword$_click_closure1.call(ClickKeyword.groovy)
	at com.kms.katalon.core.webui.keyword.internal.WebUIKeywordMain.runKeyword(WebUIKeywordMain.groovy:20)
	at com.kms.katalon.core.webui.keyword.builtin.ClickKeyword.click(ClickKeyword.groovy:76)
	at com.kms.katalon.core.webui.keyword.builtin.ClickKeyword.execute(ClickKeyword.groovy:43)
	at com.kms.katalon.core.keyword.internal.KeywordExecutor.executeKeywordForPlatform(KeywordExecutor.groovy:72)
	at com.kms.katalon.core.webui.keyword.WebUiBuiltInKeywords.click(WebUiBuiltInKeywords.groovy:616)
	at com.kms.katalon.core.webui.keyword.WebUiBuiltInKeywords$click$3.call(Unknown Source)
	at Script1591198565523.run(Script1591198565523.groovy:21)
	... 13 more
)
[[ATTACHMENT|/home/phat/Downloads/katalon/mattermost-webapp/Reports/20200605_162310/Run all test cases/20200605_162310/1591349401669.png]]]]></system-out>
         <system-err><![CDATA[2020-06-05 16:29:11 - [TEST_CASE][FAILED] - Test Cases/UI/Create_public_channel: Test Cases/UI/Create_public_channel FAILED.
Reason:
com.kms.katalon.core.exception.StepFailedException: Unable to click on object 'Object Repository/UI/Create_public_channel/Page_Town Square - hp Mattermost/span_'
	at com.kms.katalon.core.webui.keyword.internal.WebUIKeywordMain.stepFailed(WebUIKeywordMain.groovy:64)
	at com.kms.katalon.core.webui.keyword.internal.WebUIKeywordMain.runKeyword(WebUIKeywordMain.groovy:26)
	at com.kms.katalon.core.webui.keyword.builtin.ClickKeyword.click(ClickKeyword.groovy:76)
	at com.kms.katalon.core.webui.keyword.builtin.ClickKeyword.execute(ClickKeyword.groovy:43)
	at com.kms.katalon.core.keyword.internal.KeywordExecutor.executeKeywordForPlatform(KeywordExecutor.groovy:72)
	at com.kms.katalon.core.webui.keyword.WebUiBuiltInKeywords.click(WebUiBuiltInKeywords.groovy:616)
	at com.kms.katalon.core.webui.keyword.WebUiBuiltInKeywords$click$3.call(Unknown Source)
	at Create_public_channel.run(Create_public_channel:21)
	at com.kms.katalon.core.main.ScriptEngine.run(ScriptEngine.java:194)
	at com.kms.katalon.core.main.ScriptEngine.runScriptAsRawText(ScriptEngine.java:119)
	at com.kms.katalon.core.main.TestCaseExecutor.runScript(TestCaseExecutor.java:337)
	at com.kms.katalon.core.main.TestCaseExecutor.doExecute(TestCaseExecutor.java:328)
	at com.kms.katalon.core.main.TestCaseExecutor.processExecutionPhase(TestCaseExecutor.java:307)
	at com.kms.katalon.core.main.TestCaseExecutor.accessMainPhase(TestCaseExecutor.java:299)
	at com.kms.katalon.core.main.TestCaseExecutor.execute(TestCaseExecutor.java:233)
	at com.kms.katalon.core.main.TestSuiteExecutor.accessTestCaseMainPhase(TestSuiteExecutor.java:169)
	at com.kms.katalon.core.main.TestSuiteExecutor.accessTestSuiteMainPhase(TestSuiteExecutor.java:142)
	at com.kms.katalon.core.main.TestSuiteExecutor.execute(TestSuiteExecutor.java:91)
	at com.kms.katalon.core.main.TestCaseMain.startTestSuite(TestCaseMain.java:157)
	at com.kms.katalon.core.main.TestCaseMain$startTestSuite$0.call(Unknown Source)
	at TempTestSuite1591348990827.run(TempTestSuite1591348990827.groovy:37)
Caused by: com.kms.katalon.core.webui.exception.WebElementNotFoundException: Web element with id: 'Object Repository/UI/Create_public_channel/Page_Town Square - hp Mattermost/span_' located by 'By.xpath: //button[@id='createPublicChannel']/span' not found
	at com.kms.katalon.core.webui.common.WebUiCommonHelper.findWebElement(WebUiCommonHelper.java:1154)
	at com.kms.katalon.core.webui.keyword.internal.WebUIAbstractKeyword.findWebElement(WebUIAbstractKeyword.groovy:27)
	at com.kms.katalon.core.webui.keyword.internal.WebUIAbstractKeyword.findWebElement(WebUIAbstractKeyword.groovy:26)
	at com.kms.katalon.core.webui.keyword.builtin.ClickKeyword$_click_closure1.doCall(ClickKeyword.groovy:67)
	at com.kms.katalon.core.webui.keyword.builtin.ClickKeyword$_click_closure1.call(ClickKeyword.groovy)
	at com.kms.katalon.core.webui.keyword.internal.WebUIKeywordMain.runKeyword(WebUIKeywordMain.groovy:20)
	... 19 more]]></system-err>
      </testcase>
      <testcase name="Test Cases/UI/Create_private_channel" time="49.53" classname="Test Cases/UI/Create_private_channel" status="FAILED">
         <failure type="FAILED" message="Test Cases/UI/Create_private_channel FAILED.
Reason:
com.kms.katalon.core.exception.StepFailedException: Unable to click on object 'Object Repository/UI/Create_private_channel/Page_Town Square - hp Mattermost/span_'
	at com.kms.katalon.core.webui.keyword.internal.WebUIKeywordMain.stepFailed(WebUIKeywordMain.groovy:64)
	at com.kms.katalon.core.webui.keyword.internal.WebUIKeywordMain.runKeyword(WebUIKeywordMain.groovy:26)
	at com.kms.katalon.core.webui.keyword.builtin.ClickKeyword.click(ClickKeyword.groovy:76)
	at com.kms.katalon.core.webui.keyword.builtin.ClickKeyword.execute(ClickKeyword.groovy:43)
	at com.kms.katalon.core.keyword.internal.KeywordExecutor.executeKeywordForPlatform(KeywordExecutor.groovy:72)
	at com.kms.katalon.core.webui.keyword.WebUiBuiltInKeywords.click(WebUiBuiltInKeywords.groovy:616)
	at com.kms.katalon.core.webui.keyword.WebUiBuiltInKeywords$click$3.call(Unknown Source)
	at Create_private_channel.run(Create_private_channel:20)
	at com.kms.katalon.core.main.ScriptEngine.run(ScriptEngine.java:194)
	at com.kms.katalon.core.main.ScriptEngine.runScriptAsRawText(ScriptEngine.java:119)
	at com.kms.katalon.core.main.TestCaseExecutor.runScript(TestCaseExecutor.java:337)
	at com.kms.katalon.core.main.TestCaseExecutor.doExecute(TestCaseExecutor.java:328)
	at com.kms.katalon.core.main.TestCaseExecutor.processExecutionPhase(TestCaseExecutor.java:307)
	at com.kms.katalon.core.main.TestCaseExecutor.accessMainPhase(TestCaseExecutor.java:299)
	at com.kms.katalon.core.main.TestCaseExecutor.execute(TestCaseExecutor.java:233)
	at com.kms.katalon.core.main.TestSuiteExecutor.accessTestCaseMainPhase(TestSuiteExecutor.java:169)
	at com.kms.katalon.core.main.TestSuiteExecutor.accessTestSuiteMainPhase(TestSuiteExecutor.java:142)
	at com.kms.katalon.core.main.TestSuiteExecutor.execute(TestSuiteExecutor.java:91)
	at com.kms.katalon.core.main.TestCaseMain.startTestSuite(TestCaseMain.java:157)
	at com.kms.katalon.core.main.TestCaseMain$startTestSuite$0.call(Unknown Source)
	at TempTestSuite1591348990827.run(TempTestSuite1591348990827.groovy:37)
Caused by: com.kms.katalon.core.webui.exception.WebElementNotFoundException: Web element with id: 'Object Repository/UI/Create_private_channel/Page_Town Square - hp Mattermost/span_' located by 'By.xpath: //button[@id='createPrivateChannel']/span' not found
	at com.kms.katalon.core.webui.common.WebUiCommonHelper.findWebElement(WebUiCommonHelper.java:1154)
	at com.kms.katalon.core.webui.keyword.internal.WebUIAbstractKeyword.findWebElement(WebUIAbstractKeyword.groovy:27)
	at com.kms.katalon.core.webui.keyword.internal.WebUIAbstractKeyword.findWebElement(WebUIAbstractKeyword.groovy:26)
	at com.kms.katalon.core.webui.keyword.builtin.ClickKeyword$_click_closure1.doCall(ClickKeyword.groovy:67)
	at com.kms.katalon.core.webui.keyword.builtin.ClickKeyword$_click_closure1.call(ClickKeyword.groovy)
	at com.kms.katalon.core.webui.keyword.internal.WebUIKeywordMain.runKeyword(WebUIKeywordMain.groovy:20)
	... 19 more
"/>
         <system-out><![CDATA[2020-06-05 16:30:01 - [TEST_CASE][FAILED] - Test Cases/UI/Create_private_channel: Test Cases/UI/Create_private_channel FAILED.
Reason:
com.kms.katalon.core.exception.StepFailedException: Unable to click on object 'Object Repository/UI/Create_private_channel/Page_Town Square - hp Mattermost/span_'
	at com.kms.katalon.core.webui.keyword.internal.WebUIKeywordMain.stepFailed(WebUIKeywordMain.groovy:64)
	at com.kms.katalon.core.webui.keyword.internal.WebUIKeywordMain.runKeyword(WebUIKeywordMain.groovy:26)
	at com.kms.katalon.core.webui.keyword.builtin.ClickKeyword.click(ClickKeyword.groovy:76)
	at com.kms.katalon.core.webui.keyword.builtin.ClickKeyword.execute(ClickKeyword.groovy:43)
	at com.kms.katalon.core.keyword.internal.KeywordExecutor.executeKeywordForPlatform(KeywordExecutor.groovy:72)
	at com.kms.katalon.core.webui.keyword.WebUiBuiltInKeywords.click(WebUiBuiltInKeywords.groovy:616)
	at com.kms.katalon.core.webui.keyword.WebUiBuiltInKeywords$click$3.call(Unknown Source)
	at Create_private_channel.run(Create_private_channel:20)
	at com.kms.katalon.core.main.ScriptEngine.run(ScriptEngine.java:194)
	at com.kms.katalon.core.main.ScriptEngine.runScriptAsRawText(ScriptEngine.java:119)
	at com.kms.katalon.core.main.TestCaseExecutor.runScript(TestCaseExecutor.java:337)
	at com.kms.katalon.core.main.TestCaseExecutor.doExecute(TestCaseExecutor.java:328)
	at com.kms.katalon.core.main.TestCaseExecutor.processExecutionPhase(TestCaseExecutor.java:307)
	at com.kms.katalon.core.main.TestCaseExecutor.accessMainPhase(TestCaseExecutor.java:299)
	at com.kms.katalon.core.main.TestCaseExecutor.execute(TestCaseExecutor.java:233)
	at com.kms.katalon.core.main.TestSuiteExecutor.accessTestCaseMainPhase(TestSuiteExecutor.java:169)
	at com.kms.katalon.core.main.TestSuiteExecutor.accessTestSuiteMainPhase(TestSuiteExecutor.java:142)
	at com.kms.katalon.core.main.TestSuiteExecutor.execute(TestSuiteExecutor.java:91)
	at com.kms.katalon.core.main.TestCaseMain.startTestSuite(TestCaseMain.java:157)
	at com.kms.katalon.core.main.TestCaseMain$startTestSuite$0.call(Unknown Source)
	at TempTestSuite1591348990827.run(TempTestSuite1591348990827.groovy:37)
Caused by: com.kms.katalon.core.webui.exception.WebElementNotFoundException: Web element with id: 'Object Repository/UI/Create_private_channel/Page_Town Square - hp Mattermost/span_' located by 'By.xpath: //button[@id='createPrivateChannel']/span' not found
	at com.kms.katalon.core.webui.common.WebUiCommonHelper.findWebElement(WebUiCommonHelper.java:1154)
	at com.kms.katalon.core.webui.keyword.internal.WebUIAbstractKeyword.findWebElement(WebUIAbstractKeyword.groovy:27)
	at com.kms.katalon.core.webui.keyword.internal.WebUIAbstractKeyword.findWebElement(WebUIAbstractKeyword.groovy:26)
	at com.kms.katalon.core.webui.keyword.builtin.ClickKeyword$_click_closure1.doCall(ClickKeyword.groovy:67)
	at com.kms.katalon.core.webui.keyword.builtin.ClickKeyword$_click_closure1.call(ClickKeyword.groovy)
	at com.kms.katalon.core.webui.keyword.internal.WebUIKeywordMain.runKeyword(WebUIKeywordMain.groovy:20)
	... 19 more


2020-06-05 16:30:02 - [TEST_STEP][PASSED] - callTestCase(findTestCase("UI/Login"), [:], STOP_ON_FAILURE): Call Test Case 'Test Cases/UI/Login' successfully

2020-06-05 16:30:02 - [TEST_CASE][PASSED] - Test Cases/UI/Login: Test Cases/UI/Login

2020-06-05 16:30:02 - [TEST_STEP][PASSED] - openBrowser(""): Browser is opened with url: ''

2020-06-05 16:30:02 - [MESSAGE][WARNING] - A browser is already opened. Closing browser and opening a new one

2020-06-05 16:30:02 - [MESSAGE][INFO] - Starting 'Chrome' driver

2020-06-05 16:30:02 - [MESSAGE][INFO] - Action delay is set to 0 milliseconds

2020-06-05 16:30:02 - [MESSAGE][PASSED] - Browser is opened with url: ''

2020-06-05 16:30:02 - [TEST_STEP][PASSED] - navigateToUrl(url): Navigate to 'http://localhost:8065/login' successfully

2020-06-05 16:30:03 - [MESSAGE][PASSED] - Navigate to 'http://localhost:8065/login' successfully

2020-06-05 16:30:03 - [TEST_STEP][PASSED] - setText(findTestObject("UI/Login/Page_Mattermost/input_All team communication in one place searchable and accessible anywhere_loginId"), email): Text 'phatvo' is set on object 'Object Repository/UI/Login/Page_Mattermost/input_All team communication in one place searchable and accessible anywhere_loginId'

2020-06-05 16:30:04 - [MESSAGE][PASSED] - Text 'phatvo' is set on object 'Object Repository/UI/Login/Page_Mattermost/input_All team communication in one place searchable and accessible anywhere_loginId'

2020-06-05 16:30:04 - [TEST_STEP][PASSED] - setEncryptedText(findTestObject("UI/Login/Page_Mattermost/input_All team communication in one place searchable and accessible anywhere_password"), password): Text ****** has been set on object 'Object Repository/UI/Login/Page_Mattermost/input_All team communication in one place searchable and accessible anywhere_password'

2020-06-05 16:30:05 - [MESSAGE][PASSED] - Text ****** has been set on object 'Object Repository/UI/Login/Page_Mattermost/input_All team communication in one place searchable and accessible anywhere_password'

2020-06-05 16:30:05 - [TEST_STEP][PASSED] - click(findTestObject("UI/Login/Page_Mattermost/button_Sign in")): Object: 'Object Repository/UI/Login/Page_Mattermost/button_Sign in' is clicked on

2020-06-05 16:30:06 - [MESSAGE][PASSED] - Object: 'Object Repository/UI/Login/Page_Mattermost/button_Sign in' is clicked on

2020-06-05 16:30:06 - [MESSAGE][INFO] - =================== Smart XPath Report =======================

2020-06-05 16:30:06 - [MESSAGE][INFO] - Refer to the link below to preview and approve auto healing on broken test objects.

2020-06-05 16:30:06 - [MESSAGE][INFO] - https://docs.katalon.com/katalon-studio/docs/auto-healing-smart-xpath.html

2020-06-05 16:30:06 - [MESSAGE][INFO] - ===============================================================

2020-06-05 16:30:06 - [MESSAGE][PASSED] - Call Test Case 'Test Cases/UI/Login' successfully

2020-06-05 16:30:06 - [TEST_STEP][FAILED] - click(findTestObject("UI/Create_private_channel/Page_Town Square - hp Mattermost/span_")): Unable to click on object 'Object Repository/UI/Create_private_channel/Page_Town Square - hp Mattermost/span_' (Root cause: com.kms.katalon.core.exception.StepFailedException: Unable to click on object 'Object Repository/UI/Create_private_channel/Page_Town Square - hp Mattermost/span_'
	at com.kms.katalon.core.webui.keyword.internal.WebUIKeywordMain.stepFailed(WebUIKeywordMain.groovy:64)
	at com.kms.katalon.core.webui.keyword.internal.WebUIKeywordMain.runKeyword(WebUIKeywordMain.groovy:26)
	at com.kms.katalon.core.webui.keyword.builtin.ClickKeyword.click(ClickKeyword.groovy:76)
	at com.kms.katalon.core.webui.keyword.builtin.ClickKeyword.execute(ClickKeyword.groovy:43)
	at com.kms.katalon.core.keyword.internal.KeywordExecutor.executeKeywordForPlatform(KeywordExecutor.groovy:72)
	at com.kms.katalon.core.webui.keyword.WebUiBuiltInKeywords.click(WebUiBuiltInKeywords.groovy:616)
	at com.kms.katalon.core.webui.keyword.WebUiBuiltInKeywords$click$3.call(Unknown Source)
	at Create_private_channel.run(Create_private_channel:20)
	at com.kms.katalon.core.main.ScriptEngine.run(ScriptEngine.java:194)
	at com.kms.katalon.core.main.ScriptEngine.runScriptAsRawText(ScriptEngine.java:119)
	at com.kms.katalon.core.main.TestCaseExecutor.runScript(TestCaseExecutor.java:337)
	at com.kms.katalon.core.main.TestCaseExecutor.doExecute(TestCaseExecutor.java:328)
	at com.kms.katalon.core.main.TestCaseExecutor.processExecutionPhase(TestCaseExecutor.java:307)
	at com.kms.katalon.core.main.TestCaseExecutor.accessMainPhase(TestCaseExecutor.java:299)
	at com.kms.katalon.core.main.TestCaseExecutor.execute(TestCaseExecutor.java:233)
	at com.kms.katalon.core.main.TestSuiteExecutor.accessTestCaseMainPhase(TestSuiteExecutor.java:169)
	at com.kms.katalon.core.main.TestSuiteExecutor.accessTestSuiteMainPhase(TestSuiteExecutor.java:142)
	at com.kms.katalon.core.main.TestSuiteExecutor.execute(TestSuiteExecutor.java:91)
	at com.kms.katalon.core.main.TestCaseMain.startTestSuite(TestCaseMain.java:157)
	at com.kms.katalon.core.main.TestCaseMain$startTestSuite$0.call(Unknown Source)
	at TempTestSuite1591348990827.run(TempTestSuite1591348990827.groovy:37)
Caused by: com.kms.katalon.core.webui.exception.WebElementNotFoundException: Web element with id: 'Object Repository/UI/Create_private_channel/Page_Town Square - hp Mattermost/span_' located by 'By.xpath: //button[@id='createPrivateChannel']/span' not found
	at com.kms.katalon.core.webui.common.WebUiCommonHelper.findWebElement(WebUiCommonHelper.java:1154)
	at com.kms.katalon.core.webui.keyword.internal.WebUIAbstractKeyword.findWebElement(WebUIAbstractKeyword.groovy:27)
	at com.kms.katalon.core.webui.keyword.internal.WebUIAbstractKeyword.findWebElement(WebUIAbstractKeyword.groovy:26)
	at com.kms.katalon.core.webui.keyword.builtin.ClickKeyword$_click_closure1.doCall(ClickKeyword.groovy:67)
	at com.kms.katalon.core.webui.keyword.builtin.ClickKeyword$_click_closure1.call(ClickKeyword.groovy)
	at com.kms.katalon.core.webui.keyword.internal.WebUIKeywordMain.runKeyword(WebUIKeywordMain.groovy:20)
	at com.kms.katalon.core.webui.keyword.builtin.ClickKeyword.click(ClickKeyword.groovy:76)
	at com.kms.katalon.core.webui.keyword.builtin.ClickKeyword.execute(ClickKeyword.groovy:43)
	at com.kms.katalon.core.keyword.internal.KeywordExecutor.executeKeywordForPlatform(KeywordExecutor.groovy:72)
	at com.kms.katalon.core.webui.keyword.WebUiBuiltInKeywords.click(WebUiBuiltInKeywords.groovy:616)
	at com.kms.katalon.core.webui.keyword.WebUiBuiltInKeywords$click$3.call(Unknown Source)
	at Script1591198571526.run(Script1591198571526.groovy:20)
	... 13 more
)

2020-06-05 16:30:50 - [MESSAGE][INFO] - Unable to find the element located by 'By.xpath: //button[@id='createPrivateChannel']/span'. Please recheck the objects properties to make sure the desired element is located. 

2020-06-05 16:30:50 - [MESSAGE][INFO] - [SMART_XPATH] Auto-trying out other XPath values in the test object.

2020-06-05 16:30:50 - [MESSAGE][INFO] - [SMART_XPATH] FAILED XPATH: '//button[@id='createPrivateChannel']/span'.

2020-06-05 16:30:50 - [MESSAGE][INFO] - [SMART_XPATH] FAILED XPATH: ''.

2020-06-05 16:30:50 - [MESSAGE][INFO] - [SMART_XPATH] FAILED XPATH: ''.

2020-06-05 16:30:50 - [MESSAGE][INFO] - [SMART_XPATH] FAILED XPATH: ''.

2020-06-05 16:30:51 - [MESSAGE][INFO] - [SMART_XPATH] FAILED XPATH: ''.

2020-06-05 16:30:51 - [MESSAGE][INFO] - [SMART_XPATH] FAILED XPATH: ''.

2020-06-05 16:30:51 - [MESSAGE][INFO] - [SMART_XPATH] No working XPath is found.

2020-06-05 16:30:51 - [MESSAGE][FAILED] - Unable to click on object 'Object Repository/UI/Create_private_channel/Page_Town Square - hp Mattermost/span_' (Root cause: com.kms.katalon.core.exception.StepFailedException: Unable to click on object 'Object Repository/UI/Create_private_channel/Page_Town Square - hp Mattermost/span_'
	at com.kms.katalon.core.webui.keyword.internal.WebUIKeywordMain.stepFailed(WebUIKeywordMain.groovy:64)
	at com.kms.katalon.core.webui.keyword.internal.WebUIKeywordMain.runKeyword(WebUIKeywordMain.groovy:26)
	at com.kms.katalon.core.webui.keyword.builtin.ClickKeyword.click(ClickKeyword.groovy:76)
	at com.kms.katalon.core.webui.keyword.builtin.ClickKeyword.execute(ClickKeyword.groovy:43)
	at com.kms.katalon.core.keyword.internal.KeywordExecutor.executeKeywordForPlatform(KeywordExecutor.groovy:72)
	at com.kms.katalon.core.webui.keyword.WebUiBuiltInKeywords.click(WebUiBuiltInKeywords.groovy:616)
	at com.kms.katalon.core.webui.keyword.WebUiBuiltInKeywords$click$3.call(Unknown Source)
	at Create_private_channel.run(Create_private_channel:20)
	at com.kms.katalon.core.main.ScriptEngine.run(ScriptEngine.java:194)
	at com.kms.katalon.core.main.ScriptEngine.runScriptAsRawText(ScriptEngine.java:119)
	at com.kms.katalon.core.main.TestCaseExecutor.runScript(TestCaseExecutor.java:337)
	at com.kms.katalon.core.main.TestCaseExecutor.doExecute(TestCaseExecutor.java:328)
	at com.kms.katalon.core.main.TestCaseExecutor.processExecutionPhase(TestCaseExecutor.java:307)
	at com.kms.katalon.core.main.TestCaseExecutor.accessMainPhase(TestCaseExecutor.java:299)
	at com.kms.katalon.core.main.TestCaseExecutor.execute(TestCaseExecutor.java:233)
	at com.kms.katalon.core.main.TestSuiteExecutor.accessTestCaseMainPhase(TestSuiteExecutor.java:169)
	at com.kms.katalon.core.main.TestSuiteExecutor.accessTestSuiteMainPhase(TestSuiteExecutor.java:142)
	at com.kms.katalon.core.main.TestSuiteExecutor.execute(TestSuiteExecutor.java:91)
	at com.kms.katalon.core.main.TestCaseMain.startTestSuite(TestCaseMain.java:157)
	at com.kms.katalon.core.main.TestCaseMain$startTestSuite$0.call(Unknown Source)
	at TempTestSuite1591348990827.run(TempTestSuite1591348990827.groovy:37)
Caused by: com.kms.katalon.core.webui.exception.WebElementNotFoundException: Web element with id: 'Object Repository/UI/Create_private_channel/Page_Town Square - hp Mattermost/span_' located by 'By.xpath: //button[@id='createPrivateChannel']/span' not found
	at com.kms.katalon.core.webui.common.WebUiCommonHelper.findWebElement(WebUiCommonHelper.java:1154)
	at com.kms.katalon.core.webui.keyword.internal.WebUIAbstractKeyword.findWebElement(WebUIAbstractKeyword.groovy:27)
	at com.kms.katalon.core.webui.keyword.internal.WebUIAbstractKeyword.findWebElement(WebUIAbstractKeyword.groovy:26)
	at com.kms.katalon.core.webui.keyword.builtin.ClickKeyword$_click_closure1.doCall(ClickKeyword.groovy:67)
	at com.kms.katalon.core.webui.keyword.builtin.ClickKeyword$_click_closure1.call(ClickKeyword.groovy)
	at com.kms.katalon.core.webui.keyword.internal.WebUIKeywordMain.runKeyword(WebUIKeywordMain.groovy:20)
	at com.kms.katalon.core.webui.keyword.builtin.ClickKeyword.click(ClickKeyword.groovy:76)
	at com.kms.katalon.core.webui.keyword.builtin.ClickKeyword.execute(ClickKeyword.groovy:43)
	at com.kms.katalon.core.keyword.internal.KeywordExecutor.executeKeywordForPlatform(KeywordExecutor.groovy:72)
	at com.kms.katalon.core.webui.keyword.WebUiBuiltInKeywords.click(WebUiBuiltInKeywords.groovy:616)
	at com.kms.katalon.core.webui.keyword.WebUiBuiltInKeywords$click$3.call(Unknown Source)
	at Script1591198571526.run(Script1591198571526.groovy:20)
	... 13 more
)
[[ATTACHMENT|/home/phat/Downloads/katalon/mattermost-webapp/Reports/20200605_162310/Run all test cases/20200605_162310/1591349451393.png]]]]></system-out>
         <system-err><![CDATA[2020-06-05 16:30:01 - [TEST_CASE][FAILED] - Test Cases/UI/Create_private_channel: Test Cases/UI/Create_private_channel FAILED.
Reason:
com.kms.katalon.core.exception.StepFailedException: Unable to click on object 'Object Repository/UI/Create_private_channel/Page_Town Square - hp Mattermost/span_'
	at com.kms.katalon.core.webui.keyword.internal.WebUIKeywordMain.stepFailed(WebUIKeywordMain.groovy:64)
	at com.kms.katalon.core.webui.keyword.internal.WebUIKeywordMain.runKeyword(WebUIKeywordMain.groovy:26)
	at com.kms.katalon.core.webui.keyword.builtin.ClickKeyword.click(ClickKeyword.groovy:76)
	at com.kms.katalon.core.webui.keyword.builtin.ClickKeyword.execute(ClickKeyword.groovy:43)
	at com.kms.katalon.core.keyword.internal.KeywordExecutor.executeKeywordForPlatform(KeywordExecutor.groovy:72)
	at com.kms.katalon.core.webui.keyword.WebUiBuiltInKeywords.click(WebUiBuiltInKeywords.groovy:616)
	at com.kms.katalon.core.webui.keyword.WebUiBuiltInKeywords$click$3.call(Unknown Source)
	at Create_private_channel.run(Create_private_channel:20)
	at com.kms.katalon.core.main.ScriptEngine.run(ScriptEngine.java:194)
	at com.kms.katalon.core.main.ScriptEngine.runScriptAsRawText(ScriptEngine.java:119)
	at com.kms.katalon.core.main.TestCaseExecutor.runScript(TestCaseExecutor.java:337)
	at com.kms.katalon.core.main.TestCaseExecutor.doExecute(TestCaseExecutor.java:328)
	at com.kms.katalon.core.main.TestCaseExecutor.processExecutionPhase(TestCaseExecutor.java:307)
	at com.kms.katalon.core.main.TestCaseExecutor.accessMainPhase(TestCaseExecutor.java:299)
	at com.kms.katalon.core.main.TestCaseExecutor.execute(TestCaseExecutor.java:233)
	at com.kms.katalon.core.main.TestSuiteExecutor.accessTestCaseMainPhase(TestSuiteExecutor.java:169)
	at com.kms.katalon.core.main.TestSuiteExecutor.accessTestSuiteMainPhase(TestSuiteExecutor.java:142)
	at com.kms.katalon.core.main.TestSuiteExecutor.execute(TestSuiteExecutor.java:91)
	at com.kms.katalon.core.main.TestCaseMain.startTestSuite(TestCaseMain.java:157)
	at com.kms.katalon.core.main.TestCaseMain$startTestSuite$0.call(Unknown Source)
	at TempTestSuite1591348990827.run(TempTestSuite1591348990827.groovy:37)
Caused by: com.kms.katalon.core.webui.exception.WebElementNotFoundException: Web element with id: 'Object Repository/UI/Create_private_channel/Page_Town Square - hp Mattermost/span_' located by 'By.xpath: //button[@id='createPrivateChannel']/span' not found
	at com.kms.katalon.core.webui.common.WebUiCommonHelper.findWebElement(WebUiCommonHelper.java:1154)
	at com.kms.katalon.core.webui.keyword.internal.WebUIAbstractKeyword.findWebElement(WebUIAbstractKeyword.groovy:27)
	at com.kms.katalon.core.webui.keyword.internal.WebUIAbstractKeyword.findWebElement(WebUIAbstractKeyword.groovy:26)
	at com.kms.katalon.core.webui.keyword.builtin.ClickKeyword$_click_closure1.doCall(ClickKeyword.groovy:67)
	at com.kms.katalon.core.webui.keyword.builtin.ClickKeyword$_click_closure1.call(ClickKeyword.groovy)
	at com.kms.katalon.core.webui.keyword.internal.WebUIKeywordMain.runKeyword(WebUIKeywordMain.groovy:20)
	... 19 more]]></system-err>
      </testcase>
      <testcase name="Test Cases/UI/Create_team" time="8.341" classname="Test Cases/UI/Create_team" status="PASSED">
         <system-out><![CDATA[2020-06-05 16:30:51 - [TEST_CASE][PASSED] - Test Cases/UI/Create_team: Test Cases/UI/Create_team

2020-06-05 16:30:51 - [TEST_STEP][PASSED] - callTestCase(findTestCase("UI/Login"), [:], STOP_ON_FAILURE): Call Test Case 'Test Cases/UI/Login' successfully

2020-06-05 16:30:51 - [TEST_CASE][PASSED] - Test Cases/UI/Login: Test Cases/UI/Login

2020-06-05 16:30:51 - [TEST_STEP][PASSED] - openBrowser(""): Browser is opened with url: ''

2020-06-05 16:30:51 - [MESSAGE][WARNING] - A browser is already opened. Closing browser and opening a new one

2020-06-05 16:30:51 - [MESSAGE][INFO] - Starting 'Chrome' driver

2020-06-05 16:30:51 - [MESSAGE][INFO] - Action delay is set to 0 milliseconds

2020-06-05 16:30:52 - [MESSAGE][PASSED] - Browser is opened with url: ''

2020-06-05 16:30:52 - [TEST_STEP][PASSED] - navigateToUrl(url): Navigate to 'http://localhost:8065/login' successfully

2020-06-05 16:30:53 - [MESSAGE][PASSED] - Navigate to 'http://localhost:8065/login' successfully

2020-06-05 16:30:53 - [TEST_STEP][PASSED] - setText(findTestObject("UI/Login/Page_Mattermost/input_All team communication in one place searchable and accessible anywhere_loginId"), email): Text 'phatvo' is set on object 'Object Repository/UI/Login/Page_Mattermost/input_All team communication in one place searchable and accessible anywhere_loginId'

2020-06-05 16:30:54 - [MESSAGE][PASSED] - Text 'phatvo' is set on object 'Object Repository/UI/Login/Page_Mattermost/input_All team communication in one place searchable and accessible anywhere_loginId'

2020-06-05 16:30:54 - [TEST_STEP][PASSED] - setEncryptedText(findTestObject("UI/Login/Page_Mattermost/input_All team communication in one place searchable and accessible anywhere_password"), password): Text ****** has been set on object 'Object Repository/UI/Login/Page_Mattermost/input_All team communication in one place searchable and accessible anywhere_password'

2020-06-05 16:30:55 - [MESSAGE][PASSED] - Text ****** has been set on object 'Object Repository/UI/Login/Page_Mattermost/input_All team communication in one place searchable and accessible anywhere_password'

2020-06-05 16:30:55 - [TEST_STEP][PASSED] - click(findTestObject("UI/Login/Page_Mattermost/button_Sign in")): Object: 'Object Repository/UI/Login/Page_Mattermost/button_Sign in' is clicked on

2020-06-05 16:30:55 - [MESSAGE][PASSED] - Object: 'Object Repository/UI/Login/Page_Mattermost/button_Sign in' is clicked on

2020-06-05 16:30:55 - [MESSAGE][INFO] - =================== Smart XPath Report =======================

2020-06-05 16:30:55 - [MESSAGE][INFO] - Refer to the link below to preview and approve auto healing on broken test objects.

2020-06-05 16:30:55 - [MESSAGE][INFO] - https://docs.katalon.com/katalon-studio/docs/auto-healing-smart-xpath.html

2020-06-05 16:30:55 - [MESSAGE][INFO] - ===============================================================

2020-06-05 16:30:55 - [MESSAGE][PASSED] - Call Test Case 'Test Cases/UI/Login' successfully

2020-06-05 16:30:55 - [TEST_STEP][PASSED] - click(findTestObject("UI/Create_team/Page_Town Square - team1 Mattermost/span")): Object: 'Object Repository/UI/Create_team/Page_Town Square - team1 Mattermost/span' is clicked on

2020-06-05 16:30:57 - [MESSAGE][PASSED] - Object: 'Object Repository/UI/Create_team/Page_Town Square - team1 Mattermost/span' is clicked on

2020-06-05 16:30:57 - [TEST_STEP][PASSED] - click(findTestObject("UI/Create_team/Page_Town Square - team1 Mattermost/span_Create a Team")): Object: 'Object Repository/UI/Create_team/Page_Town Square - team1 Mattermost/span_Create a Team' is clicked on

2020-06-05 16:30:58 - [MESSAGE][PASSED] - Object: 'Object Repository/UI/Create_team/Page_Town Square - team1 Mattermost/span_Create a Team' is clicked on

2020-06-05 16:30:58 - [TEST_STEP][PASSED] - setText(findTestObject("UI/Create_team/Page_Town Square - team1 Mattermost/input_Team Name_teamNameInput"), name): Text 'team2' is set on object 'Object Repository/UI/Create_team/Page_Town Square - team1 Mattermost/input_Team Name_teamNameInput'

2020-06-05 16:30:58 - [MESSAGE][PASSED] - Text 'team2' is set on object 'Object Repository/UI/Create_team/Page_Town Square - team1 Mattermost/input_Team Name_teamNameInput'

2020-06-05 16:30:58 - [TEST_STEP][PASSED] - click(findTestObject("UI/Create_team/Page_Town Square - team1 Mattermost/button_Next")): Object: 'Object Repository/UI/Create_team/Page_Town Square - team1 Mattermost/button_Next' is clicked on

2020-06-05 16:30:59 - [MESSAGE][PASSED] - Object: 'Object Repository/UI/Create_team/Page_Town Square - team1 Mattermost/button_Next' is clicked on

2020-06-05 16:30:59 - [TEST_STEP][PASSED] - click(findTestObject("UI/Create_team/Page_Town Square - team1 Mattermost/button_Finish")): Object: 'Object Repository/UI/Create_team/Page_Town Square - team1 Mattermost/button_Finish' is clicked on

2020-06-05 16:30:59 - [MESSAGE][PASSED] - Object: 'Object Repository/UI/Create_team/Page_Town Square - team1 Mattermost/button_Finish' is clicked on

2020-06-05 16:30:59 - [TEST_STEP][PASSED] - closeBrowser(): Browser is closed

2020-06-05 16:30:59 - [MESSAGE][PASSED] - Browser is closed]]></system-out>
         <system-err><![CDATA[]]></system-err>
      </testcase>
      <testcase name="Test Cases/UI/Login" time="3.837" classname="Test Cases/UI/Login" status="PASSED">
         <system-out><![CDATA[2020-06-05 16:30:59 - [TEST_CASE][PASSED] - Test Cases/UI/Login: Test Cases/UI/Login

2020-06-05 16:30:59 - [TEST_STEP][PASSED] - openBrowser(""): Browser is opened with url: ''

2020-06-05 16:30:59 - [MESSAGE][INFO] - Starting 'Chrome' driver

2020-06-05 16:30:59 - [MESSAGE][INFO] - Action delay is set to 0 milliseconds

2020-06-05 16:31:00 - [MESSAGE][PASSED] - Browser is opened with url: ''

2020-06-05 16:31:00 - [TEST_STEP][PASSED] - navigateToUrl(url): Navigate to 'http://localhost:8065/login' successfully

2020-06-05 16:31:01 - [MESSAGE][PASSED] - Navigate to 'http://localhost:8065/login' successfully

2020-06-05 16:31:01 - [TEST_STEP][PASSED] - setText(findTestObject("UI/Login/Page_Mattermost/input_All team communication in one place searchable and accessible anywhere_loginId"), email): Text 'phatvo' is set on object 'Object Repository/UI/Login/Page_Mattermost/input_All team communication in one place searchable and accessible anywhere_loginId'

2020-06-05 16:31:02 - [MESSAGE][PASSED] - Text 'phatvo' is set on object 'Object Repository/UI/Login/Page_Mattermost/input_All team communication in one place searchable and accessible anywhere_loginId'

2020-06-05 16:31:02 - [TEST_STEP][PASSED] - setEncryptedText(findTestObject("UI/Login/Page_Mattermost/input_All team communication in one place searchable and accessible anywhere_password"), password): Text ****** has been set on object 'Object Repository/UI/Login/Page_Mattermost/input_All team communication in one place searchable and accessible anywhere_password'

2020-06-05 16:31:03 - [MESSAGE][PASSED] - Text ****** has been set on object 'Object Repository/UI/Login/Page_Mattermost/input_All team communication in one place searchable and accessible anywhere_password'

2020-06-05 16:31:03 - [TEST_STEP][PASSED] - click(findTestObject("UI/Login/Page_Mattermost/button_Sign in")): Object: 'Object Repository/UI/Login/Page_Mattermost/button_Sign in' is clicked on

2020-06-05 16:31:03 - [MESSAGE][PASSED] - Object: 'Object Repository/UI/Login/Page_Mattermost/button_Sign in' is clicked on]]></system-out>
         <system-err><![CDATA[]]></system-err>
      </testcase>
      <testcase name="Test Cases/Use condition/Message_public_channel" time="7.541" classname="Test Cases/Use condition/Message_public_channel" status="PASSED">
         <system-out><![CDATA[2020-06-05 16:31:03 - [TEST_CASE][PASSED] - Test Cases/Use condition/Message_public_channel: Test Cases/Use condition/Message_public_channel

2020-06-05 16:31:03 - [TEST_STEP][PASSED] - callTestCase(findTestCase("UI/Login"), [:], STOP_ON_FAILURE): Call Test Case 'Test Cases/UI/Login' successfully

2020-06-05 16:31:03 - [TEST_CASE][PASSED] - Test Cases/UI/Login: Test Cases/UI/Login

2020-06-05 16:31:03 - [TEST_STEP][PASSED] - openBrowser(""): Browser is opened with url: ''

2020-06-05 16:31:03 - [MESSAGE][WARNING] - A browser is already opened. Closing browser and opening a new one

2020-06-05 16:31:03 - [MESSAGE][INFO] - Starting 'Chrome' driver

2020-06-05 16:31:03 - [MESSAGE][INFO] - Action delay is set to 0 milliseconds

2020-06-05 16:31:04 - [MESSAGE][PASSED] - Browser is opened with url: ''

2020-06-05 16:31:04 - [TEST_STEP][PASSED] - navigateToUrl(url): Navigate to 'http://localhost:8065/login' successfully

2020-06-05 16:31:05 - [MESSAGE][PASSED] - Navigate to 'http://localhost:8065/login' successfully

2020-06-05 16:31:05 - [TEST_STEP][PASSED] - setText(findTestObject("UI/Login/Page_Mattermost/input_All team communication in one place searchable and accessible anywhere_loginId"), email): Text 'phatvo' is set on object 'Object Repository/UI/Login/Page_Mattermost/input_All team communication in one place searchable and accessible anywhere_loginId'

2020-06-05 16:31:06 - [MESSAGE][PASSED] - Text 'phatvo' is set on object 'Object Repository/UI/Login/Page_Mattermost/input_All team communication in one place searchable and accessible anywhere_loginId'

2020-06-05 16:31:06 - [TEST_STEP][PASSED] - setEncryptedText(findTestObject("UI/Login/Page_Mattermost/input_All team communication in one place searchable and accessible anywhere_password"), password): Text ****** has been set on object 'Object Repository/UI/Login/Page_Mattermost/input_All team communication in one place searchable and accessible anywhere_password'

2020-06-05 16:31:07 - [MESSAGE][PASSED] - Text ****** has been set on object 'Object Repository/UI/Login/Page_Mattermost/input_All team communication in one place searchable and accessible anywhere_password'

2020-06-05 16:31:07 - [TEST_STEP][PASSED] - click(findTestObject("UI/Login/Page_Mattermost/button_Sign in")): Object: 'Object Repository/UI/Login/Page_Mattermost/button_Sign in' is clicked on

2020-06-05 16:31:07 - [MESSAGE][PASSED] - Object: 'Object Repository/UI/Login/Page_Mattermost/button_Sign in' is clicked on

2020-06-05 16:31:07 - [MESSAGE][INFO] - =================== Smart XPath Report =======================

2020-06-05 16:31:07 - [MESSAGE][INFO] - Refer to the link below to preview and approve auto healing on broken test objects.

2020-06-05 16:31:07 - [MESSAGE][INFO] - https://docs.katalon.com/katalon-studio/docs/auto-healing-smart-xpath.html

2020-06-05 16:31:07 - [MESSAGE][INFO] - ===============================================================

2020-06-05 16:31:07 - [MESSAGE][PASSED] - Call Test Case 'Test Cases/UI/Login' successfully

2020-06-05 16:31:07 - [TEST_STEP][PASSED] - click(findTestObject("Use loop/Message_public_channel/Page_channel - hp Mattermost/span_Town Square")): Object: 'Object Repository/Use loop/Message_public_channel/Page_channel - hp Mattermost/span_Town Square' is clicked on

2020-06-05 16:31:09 - [MESSAGE][PASSED] - Object: 'Object Repository/Use loop/Message_public_channel/Page_channel - hp Mattermost/span_Town Square' is clicked on

2020-06-05 16:31:09 - [TEST_STEP][PASSED] - setText(findTestObject("Use loop/Message_public_channel/Page_channel - hp Mattermost/textarea_Write to channel_post_textbox"), message): Text 'haha' is set on object 'Object Repository/Use loop/Message_public_channel/Page_channel - hp Mattermost/textarea_Write to channel_post_textbox'

2020-06-05 16:31:10 - [MESSAGE][PASSED] - Text 'haha' is set on object 'Object Repository/Use loop/Message_public_channel/Page_channel - hp Mattermost/textarea_Write to channel_post_textbox'

2020-06-05 16:31:10 - [TEST_STEP][PASSED] - if (message == "haha"): Keys 'ENTER + ' sent to object: 'Object Repository/Use loop/Message_public_channel/Page_channel - hp Mattermost/textarea_Write to channel_post_textbox'

2020-06-05 16:31:10 - [TEST_STEP][PASSED] - sendKeys(findTestObject("Use loop/Message_public_channel/Page_channel - hp Mattermost/textarea_Write to channel_post_textbox"), Keys.chord(ENTER)): Keys 'ENTER + ' sent to object: 'Object Repository/Use loop/Message_public_channel/Page_channel - hp Mattermost/textarea_Write to channel_post_textbox'

2020-06-05 16:31:11 - [MESSAGE][PASSED] - Keys 'ENTER + ' sent to object: 'Object Repository/Use loop/Message_public_channel/Page_channel - hp Mattermost/textarea_Write to channel_post_textbox'

2020-06-05 16:31:11 - [TEST_STEP][PASSED] - closeBrowser(): Browser is closed

2020-06-05 16:31:11 - [MESSAGE][PASSED] - Browser is closed]]></system-out>
         <system-err><![CDATA[]]></system-err>
      </testcase>
      <testcase name="Test Cases/Use condition/Create_public_channel" time="49.657" classname="Test Cases/Use condition/Create_public_channel" status="FAILED">
         <failure type="FAILED" message="Test Cases/Use condition/Create_public_channel FAILED.
Reason:
com.kms.katalon.core.exception.StepFailedException: Unable to click on object 'Object Repository/UI/Create_public_channel/Page_Town Square - hp Mattermost/span_'
	at com.kms.katalon.core.webui.keyword.internal.WebUIKeywordMain.stepFailed(WebUIKeywordMain.groovy:64)
	at com.kms.katalon.core.webui.keyword.internal.WebUIKeywordMain.runKeyword(WebUIKeywordMain.groovy:26)
	at com.kms.katalon.core.webui.keyword.builtin.ClickKeyword.click(ClickKeyword.groovy:76)
	at com.kms.katalon.core.webui.keyword.builtin.ClickKeyword.execute(ClickKeyword.groovy:43)
	at com.kms.katalon.core.keyword.internal.KeywordExecutor.executeKeywordForPlatform(KeywordExecutor.groovy:72)
	at com.kms.katalon.core.webui.keyword.WebUiBuiltInKeywords.click(WebUiBuiltInKeywords.groovy:616)
	at com.kms.katalon.core.webui.keyword.WebUiBuiltInKeywords$click$3.call(Unknown Source)
	at Create_public_channel.run(Create_public_channel:21)
	at com.kms.katalon.core.main.ScriptEngine.run(ScriptEngine.java:194)
	at com.kms.katalon.core.main.ScriptEngine.runScriptAsRawText(ScriptEngine.java:119)
	at com.kms.katalon.core.main.TestCaseExecutor.runScript(TestCaseExecutor.java:337)
	at com.kms.katalon.core.main.TestCaseExecutor.doExecute(TestCaseExecutor.java:328)
	at com.kms.katalon.core.main.TestCaseExecutor.processExecutionPhase(TestCaseExecutor.java:307)
	at com.kms.katalon.core.main.TestCaseExecutor.accessMainPhase(TestCaseExecutor.java:299)
	at com.kms.katalon.core.main.TestCaseExecutor.execute(TestCaseExecutor.java:233)
	at com.kms.katalon.core.main.TestSuiteExecutor.accessTestCaseMainPhase(TestSuiteExecutor.java:169)
	at com.kms.katalon.core.main.TestSuiteExecutor.accessTestSuiteMainPhase(TestSuiteExecutor.java:142)
	at com.kms.katalon.core.main.TestSuiteExecutor.execute(TestSuiteExecutor.java:91)
	at com.kms.katalon.core.main.TestCaseMain.startTestSuite(TestCaseMain.java:157)
	at com.kms.katalon.core.main.TestCaseMain$startTestSuite$0.call(Unknown Source)
	at TempTestSuite1591348990827.run(TempTestSuite1591348990827.groovy:37)
Caused by: com.kms.katalon.core.webui.exception.WebElementNotFoundException: Web element with id: 'Object Repository/UI/Create_public_channel/Page_Town Square - hp Mattermost/span_' located by 'By.xpath: //button[@id='createPublicChannel']/span' not found
	at com.kms.katalon.core.webui.common.WebUiCommonHelper.findWebElement(WebUiCommonHelper.java:1154)
	at com.kms.katalon.core.webui.keyword.internal.WebUIAbstractKeyword.findWebElement(WebUIAbstractKeyword.groovy:27)
	at com.kms.katalon.core.webui.keyword.internal.WebUIAbstractKeyword.findWebElement(WebUIAbstractKeyword.groovy:26)
	at com.kms.katalon.core.webui.keyword.builtin.ClickKeyword$_click_closure1.doCall(ClickKeyword.groovy:67)
	at com.kms.katalon.core.webui.keyword.builtin.ClickKeyword$_click_closure1.call(ClickKeyword.groovy)
	at com.kms.katalon.core.webui.keyword.internal.WebUIKeywordMain.runKeyword(WebUIKeywordMain.groovy:20)
	... 19 more
"/>
         <system-out><![CDATA[2020-06-05 16:31:11 - [TEST_CASE][FAILED] - Test Cases/Use condition/Create_public_channel: Test Cases/Use condition/Create_public_channel FAILED.
Reason:
com.kms.katalon.core.exception.StepFailedException: Unable to click on object 'Object Repository/UI/Create_public_channel/Page_Town Square - hp Mattermost/span_'
	at com.kms.katalon.core.webui.keyword.internal.WebUIKeywordMain.stepFailed(WebUIKeywordMain.groovy:64)
	at com.kms.katalon.core.webui.keyword.internal.WebUIKeywordMain.runKeyword(WebUIKeywordMain.groovy:26)
	at com.kms.katalon.core.webui.keyword.builtin.ClickKeyword.click(ClickKeyword.groovy:76)
	at com.kms.katalon.core.webui.keyword.builtin.ClickKeyword.execute(ClickKeyword.groovy:43)
	at com.kms.katalon.core.keyword.internal.KeywordExecutor.executeKeywordForPlatform(KeywordExecutor.groovy:72)
	at com.kms.katalon.core.webui.keyword.WebUiBuiltInKeywords.click(WebUiBuiltInKeywords.groovy:616)
	at com.kms.katalon.core.webui.keyword.WebUiBuiltInKeywords$click$3.call(Unknown Source)
	at Create_public_channel.run(Create_public_channel:21)
	at com.kms.katalon.core.main.ScriptEngine.run(ScriptEngine.java:194)
	at com.kms.katalon.core.main.ScriptEngine.runScriptAsRawText(ScriptEngine.java:119)
	at com.kms.katalon.core.main.TestCaseExecutor.runScript(TestCaseExecutor.java:337)
	at com.kms.katalon.core.main.TestCaseExecutor.doExecute(TestCaseExecutor.java:328)
	at com.kms.katalon.core.main.TestCaseExecutor.processExecutionPhase(TestCaseExecutor.java:307)
	at com.kms.katalon.core.main.TestCaseExecutor.accessMainPhase(TestCaseExecutor.java:299)
	at com.kms.katalon.core.main.TestCaseExecutor.execute(TestCaseExecutor.java:233)
	at com.kms.katalon.core.main.TestSuiteExecutor.accessTestCaseMainPhase(TestSuiteExecutor.java:169)
	at com.kms.katalon.core.main.TestSuiteExecutor.accessTestSuiteMainPhase(TestSuiteExecutor.java:142)
	at com.kms.katalon.core.main.TestSuiteExecutor.execute(TestSuiteExecutor.java:91)
	at com.kms.katalon.core.main.TestCaseMain.startTestSuite(TestCaseMain.java:157)
	at com.kms.katalon.core.main.TestCaseMain$startTestSuite$0.call(Unknown Source)
	at TempTestSuite1591348990827.run(TempTestSuite1591348990827.groovy:37)
Caused by: com.kms.katalon.core.webui.exception.WebElementNotFoundException: Web element with id: 'Object Repository/UI/Create_public_channel/Page_Town Square - hp Mattermost/span_' located by 'By.xpath: //button[@id='createPublicChannel']/span' not found
	at com.kms.katalon.core.webui.common.WebUiCommonHelper.findWebElement(WebUiCommonHelper.java:1154)
	at com.kms.katalon.core.webui.keyword.internal.WebUIAbstractKeyword.findWebElement(WebUIAbstractKeyword.groovy:27)
	at com.kms.katalon.core.webui.keyword.internal.WebUIAbstractKeyword.findWebElement(WebUIAbstractKeyword.groovy:26)
	at com.kms.katalon.core.webui.keyword.builtin.ClickKeyword$_click_closure1.doCall(ClickKeyword.groovy:67)
	at com.kms.katalon.core.webui.keyword.builtin.ClickKeyword$_click_closure1.call(ClickKeyword.groovy)
	at com.kms.katalon.core.webui.keyword.internal.WebUIKeywordMain.runKeyword(WebUIKeywordMain.groovy:20)
	... 19 more


2020-06-05 16:31:11 - [TEST_STEP][PASSED] - callTestCase(findTestCase("UI/Login"), [:], STOP_ON_FAILURE): Call Test Case 'Test Cases/UI/Login' successfully

2020-06-05 16:31:11 - [TEST_CASE][PASSED] - Test Cases/UI/Login: Test Cases/UI/Login

2020-06-05 16:31:11 - [TEST_STEP][PASSED] - openBrowser(""): Browser is opened with url: ''

2020-06-05 16:31:11 - [MESSAGE][INFO] - Starting 'Chrome' driver

2020-06-05 16:31:11 - [MESSAGE][INFO] - Action delay is set to 0 milliseconds

2020-06-05 16:31:11 - [MESSAGE][PASSED] - Browser is opened with url: ''

2020-06-05 16:31:11 - [TEST_STEP][PASSED] - navigateToUrl(url): Navigate to 'http://localhost:8065/login' successfully

2020-06-05 16:31:12 - [MESSAGE][PASSED] - Navigate to 'http://localhost:8065/login' successfully

2020-06-05 16:31:12 - [TEST_STEP][PASSED] - setText(findTestObject("UI/Login/Page_Mattermost/input_All team communication in one place searchable and accessible anywhere_loginId"), email): Text 'phatvo' is set on object 'Object Repository/UI/Login/Page_Mattermost/input_All team communication in one place searchable and accessible anywhere_loginId'

2020-06-05 16:31:14 - [MESSAGE][PASSED] - Text 'phatvo' is set on object 'Object Repository/UI/Login/Page_Mattermost/input_All team communication in one place searchable and accessible anywhere_loginId'

2020-06-05 16:31:14 - [TEST_STEP][PASSED] - setEncryptedText(findTestObject("UI/Login/Page_Mattermost/input_All team communication in one place searchable and accessible anywhere_password"), password): Text ****** has been set on object 'Object Repository/UI/Login/Page_Mattermost/input_All team communication in one place searchable and accessible anywhere_password'

2020-06-05 16:31:14 - [MESSAGE][PASSED] - Text ****** has been set on object 'Object Repository/UI/Login/Page_Mattermost/input_All team communication in one place searchable and accessible anywhere_password'

2020-06-05 16:31:14 - [TEST_STEP][PASSED] - click(findTestObject("UI/Login/Page_Mattermost/button_Sign in")): Object: 'Object Repository/UI/Login/Page_Mattermost/button_Sign in' is clicked on

2020-06-05 16:31:15 - [MESSAGE][PASSED] - Object: 'Object Repository/UI/Login/Page_Mattermost/button_Sign in' is clicked on

2020-06-05 16:31:15 - [MESSAGE][INFO] - =================== Smart XPath Report =======================

2020-06-05 16:31:15 - [MESSAGE][INFO] - Refer to the link below to preview and approve auto healing on broken test objects.

2020-06-05 16:31:15 - [MESSAGE][INFO] - https://docs.katalon.com/katalon-studio/docs/auto-healing-smart-xpath.html

2020-06-05 16:31:15 - [MESSAGE][INFO] - ===============================================================

2020-06-05 16:31:15 - [MESSAGE][PASSED] - Call Test Case 'Test Cases/UI/Login' successfully

2020-06-05 16:31:15 - [TEST_STEP][FAILED] - click(findTestObject("UI/Create_public_channel/Page_Town Square - hp Mattermost/span_")): Unable to click on object 'Object Repository/UI/Create_public_channel/Page_Town Square - hp Mattermost/span_' (Root cause: com.kms.katalon.core.exception.StepFailedException: Unable to click on object 'Object Repository/UI/Create_public_channel/Page_Town Square - hp Mattermost/span_'
	at com.kms.katalon.core.webui.keyword.internal.WebUIKeywordMain.stepFailed(WebUIKeywordMain.groovy:64)
	at com.kms.katalon.core.webui.keyword.internal.WebUIKeywordMain.runKeyword(WebUIKeywordMain.groovy:26)
	at com.kms.katalon.core.webui.keyword.builtin.ClickKeyword.click(ClickKeyword.groovy:76)
	at com.kms.katalon.core.webui.keyword.builtin.ClickKeyword.execute(ClickKeyword.groovy:43)
	at com.kms.katalon.core.keyword.internal.KeywordExecutor.executeKeywordForPlatform(KeywordExecutor.groovy:72)
	at com.kms.katalon.core.webui.keyword.WebUiBuiltInKeywords.click(WebUiBuiltInKeywords.groovy:616)
	at com.kms.katalon.core.webui.keyword.WebUiBuiltInKeywords$click$3.call(Unknown Source)
	at Create_public_channel.run(Create_public_channel:21)
	at com.kms.katalon.core.main.ScriptEngine.run(ScriptEngine.java:194)
	at com.kms.katalon.core.main.ScriptEngine.runScriptAsRawText(ScriptEngine.java:119)
	at com.kms.katalon.core.main.TestCaseExecutor.runScript(TestCaseExecutor.java:337)
	at com.kms.katalon.core.main.TestCaseExecutor.doExecute(TestCaseExecutor.java:328)
	at com.kms.katalon.core.main.TestCaseExecutor.processExecutionPhase(TestCaseExecutor.java:307)
	at com.kms.katalon.core.main.TestCaseExecutor.accessMainPhase(TestCaseExecutor.java:299)
	at com.kms.katalon.core.main.TestCaseExecutor.execute(TestCaseExecutor.java:233)
	at com.kms.katalon.core.main.TestSuiteExecutor.accessTestCaseMainPhase(TestSuiteExecutor.java:169)
	at com.kms.katalon.core.main.TestSuiteExecutor.accessTestSuiteMainPhase(TestSuiteExecutor.java:142)
	at com.kms.katalon.core.main.TestSuiteExecutor.execute(TestSuiteExecutor.java:91)
	at com.kms.katalon.core.main.TestCaseMain.startTestSuite(TestCaseMain.java:157)
	at com.kms.katalon.core.main.TestCaseMain$startTestSuite$0.call(Unknown Source)
	at TempTestSuite1591348990827.run(TempTestSuite1591348990827.groovy:37)
Caused by: com.kms.katalon.core.webui.exception.WebElementNotFoundException: Web element with id: 'Object Repository/UI/Create_public_channel/Page_Town Square - hp Mattermost/span_' located by 'By.xpath: //button[@id='createPublicChannel']/span' not found
	at com.kms.katalon.core.webui.common.WebUiCommonHelper.findWebElement(WebUiCommonHelper.java:1154)
	at com.kms.katalon.core.webui.keyword.internal.WebUIAbstractKeyword.findWebElement(WebUIAbstractKeyword.groovy:27)
	at com.kms.katalon.core.webui.keyword.internal.WebUIAbstractKeyword.findWebElement(WebUIAbstractKeyword.groovy:26)
	at com.kms.katalon.core.webui.keyword.builtin.ClickKeyword$_click_closure1.doCall(ClickKeyword.groovy:67)
	at com.kms.katalon.core.webui.keyword.builtin.ClickKeyword$_click_closure1.call(ClickKeyword.groovy)
	at com.kms.katalon.core.webui.keyword.internal.WebUIKeywordMain.runKeyword(WebUIKeywordMain.groovy:20)
	at com.kms.katalon.core.webui.keyword.builtin.ClickKeyword.click(ClickKeyword.groovy:76)
	at com.kms.katalon.core.webui.keyword.builtin.ClickKeyword.execute(ClickKeyword.groovy:43)
	at com.kms.katalon.core.keyword.internal.KeywordExecutor.executeKeywordForPlatform(KeywordExecutor.groovy:72)
	at com.kms.katalon.core.webui.keyword.WebUiBuiltInKeywords.click(WebUiBuiltInKeywords.groovy:616)
	at com.kms.katalon.core.webui.keyword.WebUiBuiltInKeywords$click$3.call(Unknown Source)
	at Script1591341375883.run(Script1591341375883.groovy:21)
	... 13 more
)

2020-06-05 16:31:59 - [MESSAGE][INFO] - Unable to find the element located by 'By.xpath: //button[@id='createPublicChannel']/span'. Please recheck the objects properties to make sure the desired element is located. 

2020-06-05 16:31:59 - [MESSAGE][INFO] - [SMART_XPATH] Auto-trying out other XPath values in the test object.

2020-06-05 16:31:59 - [MESSAGE][INFO] - [SMART_XPATH] FAILED XPATH: '//button[@id='createPublicChannel']/span'.

2020-06-05 16:31:59 - [MESSAGE][INFO] - [SMART_XPATH] FAILED XPATH: ''.

2020-06-05 16:31:59 - [MESSAGE][INFO] - [SMART_XPATH] FAILED XPATH: ''.

2020-06-05 16:32:00 - [MESSAGE][INFO] - [SMART_XPATH] FAILED XPATH: ''.

2020-06-05 16:32:00 - [MESSAGE][INFO] - [SMART_XPATH] FAILED XPATH: ''.

2020-06-05 16:32:00 - [MESSAGE][INFO] - [SMART_XPATH] FAILED XPATH: ''.

2020-06-05 16:32:00 - [MESSAGE][INFO] - [SMART_XPATH] FAILED XPATH: ''.

2020-06-05 16:32:00 - [MESSAGE][INFO] - [SMART_XPATH] No working XPath is found.

2020-06-05 16:32:00 - [MESSAGE][FAILED] - Unable to click on object 'Object Repository/UI/Create_public_channel/Page_Town Square - hp Mattermost/span_' (Root cause: com.kms.katalon.core.exception.StepFailedException: Unable to click on object 'Object Repository/UI/Create_public_channel/Page_Town Square - hp Mattermost/span_'
	at com.kms.katalon.core.webui.keyword.internal.WebUIKeywordMain.stepFailed(WebUIKeywordMain.groovy:64)
	at com.kms.katalon.core.webui.keyword.internal.WebUIKeywordMain.runKeyword(WebUIKeywordMain.groovy:26)
	at com.kms.katalon.core.webui.keyword.builtin.ClickKeyword.click(ClickKeyword.groovy:76)
	at com.kms.katalon.core.webui.keyword.builtin.ClickKeyword.execute(ClickKeyword.groovy:43)
	at com.kms.katalon.core.keyword.internal.KeywordExecutor.executeKeywordForPlatform(KeywordExecutor.groovy:72)
	at com.kms.katalon.core.webui.keyword.WebUiBuiltInKeywords.click(WebUiBuiltInKeywords.groovy:616)
	at com.kms.katalon.core.webui.keyword.WebUiBuiltInKeywords$click$3.call(Unknown Source)
	at Create_public_channel.run(Create_public_channel:21)
	at com.kms.katalon.core.main.ScriptEngine.run(ScriptEngine.java:194)
	at com.kms.katalon.core.main.ScriptEngine.runScriptAsRawText(ScriptEngine.java:119)
	at com.kms.katalon.core.main.TestCaseExecutor.runScript(TestCaseExecutor.java:337)
	at com.kms.katalon.core.main.TestCaseExecutor.doExecute(TestCaseExecutor.java:328)
	at com.kms.katalon.core.main.TestCaseExecutor.processExecutionPhase(TestCaseExecutor.java:307)
	at com.kms.katalon.core.main.TestCaseExecutor.accessMainPhase(TestCaseExecutor.java:299)
	at com.kms.katalon.core.main.TestCaseExecutor.execute(TestCaseExecutor.java:233)
	at com.kms.katalon.core.main.TestSuiteExecutor.accessTestCaseMainPhase(TestSuiteExecutor.java:169)
	at com.kms.katalon.core.main.TestSuiteExecutor.accessTestSuiteMainPhase(TestSuiteExecutor.java:142)
	at com.kms.katalon.core.main.TestSuiteExecutor.execute(TestSuiteExecutor.java:91)
	at com.kms.katalon.core.main.TestCaseMain.startTestSuite(TestCaseMain.java:157)
	at com.kms.katalon.core.main.TestCaseMain$startTestSuite$0.call(Unknown Source)
	at TempTestSuite1591348990827.run(TempTestSuite1591348990827.groovy:37)
Caused by: com.kms.katalon.core.webui.exception.WebElementNotFoundException: Web element with id: 'Object Repository/UI/Create_public_channel/Page_Town Square - hp Mattermost/span_' located by 'By.xpath: //button[@id='createPublicChannel']/span' not found
	at com.kms.katalon.core.webui.common.WebUiCommonHelper.findWebElement(WebUiCommonHelper.java:1154)
	at com.kms.katalon.core.webui.keyword.internal.WebUIAbstractKeyword.findWebElement(WebUIAbstractKeyword.groovy:27)
	at com.kms.katalon.core.webui.keyword.internal.WebUIAbstractKeyword.findWebElement(WebUIAbstractKeyword.groovy:26)
	at com.kms.katalon.core.webui.keyword.builtin.ClickKeyword$_click_closure1.doCall(ClickKeyword.groovy:67)
	at com.kms.katalon.core.webui.keyword.builtin.ClickKeyword$_click_closure1.call(ClickKeyword.groovy)
	at com.kms.katalon.core.webui.keyword.internal.WebUIKeywordMain.runKeyword(WebUIKeywordMain.groovy:20)
	at com.kms.katalon.core.webui.keyword.builtin.ClickKeyword.click(ClickKeyword.groovy:76)
	at com.kms.katalon.core.webui.keyword.builtin.ClickKeyword.execute(ClickKeyword.groovy:43)
	at com.kms.katalon.core.keyword.internal.KeywordExecutor.executeKeywordForPlatform(KeywordExecutor.groovy:72)
	at com.kms.katalon.core.webui.keyword.WebUiBuiltInKeywords.click(WebUiBuiltInKeywords.groovy:616)
	at com.kms.katalon.core.webui.keyword.WebUiBuiltInKeywords$click$3.call(Unknown Source)
	at Script1591341375883.run(Script1591341375883.groovy:21)
	... 13 more
)
[[ATTACHMENT|/home/phat/Downloads/katalon/mattermost-webapp/Reports/20200605_162310/Run all test cases/20200605_162310/1591349520789.png]]]]></system-out>
         <system-err><![CDATA[2020-06-05 16:31:11 - [TEST_CASE][FAILED] - Test Cases/Use condition/Create_public_channel: Test Cases/Use condition/Create_public_channel FAILED.
Reason:
com.kms.katalon.core.exception.StepFailedException: Unable to click on object 'Object Repository/UI/Create_public_channel/Page_Town Square - hp Mattermost/span_'
	at com.kms.katalon.core.webui.keyword.internal.WebUIKeywordMain.stepFailed(WebUIKeywordMain.groovy:64)
	at com.kms.katalon.core.webui.keyword.internal.WebUIKeywordMain.runKeyword(WebUIKeywordMain.groovy:26)
	at com.kms.katalon.core.webui.keyword.builtin.ClickKeyword.click(ClickKeyword.groovy:76)
	at com.kms.katalon.core.webui.keyword.builtin.ClickKeyword.execute(ClickKeyword.groovy:43)
	at com.kms.katalon.core.keyword.internal.KeywordExecutor.executeKeywordForPlatform(KeywordExecutor.groovy:72)
	at com.kms.katalon.core.webui.keyword.WebUiBuiltInKeywords.click(WebUiBuiltInKeywords.groovy:616)
	at com.kms.katalon.core.webui.keyword.WebUiBuiltInKeywords$click$3.call(Unknown Source)
	at Create_public_channel.run(Create_public_channel:21)
	at com.kms.katalon.core.main.ScriptEngine.run(ScriptEngine.java:194)
	at com.kms.katalon.core.main.ScriptEngine.runScriptAsRawText(ScriptEngine.java:119)
	at com.kms.katalon.core.main.TestCaseExecutor.runScript(TestCaseExecutor.java:337)
	at com.kms.katalon.core.main.TestCaseExecutor.doExecute(TestCaseExecutor.java:328)
	at com.kms.katalon.core.main.TestCaseExecutor.processExecutionPhase(TestCaseExecutor.java:307)
	at com.kms.katalon.core.main.TestCaseExecutor.accessMainPhase(TestCaseExecutor.java:299)
	at com.kms.katalon.core.main.TestCaseExecutor.execute(TestCaseExecutor.java:233)
	at com.kms.katalon.core.main.TestSuiteExecutor.accessTestCaseMainPhase(TestSuiteExecutor.java:169)
	at com.kms.katalon.core.main.TestSuiteExecutor.accessTestSuiteMainPhase(TestSuiteExecutor.java:142)
	at com.kms.katalon.core.main.TestSuiteExecutor.execute(TestSuiteExecutor.java:91)
	at com.kms.katalon.core.main.TestCaseMain.startTestSuite(TestCaseMain.java:157)
	at com.kms.katalon.core.main.TestCaseMain$startTestSuite$0.call(Unknown Source)
	at TempTestSuite1591348990827.run(TempTestSuite1591348990827.groovy:37)
Caused by: com.kms.katalon.core.webui.exception.WebElementNotFoundException: Web element with id: 'Object Repository/UI/Create_public_channel/Page_Town Square - hp Mattermost/span_' located by 'By.xpath: //button[@id='createPublicChannel']/span' not found
	at com.kms.katalon.core.webui.common.WebUiCommonHelper.findWebElement(WebUiCommonHelper.java:1154)
	at com.kms.katalon.core.webui.keyword.internal.WebUIAbstractKeyword.findWebElement(WebUIAbstractKeyword.groovy:27)
	at com.kms.katalon.core.webui.keyword.internal.WebUIAbstractKeyword.findWebElement(WebUIAbstractKeyword.groovy:26)
	at com.kms.katalon.core.webui.keyword.builtin.ClickKeyword$_click_closure1.doCall(ClickKeyword.groovy:67)
	at com.kms.katalon.core.webui.keyword.builtin.ClickKeyword$_click_closure1.call(ClickKeyword.groovy)
	at com.kms.katalon.core.webui.keyword.internal.WebUIKeywordMain.runKeyword(WebUIKeywordMain.groovy:20)
	... 19 more]]></system-err>
      </testcase>
      <testcase name="Test Cases/Use condition/Create_private_channel" time="49.452" classname="Test Cases/Use condition/Create_private_channel" status="FAILED">
         <failure type="FAILED" message="Test Cases/Use condition/Create_private_channel FAILED.
Reason:
com.kms.katalon.core.exception.StepFailedException: Unable to click on object 'Object Repository/UI/Create_private_channel/Page_Town Square - hp Mattermost/span_'
	at com.kms.katalon.core.webui.keyword.internal.WebUIKeywordMain.stepFailed(WebUIKeywordMain.groovy:64)
	at com.kms.katalon.core.webui.keyword.internal.WebUIKeywordMain.runKeyword(WebUIKeywordMain.groovy:26)
	at com.kms.katalon.core.webui.keyword.builtin.ClickKeyword.click(ClickKeyword.groovy:76)
	at com.kms.katalon.core.webui.keyword.builtin.ClickKeyword.execute(ClickKeyword.groovy:43)
	at com.kms.katalon.core.keyword.internal.KeywordExecutor.executeKeywordForPlatform(KeywordExecutor.groovy:72)
	at com.kms.katalon.core.webui.keyword.WebUiBuiltInKeywords.click(WebUiBuiltInKeywords.groovy:616)
	at com.kms.katalon.core.webui.keyword.WebUiBuiltInKeywords$click$3.call(Unknown Source)
	at Create_private_channel.run(Create_private_channel:20)
	at com.kms.katalon.core.main.ScriptEngine.run(ScriptEngine.java:194)
	at com.kms.katalon.core.main.ScriptEngine.runScriptAsRawText(ScriptEngine.java:119)
	at com.kms.katalon.core.main.TestCaseExecutor.runScript(TestCaseExecutor.java:337)
	at com.kms.katalon.core.main.TestCaseExecutor.doExecute(TestCaseExecutor.java:328)
	at com.kms.katalon.core.main.TestCaseExecutor.processExecutionPhase(TestCaseExecutor.java:307)
	at com.kms.katalon.core.main.TestCaseExecutor.accessMainPhase(TestCaseExecutor.java:299)
	at com.kms.katalon.core.main.TestCaseExecutor.execute(TestCaseExecutor.java:233)
	at com.kms.katalon.core.main.TestSuiteExecutor.accessTestCaseMainPhase(TestSuiteExecutor.java:169)
	at com.kms.katalon.core.main.TestSuiteExecutor.accessTestSuiteMainPhase(TestSuiteExecutor.java:142)
	at com.kms.katalon.core.main.TestSuiteExecutor.execute(TestSuiteExecutor.java:91)
	at com.kms.katalon.core.main.TestCaseMain.startTestSuite(TestCaseMain.java:157)
	at com.kms.katalon.core.main.TestCaseMain$startTestSuite$0.call(Unknown Source)
	at TempTestSuite1591348990827.run(TempTestSuite1591348990827.groovy:37)
Caused by: com.kms.katalon.core.webui.exception.WebElementNotFoundException: Web element with id: 'Object Repository/UI/Create_private_channel/Page_Town Square - hp Mattermost/span_' located by 'By.xpath: //button[@id='createPrivateChannel']/span' not found
	at com.kms.katalon.core.webui.common.WebUiCommonHelper.findWebElement(WebUiCommonHelper.java:1154)
	at com.kms.katalon.core.webui.keyword.internal.WebUIAbstractKeyword.findWebElement(WebUIAbstractKeyword.groovy:27)
	at com.kms.katalon.core.webui.keyword.internal.WebUIAbstractKeyword.findWebElement(WebUIAbstractKeyword.groovy:26)
	at com.kms.katalon.core.webui.keyword.builtin.ClickKeyword$_click_closure1.doCall(ClickKeyword.groovy:67)
	at com.kms.katalon.core.webui.keyword.builtin.ClickKeyword$_click_closure1.call(ClickKeyword.groovy)
	at com.kms.katalon.core.webui.keyword.internal.WebUIKeywordMain.runKeyword(WebUIKeywordMain.groovy:20)
	... 19 more
"/>
         <system-out><![CDATA[2020-06-05 16:32:00 - [TEST_CASE][FAILED] - Test Cases/Use condition/Create_private_channel: Test Cases/Use condition/Create_private_channel FAILED.
Reason:
com.kms.katalon.core.exception.StepFailedException: Unable to click on object 'Object Repository/UI/Create_private_channel/Page_Town Square - hp Mattermost/span_'
	at com.kms.katalon.core.webui.keyword.internal.WebUIKeywordMain.stepFailed(WebUIKeywordMain.groovy:64)
	at com.kms.katalon.core.webui.keyword.internal.WebUIKeywordMain.runKeyword(WebUIKeywordMain.groovy:26)
	at com.kms.katalon.core.webui.keyword.builtin.ClickKeyword.click(ClickKeyword.groovy:76)
	at com.kms.katalon.core.webui.keyword.builtin.ClickKeyword.execute(ClickKeyword.groovy:43)
	at com.kms.katalon.core.keyword.internal.KeywordExecutor.executeKeywordForPlatform(KeywordExecutor.groovy:72)
	at com.kms.katalon.core.webui.keyword.WebUiBuiltInKeywords.click(WebUiBuiltInKeywords.groovy:616)
	at com.kms.katalon.core.webui.keyword.WebUiBuiltInKeywords$click$3.call(Unknown Source)
	at Create_private_channel.run(Create_private_channel:20)
	at com.kms.katalon.core.main.ScriptEngine.run(ScriptEngine.java:194)
	at com.kms.katalon.core.main.ScriptEngine.runScriptAsRawText(ScriptEngine.java:119)
	at com.kms.katalon.core.main.TestCaseExecutor.runScript(TestCaseExecutor.java:337)
	at com.kms.katalon.core.main.TestCaseExecutor.doExecute(TestCaseExecutor.java:328)
	at com.kms.katalon.core.main.TestCaseExecutor.processExecutionPhase(TestCaseExecutor.java:307)
	at com.kms.katalon.core.main.TestCaseExecutor.accessMainPhase(TestCaseExecutor.java:299)
	at com.kms.katalon.core.main.TestCaseExecutor.execute(TestCaseExecutor.java:233)
	at com.kms.katalon.core.main.TestSuiteExecutor.accessTestCaseMainPhase(TestSuiteExecutor.java:169)
	at com.kms.katalon.core.main.TestSuiteExecutor.accessTestSuiteMainPhase(TestSuiteExecutor.java:142)
	at com.kms.katalon.core.main.TestSuiteExecutor.execute(TestSuiteExecutor.java:91)
	at com.kms.katalon.core.main.TestCaseMain.startTestSuite(TestCaseMain.java:157)
	at com.kms.katalon.core.main.TestCaseMain$startTestSuite$0.call(Unknown Source)
	at TempTestSuite1591348990827.run(TempTestSuite1591348990827.groovy:37)
Caused by: com.kms.katalon.core.webui.exception.WebElementNotFoundException: Web element with id: 'Object Repository/UI/Create_private_channel/Page_Town Square - hp Mattermost/span_' located by 'By.xpath: //button[@id='createPrivateChannel']/span' not found
	at com.kms.katalon.core.webui.common.WebUiCommonHelper.findWebElement(WebUiCommonHelper.java:1154)
	at com.kms.katalon.core.webui.keyword.internal.WebUIAbstractKeyword.findWebElement(WebUIAbstractKeyword.groovy:27)
	at com.kms.katalon.core.webui.keyword.internal.WebUIAbstractKeyword.findWebElement(WebUIAbstractKeyword.groovy:26)
	at com.kms.katalon.core.webui.keyword.builtin.ClickKeyword$_click_closure1.doCall(ClickKeyword.groovy:67)
	at com.kms.katalon.core.webui.keyword.builtin.ClickKeyword$_click_closure1.call(ClickKeyword.groovy)
	at com.kms.katalon.core.webui.keyword.internal.WebUIKeywordMain.runKeyword(WebUIKeywordMain.groovy:20)
	... 19 more


2020-06-05 16:32:00 - [TEST_STEP][PASSED] - callTestCase(findTestCase("UI/Login"), [:], STOP_ON_FAILURE): Call Test Case 'Test Cases/UI/Login' successfully

2020-06-05 16:32:01 - [TEST_CASE][PASSED] - Test Cases/UI/Login: Test Cases/UI/Login

2020-06-05 16:32:01 - [TEST_STEP][PASSED] - openBrowser(""): Browser is opened with url: ''

2020-06-05 16:32:01 - [MESSAGE][WARNING] - A browser is already opened. Closing browser and opening a new one

2020-06-05 16:32:01 - [MESSAGE][INFO] - Starting 'Chrome' driver

2020-06-05 16:32:01 - [MESSAGE][INFO] - Action delay is set to 0 milliseconds

2020-06-05 16:32:01 - [MESSAGE][PASSED] - Browser is opened with url: ''

2020-06-05 16:32:01 - [TEST_STEP][PASSED] - navigateToUrl(url): Navigate to 'http://localhost:8065/login' successfully

2020-06-05 16:32:02 - [MESSAGE][PASSED] - Navigate to 'http://localhost:8065/login' successfully

2020-06-05 16:32:02 - [TEST_STEP][PASSED] - setText(findTestObject("UI/Login/Page_Mattermost/input_All team communication in one place searchable and accessible anywhere_loginId"), email): Text 'phatvo' is set on object 'Object Repository/UI/Login/Page_Mattermost/input_All team communication in one place searchable and accessible anywhere_loginId'

2020-06-05 16:32:03 - [MESSAGE][PASSED] - Text 'phatvo' is set on object 'Object Repository/UI/Login/Page_Mattermost/input_All team communication in one place searchable and accessible anywhere_loginId'

2020-06-05 16:32:03 - [TEST_STEP][PASSED] - setEncryptedText(findTestObject("UI/Login/Page_Mattermost/input_All team communication in one place searchable and accessible anywhere_password"), password): Text ****** has been set on object 'Object Repository/UI/Login/Page_Mattermost/input_All team communication in one place searchable and accessible anywhere_password'

2020-06-05 16:32:04 - [MESSAGE][PASSED] - Text ****** has been set on object 'Object Repository/UI/Login/Page_Mattermost/input_All team communication in one place searchable and accessible anywhere_password'

2020-06-05 16:32:04 - [TEST_STEP][PASSED] - click(findTestObject("UI/Login/Page_Mattermost/button_Sign in")): Object: 'Object Repository/UI/Login/Page_Mattermost/button_Sign in' is clicked on

2020-06-05 16:32:04 - [MESSAGE][PASSED] - Object: 'Object Repository/UI/Login/Page_Mattermost/button_Sign in' is clicked on

2020-06-05 16:32:04 - [MESSAGE][INFO] - =================== Smart XPath Report =======================

2020-06-05 16:32:04 - [MESSAGE][INFO] - Refer to the link below to preview and approve auto healing on broken test objects.

2020-06-05 16:32:04 - [MESSAGE][INFO] - https://docs.katalon.com/katalon-studio/docs/auto-healing-smart-xpath.html

2020-06-05 16:32:04 - [MESSAGE][INFO] - ===============================================================

2020-06-05 16:32:04 - [MESSAGE][PASSED] - Call Test Case 'Test Cases/UI/Login' successfully

2020-06-05 16:32:04 - [TEST_STEP][FAILED] - click(findTestObject("UI/Create_private_channel/Page_Town Square - hp Mattermost/span_")): Unable to click on object 'Object Repository/UI/Create_private_channel/Page_Town Square - hp Mattermost/span_' (Root cause: com.kms.katalon.core.exception.StepFailedException: Unable to click on object 'Object Repository/UI/Create_private_channel/Page_Town Square - hp Mattermost/span_'
	at com.kms.katalon.core.webui.keyword.internal.WebUIKeywordMain.stepFailed(WebUIKeywordMain.groovy:64)
	at com.kms.katalon.core.webui.keyword.internal.WebUIKeywordMain.runKeyword(WebUIKeywordMain.groovy:26)
	at com.kms.katalon.core.webui.keyword.builtin.ClickKeyword.click(ClickKeyword.groovy:76)
	at com.kms.katalon.core.webui.keyword.builtin.ClickKeyword.execute(ClickKeyword.groovy:43)
	at com.kms.katalon.core.keyword.internal.KeywordExecutor.executeKeywordForPlatform(KeywordExecutor.groovy:72)
	at com.kms.katalon.core.webui.keyword.WebUiBuiltInKeywords.click(WebUiBuiltInKeywords.groovy:616)
	at com.kms.katalon.core.webui.keyword.WebUiBuiltInKeywords$click$3.call(Unknown Source)
	at Create_private_channel.run(Create_private_channel:20)
	at com.kms.katalon.core.main.ScriptEngine.run(ScriptEngine.java:194)
	at com.kms.katalon.core.main.ScriptEngine.runScriptAsRawText(ScriptEngine.java:119)
	at com.kms.katalon.core.main.TestCaseExecutor.runScript(TestCaseExecutor.java:337)
	at com.kms.katalon.core.main.TestCaseExecutor.doExecute(TestCaseExecutor.java:328)
	at com.kms.katalon.core.main.TestCaseExecutor.processExecutionPhase(TestCaseExecutor.java:307)
	at com.kms.katalon.core.main.TestCaseExecutor.accessMainPhase(TestCaseExecutor.java:299)
	at com.kms.katalon.core.main.TestCaseExecutor.execute(TestCaseExecutor.java:233)
	at com.kms.katalon.core.main.TestSuiteExecutor.accessTestCaseMainPhase(TestSuiteExecutor.java:169)
	at com.kms.katalon.core.main.TestSuiteExecutor.accessTestSuiteMainPhase(TestSuiteExecutor.java:142)
	at com.kms.katalon.core.main.TestSuiteExecutor.execute(TestSuiteExecutor.java:91)
	at com.kms.katalon.core.main.TestCaseMain.startTestSuite(TestCaseMain.java:157)
	at com.kms.katalon.core.main.TestCaseMain$startTestSuite$0.call(Unknown Source)
	at TempTestSuite1591348990827.run(TempTestSuite1591348990827.groovy:37)
Caused by: com.kms.katalon.core.webui.exception.WebElementNotFoundException: Web element with id: 'Object Repository/UI/Create_private_channel/Page_Town Square - hp Mattermost/span_' located by 'By.xpath: //button[@id='createPrivateChannel']/span' not found
	at com.kms.katalon.core.webui.common.WebUiCommonHelper.findWebElement(WebUiCommonHelper.java:1154)
	at com.kms.katalon.core.webui.keyword.internal.WebUIAbstractKeyword.findWebElement(WebUIAbstractKeyword.groovy:27)
	at com.kms.katalon.core.webui.keyword.internal.WebUIAbstractKeyword.findWebElement(WebUIAbstractKeyword.groovy:26)
	at com.kms.katalon.core.webui.keyword.builtin.ClickKeyword$_click_closure1.doCall(ClickKeyword.groovy:67)
	at com.kms.katalon.core.webui.keyword.builtin.ClickKeyword$_click_closure1.call(ClickKeyword.groovy)
	at com.kms.katalon.core.webui.keyword.internal.WebUIKeywordMain.runKeyword(WebUIKeywordMain.groovy:20)
	at com.kms.katalon.core.webui.keyword.builtin.ClickKeyword.click(ClickKeyword.groovy:76)
	at com.kms.katalon.core.webui.keyword.builtin.ClickKeyword.execute(ClickKeyword.groovy:43)
	at com.kms.katalon.core.keyword.internal.KeywordExecutor.executeKeywordForPlatform(KeywordExecutor.groovy:72)
	at com.kms.katalon.core.webui.keyword.WebUiBuiltInKeywords.click(WebUiBuiltInKeywords.groovy:616)
	at com.kms.katalon.core.webui.keyword.WebUiBuiltInKeywords$click$3.call(Unknown Source)
	at Script1591341375870.run(Script1591341375870.groovy:20)
	... 13 more
)

2020-06-05 16:32:48 - [MESSAGE][INFO] - Unable to find the element located by 'By.xpath: //button[@id='createPrivateChannel']/span'. Please recheck the objects properties to make sure the desired element is located. 

2020-06-05 16:32:48 - [MESSAGE][INFO] - [SMART_XPATH] Auto-trying out other XPath values in the test object.

2020-06-05 16:32:49 - [MESSAGE][INFO] - [SMART_XPATH] FAILED XPATH: '//button[@id='createPrivateChannel']/span'.

2020-06-05 16:32:49 - [MESSAGE][INFO] - [SMART_XPATH] FAILED XPATH: ''.

2020-06-05 16:32:49 - [MESSAGE][INFO] - [SMART_XPATH] FAILED XPATH: ''.

2020-06-05 16:32:49 - [MESSAGE][INFO] - [SMART_XPATH] FAILED XPATH: ''.

2020-06-05 16:32:49 - [MESSAGE][INFO] - [SMART_XPATH] FAILED XPATH: ''.

2020-06-05 16:32:50 - [MESSAGE][INFO] - [SMART_XPATH] FAILED XPATH: ''.

2020-06-05 16:32:50 - [MESSAGE][INFO] - [SMART_XPATH] No working XPath is found.

2020-06-05 16:32:50 - [MESSAGE][FAILED] - Unable to click on object 'Object Repository/UI/Create_private_channel/Page_Town Square - hp Mattermost/span_' (Root cause: com.kms.katalon.core.exception.StepFailedException: Unable to click on object 'Object Repository/UI/Create_private_channel/Page_Town Square - hp Mattermost/span_'
	at com.kms.katalon.core.webui.keyword.internal.WebUIKeywordMain.stepFailed(WebUIKeywordMain.groovy:64)
	at com.kms.katalon.core.webui.keyword.internal.WebUIKeywordMain.runKeyword(WebUIKeywordMain.groovy:26)
	at com.kms.katalon.core.webui.keyword.builtin.ClickKeyword.click(ClickKeyword.groovy:76)
	at com.kms.katalon.core.webui.keyword.builtin.ClickKeyword.execute(ClickKeyword.groovy:43)
	at com.kms.katalon.core.keyword.internal.KeywordExecutor.executeKeywordForPlatform(KeywordExecutor.groovy:72)
	at com.kms.katalon.core.webui.keyword.WebUiBuiltInKeywords.click(WebUiBuiltInKeywords.groovy:616)
	at com.kms.katalon.core.webui.keyword.WebUiBuiltInKeywords$click$3.call(Unknown Source)
	at Create_private_channel.run(Create_private_channel:20)
	at com.kms.katalon.core.main.ScriptEngine.run(ScriptEngine.java:194)
	at com.kms.katalon.core.main.ScriptEngine.runScriptAsRawText(ScriptEngine.java:119)
	at com.kms.katalon.core.main.TestCaseExecutor.runScript(TestCaseExecutor.java:337)
	at com.kms.katalon.core.main.TestCaseExecutor.doExecute(TestCaseExecutor.java:328)
	at com.kms.katalon.core.main.TestCaseExecutor.processExecutionPhase(TestCaseExecutor.java:307)
	at com.kms.katalon.core.main.TestCaseExecutor.accessMainPhase(TestCaseExecutor.java:299)
	at com.kms.katalon.core.main.TestCaseExecutor.execute(TestCaseExecutor.java:233)
	at com.kms.katalon.core.main.TestSuiteExecutor.accessTestCaseMainPhase(TestSuiteExecutor.java:169)
	at com.kms.katalon.core.main.TestSuiteExecutor.accessTestSuiteMainPhase(TestSuiteExecutor.java:142)
	at com.kms.katalon.core.main.TestSuiteExecutor.execute(TestSuiteExecutor.java:91)
	at com.kms.katalon.core.main.TestCaseMain.startTestSuite(TestCaseMain.java:157)
	at com.kms.katalon.core.main.TestCaseMain$startTestSuite$0.call(Unknown Source)
	at TempTestSuite1591348990827.run(TempTestSuite1591348990827.groovy:37)
Caused by: com.kms.katalon.core.webui.exception.WebElementNotFoundException: Web element with id: 'Object Repository/UI/Create_private_channel/Page_Town Square - hp Mattermost/span_' located by 'By.xpath: //button[@id='createPrivateChannel']/span' not found
	at com.kms.katalon.core.webui.common.WebUiCommonHelper.findWebElement(WebUiCommonHelper.java:1154)
	at com.kms.katalon.core.webui.keyword.internal.WebUIAbstractKeyword.findWebElement(WebUIAbstractKeyword.groovy:27)
	at com.kms.katalon.core.webui.keyword.internal.WebUIAbstractKeyword.findWebElement(WebUIAbstractKeyword.groovy:26)
	at com.kms.katalon.core.webui.keyword.builtin.ClickKeyword$_click_closure1.doCall(ClickKeyword.groovy:67)
	at com.kms.katalon.core.webui.keyword.builtin.ClickKeyword$_click_closure1.call(ClickKeyword.groovy)
	at com.kms.katalon.core.webui.keyword.internal.WebUIKeywordMain.runKeyword(WebUIKeywordMain.groovy:20)
	at com.kms.katalon.core.webui.keyword.builtin.ClickKeyword.click(ClickKeyword.groovy:76)
	at com.kms.katalon.core.webui.keyword.builtin.ClickKeyword.execute(ClickKeyword.groovy:43)
	at com.kms.katalon.core.keyword.internal.KeywordExecutor.executeKeywordForPlatform(KeywordExecutor.groovy:72)
	at com.kms.katalon.core.webui.keyword.WebUiBuiltInKeywords.click(WebUiBuiltInKeywords.groovy:616)
	at com.kms.katalon.core.webui.keyword.WebUiBuiltInKeywords$click$3.call(Unknown Source)
	at Script1591341375870.run(Script1591341375870.groovy:20)
	... 13 more
)
[[ATTACHMENT|/home/phat/Downloads/katalon/mattermost-webapp/Reports/20200605_162310/Run all test cases/20200605_162310/1591349570196.png]]]]></system-out>
         <system-err><![CDATA[2020-06-05 16:32:00 - [TEST_CASE][FAILED] - Test Cases/Use condition/Create_private_channel: Test Cases/Use condition/Create_private_channel FAILED.
Reason:
com.kms.katalon.core.exception.StepFailedException: Unable to click on object 'Object Repository/UI/Create_private_channel/Page_Town Square - hp Mattermost/span_'
	at com.kms.katalon.core.webui.keyword.internal.WebUIKeywordMain.stepFailed(WebUIKeywordMain.groovy:64)
	at com.kms.katalon.core.webui.keyword.internal.WebUIKeywordMain.runKeyword(WebUIKeywordMain.groovy:26)
	at com.kms.katalon.core.webui.keyword.builtin.ClickKeyword.click(ClickKeyword.groovy:76)
	at com.kms.katalon.core.webui.keyword.builtin.ClickKeyword.execute(ClickKeyword.groovy:43)
	at com.kms.katalon.core.keyword.internal.KeywordExecutor.executeKeywordForPlatform(KeywordExecutor.groovy:72)
	at com.kms.katalon.core.webui.keyword.WebUiBuiltInKeywords.click(WebUiBuiltInKeywords.groovy:616)
	at com.kms.katalon.core.webui.keyword.WebUiBuiltInKeywords$click$3.call(Unknown Source)
	at Create_private_channel.run(Create_private_channel:20)
	at com.kms.katalon.core.main.ScriptEngine.run(ScriptEngine.java:194)
	at com.kms.katalon.core.main.ScriptEngine.runScriptAsRawText(ScriptEngine.java:119)
	at com.kms.katalon.core.main.TestCaseExecutor.runScript(TestCaseExecutor.java:337)
	at com.kms.katalon.core.main.TestCaseExecutor.doExecute(TestCaseExecutor.java:328)
	at com.kms.katalon.core.main.TestCaseExecutor.processExecutionPhase(TestCaseExecutor.java:307)
	at com.kms.katalon.core.main.TestCaseExecutor.accessMainPhase(TestCaseExecutor.java:299)
	at com.kms.katalon.core.main.TestCaseExecutor.execute(TestCaseExecutor.java:233)
	at com.kms.katalon.core.main.TestSuiteExecutor.accessTestCaseMainPhase(TestSuiteExecutor.java:169)
	at com.kms.katalon.core.main.TestSuiteExecutor.accessTestSuiteMainPhase(TestSuiteExecutor.java:142)
	at com.kms.katalon.core.main.TestSuiteExecutor.execute(TestSuiteExecutor.java:91)
	at com.kms.katalon.core.main.TestCaseMain.startTestSuite(TestCaseMain.java:157)
	at com.kms.katalon.core.main.TestCaseMain$startTestSuite$0.call(Unknown Source)
	at TempTestSuite1591348990827.run(TempTestSuite1591348990827.groovy:37)
Caused by: com.kms.katalon.core.webui.exception.WebElementNotFoundException: Web element with id: 'Object Repository/UI/Create_private_channel/Page_Town Square - hp Mattermost/span_' located by 'By.xpath: //button[@id='createPrivateChannel']/span' not found
	at com.kms.katalon.core.webui.common.WebUiCommonHelper.findWebElement(WebUiCommonHelper.java:1154)
	at com.kms.katalon.core.webui.keyword.internal.WebUIAbstractKeyword.findWebElement(WebUIAbstractKeyword.groovy:27)
	at com.kms.katalon.core.webui.keyword.internal.WebUIAbstractKeyword.findWebElement(WebUIAbstractKeyword.groovy:26)
	at com.kms.katalon.core.webui.keyword.builtin.ClickKeyword$_click_closure1.doCall(ClickKeyword.groovy:67)
	at com.kms.katalon.core.webui.keyword.builtin.ClickKeyword$_click_closure1.call(ClickKeyword.groovy)
	at com.kms.katalon.core.webui.keyword.internal.WebUIKeywordMain.runKeyword(WebUIKeywordMain.groovy:20)
	... 19 more]]></system-err>
      </testcase>
      <testcase name="Test Cases/Use condition/Create_team" time="7.592" classname="Test Cases/Use condition/Create_team" status="ERROR">
         <error type="ERROR" message="Test Cases/Use condition/Create_team FAILED.
Reason:
groovy.lang.MissingMethodException: No signature of method: java.io.PrintStream.printfln() is applicable for argument types: (java.lang.String) values: [This name have existed	]
Possible solutions: println(java.lang.String), println(), println(), println([C), println(boolean), println(char)
	at Create_team.run(Create_team:30)
	at com.kms.katalon.core.main.ScriptEngine.run(ScriptEngine.java:194)
	at com.kms.katalon.core.main.ScriptEngine.runScriptAsRawText(ScriptEngine.java:119)
	at com.kms.katalon.core.main.TestCaseExecutor.runScript(TestCaseExecutor.java:337)
	at com.kms.katalon.core.main.TestCaseExecutor.doExecute(TestCaseExecutor.java:328)
	at com.kms.katalon.core.main.TestCaseExecutor.processExecutionPhase(TestCaseExecutor.java:307)
	at com.kms.katalon.core.main.TestCaseExecutor.accessMainPhase(TestCaseExecutor.java:299)
	at com.kms.katalon.core.main.TestCaseExecutor.execute(TestCaseExecutor.java:233)
	at com.kms.katalon.core.main.TestSuiteExecutor.accessTestCaseMainPhase(TestSuiteExecutor.java:169)
	at com.kms.katalon.core.main.TestSuiteExecutor.accessTestSuiteMainPhase(TestSuiteExecutor.java:142)
	at com.kms.katalon.core.main.TestSuiteExecutor.execute(TestSuiteExecutor.java:91)
	at com.kms.katalon.core.main.TestCaseMain.startTestSuite(TestCaseMain.java:157)
	at com.kms.katalon.core.main.TestCaseMain$startTestSuite$0.call(Unknown Source)
	at TempTestSuite1591348990827.run(TempTestSuite1591348990827.groovy:37)
"/>
         <system-out><![CDATA[2020-06-05 16:32:50 - [TEST_CASE][ERROR] - Test Cases/Use condition/Create_team: Test Cases/Use condition/Create_team FAILED.
Reason:
groovy.lang.MissingMethodException: No signature of method: java.io.PrintStream.printfln() is applicable for argument types: (java.lang.String) values: [This name have existed	]
Possible solutions: println(java.lang.String), println(), println(), println([C), println(boolean), println(char)
	at Create_team.run(Create_team:30)
	at com.kms.katalon.core.main.ScriptEngine.run(ScriptEngine.java:194)
	at com.kms.katalon.core.main.ScriptEngine.runScriptAsRawText(ScriptEngine.java:119)
	at com.kms.katalon.core.main.TestCaseExecutor.runScript(TestCaseExecutor.java:337)
	at com.kms.katalon.core.main.TestCaseExecutor.doExecute(TestCaseExecutor.java:328)
	at com.kms.katalon.core.main.TestCaseExecutor.processExecutionPhase(TestCaseExecutor.java:307)
	at com.kms.katalon.core.main.TestCaseExecutor.accessMainPhase(TestCaseExecutor.java:299)
	at com.kms.katalon.core.main.TestCaseExecutor.execute(TestCaseExecutor.java:233)
	at com.kms.katalon.core.main.TestSuiteExecutor.accessTestCaseMainPhase(TestSuiteExecutor.java:169)
	at com.kms.katalon.core.main.TestSuiteExecutor.accessTestSuiteMainPhase(TestSuiteExecutor.java:142)
	at com.kms.katalon.core.main.TestSuiteExecutor.execute(TestSuiteExecutor.java:91)
	at com.kms.katalon.core.main.TestCaseMain.startTestSuite(TestCaseMain.java:157)
	at com.kms.katalon.core.main.TestCaseMain$startTestSuite$0.call(Unknown Source)
	at TempTestSuite1591348990827.run(TempTestSuite1591348990827.groovy:37)


2020-06-05 16:32:50 - [TEST_STEP][PASSED] - callTestCase(findTestCase("UI/Login"), [:], STOP_ON_FAILURE): Call Test Case 'Test Cases/UI/Login' successfully

2020-06-05 16:32:50 - [TEST_CASE][PASSED] - Test Cases/UI/Login: Test Cases/UI/Login

2020-06-05 16:32:50 - [TEST_STEP][PASSED] - openBrowser(""): Browser is opened with url: ''

2020-06-05 16:32:50 - [MESSAGE][WARNING] - A browser is already opened. Closing browser and opening a new one

2020-06-05 16:32:50 - [MESSAGE][INFO] - Starting 'Chrome' driver

2020-06-05 16:32:50 - [MESSAGE][INFO] - Action delay is set to 0 milliseconds

2020-06-05 16:32:50 - [MESSAGE][PASSED] - Browser is opened with url: ''

2020-06-05 16:32:50 - [TEST_STEP][PASSED] - navigateToUrl(url): Navigate to 'http://localhost:8065/login' successfully

2020-06-05 16:32:52 - [MESSAGE][PASSED] - Navigate to 'http://localhost:8065/login' successfully

2020-06-05 16:32:52 - [TEST_STEP][PASSED] - setText(findTestObject("UI/Login/Page_Mattermost/input_All team communication in one place searchable and accessible anywhere_loginId"), email): Text 'phatvo' is set on object 'Object Repository/UI/Login/Page_Mattermost/input_All team communication in one place searchable and accessible anywhere_loginId'

2020-06-05 16:32:53 - [MESSAGE][PASSED] - Text 'phatvo' is set on object 'Object Repository/UI/Login/Page_Mattermost/input_All team communication in one place searchable and accessible anywhere_loginId'

2020-06-05 16:32:53 - [TEST_STEP][PASSED] - setEncryptedText(findTestObject("UI/Login/Page_Mattermost/input_All team communication in one place searchable and accessible anywhere_password"), password): Text ****** has been set on object 'Object Repository/UI/Login/Page_Mattermost/input_All team communication in one place searchable and accessible anywhere_password'

2020-06-05 16:32:53 - [MESSAGE][PASSED] - Text ****** has been set on object 'Object Repository/UI/Login/Page_Mattermost/input_All team communication in one place searchable and accessible anywhere_password'

2020-06-05 16:32:53 - [TEST_STEP][PASSED] - click(findTestObject("UI/Login/Page_Mattermost/button_Sign in")): Object: 'Object Repository/UI/Login/Page_Mattermost/button_Sign in' is clicked on

2020-06-05 16:32:54 - [MESSAGE][PASSED] - Object: 'Object Repository/UI/Login/Page_Mattermost/button_Sign in' is clicked on

2020-06-05 16:32:54 - [MESSAGE][INFO] - =================== Smart XPath Report =======================

2020-06-05 16:32:54 - [MESSAGE][INFO] - Refer to the link below to preview and approve auto healing on broken test objects.

2020-06-05 16:32:54 - [MESSAGE][INFO] - https://docs.katalon.com/katalon-studio/docs/auto-healing-smart-xpath.html

2020-06-05 16:32:54 - [MESSAGE][INFO] - ===============================================================

2020-06-05 16:32:54 - [MESSAGE][PASSED] - Call Test Case 'Test Cases/UI/Login' successfully

2020-06-05 16:32:54 - [TEST_STEP][PASSED] - click(findTestObject("UI/Create_team/Page_Town Square - team1 Mattermost/span")): Object: 'Object Repository/UI/Create_team/Page_Town Square - team1 Mattermost/span' is clicked on

2020-06-05 16:32:56 - [MESSAGE][PASSED] - Object: 'Object Repository/UI/Create_team/Page_Town Square - team1 Mattermost/span' is clicked on

2020-06-05 16:32:56 - [TEST_STEP][PASSED] - click(findTestObject("UI/Create_team/Page_Town Square - team1 Mattermost/span_Create a Team")): Object: 'Object Repository/UI/Create_team/Page_Town Square - team1 Mattermost/span_Create a Team' is clicked on

2020-06-05 16:32:57 - [MESSAGE][PASSED] - Object: 'Object Repository/UI/Create_team/Page_Town Square - team1 Mattermost/span_Create a Team' is clicked on

2020-06-05 16:32:57 - [TEST_STEP][PASSED] - setText(findTestObject("UI/Create_team/Page_Town Square - team1 Mattermost/input_Team Name_teamNameInput"), name): Text 'team1' is set on object 'Object Repository/UI/Create_team/Page_Town Square - team1 Mattermost/input_Team Name_teamNameInput'

2020-06-05 16:32:57 - [MESSAGE][PASSED] - Text 'team1' is set on object 'Object Repository/UI/Create_team/Page_Town Square - team1 Mattermost/input_Team Name_teamNameInput'

2020-06-05 16:32:57 - [TEST_STEP][PASSED] - if (name == "team1"): null

2020-06-05 16:32:57 - [TEST_STEP][PASSED] - closeBrowser(): Browser is closed

2020-06-05 16:32:57 - [MESSAGE][PASSED] - Browser is closed

2020-06-05 16:32:57 - [TEST_STEP][PASSED] - out.printfln("This name have existed	"): null]]></system-out>
         <system-err><![CDATA[2020-06-05 16:32:50 - [TEST_CASE][ERROR] - Test Cases/Use condition/Create_team: Test Cases/Use condition/Create_team FAILED.
Reason:
groovy.lang.MissingMethodException: No signature of method: java.io.PrintStream.printfln() is applicable for argument types: (java.lang.String) values: [This name have existed	]
Possible solutions: println(java.lang.String), println(), println(), println([C), println(boolean), println(char)
	at Create_team.run(Create_team:30)
	at com.kms.katalon.core.main.ScriptEngine.run(ScriptEngine.java:194)
	at com.kms.katalon.core.main.ScriptEngine.runScriptAsRawText(ScriptEngine.java:119)
	at com.kms.katalon.core.main.TestCaseExecutor.runScript(TestCaseExecutor.java:337)
	at com.kms.katalon.core.main.TestCaseExecutor.doExecute(TestCaseExecutor.java:328)
	at com.kms.katalon.core.main.TestCaseExecutor.processExecutionPhase(TestCaseExecutor.java:307)
	at com.kms.katalon.core.main.TestCaseExecutor.accessMainPhase(TestCaseExecutor.java:299)
	at com.kms.katalon.core.main.TestCaseExecutor.execute(TestCaseExecutor.java:233)
	at com.kms.katalon.core.main.TestSuiteExecutor.accessTestCaseMainPhase(TestSuiteExecutor.java:169)
	at com.kms.katalon.core.main.TestSuiteExecutor.accessTestSuiteMainPhase(TestSuiteExecutor.java:142)
	at com.kms.katalon.core.main.TestSuiteExecutor.execute(TestSuiteExecutor.java:91)
	at com.kms.katalon.core.main.TestCaseMain.startTestSuite(TestCaseMain.java:157)
	at com.kms.katalon.core.main.TestCaseMain$startTestSuite$0.call(Unknown Source)
	at TempTestSuite1591348990827.run(TempTestSuite1591348990827.groovy:37)]]></system-err>
      </testcase>
      <testcase name="Test Cases/Use condition/Login" time="3.486" classname="Test Cases/Use condition/Login" status="ERROR">
         <error type="ERROR" message="Test Cases/Use condition/Login FAILED.
Reason:
groovy.lang.MissingMethodException: No signature of method: java.io.PrintStream.printfln() is applicable for argument types: (java.lang.String) values: [Email or username have not existed]
Possible solutions: println(java.lang.String), println(), println(), println([C), println(boolean), println(char)
	at Login.run(Login:38)
	at com.kms.katalon.core.main.ScriptEngine.run(ScriptEngine.java:194)
	at com.kms.katalon.core.main.ScriptEngine.runScriptAsRawText(ScriptEngine.java:119)
	at com.kms.katalon.core.main.TestCaseExecutor.runScript(TestCaseExecutor.java:337)
	at com.kms.katalon.core.main.TestCaseExecutor.doExecute(TestCaseExecutor.java:328)
	at com.kms.katalon.core.main.TestCaseExecutor.processExecutionPhase(TestCaseExecutor.java:307)
	at com.kms.katalon.core.main.TestCaseExecutor.accessMainPhase(TestCaseExecutor.java:299)
	at com.kms.katalon.core.main.TestCaseExecutor.execute(TestCaseExecutor.java:233)
	at com.kms.katalon.core.main.TestSuiteExecutor.accessTestCaseMainPhase(TestSuiteExecutor.java:169)
	at com.kms.katalon.core.main.TestSuiteExecutor.accessTestSuiteMainPhase(TestSuiteExecutor.java:142)
	at com.kms.katalon.core.main.TestSuiteExecutor.execute(TestSuiteExecutor.java:91)
	at com.kms.katalon.core.main.TestCaseMain.startTestSuite(TestCaseMain.java:157)
	at com.kms.katalon.core.main.TestCaseMain$startTestSuite$0.call(Unknown Source)
	at TempTestSuite1591348990827.run(TempTestSuite1591348990827.groovy:37)
"/>
         <system-out><![CDATA[2020-06-05 16:32:57 - [TEST_CASE][ERROR] - Test Cases/Use condition/Login: Test Cases/Use condition/Login FAILED.
Reason:
groovy.lang.MissingMethodException: No signature of method: java.io.PrintStream.printfln() is applicable for argument types: (java.lang.String) values: [Email or username have not existed]
Possible solutions: println(java.lang.String), println(), println(), println([C), println(boolean), println(char)
	at Login.run(Login:38)
	at com.kms.katalon.core.main.ScriptEngine.run(ScriptEngine.java:194)
	at com.kms.katalon.core.main.ScriptEngine.runScriptAsRawText(ScriptEngine.java:119)
	at com.kms.katalon.core.main.TestCaseExecutor.runScript(TestCaseExecutor.java:337)
	at com.kms.katalon.core.main.TestCaseExecutor.doExecute(TestCaseExecutor.java:328)
	at com.kms.katalon.core.main.TestCaseExecutor.processExecutionPhase(TestCaseExecutor.java:307)
	at com.kms.katalon.core.main.TestCaseExecutor.accessMainPhase(TestCaseExecutor.java:299)
	at com.kms.katalon.core.main.TestCaseExecutor.execute(TestCaseExecutor.java:233)
	at com.kms.katalon.core.main.TestSuiteExecutor.accessTestCaseMainPhase(TestSuiteExecutor.java:169)
	at com.kms.katalon.core.main.TestSuiteExecutor.accessTestSuiteMainPhase(TestSuiteExecutor.java:142)
	at com.kms.katalon.core.main.TestSuiteExecutor.execute(TestSuiteExecutor.java:91)
	at com.kms.katalon.core.main.TestCaseMain.startTestSuite(TestCaseMain.java:157)
	at com.kms.katalon.core.main.TestCaseMain$startTestSuite$0.call(Unknown Source)
	at TempTestSuite1591348990827.run(TempTestSuite1591348990827.groovy:37)


2020-06-05 16:32:58 - [TEST_STEP][PASSED] - openBrowser(""): Browser is opened with url: ''

2020-06-05 16:32:58 - [MESSAGE][INFO] - Starting 'Chrome' driver

2020-06-05 16:32:58 - [MESSAGE][INFO] - Action delay is set to 0 milliseconds

2020-06-05 16:32:58 - [MESSAGE][PASSED] - Browser is opened with url: ''

2020-06-05 16:32:58 - [TEST_STEP][PASSED] - navigateToUrl(url): Navigate to 'http://localhost:8065/login' successfully

2020-06-05 16:32:59 - [MESSAGE][PASSED] - Navigate to 'http://localhost:8065/login' successfully

2020-06-05 16:32:59 - [TEST_STEP][PASSED] - setText(findTestObject("UI/Login/Page_Mattermost/input_All team communication in one place searchable and accessible anywhere_loginId"), email): Text 'phatvo0' is set on object 'Object Repository/UI/Login/Page_Mattermost/input_All team communication in one place searchable and accessible anywhere_loginId'

2020-06-05 16:33:00 - [MESSAGE][PASSED] - Text 'phatvo0' is set on object 'Object Repository/UI/Login/Page_Mattermost/input_All team communication in one place searchable and accessible anywhere_loginId'

2020-06-05 16:33:00 - [TEST_STEP][PASSED] - setEncryptedText(findTestObject("UI/Login/Page_Mattermost/input_All team communication in one place searchable and accessible anywhere_password"), password): Text ****** has been set on object 'Object Repository/UI/Login/Page_Mattermost/input_All team communication in one place searchable and accessible anywhere_password'

2020-06-05 16:33:01 - [MESSAGE][PASSED] - Text ****** has been set on object 'Object Repository/UI/Login/Page_Mattermost/input_All team communication in one place searchable and accessible anywhere_password'

2020-06-05 16:33:01 - [TEST_STEP][PASSED] - if (email == "phatvo"): null

2020-06-05 16:33:01 - [TEST_STEP][PASSED] - else: null

2020-06-05 16:33:01 - [TEST_STEP][PASSED] - closeBrowser(): Browser is closed

2020-06-05 16:33:01 - [MESSAGE][PASSED] - Browser is closed

2020-06-05 16:33:01 - [TEST_STEP][PASSED] - out.printfln("Email or username have not existed"): null]]></system-out>
         <system-err><![CDATA[2020-06-05 16:32:57 - [TEST_CASE][ERROR] - Test Cases/Use condition/Login: Test Cases/Use condition/Login FAILED.
Reason:
groovy.lang.MissingMethodException: No signature of method: java.io.PrintStream.printfln() is applicable for argument types: (java.lang.String) values: [Email or username have not existed]
Possible solutions: println(java.lang.String), println(), println(), println([C), println(boolean), println(char)
	at Login.run(Login:38)
	at com.kms.katalon.core.main.ScriptEngine.run(ScriptEngine.java:194)
	at com.kms.katalon.core.main.ScriptEngine.runScriptAsRawText(ScriptEngine.java:119)
	at com.kms.katalon.core.main.TestCaseExecutor.runScript(TestCaseExecutor.java:337)
	at com.kms.katalon.core.main.TestCaseExecutor.doExecute(TestCaseExecutor.java:328)
	at com.kms.katalon.core.main.TestCaseExecutor.processExecutionPhase(TestCaseExecutor.java:307)
	at com.kms.katalon.core.main.TestCaseExecutor.accessMainPhase(TestCaseExecutor.java:299)
	at com.kms.katalon.core.main.TestCaseExecutor.execute(TestCaseExecutor.java:233)
	at com.kms.katalon.core.main.TestSuiteExecutor.accessTestCaseMainPhase(TestSuiteExecutor.java:169)
	at com.kms.katalon.core.main.TestSuiteExecutor.accessTestSuiteMainPhase(TestSuiteExecutor.java:142)
	at com.kms.katalon.core.main.TestSuiteExecutor.execute(TestSuiteExecutor.java:91)
	at com.kms.katalon.core.main.TestCaseMain.startTestSuite(TestCaseMain.java:157)
	at com.kms.katalon.core.main.TestCaseMain$startTestSuite$0.call(Unknown Source)
	at TempTestSuite1591348990827.run(TempTestSuite1591348990827.groovy:37)]]></system-err>
      </testcase>
      <system-out><![CDATA[2020-06-05 16:23:12 - [TEST_SUITE][FAILED] - Run all test cases: Test Cases/csv test case/public-channel FAILED.
Reason:
com.kms.katalon.core.exception.StepFailedException: Unable to click on object
	at com.kms.katalon.core.webui.keyword.internal.WebUIKeywordMain.stepFailed(WebUIKeywordMain.groovy:64)
	at com.kms.katalon.core.webui.keyword.internal.WebUIKeywordMain.runKeyword(WebUIKeywordMain.groovy:26)
	at com.kms.katalon.core.webui.keyword.builtin.ClickKeyword.click(ClickKeyword.groovy:76)
	at com.kms.katalon.core.webui.keyword.builtin.ClickKeyword.execute(ClickKeyword.groovy:43)
	at com.kms.katalon.core.keyword.internal.KeywordExecutor.executeKeywordForPlatform(KeywordExecutor.groovy:72)
	at com.kms.katalon.core.webui.keyword.WebUiBuiltInKeywords.click(WebUiBuiltInKeywords.groovy:616)
	at com.kms.katalon.core.webui.keyword.WebUiBuiltInKeywords$click$3.call(Unknown Source)
	at public-channel.run(public-channel:42)
	at com.kms.katalon.core.main.ScriptEngine.run(ScriptEngine.java:194)
	at com.kms.katalon.core.main.ScriptEngine.runScriptAsRawText(ScriptEngine.java:119)
	at com.kms.katalon.core.main.TestCaseExecutor.runScript(TestCaseExecutor.java:337)
	at com.kms.katalon.core.main.TestCaseExecutor.doExecute(TestCaseExecutor.java:328)
	at com.kms.katalon.core.main.TestCaseExecutor.processExecutionPhase(TestCaseExecutor.java:307)
	at com.kms.katalon.core.main.TestCaseExecutor.accessMainPhase(TestCaseExecutor.java:299)
	at com.kms.katalon.core.main.TestCaseExecutor.execute(TestCaseExecutor.java:233)
	at com.kms.katalon.core.main.TestSuiteExecutor.accessTestCaseMainPhase(TestSuiteExecutor.java:169)
	at com.kms.katalon.core.main.TestSuiteExecutor.accessTestSuiteMainPhase(TestSuiteExecutor.java:142)
	at com.kms.katalon.core.main.TestSuiteExecutor.execute(TestSuiteExecutor.java:91)
	at com.kms.katalon.core.main.TestCaseMain.startTestSuite(TestCaseMain.java:157)
	at com.kms.katalon.core.main.TestCaseMain$startTestSuite$0.call(Unknown Source)
	at TempTestSuite1591348990827.run(TempTestSuite1591348990827.groovy:37)
Caused by: java.lang.IllegalArgumentException: Object is null
	at com.kms.katalon.core.helper.KeywordHelper.checkTestObjectParameter(KeywordHelper.java:33)
	at com.kms.katalon.core.webui.keyword.builtin.ClickKeyword$_click_closure1.doCall(ClickKeyword.groovy:65)
	at com.kms.katalon.core.webui.keyword.builtin.ClickKeyword$_click_closure1.call(ClickKeyword.groovy)
	at com.kms.katalon.core.webui.keyword.internal.WebUIKeywordMain.runKeyword(WebUIKeywordMain.groovy:20)
	... 19 more]]></system-out>
      <system-err><![CDATA[2020-06-05 16:23:12 - [TEST_SUITE][FAILED] - Run all test cases: Test Cases/csv test case/public-channel FAILED.
Reason:
com.kms.katalon.core.exception.StepFailedException: Unable to click on object
	at com.kms.katalon.core.webui.keyword.internal.WebUIKeywordMain.stepFailed(WebUIKeywordMain.groovy:64)
	at com.kms.katalon.core.webui.keyword.internal.WebUIKeywordMain.runKeyword(WebUIKeywordMain.groovy:26)
	at com.kms.katalon.core.webui.keyword.builtin.ClickKeyword.click(ClickKeyword.groovy:76)
	at com.kms.katalon.core.webui.keyword.builtin.ClickKeyword.execute(ClickKeyword.groovy:43)
	at com.kms.katalon.core.keyword.internal.KeywordExecutor.executeKeywordForPlatform(KeywordExecutor.groovy:72)
	at com.kms.katalon.core.webui.keyword.WebUiBuiltInKeywords.click(WebUiBuiltInKeywords.groovy:616)
	at com.kms.katalon.core.webui.keyword.WebUiBuiltInKeywords$click$3.call(Unknown Source)
	at public-channel.run(public-channel:42)
	at com.kms.katalon.core.main.ScriptEngine.run(ScriptEngine.java:194)
	at com.kms.katalon.core.main.ScriptEngine.runScriptAsRawText(ScriptEngine.java:119)
	at com.kms.katalon.core.main.TestCaseExecutor.runScript(TestCaseExecutor.java:337)
	at com.kms.katalon.core.main.TestCaseExecutor.doExecute(TestCaseExecutor.java:328)
	at com.kms.katalon.core.main.TestCaseExecutor.processExecutionPhase(TestCaseExecutor.java:307)
	at com.kms.katalon.core.main.TestCaseExecutor.accessMainPhase(TestCaseExecutor.java:299)
	at com.kms.katalon.core.main.TestCaseExecutor.execute(TestCaseExecutor.java:233)
	at com.kms.katalon.core.main.TestSuiteExecutor.accessTestCaseMainPhase(TestSuiteExecutor.java:169)
	at com.kms.katalon.core.main.TestSuiteExecutor.accessTestSuiteMainPhase(TestSuiteExecutor.java:142)
	at com.kms.katalon.core.main.TestSuiteExecutor.execute(TestSuiteExecutor.java:91)
	at com.kms.katalon.core.main.TestCaseMain.startTestSuite(TestCaseMain.java:157)
	at com.kms.katalon.core.main.TestCaseMain$startTestSuite$0.call(Unknown Source)
	at TempTestSuite1591348990827.run(TempTestSuite1591348990827.groovy:37)
Caused by: java.lang.IllegalArgumentException: Object is null
	at com.kms.katalon.core.helper.KeywordHelper.checkTestObjectParameter(KeywordHelper.java:33)
	at com.kms.katalon.core.webui.keyword.builtin.ClickKeyword$_click_closure1.doCall(ClickKeyword.groovy:65)
	at com.kms.katalon.core.webui.keyword.builtin.ClickKeyword$_click_closure1.call(ClickKeyword.groovy)
	at com.kms.katalon.core.webui.keyword.internal.WebUIKeywordMain.runKeyword(WebUIKeywordMain.groovy:20)
	... 19 more]]></system-err>
   </testsuite>
</testsuites>
