<?xml version="1.0" encoding="UTF-8"?>
<testsuites name="Run all test cases" time="544.836" tests="45" failures="6" errors="5">
   <testsuite name="Run all test cases" tests="45" failures="6" errors="5" time="544.836" timestamp="2020-06-05 16:52:55" hostname="phat - Acer" id="Test Suites/Run all test cases">
      <properties>
         <property name="deviceName" value=""/>
         <property name="devicePlatform" value=""/>
         <property name="logFolder" value="/home/phat/Downloads/katalon/mattermost-webapp/Reports/20200605_165254/Run all test cases/20200605_165254"/>
         <property name="logFiles" value="/home/phat/Downloads/katalon/mattermost-webapp/Reports/20200605_165254/Run all test cases/20200605_165254/execution0.log"/>
         <property name="attachments" value="/home/phat/Downloads/katalon/mattermost-webapp/Reports/20200605_165254/Run all test cases/20200605_165254/1591350812334.png, /home/phat/Downloads/katalon/mattermost-webapp/Reports/20200605_165254/Run all test cases/20200605_165254/1591350874101.png, /home/phat/Downloads/katalon/mattermost-webapp/Reports/20200605_165254/Run all test cases/20200605_165254/1591350888537.png, /home/phat/Downloads/katalon/mattermost-webapp/Reports/20200605_165254/Run all test cases/20200605_165254/1591350945104.png, /home/phat/Downloads/katalon/mattermost-webapp/Reports/20200605_165254/Run all test cases/20200605_165254/1591350999037.png, /home/phat/Downloads/katalon/mattermost-webapp/Reports/20200605_165254/Run all test cases/20200605_165254/1591351060836.png"/>
         <property name="hostName" value="phat - Acer"/>
         <property name="os" value="Linux 64bit"/>
         <property name="katalonVersion" value="7.5.5.1"/>
         <property name="browser" value="Chrome 83.0.4103.97"/>
         <property name="hostAddress" value="127.0.1.1"/>
         <property name="sessionId" value="e1515b65fe315ad082da8922de3c9911"/>
         <property name="seleniumVersion" value="3.141.59"/>
         <property name="proxyInformation" value="ProxyInformation { proxyOption=NO_PROXY, proxyServerType=HTTP, username=, password=********, proxyServerAddress=, proxyServerPort=0, executionList=\&quot;\&quot;, isApplyToDesiredCapabilities=true }"/>
         <property name="platform" value="Linux"/>
      </properties>
      <testcase name="Test Cases/csv test case/private-channel" time="15.836" classname="Test Cases/csv test case/private-channel" status="PASSED">
         <system-out><![CDATA[2020-06-05 16:52:55 - [TEST_CASE][PASSED] - Test Cases/csv test case/private-channel: Test Cases/csv test case/private-channel

2020-06-05 16:52:56 - [TEST_STEP][PASSED] - openBrowser(""): Browser is opened with url: ''

2020-06-05 16:52:56 - [MESSAGE][INFO] - Starting 'Chrome' driver

2020-06-05 16:52:56 - [MESSAGE][INFO] - Action delay is set to 0 milliseconds

2020-06-05 16:52:57 - [MESSAGE][PASSED] - Browser is opened with url: ''

2020-06-05 16:52:57 - [TEST_STEP][PASSED] - navigateToUrl("https://mattermost-aut.herokuapp.com/login"): Navigate to 'https://mattermost-aut.herokuapp.com/login' successfully

2020-06-05 16:53:01 - [MESSAGE][PASSED] - Navigate to 'https://mattermost-aut.herokuapp.com/login' successfully

2020-06-05 16:53:01 - [TEST_STEP][PASSED] - setText(findTestObject("Data Driven/login/Page_Mattermost/input_All team communication in one place searchable and accessible anywhere_loginId"), "phong1998"): Text 'phong1998' is set on object 'Object Repository/Data Driven/login/Page_Mattermost/input_All team communication in one place searchable and accessible anywhere_loginId'

2020-06-05 16:53:05 - [MESSAGE][PASSED] - Text 'phong1998' is set on object 'Object Repository/Data Driven/login/Page_Mattermost/input_All team communication in one place searchable and accessible anywhere_loginId'

2020-06-05 16:53:05 - [TEST_STEP][PASSED] - setEncryptedText(findTestObject("Data Driven/login/Page_Mattermost/input_All team communication in one place searchable and accessible anywhere_password"), "X6RAMBNCYDQ8H8PMJNlsmQ=="): Text ****** has been set on object 'Object Repository/Data Driven/login/Page_Mattermost/input_All team communication in one place searchable and accessible anywhere_password'

2020-06-05 16:53:05 - [MESSAGE][PASSED] - Text ****** has been set on object 'Object Repository/Data Driven/login/Page_Mattermost/input_All team communication in one place searchable and accessible anywhere_password'

2020-06-05 16:53:05 - [TEST_STEP][PASSED] - click(findTestObject("Data Driven/login/Page_Mattermost/button_Sign in")): Object: 'Object Repository/Data Driven/login/Page_Mattermost/button_Sign in' is clicked on

2020-06-05 16:53:06 - [MESSAGE][PASSED] - Object: 'Object Repository/Data Driven/login/Page_Mattermost/button_Sign in' is clicked on

2020-06-05 16:53:06 - [TEST_STEP][PASSED] - click(findTestObject("Data Driven/private-channel/Page_Town Square - team1612499 Mattermost/span_")): Object: 'Object Repository/Data Driven/private-channel/Page_Town Square - team1612499 Mattermost/span_' is clicked on

2020-06-05 16:53:09 - [MESSAGE][PASSED] - Object: 'Object Repository/Data Driven/private-channel/Page_Town Square - team1612499 Mattermost/span_' is clicked on

2020-06-05 16:53:09 - [TEST_STEP][PASSED] - setText(findTestObject("Data Driven/private-channel/Page_Town Square - team1612499 Mattermost/input_Name_newChannelName"), name): Text '' is set on object 'Object Repository/Data Driven/private-channel/Page_Town Square - team1612499 Mattermost/input_Name_newChannelName'

2020-06-05 16:53:10 - [MESSAGE][PASSED] - Text '' is set on object 'Object Repository/Data Driven/private-channel/Page_Town Square - team1612499 Mattermost/input_Name_newChannelName'

2020-06-05 16:53:10 - [TEST_STEP][PASSED] - setText(findTestObject("Data Driven/private-channel/Page_Town Square - team1612499 Mattermost/textarea_(optional)_newChannelPurpose"), purpose): Text '' is set on object 'Object Repository/Data Driven/private-channel/Page_Town Square - team1612499 Mattermost/textarea_(optional)_newChannelPurpose'

2020-06-05 16:53:10 - [MESSAGE][PASSED] - Text '' is set on object 'Object Repository/Data Driven/private-channel/Page_Town Square - team1612499 Mattermost/textarea_(optional)_newChannelPurpose'

2020-06-05 16:53:10 - [TEST_STEP][PASSED] - setText(findTestObject("Data Driven/private-channel/Page_Town Square - team1612499 Mattermost/textarea_(optional)_newChannelHeader"), header): Text '' is set on object 'Object Repository/Data Driven/private-channel/Page_Town Square - team1612499 Mattermost/textarea_(optional)_newChannelHeader'

2020-06-05 16:53:11 - [MESSAGE][PASSED] - Text '' is set on object 'Object Repository/Data Driven/private-channel/Page_Town Square - team1612499 Mattermost/textarea_(optional)_newChannelHeader'

2020-06-05 16:53:11 - [TEST_STEP][PASSED] - click(findTestObject("Data Driven/private-channel/Page_Town Square - team1612499 Mattermost/span_Create Channel")): Object: 'Object Repository/Data Driven/private-channel/Page_Town Square - team1612499 Mattermost/span_Create Channel' is clicked on

2020-06-05 16:53:11 - [MESSAGE][PASSED] - Object: 'Object Repository/Data Driven/private-channel/Page_Town Square - team1612499 Mattermost/span_Create Channel' is clicked on

2020-06-05 16:53:11 - [TEST_STEP][PASSED] - closeBrowser(): Browser is closed

2020-06-05 16:53:11 - [MESSAGE][PASSED] - Browser is closed]]></system-out>
         <system-err><![CDATA[]]></system-err>
      </testcase>
      <testcase name="Test Cases/csv test case/public-channel" time="20.769" classname="Test Cases/csv test case/public-channel" status="FAILED">
         <failure type="FAILED" message="Test Cases/csv test case/public-channel FAILED.
Reason:
com.kms.katalon.core.exception.StepFailedException: Unable to click on object
	at com.kms.katalon.core.webui.keyword.internal.WebUIKeywordMain.stepFailed(WebUIKeywordMain.groovy:64)
	at com.kms.katalon.core.webui.keyword.internal.WebUIKeywordMain.runKeyword(WebUIKeywordMain.groovy:26)
	at com.kms.katalon.core.webui.keyword.builtin.ClickKeyword.click(ClickKeyword.groovy:76)
	at com.kms.katalon.core.webui.keyword.builtin.ClickKeyword.execute(ClickKeyword.groovy:43)
	at com.kms.katalon.core.keyword.internal.KeywordExecutor.executeKeywordForPlatform(KeywordExecutor.groovy:72)
	at com.kms.katalon.core.webui.keyword.WebUiBuiltInKeywords.click(WebUiBuiltInKeywords.groovy:616)
	at com.kms.katalon.core.webui.keyword.WebUiBuiltInKeywords$click$3.call(Unknown Source)
	at public-channel.run(public-channel:42)
	at com.kms.katalon.core.main.ScriptEngine.run(ScriptEngine.java:194)
	at com.kms.katalon.core.main.ScriptEngine.runScriptAsRawText(ScriptEngine.java:119)
	at com.kms.katalon.core.main.TestCaseExecutor.runScript(TestCaseExecutor.java:337)
	at com.kms.katalon.core.main.TestCaseExecutor.doExecute(TestCaseExecutor.java:328)
	at com.kms.katalon.core.main.TestCaseExecutor.processExecutionPhase(TestCaseExecutor.java:307)
	at com.kms.katalon.core.main.TestCaseExecutor.accessMainPhase(TestCaseExecutor.java:299)
	at com.kms.katalon.core.main.TestCaseExecutor.execute(TestCaseExecutor.java:233)
	at com.kms.katalon.core.main.TestSuiteExecutor.accessTestCaseMainPhase(TestSuiteExecutor.java:169)
	at com.kms.katalon.core.main.TestSuiteExecutor.accessTestSuiteMainPhase(TestSuiteExecutor.java:142)
	at com.kms.katalon.core.main.TestSuiteExecutor.execute(TestSuiteExecutor.java:91)
	at com.kms.katalon.core.main.TestCaseMain.startTestSuite(TestCaseMain.java:157)
	at com.kms.katalon.core.main.TestCaseMain$startTestSuite$0.call(Unknown Source)
	at TempTestSuite1591350774236.run(TempTestSuite1591350774236.groovy:37)
Caused by: java.lang.IllegalArgumentException: Object is null
	at com.kms.katalon.core.helper.KeywordHelper.checkTestObjectParameter(KeywordHelper.java:33)
	at com.kms.katalon.core.webui.keyword.builtin.ClickKeyword$_click_closure1.doCall(ClickKeyword.groovy:65)
	at com.kms.katalon.core.webui.keyword.builtin.ClickKeyword$_click_closure1.call(ClickKeyword.groovy)
	at com.kms.katalon.core.webui.keyword.internal.WebUIKeywordMain.runKeyword(WebUIKeywordMain.groovy:20)
	... 19 more
"/>
         <system-out><![CDATA[2020-06-05 16:53:11 - [TEST_CASE][FAILED] - Test Cases/csv test case/public-channel: Test Cases/csv test case/public-channel FAILED.
Reason:
com.kms.katalon.core.exception.StepFailedException: Unable to click on object
	at com.kms.katalon.core.webui.keyword.internal.WebUIKeywordMain.stepFailed(WebUIKeywordMain.groovy:64)
	at com.kms.katalon.core.webui.keyword.internal.WebUIKeywordMain.runKeyword(WebUIKeywordMain.groovy:26)
	at com.kms.katalon.core.webui.keyword.builtin.ClickKeyword.click(ClickKeyword.groovy:76)
	at com.kms.katalon.core.webui.keyword.builtin.ClickKeyword.execute(ClickKeyword.groovy:43)
	at com.kms.katalon.core.keyword.internal.KeywordExecutor.executeKeywordForPlatform(KeywordExecutor.groovy:72)
	at com.kms.katalon.core.webui.keyword.WebUiBuiltInKeywords.click(WebUiBuiltInKeywords.groovy:616)
	at com.kms.katalon.core.webui.keyword.WebUiBuiltInKeywords$click$3.call(Unknown Source)
	at public-channel.run(public-channel:42)
	at com.kms.katalon.core.main.ScriptEngine.run(ScriptEngine.java:194)
	at com.kms.katalon.core.main.ScriptEngine.runScriptAsRawText(ScriptEngine.java:119)
	at com.kms.katalon.core.main.TestCaseExecutor.runScript(TestCaseExecutor.java:337)
	at com.kms.katalon.core.main.TestCaseExecutor.doExecute(TestCaseExecutor.java:328)
	at com.kms.katalon.core.main.TestCaseExecutor.processExecutionPhase(TestCaseExecutor.java:307)
	at com.kms.katalon.core.main.TestCaseExecutor.accessMainPhase(TestCaseExecutor.java:299)
	at com.kms.katalon.core.main.TestCaseExecutor.execute(TestCaseExecutor.java:233)
	at com.kms.katalon.core.main.TestSuiteExecutor.accessTestCaseMainPhase(TestSuiteExecutor.java:169)
	at com.kms.katalon.core.main.TestSuiteExecutor.accessTestSuiteMainPhase(TestSuiteExecutor.java:142)
	at com.kms.katalon.core.main.TestSuiteExecutor.execute(TestSuiteExecutor.java:91)
	at com.kms.katalon.core.main.TestCaseMain.startTestSuite(TestCaseMain.java:157)
	at com.kms.katalon.core.main.TestCaseMain$startTestSuite$0.call(Unknown Source)
	at TempTestSuite1591350774236.run(TempTestSuite1591350774236.groovy:37)
Caused by: java.lang.IllegalArgumentException: Object is null
	at com.kms.katalon.core.helper.KeywordHelper.checkTestObjectParameter(KeywordHelper.java:33)
	at com.kms.katalon.core.webui.keyword.builtin.ClickKeyword$_click_closure1.doCall(ClickKeyword.groovy:65)
	at com.kms.katalon.core.webui.keyword.builtin.ClickKeyword$_click_closure1.call(ClickKeyword.groovy)
	at com.kms.katalon.core.webui.keyword.internal.WebUIKeywordMain.runKeyword(WebUIKeywordMain.groovy:20)
	... 19 more


2020-06-05 16:53:11 - [TEST_STEP][PASSED] - openBrowser(""): Browser is opened with url: ''

2020-06-05 16:53:11 - [MESSAGE][INFO] - Starting 'Chrome' driver

2020-06-05 16:53:11 - [MESSAGE][INFO] - Action delay is set to 0 milliseconds

2020-06-05 16:53:12 - [MESSAGE][PASSED] - Browser is opened with url: ''

2020-06-05 16:53:12 - [TEST_STEP][PASSED] - navigateToUrl("https://mattermost-aut.herokuapp.com/login"): Navigate to 'https://mattermost-aut.herokuapp.com/login' successfully

2020-06-05 16:53:18 - [MESSAGE][PASSED] - Navigate to 'https://mattermost-aut.herokuapp.com/login' successfully

2020-06-05 16:53:18 - [TEST_STEP][PASSED] - setText(findTestObject("Data Driven/login/Page_Mattermost/input_All team communication in one place searchable and accessible anywhere_loginId"), "phong1998"): Text 'phong1998' is set on object 'Object Repository/Data Driven/login/Page_Mattermost/input_All team communication in one place searchable and accessible anywhere_loginId'

2020-06-05 16:53:26 - [MESSAGE][PASSED] - Text 'phong1998' is set on object 'Object Repository/Data Driven/login/Page_Mattermost/input_All team communication in one place searchable and accessible anywhere_loginId'

2020-06-05 16:53:26 - [TEST_STEP][PASSED] - setEncryptedText(findTestObject("Data Driven/login/Page_Mattermost/input_All team communication in one place searchable and accessible anywhere_password"), "X6RAMBNCYDQ8H8PMJNlsmQ=="): Text ****** has been set on object 'Object Repository/Data Driven/login/Page_Mattermost/input_All team communication in one place searchable and accessible anywhere_password'

2020-06-05 16:53:27 - [MESSAGE][PASSED] - Text ****** has been set on object 'Object Repository/Data Driven/login/Page_Mattermost/input_All team communication in one place searchable and accessible anywhere_password'

2020-06-05 16:53:27 - [TEST_STEP][PASSED] - click(findTestObject("Data Driven/login/Page_Mattermost/button_Sign in")): Object: 'Object Repository/Data Driven/login/Page_Mattermost/button_Sign in' is clicked on

2020-06-05 16:53:27 - [MESSAGE][PASSED] - Object: 'Object Repository/Data Driven/login/Page_Mattermost/button_Sign in' is clicked on

2020-06-05 16:53:27 - [TEST_STEP][PASSED] - click(findTestObject("Data Driven/public-channel/Page_Town Square - team1612499 Mattermost/span_")): Object: 'Object Repository/Data Driven/public-channel/Page_Town Square - team1612499 Mattermost/span_' is clicked on

2020-06-05 16:53:30 - [MESSAGE][PASSED] - Object: 'Object Repository/Data Driven/public-channel/Page_Town Square - team1612499 Mattermost/span_' is clicked on

2020-06-05 16:53:30 - [TEST_STEP][PASSED] - setText(findTestObject("Data Driven/public-channel/Page_Town Square - team1612499 Mattermost/input_Name_newChannelName"), name): Text '' is set on object 'Object Repository/Data Driven/public-channel/Page_Town Square - team1612499 Mattermost/input_Name_newChannelName'

2020-06-05 16:53:31 - [MESSAGE][PASSED] - Text '' is set on object 'Object Repository/Data Driven/public-channel/Page_Town Square - team1612499 Mattermost/input_Name_newChannelName'

2020-06-05 16:53:31 - [TEST_STEP][PASSED] - setText(findTestObject("Data Driven/public-channel/Page_Town Square - team1612499 Mattermost/textarea_(optional)_newChannelPurpose"), purpose): Text '' is set on object 'Object Repository/Data Driven/public-channel/Page_Town Square - team1612499 Mattermost/textarea_(optional)_newChannelPurpose'

2020-06-05 16:53:31 - [MESSAGE][PASSED] - Text '' is set on object 'Object Repository/Data Driven/public-channel/Page_Town Square - team1612499 Mattermost/textarea_(optional)_newChannelPurpose'

2020-06-05 16:53:31 - [TEST_STEP][PASSED] - setText(findTestObject("Data Driven/public-channel/Page_Town Square - team1612499 Mattermost/textarea_(optional)_newChannelHeader"), header): Text '' is set on object 'Object Repository/Data Driven/public-channel/Page_Town Square - team1612499 Mattermost/textarea_(optional)_newChannelHeader'

2020-06-05 16:53:32 - [MESSAGE][PASSED] - Text '' is set on object 'Object Repository/Data Driven/public-channel/Page_Town Square - team1612499 Mattermost/textarea_(optional)_newChannelHeader'

2020-06-05 16:53:32 - [TEST_STEP][FAILED] - click(findTestObject("Page_Town Square - team1612499 Mattermost/span_Create Channel")): Unable to click on object (Root cause: com.kms.katalon.core.exception.StepFailedException: Unable to click on object
	at com.kms.katalon.core.webui.keyword.internal.WebUIKeywordMain.stepFailed(WebUIKeywordMain.groovy:64)
	at com.kms.katalon.core.webui.keyword.internal.WebUIKeywordMain.runKeyword(WebUIKeywordMain.groovy:26)
	at com.kms.katalon.core.webui.keyword.builtin.ClickKeyword.click(ClickKeyword.groovy:76)
	at com.kms.katalon.core.webui.keyword.builtin.ClickKeyword.execute(ClickKeyword.groovy:43)
	at com.kms.katalon.core.keyword.internal.KeywordExecutor.executeKeywordForPlatform(KeywordExecutor.groovy:72)
	at com.kms.katalon.core.webui.keyword.WebUiBuiltInKeywords.click(WebUiBuiltInKeywords.groovy:616)
	at com.kms.katalon.core.webui.keyword.WebUiBuiltInKeywords$click$3.call(Unknown Source)
	at public-channel.run(public-channel:42)
	at com.kms.katalon.core.main.ScriptEngine.run(ScriptEngine.java:194)
	at com.kms.katalon.core.main.ScriptEngine.runScriptAsRawText(ScriptEngine.java:119)
	at com.kms.katalon.core.main.TestCaseExecutor.runScript(TestCaseExecutor.java:337)
	at com.kms.katalon.core.main.TestCaseExecutor.doExecute(TestCaseExecutor.java:328)
	at com.kms.katalon.core.main.TestCaseExecutor.processExecutionPhase(TestCaseExecutor.java:307)
	at com.kms.katalon.core.main.TestCaseExecutor.accessMainPhase(TestCaseExecutor.java:299)
	at com.kms.katalon.core.main.TestCaseExecutor.execute(TestCaseExecutor.java:233)
	at com.kms.katalon.core.main.TestSuiteExecutor.accessTestCaseMainPhase(TestSuiteExecutor.java:169)
	at com.kms.katalon.core.main.TestSuiteExecutor.accessTestSuiteMainPhase(TestSuiteExecutor.java:142)
	at com.kms.katalon.core.main.TestSuiteExecutor.execute(TestSuiteExecutor.java:91)
	at com.kms.katalon.core.main.TestCaseMain.startTestSuite(TestCaseMain.java:157)
	at com.kms.katalon.core.main.TestCaseMain$startTestSuite$0.call(Unknown Source)
	at TempTestSuite1591350774236.run(TempTestSuite1591350774236.groovy:37)
Caused by: java.lang.IllegalArgumentException: Object is null
	at com.kms.katalon.core.helper.KeywordHelper.checkTestObjectParameter(KeywordHelper.java:33)
	at com.kms.katalon.core.webui.keyword.builtin.ClickKeyword$_click_closure1.doCall(ClickKeyword.groovy:65)
	at com.kms.katalon.core.webui.keyword.builtin.ClickKeyword$_click_closure1.call(ClickKeyword.groovy)
	at com.kms.katalon.core.webui.keyword.internal.WebUIKeywordMain.runKeyword(WebUIKeywordMain.groovy:20)
	at com.kms.katalon.core.webui.keyword.builtin.ClickKeyword.click(ClickKeyword.groovy:76)
	at com.kms.katalon.core.webui.keyword.builtin.ClickKeyword.execute(ClickKeyword.groovy:43)
	at com.kms.katalon.core.keyword.internal.KeywordExecutor.executeKeywordForPlatform(KeywordExecutor.groovy:72)
	at com.kms.katalon.core.webui.keyword.WebUiBuiltInKeywords.click(WebUiBuiltInKeywords.groovy:616)
	at com.kms.katalon.core.webui.keyword.WebUiBuiltInKeywords$click$3.call(Unknown Source)
	at Script1591278352537.run(Script1591278352537.groovy:42)
	... 13 more
)

2020-06-05 16:53:32 - [MESSAGE][WARNING] - Test object with id 'Object Repository/Page_Town Square - team1612499 Mattermost/span_Create Channel' does not exist

2020-06-05 16:53:32 - [MESSAGE][WARNING] - Test object with id 'Object Repository/' does not exist

2020-06-05 16:53:32 - [MESSAGE][FAILED] - Unable to click on object (Root cause: com.kms.katalon.core.exception.StepFailedException: Unable to click on object
	at com.kms.katalon.core.webui.keyword.internal.WebUIKeywordMain.stepFailed(WebUIKeywordMain.groovy:64)
	at com.kms.katalon.core.webui.keyword.internal.WebUIKeywordMain.runKeyword(WebUIKeywordMain.groovy:26)
	at com.kms.katalon.core.webui.keyword.builtin.ClickKeyword.click(ClickKeyword.groovy:76)
	at com.kms.katalon.core.webui.keyword.builtin.ClickKeyword.execute(ClickKeyword.groovy:43)
	at com.kms.katalon.core.keyword.internal.KeywordExecutor.executeKeywordForPlatform(KeywordExecutor.groovy:72)
	at com.kms.katalon.core.webui.keyword.WebUiBuiltInKeywords.click(WebUiBuiltInKeywords.groovy:616)
	at com.kms.katalon.core.webui.keyword.WebUiBuiltInKeywords$click$3.call(Unknown Source)
	at public-channel.run(public-channel:42)
	at com.kms.katalon.core.main.ScriptEngine.run(ScriptEngine.java:194)
	at com.kms.katalon.core.main.ScriptEngine.runScriptAsRawText(ScriptEngine.java:119)
	at com.kms.katalon.core.main.TestCaseExecutor.runScript(TestCaseExecutor.java:337)
	at com.kms.katalon.core.main.TestCaseExecutor.doExecute(TestCaseExecutor.java:328)
	at com.kms.katalon.core.main.TestCaseExecutor.processExecutionPhase(TestCaseExecutor.java:307)
	at com.kms.katalon.core.main.TestCaseExecutor.accessMainPhase(TestCaseExecutor.java:299)
	at com.kms.katalon.core.main.TestCaseExecutor.execute(TestCaseExecutor.java:233)
	at com.kms.katalon.core.main.TestSuiteExecutor.accessTestCaseMainPhase(TestSuiteExecutor.java:169)
	at com.kms.katalon.core.main.TestSuiteExecutor.accessTestSuiteMainPhase(TestSuiteExecutor.java:142)
	at com.kms.katalon.core.main.TestSuiteExecutor.execute(TestSuiteExecutor.java:91)
	at com.kms.katalon.core.main.TestCaseMain.startTestSuite(TestCaseMain.java:157)
	at com.kms.katalon.core.main.TestCaseMain$startTestSuite$0.call(Unknown Source)
	at TempTestSuite1591350774236.run(TempTestSuite1591350774236.groovy:37)
Caused by: java.lang.IllegalArgumentException: Object is null
	at com.kms.katalon.core.helper.KeywordHelper.checkTestObjectParameter(KeywordHelper.java:33)
	at com.kms.katalon.core.webui.keyword.builtin.ClickKeyword$_click_closure1.doCall(ClickKeyword.groovy:65)
	at com.kms.katalon.core.webui.keyword.builtin.ClickKeyword$_click_closure1.call(ClickKeyword.groovy)
	at com.kms.katalon.core.webui.keyword.internal.WebUIKeywordMain.runKeyword(WebUIKeywordMain.groovy:20)
	at com.kms.katalon.core.webui.keyword.builtin.ClickKeyword.click(ClickKeyword.groovy:76)
	at com.kms.katalon.core.webui.keyword.builtin.ClickKeyword.execute(ClickKeyword.groovy:43)
	at com.kms.katalon.core.keyword.internal.KeywordExecutor.executeKeywordForPlatform(KeywordExecutor.groovy:72)
	at com.kms.katalon.core.webui.keyword.WebUiBuiltInKeywords.click(WebUiBuiltInKeywords.groovy:616)
	at com.kms.katalon.core.webui.keyword.WebUiBuiltInKeywords$click$3.call(Unknown Source)
	at Script1591278352537.run(Script1591278352537.groovy:42)
	... 13 more
)
[[ATTACHMENT|/home/phat/Downloads/katalon/mattermost-webapp/Reports/20200605_165254/Run all test cases/20200605_165254/1591350812334.png]]]]></system-out>
         <system-err><![CDATA[2020-06-05 16:53:11 - [TEST_CASE][FAILED] - Test Cases/csv test case/public-channel: Test Cases/csv test case/public-channel FAILED.
Reason:
com.kms.katalon.core.exception.StepFailedException: Unable to click on object
	at com.kms.katalon.core.webui.keyword.internal.WebUIKeywordMain.stepFailed(WebUIKeywordMain.groovy:64)
	at com.kms.katalon.core.webui.keyword.internal.WebUIKeywordMain.runKeyword(WebUIKeywordMain.groovy:26)
	at com.kms.katalon.core.webui.keyword.builtin.ClickKeyword.click(ClickKeyword.groovy:76)
	at com.kms.katalon.core.webui.keyword.builtin.ClickKeyword.execute(ClickKeyword.groovy:43)
	at com.kms.katalon.core.keyword.internal.KeywordExecutor.executeKeywordForPlatform(KeywordExecutor.groovy:72)
	at com.kms.katalon.core.webui.keyword.WebUiBuiltInKeywords.click(WebUiBuiltInKeywords.groovy:616)
	at com.kms.katalon.core.webui.keyword.WebUiBuiltInKeywords$click$3.call(Unknown Source)
	at public-channel.run(public-channel:42)
	at com.kms.katalon.core.main.ScriptEngine.run(ScriptEngine.java:194)
	at com.kms.katalon.core.main.ScriptEngine.runScriptAsRawText(ScriptEngine.java:119)
	at com.kms.katalon.core.main.TestCaseExecutor.runScript(TestCaseExecutor.java:337)
	at com.kms.katalon.core.main.TestCaseExecutor.doExecute(TestCaseExecutor.java:328)
	at com.kms.katalon.core.main.TestCaseExecutor.processExecutionPhase(TestCaseExecutor.java:307)
	at com.kms.katalon.core.main.TestCaseExecutor.accessMainPhase(TestCaseExecutor.java:299)
	at com.kms.katalon.core.main.TestCaseExecutor.execute(TestCaseExecutor.java:233)
	at com.kms.katalon.core.main.TestSuiteExecutor.accessTestCaseMainPhase(TestSuiteExecutor.java:169)
	at com.kms.katalon.core.main.TestSuiteExecutor.accessTestSuiteMainPhase(TestSuiteExecutor.java:142)
	at com.kms.katalon.core.main.TestSuiteExecutor.execute(TestSuiteExecutor.java:91)
	at com.kms.katalon.core.main.TestCaseMain.startTestSuite(TestCaseMain.java:157)
	at com.kms.katalon.core.main.TestCaseMain$startTestSuite$0.call(Unknown Source)
	at TempTestSuite1591350774236.run(TempTestSuite1591350774236.groovy:37)
Caused by: java.lang.IllegalArgumentException: Object is null
	at com.kms.katalon.core.helper.KeywordHelper.checkTestObjectParameter(KeywordHelper.java:33)
	at com.kms.katalon.core.webui.keyword.builtin.ClickKeyword$_click_closure1.doCall(ClickKeyword.groovy:65)
	at com.kms.katalon.core.webui.keyword.builtin.ClickKeyword$_click_closure1.call(ClickKeyword.groovy)
	at com.kms.katalon.core.webui.keyword.internal.WebUIKeywordMain.runKeyword(WebUIKeywordMain.groovy:20)
	... 19 more]]></system-err>
      </testcase>
      <testcase name="Test Cases/csv test case/login" time="9.744" classname="Test Cases/csv test case/login" status="PASSED">
         <system-out><![CDATA[2020-06-05 16:53:32 - [TEST_CASE][PASSED] - Test Cases/csv test case/login: Test Cases/csv test case/login

2020-06-05 16:53:32 - [TEST_STEP][PASSED] - openBrowser(""): Browser is opened with url: ''

2020-06-05 16:53:32 - [MESSAGE][WARNING] - A browser is already opened. Closing browser and opening a new one

2020-06-05 16:53:32 - [MESSAGE][INFO] - Starting 'Chrome' driver

2020-06-05 16:53:32 - [MESSAGE][INFO] - Action delay is set to 0 milliseconds

2020-06-05 16:53:33 - [MESSAGE][PASSED] - Browser is opened with url: ''

2020-06-05 16:53:33 - [TEST_STEP][PASSED] - navigateToUrl("https://mattermost-aut.herokuapp.com/login"): Navigate to 'https://mattermost-aut.herokuapp.com/login' successfully

2020-06-05 16:53:36 - [MESSAGE][PASSED] - Navigate to 'https://mattermost-aut.herokuapp.com/login' successfully

2020-06-05 16:53:36 - [TEST_STEP][PASSED] - setText(findTestObject("Data Driven/login/Page_Mattermost/input_All team communication in one place searchable and accessible anywhere_loginId"), username): Text '' is set on object 'Object Repository/Data Driven/login/Page_Mattermost/input_All team communication in one place searchable and accessible anywhere_loginId'

2020-06-05 16:53:41 - [MESSAGE][PASSED] - Text '' is set on object 'Object Repository/Data Driven/login/Page_Mattermost/input_All team communication in one place searchable and accessible anywhere_loginId'

2020-06-05 16:53:41 - [TEST_STEP][PASSED] - setEncryptedText(findTestObject("Data Driven/login/Page_Mattermost/input_All team communication in one place searchable and accessible anywhere_password"), password): Text ****** has been set on object 'Object Repository/Data Driven/login/Page_Mattermost/input_All team communication in one place searchable and accessible anywhere_password'

2020-06-05 16:53:41 - [MESSAGE][PASSED] - Text ****** has been set on object 'Object Repository/Data Driven/login/Page_Mattermost/input_All team communication in one place searchable and accessible anywhere_password'

2020-06-05 16:53:41 - [TEST_STEP][PASSED] - click(findTestObject("Data Driven/login/Page_Mattermost/button_Sign in")): Object: 'Object Repository/Data Driven/login/Page_Mattermost/button_Sign in' is clicked on

2020-06-05 16:53:42 - [MESSAGE][PASSED] - Object: 'Object Repository/Data Driven/login/Page_Mattermost/button_Sign in' is clicked on

2020-06-05 16:53:42 - [TEST_STEP][PASSED] - closeBrowser(): Browser is closed

2020-06-05 16:53:42 - [MESSAGE][PASSED] - Browser is closed]]></system-out>
         <system-err><![CDATA[]]></system-err>
      </testcase>
      <testcase name="Test Cases/csv test case/direct-message" time="16.694" classname="Test Cases/csv test case/direct-message" status="PASSED">
         <system-out><![CDATA[2020-06-05 16:53:42 - [TEST_CASE][PASSED] - Test Cases/csv test case/direct-message: Test Cases/csv test case/direct-message

2020-06-05 16:53:42 - [TEST_STEP][PASSED] - openBrowser(""): Browser is opened with url: ''

2020-06-05 16:53:42 - [MESSAGE][INFO] - Starting 'Chrome' driver

2020-06-05 16:53:42 - [MESSAGE][INFO] - Action delay is set to 0 milliseconds

2020-06-05 16:53:42 - [MESSAGE][PASSED] - Browser is opened with url: ''

2020-06-05 16:53:42 - [TEST_STEP][PASSED] - navigateToUrl("https://mattermost-aut.herokuapp.com/login"): Navigate to 'https://mattermost-aut.herokuapp.com/login' successfully

2020-06-05 16:53:47 - [MESSAGE][PASSED] - Navigate to 'https://mattermost-aut.herokuapp.com/login' successfully

2020-06-05 16:53:47 - [TEST_STEP][PASSED] - setText(findTestObject("Data Driven/login/Page_Mattermost/input_All team communication in one place searchable and accessible anywhere_loginId"), "phong1998"): Text 'phong1998' is set on object 'Object Repository/Data Driven/login/Page_Mattermost/input_All team communication in one place searchable and accessible anywhere_loginId'

2020-06-05 16:53:51 - [MESSAGE][PASSED] - Text 'phong1998' is set on object 'Object Repository/Data Driven/login/Page_Mattermost/input_All team communication in one place searchable and accessible anywhere_loginId'

2020-06-05 16:53:51 - [TEST_STEP][PASSED] - setEncryptedText(findTestObject("Data Driven/login/Page_Mattermost/input_All team communication in one place searchable and accessible anywhere_password"), "X6RAMBNCYDQ8H8PMJNlsmQ=="): Text ****** has been set on object 'Object Repository/Data Driven/login/Page_Mattermost/input_All team communication in one place searchable and accessible anywhere_password'

2020-06-05 16:53:52 - [MESSAGE][PASSED] - Text ****** has been set on object 'Object Repository/Data Driven/login/Page_Mattermost/input_All team communication in one place searchable and accessible anywhere_password'

2020-06-05 16:53:52 - [TEST_STEP][PASSED] - click(findTestObject("Data Driven/login/Page_Mattermost/button_Sign in")): Object: 'Object Repository/Data Driven/login/Page_Mattermost/button_Sign in' is clicked on

2020-06-05 16:53:53 - [MESSAGE][PASSED] - Object: 'Object Repository/Data Driven/login/Page_Mattermost/button_Sign in' is clicked on

2020-06-05 16:53:53 - [TEST_STEP][PASSED] - click(findTestObject("Data Driven/direct-message/Page_Town Square - team1612499 Mattermost/span_")): Object: 'Object Repository/Data Driven/direct-message/Page_Town Square - team1612499 Mattermost/span_' is clicked on

2020-06-05 16:53:55 - [MESSAGE][PASSED] - Object: 'Object Repository/Data Driven/direct-message/Page_Town Square - team1612499 Mattermost/span_' is clicked on

2020-06-05 16:53:55 - [TEST_STEP][PASSED] - click(findTestObject("Data Driven/direct-message/Page_Town Square - team1612499 Mattermost/div_huydoan198gmailcom_more-modal__actions--round")): Object: 'Object Repository/Data Driven/direct-message/Page_Town Square - team1612499 Mattermost/div_huydoan198gmailcom_more-modal__actions--round' is clicked on

2020-06-05 16:53:56 - [MESSAGE][PASSED] - Object: 'Object Repository/Data Driven/direct-message/Page_Town Square - team1612499 Mattermost/div_huydoan198gmailcom_more-modal__actions--round' is clicked on

2020-06-05 16:53:56 - [TEST_STEP][PASSED] - click(findTestObject("Data Driven/direct-message/Page_Town Square - team1612499 Mattermost/span_Go")): Object: 'Object Repository/Data Driven/direct-message/Page_Town Square - team1612499 Mattermost/span_Go' is clicked on

2020-06-05 16:53:57 - [MESSAGE][PASSED] - Object: 'Object Repository/Data Driven/direct-message/Page_Town Square - team1612499 Mattermost/span_Go' is clicked on

2020-06-05 16:53:57 - [TEST_STEP][PASSED] - setText(findTestObject("Data Driven/direct-message/Page_huydoan - team1612499 Mattermost/textarea_Write to huydoan_post_textbox"), message): Text '' is set on object 'Object Repository/Data Driven/direct-message/Page_huydoan - team1612499 Mattermost/textarea_Write to huydoan_post_textbox'

2020-06-05 16:53:58 - [MESSAGE][PASSED] - Text '' is set on object 'Object Repository/Data Driven/direct-message/Page_huydoan - team1612499 Mattermost/textarea_Write to huydoan_post_textbox'

2020-06-05 16:53:58 - [TEST_STEP][PASSED] - closeBrowser(): Browser is closed

2020-06-05 16:53:58 - [MESSAGE][PASSED] - Browser is closed]]></system-out>
         <system-err><![CDATA[]]></system-err>
      </testcase>
      <testcase name="Test Cases/csv test case/full-name" time="23.016" classname="Test Cases/csv test case/full-name" status="PASSED">
         <system-out><![CDATA[2020-06-05 16:53:58 - [TEST_CASE][PASSED] - Test Cases/csv test case/full-name: Test Cases/csv test case/full-name

2020-06-05 16:53:59 - [TEST_STEP][PASSED] - openBrowser(""): Browser is opened with url: ''

2020-06-05 16:53:59 - [MESSAGE][INFO] - Starting 'Chrome' driver

2020-06-05 16:53:59 - [MESSAGE][INFO] - Action delay is set to 0 milliseconds

2020-06-05 16:53:59 - [MESSAGE][PASSED] - Browser is opened with url: ''

2020-06-05 16:53:59 - [TEST_STEP][PASSED] - navigateToUrl("https://mattermost-aut.herokuapp.com/login"): Navigate to 'https://mattermost-aut.herokuapp.com/login' successfully

2020-06-05 16:54:10 - [MESSAGE][PASSED] - Navigate to 'https://mattermost-aut.herokuapp.com/login' successfully

2020-06-05 16:54:10 - [TEST_STEP][PASSED] - setText(findTestObject("Data Driven/login/Page_Mattermost/input_All team communication in one place searchable and accessible anywhere_loginId"), "phong1998"): Text 'phong1998' is set on object 'Object Repository/Data Driven/login/Page_Mattermost/input_All team communication in one place searchable and accessible anywhere_loginId'

2020-06-05 16:54:14 - [MESSAGE][PASSED] - Text 'phong1998' is set on object 'Object Repository/Data Driven/login/Page_Mattermost/input_All team communication in one place searchable and accessible anywhere_loginId'

2020-06-05 16:54:14 - [TEST_STEP][PASSED] - setEncryptedText(findTestObject("Data Driven/login/Page_Mattermost/input_All team communication in one place searchable and accessible anywhere_password"), "X6RAMBNCYDQ8H8PMJNlsmQ=="): Text ****** has been set on object 'Object Repository/Data Driven/login/Page_Mattermost/input_All team communication in one place searchable and accessible anywhere_password'

2020-06-05 16:54:15 - [MESSAGE][PASSED] - Text ****** has been set on object 'Object Repository/Data Driven/login/Page_Mattermost/input_All team communication in one place searchable and accessible anywhere_password'

2020-06-05 16:54:15 - [TEST_STEP][PASSED] - click(findTestObject("Data Driven/login/Page_Mattermost/button_Sign in")): Object: 'Object Repository/Data Driven/login/Page_Mattermost/button_Sign in' is clicked on

2020-06-05 16:54:15 - [MESSAGE][PASSED] - Object: 'Object Repository/Data Driven/login/Page_Mattermost/button_Sign in' is clicked on

2020-06-05 16:54:15 - [TEST_STEP][PASSED] - click(findTestObject("Data Driven/full-name/Page_Town Square - team1612499 Mattermost/span")): Object: 'Object Repository/Data Driven/full-name/Page_Town Square - team1612499 Mattermost/span' is clicked on

2020-06-05 16:54:18 - [MESSAGE][PASSED] - Object: 'Object Repository/Data Driven/full-name/Page_Town Square - team1612499 Mattermost/span' is clicked on

2020-06-05 16:54:18 - [TEST_STEP][PASSED] - click(findTestObject("Data Driven/full-name/Page_Town Square - team1612499 Mattermost/span_Account Settings")): Object: 'Object Repository/Data Driven/full-name/Page_Town Square - team1612499 Mattermost/span_Account Settings' is clicked on

2020-06-05 16:54:19 - [MESSAGE][PASSED] - Object: 'Object Repository/Data Driven/full-name/Page_Town Square - team1612499 Mattermost/span_Account Settings' is clicked on

2020-06-05 16:54:19 - [TEST_STEP][PASSED] - click(findTestObject("Data Driven/full-name/Page_Town Square - team1612499 Mattermost/span_Edit")): Object: 'Object Repository/Data Driven/full-name/Page_Town Square - team1612499 Mattermost/span_Edit' is clicked on

2020-06-05 16:54:20 - [MESSAGE][PASSED] - Object: 'Object Repository/Data Driven/full-name/Page_Town Square - team1612499 Mattermost/span_Edit' is clicked on

2020-06-05 16:54:20 - [TEST_STEP][PASSED] - setText(findTestObject("Data Driven/full-name/Page_Town Square - team1612499 Mattermost/input_First Name_firstName"), first_name): Text '' is set on object 'Object Repository/Data Driven/full-name/Page_Town Square - team1612499 Mattermost/input_First Name_firstName'

2020-06-05 16:54:21 - [MESSAGE][PASSED] - Text '' is set on object 'Object Repository/Data Driven/full-name/Page_Town Square - team1612499 Mattermost/input_First Name_firstName'

2020-06-05 16:54:21 - [TEST_STEP][PASSED] - setText(findTestObject("Data Driven/full-name/Page_Town Square - team1612499 Mattermost/input_Last Name_lastName"), last_name): Text '' is set on object 'Object Repository/Data Driven/full-name/Page_Town Square - team1612499 Mattermost/input_Last Name_lastName'

2020-06-05 16:54:21 - [MESSAGE][PASSED] - Text '' is set on object 'Object Repository/Data Driven/full-name/Page_Town Square - team1612499 Mattermost/input_Last Name_lastName'

2020-06-05 16:54:21 - [TEST_STEP][PASSED] - click(findTestObject("Data Driven/full-name/Page_Town Square - team1612499 Mattermost/span_Save")): Object: 'Object Repository/Data Driven/full-name/Page_Town Square - team1612499 Mattermost/span_Save' is clicked on

2020-06-05 16:54:21 - [MESSAGE][PASSED] - Object: 'Object Repository/Data Driven/full-name/Page_Town Square - team1612499 Mattermost/span_Save' is clicked on

2020-06-05 16:54:21 - [TEST_STEP][PASSED] - closeBrowser(): Browser is closed

2020-06-05 16:54:22 - [MESSAGE][PASSED] - Browser is closed]]></system-out>
         <system-err><![CDATA[]]></system-err>
      </testcase>
      <testcase name="Test Cases/internal data test case/email" time="12.293" classname="Test Cases/internal data test case/email" status="FAILED">
         <failure type="FAILED" message="Test Cases/internal data test case/email FAILED.
Reason:
com.kms.katalon.core.exception.StepFailedException: Unable to click on object
	at com.kms.katalon.core.webui.keyword.internal.WebUIKeywordMain.stepFailed(WebUIKeywordMain.groovy:64)
	at com.kms.katalon.core.webui.keyword.internal.WebUIKeywordMain.runKeyword(WebUIKeywordMain.groovy:26)
	at com.kms.katalon.core.webui.keyword.builtin.ClickKeyword.click(ClickKeyword.groovy:76)
	at com.kms.katalon.core.webui.keyword.builtin.ClickKeyword.execute(ClickKeyword.groovy:43)
	at com.kms.katalon.core.keyword.internal.KeywordExecutor.executeKeywordForPlatform(KeywordExecutor.groovy:72)
	at com.kms.katalon.core.webui.keyword.WebUiBuiltInKeywords.click(WebUiBuiltInKeywords.groovy:616)
	at com.kms.katalon.core.webui.keyword.WebUiBuiltInKeywords$click$3.call(Unknown Source)
	at email.run(email:34)
	at com.kms.katalon.core.main.ScriptEngine.run(ScriptEngine.java:194)
	at com.kms.katalon.core.main.ScriptEngine.runScriptAsRawText(ScriptEngine.java:119)
	at com.kms.katalon.core.main.TestCaseExecutor.runScript(TestCaseExecutor.java:337)
	at com.kms.katalon.core.main.TestCaseExecutor.doExecute(TestCaseExecutor.java:328)
	at com.kms.katalon.core.main.TestCaseExecutor.processExecutionPhase(TestCaseExecutor.java:307)
	at com.kms.katalon.core.main.TestCaseExecutor.accessMainPhase(TestCaseExecutor.java:299)
	at com.kms.katalon.core.main.TestCaseExecutor.execute(TestCaseExecutor.java:233)
	at com.kms.katalon.core.main.TestSuiteExecutor.accessTestCaseMainPhase(TestSuiteExecutor.java:169)
	at com.kms.katalon.core.main.TestSuiteExecutor.accessTestSuiteMainPhase(TestSuiteExecutor.java:142)
	at com.kms.katalon.core.main.TestSuiteExecutor.execute(TestSuiteExecutor.java:91)
	at com.kms.katalon.core.main.TestCaseMain.startTestSuite(TestCaseMain.java:157)
	at com.kms.katalon.core.main.TestCaseMain$startTestSuite$0.call(Unknown Source)
	at TempTestSuite1591350774236.run(TempTestSuite1591350774236.groovy:37)
Caused by: java.lang.IllegalArgumentException: Object is null
	at com.kms.katalon.core.helper.KeywordHelper.checkTestObjectParameter(KeywordHelper.java:33)
	at com.kms.katalon.core.webui.keyword.builtin.ClickKeyword$_click_closure1.doCall(ClickKeyword.groovy:65)
	at com.kms.katalon.core.webui.keyword.builtin.ClickKeyword$_click_closure1.call(ClickKeyword.groovy)
	at com.kms.katalon.core.webui.keyword.internal.WebUIKeywordMain.runKeyword(WebUIKeywordMain.groovy:20)
	... 19 more
"/>
         <system-out><![CDATA[2020-06-05 16:54:22 - [TEST_CASE][FAILED] - Test Cases/internal data test case/email: Test Cases/internal data test case/email FAILED.
Reason:
com.kms.katalon.core.exception.StepFailedException: Unable to click on object
	at com.kms.katalon.core.webui.keyword.internal.WebUIKeywordMain.stepFailed(WebUIKeywordMain.groovy:64)
	at com.kms.katalon.core.webui.keyword.internal.WebUIKeywordMain.runKeyword(WebUIKeywordMain.groovy:26)
	at com.kms.katalon.core.webui.keyword.builtin.ClickKeyword.click(ClickKeyword.groovy:76)
	at com.kms.katalon.core.webui.keyword.builtin.ClickKeyword.execute(ClickKeyword.groovy:43)
	at com.kms.katalon.core.keyword.internal.KeywordExecutor.executeKeywordForPlatform(KeywordExecutor.groovy:72)
	at com.kms.katalon.core.webui.keyword.WebUiBuiltInKeywords.click(WebUiBuiltInKeywords.groovy:616)
	at com.kms.katalon.core.webui.keyword.WebUiBuiltInKeywords$click$3.call(Unknown Source)
	at email.run(email:34)
	at com.kms.katalon.core.main.ScriptEngine.run(ScriptEngine.java:194)
	at com.kms.katalon.core.main.ScriptEngine.runScriptAsRawText(ScriptEngine.java:119)
	at com.kms.katalon.core.main.TestCaseExecutor.runScript(TestCaseExecutor.java:337)
	at com.kms.katalon.core.main.TestCaseExecutor.doExecute(TestCaseExecutor.java:328)
	at com.kms.katalon.core.main.TestCaseExecutor.processExecutionPhase(TestCaseExecutor.java:307)
	at com.kms.katalon.core.main.TestCaseExecutor.accessMainPhase(TestCaseExecutor.java:299)
	at com.kms.katalon.core.main.TestCaseExecutor.execute(TestCaseExecutor.java:233)
	at com.kms.katalon.core.main.TestSuiteExecutor.accessTestCaseMainPhase(TestSuiteExecutor.java:169)
	at com.kms.katalon.core.main.TestSuiteExecutor.accessTestSuiteMainPhase(TestSuiteExecutor.java:142)
	at com.kms.katalon.core.main.TestSuiteExecutor.execute(TestSuiteExecutor.java:91)
	at com.kms.katalon.core.main.TestCaseMain.startTestSuite(TestCaseMain.java:157)
	at com.kms.katalon.core.main.TestCaseMain$startTestSuite$0.call(Unknown Source)
	at TempTestSuite1591350774236.run(TempTestSuite1591350774236.groovy:37)
Caused by: java.lang.IllegalArgumentException: Object is null
	at com.kms.katalon.core.helper.KeywordHelper.checkTestObjectParameter(KeywordHelper.java:33)
	at com.kms.katalon.core.webui.keyword.builtin.ClickKeyword$_click_closure1.doCall(ClickKeyword.groovy:65)
	at com.kms.katalon.core.webui.keyword.builtin.ClickKeyword$_click_closure1.call(ClickKeyword.groovy)
	at com.kms.katalon.core.webui.keyword.internal.WebUIKeywordMain.runKeyword(WebUIKeywordMain.groovy:20)
	... 19 more


2020-06-05 16:54:22 - [TEST_STEP][PASSED] - openBrowser(""): Browser is opened with url: ''

2020-06-05 16:54:22 - [MESSAGE][INFO] - Starting 'Chrome' driver

2020-06-05 16:54:22 - [MESSAGE][INFO] - Action delay is set to 0 milliseconds

2020-06-05 16:54:22 - [MESSAGE][PASSED] - Browser is opened with url: ''

2020-06-05 16:54:22 - [TEST_STEP][PASSED] - navigateToUrl("https://mattermost-aut.herokuapp.com/login"): Navigate to 'https://mattermost-aut.herokuapp.com/login' successfully

2020-06-05 16:54:25 - [MESSAGE][PASSED] - Navigate to 'https://mattermost-aut.herokuapp.com/login' successfully

2020-06-05 16:54:25 - [TEST_STEP][PASSED] - setText(findTestObject("Data Driven/nickname/Page_Mattermost/input_All team communication in one place searchable and accessible anywhere_loginId"), "phong1998"): Text 'phong1998' is set on object 'Object Repository/Data Driven/nickname/Page_Mattermost/input_All team communication in one place searchable and accessible anywhere_loginId'

2020-06-05 16:54:30 - [MESSAGE][PASSED] - Text 'phong1998' is set on object 'Object Repository/Data Driven/nickname/Page_Mattermost/input_All team communication in one place searchable and accessible anywhere_loginId'

2020-06-05 16:54:30 - [TEST_STEP][PASSED] - setEncryptedText(findTestObject("Data Driven/nickname/Page_Mattermost/input_All team communication in one place searchable and accessible anywhere_password"), "X6RAMBNCYDQ8H8PMJNlsmQ=="): Text ****** has been set on object 'Object Repository/Data Driven/nickname/Page_Mattermost/input_All team communication in one place searchable and accessible anywhere_password'

2020-06-05 16:54:30 - [MESSAGE][PASSED] - Text ****** has been set on object 'Object Repository/Data Driven/nickname/Page_Mattermost/input_All team communication in one place searchable and accessible anywhere_password'

2020-06-05 16:54:30 - [TEST_STEP][PASSED] - click(findTestObject("Data Driven/nickname/Page_Mattermost/span_Sign in")): Object: 'Object Repository/Data Driven/nickname/Page_Mattermost/span_Sign in' is clicked on

2020-06-05 16:54:31 - [MESSAGE][PASSED] - Object: 'Object Repository/Data Driven/nickname/Page_Mattermost/span_Sign in' is clicked on

2020-06-05 16:54:31 - [TEST_STEP][PASSED] - click(findTestObject("Data Driven/position/Page_Town Square - team1612499 Mattermost/span")): Object: 'Object Repository/Data Driven/position/Page_Town Square - team1612499 Mattermost/span' is clicked on

2020-06-05 16:54:34 - [MESSAGE][PASSED] - Object: 'Object Repository/Data Driven/position/Page_Town Square - team1612499 Mattermost/span' is clicked on

2020-06-05 16:54:34 - [TEST_STEP][FAILED] - click(findTestObject("Page_Town Square - team1612499 Mattermost/span_Account Settings")): Unable to click on object (Root cause: com.kms.katalon.core.exception.StepFailedException: Unable to click on object
	at com.kms.katalon.core.webui.keyword.internal.WebUIKeywordMain.stepFailed(WebUIKeywordMain.groovy:64)
	at com.kms.katalon.core.webui.keyword.internal.WebUIKeywordMain.runKeyword(WebUIKeywordMain.groovy:26)
	at com.kms.katalon.core.webui.keyword.builtin.ClickKeyword.click(ClickKeyword.groovy:76)
	at com.kms.katalon.core.webui.keyword.builtin.ClickKeyword.execute(ClickKeyword.groovy:43)
	at com.kms.katalon.core.keyword.internal.KeywordExecutor.executeKeywordForPlatform(KeywordExecutor.groovy:72)
	at com.kms.katalon.core.webui.keyword.WebUiBuiltInKeywords.click(WebUiBuiltInKeywords.groovy:616)
	at com.kms.katalon.core.webui.keyword.WebUiBuiltInKeywords$click$3.call(Unknown Source)
	at email.run(email:34)
	at com.kms.katalon.core.main.ScriptEngine.run(ScriptEngine.java:194)
	at com.kms.katalon.core.main.ScriptEngine.runScriptAsRawText(ScriptEngine.java:119)
	at com.kms.katalon.core.main.TestCaseExecutor.runScript(TestCaseExecutor.java:337)
	at com.kms.katalon.core.main.TestCaseExecutor.doExecute(TestCaseExecutor.java:328)
	at com.kms.katalon.core.main.TestCaseExecutor.processExecutionPhase(TestCaseExecutor.java:307)
	at com.kms.katalon.core.main.TestCaseExecutor.accessMainPhase(TestCaseExecutor.java:299)
	at com.kms.katalon.core.main.TestCaseExecutor.execute(TestCaseExecutor.java:233)
	at com.kms.katalon.core.main.TestSuiteExecutor.accessTestCaseMainPhase(TestSuiteExecutor.java:169)
	at com.kms.katalon.core.main.TestSuiteExecutor.accessTestSuiteMainPhase(TestSuiteExecutor.java:142)
	at com.kms.katalon.core.main.TestSuiteExecutor.execute(TestSuiteExecutor.java:91)
	at com.kms.katalon.core.main.TestCaseMain.startTestSuite(TestCaseMain.java:157)
	at com.kms.katalon.core.main.TestCaseMain$startTestSuite$0.call(Unknown Source)
	at TempTestSuite1591350774236.run(TempTestSuite1591350774236.groovy:37)
Caused by: java.lang.IllegalArgumentException: Object is null
	at com.kms.katalon.core.helper.KeywordHelper.checkTestObjectParameter(KeywordHelper.java:33)
	at com.kms.katalon.core.webui.keyword.builtin.ClickKeyword$_click_closure1.doCall(ClickKeyword.groovy:65)
	at com.kms.katalon.core.webui.keyword.builtin.ClickKeyword$_click_closure1.call(ClickKeyword.groovy)
	at com.kms.katalon.core.webui.keyword.internal.WebUIKeywordMain.runKeyword(WebUIKeywordMain.groovy:20)
	at com.kms.katalon.core.webui.keyword.builtin.ClickKeyword.click(ClickKeyword.groovy:76)
	at com.kms.katalon.core.webui.keyword.builtin.ClickKeyword.execute(ClickKeyword.groovy:43)
	at com.kms.katalon.core.keyword.internal.KeywordExecutor.executeKeywordForPlatform(KeywordExecutor.groovy:72)
	at com.kms.katalon.core.webui.keyword.WebUiBuiltInKeywords.click(WebUiBuiltInKeywords.groovy:616)
	at com.kms.katalon.core.webui.keyword.WebUiBuiltInKeywords$click$3.call(Unknown Source)
	at Script1591296506249.run(Script1591296506249.groovy:34)
	... 13 more
)

2020-06-05 16:54:34 - [MESSAGE][WARNING] - Test object with id 'Object Repository/Page_Town Square - team1612499 Mattermost/span_Account Settings' does not exist

2020-06-05 16:54:34 - [MESSAGE][WARNING] - Test object with id 'Object Repository/' does not exist

2020-06-05 16:54:34 - [MESSAGE][FAILED] - Unable to click on object (Root cause: com.kms.katalon.core.exception.StepFailedException: Unable to click on object
	at com.kms.katalon.core.webui.keyword.internal.WebUIKeywordMain.stepFailed(WebUIKeywordMain.groovy:64)
	at com.kms.katalon.core.webui.keyword.internal.WebUIKeywordMain.runKeyword(WebUIKeywordMain.groovy:26)
	at com.kms.katalon.core.webui.keyword.builtin.ClickKeyword.click(ClickKeyword.groovy:76)
	at com.kms.katalon.core.webui.keyword.builtin.ClickKeyword.execute(ClickKeyword.groovy:43)
	at com.kms.katalon.core.keyword.internal.KeywordExecutor.executeKeywordForPlatform(KeywordExecutor.groovy:72)
	at com.kms.katalon.core.webui.keyword.WebUiBuiltInKeywords.click(WebUiBuiltInKeywords.groovy:616)
	at com.kms.katalon.core.webui.keyword.WebUiBuiltInKeywords$click$3.call(Unknown Source)
	at email.run(email:34)
	at com.kms.katalon.core.main.ScriptEngine.run(ScriptEngine.java:194)
	at com.kms.katalon.core.main.ScriptEngine.runScriptAsRawText(ScriptEngine.java:119)
	at com.kms.katalon.core.main.TestCaseExecutor.runScript(TestCaseExecutor.java:337)
	at com.kms.katalon.core.main.TestCaseExecutor.doExecute(TestCaseExecutor.java:328)
	at com.kms.katalon.core.main.TestCaseExecutor.processExecutionPhase(TestCaseExecutor.java:307)
	at com.kms.katalon.core.main.TestCaseExecutor.accessMainPhase(TestCaseExecutor.java:299)
	at com.kms.katalon.core.main.TestCaseExecutor.execute(TestCaseExecutor.java:233)
	at com.kms.katalon.core.main.TestSuiteExecutor.accessTestCaseMainPhase(TestSuiteExecutor.java:169)
	at com.kms.katalon.core.main.TestSuiteExecutor.accessTestSuiteMainPhase(TestSuiteExecutor.java:142)
	at com.kms.katalon.core.main.TestSuiteExecutor.execute(TestSuiteExecutor.java:91)
	at com.kms.katalon.core.main.TestCaseMain.startTestSuite(TestCaseMain.java:157)
	at com.kms.katalon.core.main.TestCaseMain$startTestSuite$0.call(Unknown Source)
	at TempTestSuite1591350774236.run(TempTestSuite1591350774236.groovy:37)
Caused by: java.lang.IllegalArgumentException: Object is null
	at com.kms.katalon.core.helper.KeywordHelper.checkTestObjectParameter(KeywordHelper.java:33)
	at com.kms.katalon.core.webui.keyword.builtin.ClickKeyword$_click_closure1.doCall(ClickKeyword.groovy:65)
	at com.kms.katalon.core.webui.keyword.builtin.ClickKeyword$_click_closure1.call(ClickKeyword.groovy)
	at com.kms.katalon.core.webui.keyword.internal.WebUIKeywordMain.runKeyword(WebUIKeywordMain.groovy:20)
	at com.kms.katalon.core.webui.keyword.builtin.ClickKeyword.click(ClickKeyword.groovy:76)
	at com.kms.katalon.core.webui.keyword.builtin.ClickKeyword.execute(ClickKeyword.groovy:43)
	at com.kms.katalon.core.keyword.internal.KeywordExecutor.executeKeywordForPlatform(KeywordExecutor.groovy:72)
	at com.kms.katalon.core.webui.keyword.WebUiBuiltInKeywords.click(WebUiBuiltInKeywords.groovy:616)
	at com.kms.katalon.core.webui.keyword.WebUiBuiltInKeywords$click$3.call(Unknown Source)
	at Script1591296506249.run(Script1591296506249.groovy:34)
	... 13 more
)
[[ATTACHMENT|/home/phat/Downloads/katalon/mattermost-webapp/Reports/20200605_165254/Run all test cases/20200605_165254/1591350874101.png]]]]></system-out>
         <system-err><![CDATA[2020-06-05 16:54:22 - [TEST_CASE][FAILED] - Test Cases/internal data test case/email: Test Cases/internal data test case/email FAILED.
Reason:
com.kms.katalon.core.exception.StepFailedException: Unable to click on object
	at com.kms.katalon.core.webui.keyword.internal.WebUIKeywordMain.stepFailed(WebUIKeywordMain.groovy:64)
	at com.kms.katalon.core.webui.keyword.internal.WebUIKeywordMain.runKeyword(WebUIKeywordMain.groovy:26)
	at com.kms.katalon.core.webui.keyword.builtin.ClickKeyword.click(ClickKeyword.groovy:76)
	at com.kms.katalon.core.webui.keyword.builtin.ClickKeyword.execute(ClickKeyword.groovy:43)
	at com.kms.katalon.core.keyword.internal.KeywordExecutor.executeKeywordForPlatform(KeywordExecutor.groovy:72)
	at com.kms.katalon.core.webui.keyword.WebUiBuiltInKeywords.click(WebUiBuiltInKeywords.groovy:616)
	at com.kms.katalon.core.webui.keyword.WebUiBuiltInKeywords$click$3.call(Unknown Source)
	at email.run(email:34)
	at com.kms.katalon.core.main.ScriptEngine.run(ScriptEngine.java:194)
	at com.kms.katalon.core.main.ScriptEngine.runScriptAsRawText(ScriptEngine.java:119)
	at com.kms.katalon.core.main.TestCaseExecutor.runScript(TestCaseExecutor.java:337)
	at com.kms.katalon.core.main.TestCaseExecutor.doExecute(TestCaseExecutor.java:328)
	at com.kms.katalon.core.main.TestCaseExecutor.processExecutionPhase(TestCaseExecutor.java:307)
	at com.kms.katalon.core.main.TestCaseExecutor.accessMainPhase(TestCaseExecutor.java:299)
	at com.kms.katalon.core.main.TestCaseExecutor.execute(TestCaseExecutor.java:233)
	at com.kms.katalon.core.main.TestSuiteExecutor.accessTestCaseMainPhase(TestSuiteExecutor.java:169)
	at com.kms.katalon.core.main.TestSuiteExecutor.accessTestSuiteMainPhase(TestSuiteExecutor.java:142)
	at com.kms.katalon.core.main.TestSuiteExecutor.execute(TestSuiteExecutor.java:91)
	at com.kms.katalon.core.main.TestCaseMain.startTestSuite(TestCaseMain.java:157)
	at com.kms.katalon.core.main.TestCaseMain$startTestSuite$0.call(Unknown Source)
	at TempTestSuite1591350774236.run(TempTestSuite1591350774236.groovy:37)
Caused by: java.lang.IllegalArgumentException: Object is null
	at com.kms.katalon.core.helper.KeywordHelper.checkTestObjectParameter(KeywordHelper.java:33)
	at com.kms.katalon.core.webui.keyword.builtin.ClickKeyword$_click_closure1.doCall(ClickKeyword.groovy:65)
	at com.kms.katalon.core.webui.keyword.builtin.ClickKeyword$_click_closure1.call(ClickKeyword.groovy)
	at com.kms.katalon.core.webui.keyword.internal.WebUIKeywordMain.runKeyword(WebUIKeywordMain.groovy:20)
	... 19 more]]></system-err>
      </testcase>
      <testcase name="Test Cases/internal data test case/word-trigger" time="14.439" classname="Test Cases/internal data test case/word-trigger" status="FAILED">
         <failure type="FAILED" message="Test Cases/internal data test case/word-trigger FAILED.
Reason:
com.kms.katalon.core.exception.StepFailedException: Unable to click on object
	at com.kms.katalon.core.webui.keyword.internal.WebUIKeywordMain.stepFailed(WebUIKeywordMain.groovy:64)
	at com.kms.katalon.core.webui.keyword.internal.WebUIKeywordMain.runKeyword(WebUIKeywordMain.groovy:26)
	at com.kms.katalon.core.webui.keyword.builtin.ClickKeyword.click(ClickKeyword.groovy:76)
	at com.kms.katalon.core.webui.keyword.builtin.ClickKeyword.execute(ClickKeyword.groovy:43)
	at com.kms.katalon.core.keyword.internal.KeywordExecutor.executeKeywordForPlatform(KeywordExecutor.groovy:72)
	at com.kms.katalon.core.webui.keyword.WebUiBuiltInKeywords.click(WebUiBuiltInKeywords.groovy:616)
	at com.kms.katalon.core.webui.keyword.WebUiBuiltInKeywords$click$3.call(Unknown Source)
	at word-trigger.run(word-trigger:34)
	at com.kms.katalon.core.main.ScriptEngine.run(ScriptEngine.java:194)
	at com.kms.katalon.core.main.ScriptEngine.runScriptAsRawText(ScriptEngine.java:119)
	at com.kms.katalon.core.main.TestCaseExecutor.runScript(TestCaseExecutor.java:337)
	at com.kms.katalon.core.main.TestCaseExecutor.doExecute(TestCaseExecutor.java:328)
	at com.kms.katalon.core.main.TestCaseExecutor.processExecutionPhase(TestCaseExecutor.java:307)
	at com.kms.katalon.core.main.TestCaseExecutor.accessMainPhase(TestCaseExecutor.java:299)
	at com.kms.katalon.core.main.TestCaseExecutor.execute(TestCaseExecutor.java:233)
	at com.kms.katalon.core.main.TestSuiteExecutor.accessTestCaseMainPhase(TestSuiteExecutor.java:169)
	at com.kms.katalon.core.main.TestSuiteExecutor.accessTestSuiteMainPhase(TestSuiteExecutor.java:142)
	at com.kms.katalon.core.main.TestSuiteExecutor.execute(TestSuiteExecutor.java:91)
	at com.kms.katalon.core.main.TestCaseMain.startTestSuite(TestCaseMain.java:157)
	at com.kms.katalon.core.main.TestCaseMain$startTestSuite$0.call(Unknown Source)
	at TempTestSuite1591350774236.run(TempTestSuite1591350774236.groovy:37)
Caused by: java.lang.IllegalArgumentException: Object is null
	at com.kms.katalon.core.helper.KeywordHelper.checkTestObjectParameter(KeywordHelper.java:33)
	at com.kms.katalon.core.webui.keyword.builtin.ClickKeyword$_click_closure1.doCall(ClickKeyword.groovy:65)
	at com.kms.katalon.core.webui.keyword.builtin.ClickKeyword$_click_closure1.call(ClickKeyword.groovy)
	at com.kms.katalon.core.webui.keyword.internal.WebUIKeywordMain.runKeyword(WebUIKeywordMain.groovy:20)
	... 19 more
"/>
         <system-out><![CDATA[2020-06-05 16:54:34 - [TEST_CASE][FAILED] - Test Cases/internal data test case/word-trigger: Test Cases/internal data test case/word-trigger FAILED.
Reason:
com.kms.katalon.core.exception.StepFailedException: Unable to click on object
	at com.kms.katalon.core.webui.keyword.internal.WebUIKeywordMain.stepFailed(WebUIKeywordMain.groovy:64)
	at com.kms.katalon.core.webui.keyword.internal.WebUIKeywordMain.runKeyword(WebUIKeywordMain.groovy:26)
	at com.kms.katalon.core.webui.keyword.builtin.ClickKeyword.click(ClickKeyword.groovy:76)
	at com.kms.katalon.core.webui.keyword.builtin.ClickKeyword.execute(ClickKeyword.groovy:43)
	at com.kms.katalon.core.keyword.internal.KeywordExecutor.executeKeywordForPlatform(KeywordExecutor.groovy:72)
	at com.kms.katalon.core.webui.keyword.WebUiBuiltInKeywords.click(WebUiBuiltInKeywords.groovy:616)
	at com.kms.katalon.core.webui.keyword.WebUiBuiltInKeywords$click$3.call(Unknown Source)
	at word-trigger.run(word-trigger:34)
	at com.kms.katalon.core.main.ScriptEngine.run(ScriptEngine.java:194)
	at com.kms.katalon.core.main.ScriptEngine.runScriptAsRawText(ScriptEngine.java:119)
	at com.kms.katalon.core.main.TestCaseExecutor.runScript(TestCaseExecutor.java:337)
	at com.kms.katalon.core.main.TestCaseExecutor.doExecute(TestCaseExecutor.java:328)
	at com.kms.katalon.core.main.TestCaseExecutor.processExecutionPhase(TestCaseExecutor.java:307)
	at com.kms.katalon.core.main.TestCaseExecutor.accessMainPhase(TestCaseExecutor.java:299)
	at com.kms.katalon.core.main.TestCaseExecutor.execute(TestCaseExecutor.java:233)
	at com.kms.katalon.core.main.TestSuiteExecutor.accessTestCaseMainPhase(TestSuiteExecutor.java:169)
	at com.kms.katalon.core.main.TestSuiteExecutor.accessTestSuiteMainPhase(TestSuiteExecutor.java:142)
	at com.kms.katalon.core.main.TestSuiteExecutor.execute(TestSuiteExecutor.java:91)
	at com.kms.katalon.core.main.TestCaseMain.startTestSuite(TestCaseMain.java:157)
	at com.kms.katalon.core.main.TestCaseMain$startTestSuite$0.call(Unknown Source)
	at TempTestSuite1591350774236.run(TempTestSuite1591350774236.groovy:37)
Caused by: java.lang.IllegalArgumentException: Object is null
	at com.kms.katalon.core.helper.KeywordHelper.checkTestObjectParameter(KeywordHelper.java:33)
	at com.kms.katalon.core.webui.keyword.builtin.ClickKeyword$_click_closure1.doCall(ClickKeyword.groovy:65)
	at com.kms.katalon.core.webui.keyword.builtin.ClickKeyword$_click_closure1.call(ClickKeyword.groovy)
	at com.kms.katalon.core.webui.keyword.internal.WebUIKeywordMain.runKeyword(WebUIKeywordMain.groovy:20)
	... 19 more


2020-06-05 16:54:34 - [TEST_STEP][PASSED] - openBrowser(""): Browser is opened with url: ''

2020-06-05 16:54:34 - [MESSAGE][WARNING] - A browser is already opened. Closing browser and opening a new one

2020-06-05 16:54:34 - [MESSAGE][INFO] - Starting 'Chrome' driver

2020-06-05 16:54:34 - [MESSAGE][INFO] - Action delay is set to 0 milliseconds

2020-06-05 16:54:34 - [MESSAGE][PASSED] - Browser is opened with url: ''

2020-06-05 16:54:34 - [TEST_STEP][PASSED] - navigateToUrl("https://mattermost-aut.herokuapp.com/login"): Navigate to 'https://mattermost-aut.herokuapp.com/login' successfully

2020-06-05 16:54:39 - [MESSAGE][PASSED] - Navigate to 'https://mattermost-aut.herokuapp.com/login' successfully

2020-06-05 16:54:39 - [TEST_STEP][PASSED] - setText(findTestObject("Data Driven/login/Page_Mattermost/input_All team communication in one place searchable and accessible anywhere_loginId"), "phong1998"): Text 'phong1998' is set on object 'Object Repository/Data Driven/login/Page_Mattermost/input_All team communication in one place searchable and accessible anywhere_loginId'

2020-06-05 16:54:44 - [MESSAGE][PASSED] - Text 'phong1998' is set on object 'Object Repository/Data Driven/login/Page_Mattermost/input_All team communication in one place searchable and accessible anywhere_loginId'

2020-06-05 16:54:44 - [TEST_STEP][PASSED] - setEncryptedText(findTestObject("Data Driven/login/Page_Mattermost/input_All team communication in one place searchable and accessible anywhere_password"), "X6RAMBNCYDQ8H8PMJNlsmQ=="): Text ****** has been set on object 'Object Repository/Data Driven/login/Page_Mattermost/input_All team communication in one place searchable and accessible anywhere_password'

2020-06-05 16:54:45 - [MESSAGE][PASSED] - Text ****** has been set on object 'Object Repository/Data Driven/login/Page_Mattermost/input_All team communication in one place searchable and accessible anywhere_password'

2020-06-05 16:54:45 - [TEST_STEP][PASSED] - click(findTestObject("Data Driven/direct-message/Page_Mattermost/button_Sign in")): Object: 'Object Repository/Data Driven/direct-message/Page_Mattermost/button_Sign in' is clicked on

2020-06-05 16:54:45 - [MESSAGE][PASSED] - Object: 'Object Repository/Data Driven/direct-message/Page_Mattermost/button_Sign in' is clicked on

2020-06-05 16:54:45 - [TEST_STEP][PASSED] - click(findTestObject("Data Driven/password/Page_Town Square - team1612499 Mattermost/button_phong1998_style--none sidebar-header_cd5638")): Object: 'Object Repository/Data Driven/password/Page_Town Square - team1612499 Mattermost/button_phong1998_style--none sidebar-header_cd5638' is clicked on

2020-06-05 16:54:48 - [MESSAGE][PASSED] - Object: 'Object Repository/Data Driven/password/Page_Town Square - team1612499 Mattermost/button_phong1998_style--none sidebar-header_cd5638' is clicked on

2020-06-05 16:54:48 - [TEST_STEP][FAILED] - click(findTestObject("Page_Town Square - team1612499 Mattermost/span_Account Settings")): Unable to click on object (Root cause: com.kms.katalon.core.exception.StepFailedException: Unable to click on object
	at com.kms.katalon.core.webui.keyword.internal.WebUIKeywordMain.stepFailed(WebUIKeywordMain.groovy:64)
	at com.kms.katalon.core.webui.keyword.internal.WebUIKeywordMain.runKeyword(WebUIKeywordMain.groovy:26)
	at com.kms.katalon.core.webui.keyword.builtin.ClickKeyword.click(ClickKeyword.groovy:76)
	at com.kms.katalon.core.webui.keyword.builtin.ClickKeyword.execute(ClickKeyword.groovy:43)
	at com.kms.katalon.core.keyword.internal.KeywordExecutor.executeKeywordForPlatform(KeywordExecutor.groovy:72)
	at com.kms.katalon.core.webui.keyword.WebUiBuiltInKeywords.click(WebUiBuiltInKeywords.groovy:616)
	at com.kms.katalon.core.webui.keyword.WebUiBuiltInKeywords$click$3.call(Unknown Source)
	at word-trigger.run(word-trigger:34)
	at com.kms.katalon.core.main.ScriptEngine.run(ScriptEngine.java:194)
	at com.kms.katalon.core.main.ScriptEngine.runScriptAsRawText(ScriptEngine.java:119)
	at com.kms.katalon.core.main.TestCaseExecutor.runScript(TestCaseExecutor.java:337)
	at com.kms.katalon.core.main.TestCaseExecutor.doExecute(TestCaseExecutor.java:328)
	at com.kms.katalon.core.main.TestCaseExecutor.processExecutionPhase(TestCaseExecutor.java:307)
	at com.kms.katalon.core.main.TestCaseExecutor.accessMainPhase(TestCaseExecutor.java:299)
	at com.kms.katalon.core.main.TestCaseExecutor.execute(TestCaseExecutor.java:233)
	at com.kms.katalon.core.main.TestSuiteExecutor.accessTestCaseMainPhase(TestSuiteExecutor.java:169)
	at com.kms.katalon.core.main.TestSuiteExecutor.accessTestSuiteMainPhase(TestSuiteExecutor.java:142)
	at com.kms.katalon.core.main.TestSuiteExecutor.execute(TestSuiteExecutor.java:91)
	at com.kms.katalon.core.main.TestCaseMain.startTestSuite(TestCaseMain.java:157)
	at com.kms.katalon.core.main.TestCaseMain$startTestSuite$0.call(Unknown Source)
	at TempTestSuite1591350774236.run(TempTestSuite1591350774236.groovy:37)
Caused by: java.lang.IllegalArgumentException: Object is null
	at com.kms.katalon.core.helper.KeywordHelper.checkTestObjectParameter(KeywordHelper.java:33)
	at com.kms.katalon.core.webui.keyword.builtin.ClickKeyword$_click_closure1.doCall(ClickKeyword.groovy:65)
	at com.kms.katalon.core.webui.keyword.builtin.ClickKeyword$_click_closure1.call(ClickKeyword.groovy)
	at com.kms.katalon.core.webui.keyword.internal.WebUIKeywordMain.runKeyword(WebUIKeywordMain.groovy:20)
	at com.kms.katalon.core.webui.keyword.builtin.ClickKeyword.click(ClickKeyword.groovy:76)
	at com.kms.katalon.core.webui.keyword.builtin.ClickKeyword.execute(ClickKeyword.groovy:43)
	at com.kms.katalon.core.keyword.internal.KeywordExecutor.executeKeywordForPlatform(KeywordExecutor.groovy:72)
	at com.kms.katalon.core.webui.keyword.WebUiBuiltInKeywords.click(WebUiBuiltInKeywords.groovy:616)
	at com.kms.katalon.core.webui.keyword.WebUiBuiltInKeywords$click$3.call(Unknown Source)
	at Script1591296532982.run(Script1591296532982.groovy:34)
	... 13 more
)

2020-06-05 16:54:48 - [MESSAGE][WARNING] - Test object with id 'Object Repository/Page_Town Square - team1612499 Mattermost/span_Account Settings' does not exist

2020-06-05 16:54:48 - [MESSAGE][WARNING] - Test object with id 'Object Repository/' does not exist

2020-06-05 16:54:48 - [MESSAGE][FAILED] - Unable to click on object (Root cause: com.kms.katalon.core.exception.StepFailedException: Unable to click on object
	at com.kms.katalon.core.webui.keyword.internal.WebUIKeywordMain.stepFailed(WebUIKeywordMain.groovy:64)
	at com.kms.katalon.core.webui.keyword.internal.WebUIKeywordMain.runKeyword(WebUIKeywordMain.groovy:26)
	at com.kms.katalon.core.webui.keyword.builtin.ClickKeyword.click(ClickKeyword.groovy:76)
	at com.kms.katalon.core.webui.keyword.builtin.ClickKeyword.execute(ClickKeyword.groovy:43)
	at com.kms.katalon.core.keyword.internal.KeywordExecutor.executeKeywordForPlatform(KeywordExecutor.groovy:72)
	at com.kms.katalon.core.webui.keyword.WebUiBuiltInKeywords.click(WebUiBuiltInKeywords.groovy:616)
	at com.kms.katalon.core.webui.keyword.WebUiBuiltInKeywords$click$3.call(Unknown Source)
	at word-trigger.run(word-trigger:34)
	at com.kms.katalon.core.main.ScriptEngine.run(ScriptEngine.java:194)
	at com.kms.katalon.core.main.ScriptEngine.runScriptAsRawText(ScriptEngine.java:119)
	at com.kms.katalon.core.main.TestCaseExecutor.runScript(TestCaseExecutor.java:337)
	at com.kms.katalon.core.main.TestCaseExecutor.doExecute(TestCaseExecutor.java:328)
	at com.kms.katalon.core.main.TestCaseExecutor.processExecutionPhase(TestCaseExecutor.java:307)
	at com.kms.katalon.core.main.TestCaseExecutor.accessMainPhase(TestCaseExecutor.java:299)
	at com.kms.katalon.core.main.TestCaseExecutor.execute(TestCaseExecutor.java:233)
	at com.kms.katalon.core.main.TestSuiteExecutor.accessTestCaseMainPhase(TestSuiteExecutor.java:169)
	at com.kms.katalon.core.main.TestSuiteExecutor.accessTestSuiteMainPhase(TestSuiteExecutor.java:142)
	at com.kms.katalon.core.main.TestSuiteExecutor.execute(TestSuiteExecutor.java:91)
	at com.kms.katalon.core.main.TestCaseMain.startTestSuite(TestCaseMain.java:157)
	at com.kms.katalon.core.main.TestCaseMain$startTestSuite$0.call(Unknown Source)
	at TempTestSuite1591350774236.run(TempTestSuite1591350774236.groovy:37)
Caused by: java.lang.IllegalArgumentException: Object is null
	at com.kms.katalon.core.helper.KeywordHelper.checkTestObjectParameter(KeywordHelper.java:33)
	at com.kms.katalon.core.webui.keyword.builtin.ClickKeyword$_click_closure1.doCall(ClickKeyword.groovy:65)
	at com.kms.katalon.core.webui.keyword.builtin.ClickKeyword$_click_closure1.call(ClickKeyword.groovy)
	at com.kms.katalon.core.webui.keyword.internal.WebUIKeywordMain.runKeyword(WebUIKeywordMain.groovy:20)
	at com.kms.katalon.core.webui.keyword.builtin.ClickKeyword.click(ClickKeyword.groovy:76)
	at com.kms.katalon.core.webui.keyword.builtin.ClickKeyword.execute(ClickKeyword.groovy:43)
	at com.kms.katalon.core.keyword.internal.KeywordExecutor.executeKeywordForPlatform(KeywordExecutor.groovy:72)
	at com.kms.katalon.core.webui.keyword.WebUiBuiltInKeywords.click(WebUiBuiltInKeywords.groovy:616)
	at com.kms.katalon.core.webui.keyword.WebUiBuiltInKeywords$click$3.call(Unknown Source)
	at Script1591296532982.run(Script1591296532982.groovy:34)
	... 13 more
)
[[ATTACHMENT|/home/phat/Downloads/katalon/mattermost-webapp/Reports/20200605_165254/Run all test cases/20200605_165254/1591350888537.png]]]]></system-out>
         <system-err><![CDATA[2020-06-05 16:54:34 - [TEST_CASE][FAILED] - Test Cases/internal data test case/word-trigger: Test Cases/internal data test case/word-trigger FAILED.
Reason:
com.kms.katalon.core.exception.StepFailedException: Unable to click on object
	at com.kms.katalon.core.webui.keyword.internal.WebUIKeywordMain.stepFailed(WebUIKeywordMain.groovy:64)
	at com.kms.katalon.core.webui.keyword.internal.WebUIKeywordMain.runKeyword(WebUIKeywordMain.groovy:26)
	at com.kms.katalon.core.webui.keyword.builtin.ClickKeyword.click(ClickKeyword.groovy:76)
	at com.kms.katalon.core.webui.keyword.builtin.ClickKeyword.execute(ClickKeyword.groovy:43)
	at com.kms.katalon.core.keyword.internal.KeywordExecutor.executeKeywordForPlatform(KeywordExecutor.groovy:72)
	at com.kms.katalon.core.webui.keyword.WebUiBuiltInKeywords.click(WebUiBuiltInKeywords.groovy:616)
	at com.kms.katalon.core.webui.keyword.WebUiBuiltInKeywords$click$3.call(Unknown Source)
	at word-trigger.run(word-trigger:34)
	at com.kms.katalon.core.main.ScriptEngine.run(ScriptEngine.java:194)
	at com.kms.katalon.core.main.ScriptEngine.runScriptAsRawText(ScriptEngine.java:119)
	at com.kms.katalon.core.main.TestCaseExecutor.runScript(TestCaseExecutor.java:337)
	at com.kms.katalon.core.main.TestCaseExecutor.doExecute(TestCaseExecutor.java:328)
	at com.kms.katalon.core.main.TestCaseExecutor.processExecutionPhase(TestCaseExecutor.java:307)
	at com.kms.katalon.core.main.TestCaseExecutor.accessMainPhase(TestCaseExecutor.java:299)
	at com.kms.katalon.core.main.TestCaseExecutor.execute(TestCaseExecutor.java:233)
	at com.kms.katalon.core.main.TestSuiteExecutor.accessTestCaseMainPhase(TestSuiteExecutor.java:169)
	at com.kms.katalon.core.main.TestSuiteExecutor.accessTestSuiteMainPhase(TestSuiteExecutor.java:142)
	at com.kms.katalon.core.main.TestSuiteExecutor.execute(TestSuiteExecutor.java:91)
	at com.kms.katalon.core.main.TestCaseMain.startTestSuite(TestCaseMain.java:157)
	at com.kms.katalon.core.main.TestCaseMain$startTestSuite$0.call(Unknown Source)
	at TempTestSuite1591350774236.run(TempTestSuite1591350774236.groovy:37)
Caused by: java.lang.IllegalArgumentException: Object is null
	at com.kms.katalon.core.helper.KeywordHelper.checkTestObjectParameter(KeywordHelper.java:33)
	at com.kms.katalon.core.webui.keyword.builtin.ClickKeyword$_click_closure1.doCall(ClickKeyword.groovy:65)
	at com.kms.katalon.core.webui.keyword.builtin.ClickKeyword$_click_closure1.call(ClickKeyword.groovy)
	at com.kms.katalon.core.webui.keyword.internal.WebUIKeywordMain.runKeyword(WebUIKeywordMain.groovy:20)
	... 19 more]]></system-err>
      </testcase>
      <testcase name="Test Cases/internal data test case/private-channel" time="14.623" classname="Test Cases/internal data test case/private-channel" status="PASSED">
         <system-out><![CDATA[2020-06-05 16:54:48 - [TEST_CASE][PASSED] - Test Cases/internal data test case/private-channel: Test Cases/internal data test case/private-channel

2020-06-05 16:54:48 - [TEST_STEP][PASSED] - openBrowser(""): Browser is opened with url: ''

2020-06-05 16:54:48 - [MESSAGE][WARNING] - A browser is already opened. Closing browser and opening a new one

2020-06-05 16:54:48 - [MESSAGE][INFO] - Starting 'Chrome' driver

2020-06-05 16:54:48 - [MESSAGE][INFO] - Action delay is set to 0 milliseconds

2020-06-05 16:54:49 - [MESSAGE][PASSED] - Browser is opened with url: ''

2020-06-05 16:54:49 - [TEST_STEP][PASSED] - navigateToUrl("https://mattermost-aut.herokuapp.com/login"): Navigate to 'https://mattermost-aut.herokuapp.com/login' successfully

2020-06-05 16:54:52 - [MESSAGE][PASSED] - Navigate to 'https://mattermost-aut.herokuapp.com/login' successfully

2020-06-05 16:54:52 - [TEST_STEP][PASSED] - setText(findTestObject("Data Driven/login/Page_Mattermost/input_All team communication in one place searchable and accessible anywhere_loginId"), "phong1998"): Text 'phong1998' is set on object 'Object Repository/Data Driven/login/Page_Mattermost/input_All team communication in one place searchable and accessible anywhere_loginId'

2020-06-05 16:54:57 - [MESSAGE][PASSED] - Text 'phong1998' is set on object 'Object Repository/Data Driven/login/Page_Mattermost/input_All team communication in one place searchable and accessible anywhere_loginId'

2020-06-05 16:54:57 - [TEST_STEP][PASSED] - setEncryptedText(findTestObject("Data Driven/login/Page_Mattermost/input_All team communication in one place searchable and accessible anywhere_password"), "X6RAMBNCYDQ8H8PMJNlsmQ=="): Text ****** has been set on object 'Object Repository/Data Driven/login/Page_Mattermost/input_All team communication in one place searchable and accessible anywhere_password'

2020-06-05 16:54:57 - [MESSAGE][PASSED] - Text ****** has been set on object 'Object Repository/Data Driven/login/Page_Mattermost/input_All team communication in one place searchable and accessible anywhere_password'

2020-06-05 16:54:57 - [TEST_STEP][PASSED] - click(findTestObject("Data Driven/login/Page_Mattermost/button_Sign in")): Object: 'Object Repository/Data Driven/login/Page_Mattermost/button_Sign in' is clicked on

2020-06-05 16:54:58 - [MESSAGE][PASSED] - Object: 'Object Repository/Data Driven/login/Page_Mattermost/button_Sign in' is clicked on

2020-06-05 16:54:58 - [TEST_STEP][PASSED] - click(findTestObject("Data Driven/private-channel/Page_Town Square - team1612499 Mattermost/span_")): Object: 'Object Repository/Data Driven/private-channel/Page_Town Square - team1612499 Mattermost/span_' is clicked on

2020-06-05 16:55:01 - [MESSAGE][PASSED] - Object: 'Object Repository/Data Driven/private-channel/Page_Town Square - team1612499 Mattermost/span_' is clicked on

2020-06-05 16:55:01 - [TEST_STEP][PASSED] - setText(findTestObject("Data Driven/private-channel/Page_Town Square - team1612499 Mattermost/input_Name_newChannelName"), name): Text '' is set on object 'Object Repository/Data Driven/private-channel/Page_Town Square - team1612499 Mattermost/input_Name_newChannelName'

2020-06-05 16:55:01 - [MESSAGE][PASSED] - Text '' is set on object 'Object Repository/Data Driven/private-channel/Page_Town Square - team1612499 Mattermost/input_Name_newChannelName'

2020-06-05 16:55:01 - [TEST_STEP][PASSED] - setText(findTestObject("Data Driven/private-channel/Page_Town Square - team1612499 Mattermost/textarea_(optional)_newChannelPurpose"), purpose): Text '' is set on object 'Object Repository/Data Driven/private-channel/Page_Town Square - team1612499 Mattermost/textarea_(optional)_newChannelPurpose'

2020-06-05 16:55:02 - [MESSAGE][PASSED] - Text '' is set on object 'Object Repository/Data Driven/private-channel/Page_Town Square - team1612499 Mattermost/textarea_(optional)_newChannelPurpose'

2020-06-05 16:55:02 - [TEST_STEP][PASSED] - setText(findTestObject("Data Driven/private-channel/Page_Town Square - team1612499 Mattermost/textarea_(optional)_newChannelHeader"), header): Text '' is set on object 'Object Repository/Data Driven/private-channel/Page_Town Square - team1612499 Mattermost/textarea_(optional)_newChannelHeader'

2020-06-05 16:55:03 - [MESSAGE][PASSED] - Text '' is set on object 'Object Repository/Data Driven/private-channel/Page_Town Square - team1612499 Mattermost/textarea_(optional)_newChannelHeader'

2020-06-05 16:55:03 - [TEST_STEP][PASSED] - click(findTestObject("Data Driven/private-channel/Page_Town Square - team1612499 Mattermost/span_Create Channel")): Object: 'Object Repository/Data Driven/private-channel/Page_Town Square - team1612499 Mattermost/span_Create Channel' is clicked on

2020-06-05 16:55:03 - [MESSAGE][PASSED] - Object: 'Object Repository/Data Driven/private-channel/Page_Town Square - team1612499 Mattermost/span_Create Channel' is clicked on

2020-06-05 16:55:03 - [TEST_STEP][PASSED] - closeBrowser(): Browser is closed

2020-06-05 16:55:03 - [MESSAGE][PASSED] - Browser is closed]]></system-out>
         <system-err><![CDATA[]]></system-err>
      </testcase>
      <testcase name="Test Cases/internal data test case/emotion" time="12.839" classname="Test Cases/internal data test case/emotion" status="PASSED">
         <system-out><![CDATA[2020-06-05 16:55:03 - [TEST_CASE][PASSED] - Test Cases/internal data test case/emotion: Test Cases/internal data test case/emotion

2020-06-05 16:55:03 - [TEST_STEP][PASSED] - openBrowser(""): Browser is opened with url: ''

2020-06-05 16:55:03 - [MESSAGE][INFO] - Starting 'Chrome' driver

2020-06-05 16:55:03 - [MESSAGE][INFO] - Action delay is set to 0 milliseconds

2020-06-05 16:55:03 - [MESSAGE][PASSED] - Browser is opened with url: ''

2020-06-05 16:55:03 - [TEST_STEP][PASSED] - navigateToUrl("https://mattermost-aut.herokuapp.com/login"): Navigate to 'https://mattermost-aut.herokuapp.com/login' successfully

2020-06-05 16:55:06 - [MESSAGE][PASSED] - Navigate to 'https://mattermost-aut.herokuapp.com/login' successfully

2020-06-05 16:55:06 - [TEST_STEP][PASSED] - setText(findTestObject("Data Driven/login/Page_Mattermost/input_All team communication in one place searchable and accessible anywhere_loginId"), "phong1998"): Text 'phong1998' is set on object 'Object Repository/Data Driven/login/Page_Mattermost/input_All team communication in one place searchable and accessible anywhere_loginId'

2020-06-05 16:55:10 - [MESSAGE][PASSED] - Text 'phong1998' is set on object 'Object Repository/Data Driven/login/Page_Mattermost/input_All team communication in one place searchable and accessible anywhere_loginId'

2020-06-05 16:55:10 - [TEST_STEP][PASSED] - setEncryptedText(findTestObject("Data Driven/login/Page_Mattermost/input_All team communication in one place searchable and accessible anywhere_password"), "X6RAMBNCYDQ8H8PMJNlsmQ=="): Text ****** has been set on object 'Object Repository/Data Driven/login/Page_Mattermost/input_All team communication in one place searchable and accessible anywhere_password'

2020-06-05 16:55:11 - [MESSAGE][PASSED] - Text ****** has been set on object 'Object Repository/Data Driven/login/Page_Mattermost/input_All team communication in one place searchable and accessible anywhere_password'

2020-06-05 16:55:11 - [TEST_STEP][PASSED] - click(findTestObject("Data Driven/direct-message/Page_Mattermost/button_Sign in")): Object: 'Object Repository/Data Driven/direct-message/Page_Mattermost/button_Sign in' is clicked on

2020-06-05 16:55:11 - [MESSAGE][PASSED] - Object: 'Object Repository/Data Driven/direct-message/Page_Mattermost/button_Sign in' is clicked on

2020-06-05 16:55:11 - [TEST_STEP][PASSED] - click(findTestObject("Data Driven/emotion/Page_Town Square - team1612499 Mattermost/svg")): Object: 'Object Repository/Data Driven/emotion/Page_Town Square - team1612499 Mattermost/svg' is clicked on

2020-06-05 16:55:14 - [MESSAGE][PASSED] - Object: 'Object Repository/Data Driven/emotion/Page_Town Square - team1612499 Mattermost/svg' is clicked on

2020-06-05 16:55:14 - [TEST_STEP][PASSED] - setText(findTestObject("Data Driven/emotion/Page_Town Square - team1612499 Mattermost/input_emoji_emojiPickerSearch"), emotion): Text '' is set on object 'Object Repository/Data Driven/emotion/Page_Town Square - team1612499 Mattermost/input_emoji_emojiPickerSearch'

2020-06-05 16:55:16 - [MESSAGE][PASSED] - Text '' is set on object 'Object Repository/Data Driven/emotion/Page_Town Square - team1612499 Mattermost/input_emoji_emojiPickerSearch'

2020-06-05 16:55:16 - [TEST_STEP][PASSED] - closeBrowser(): Browser is closed

2020-06-05 16:55:16 - [MESSAGE][PASSED] - Browser is closed]]></system-out>
         <system-err><![CDATA[]]></system-err>
      </testcase>
      <testcase name="Test Cases/internal data test case/username" time="14.736" classname="Test Cases/internal data test case/username" status="PASSED">
         <system-out><![CDATA[2020-06-05 16:55:16 - [TEST_CASE][PASSED] - Test Cases/internal data test case/username: Test Cases/internal data test case/username

2020-06-05 16:55:16 - [TEST_STEP][PASSED] - openBrowser(""): Browser is opened with url: ''

2020-06-05 16:55:16 - [MESSAGE][INFO] - Starting 'Chrome' driver

2020-06-05 16:55:16 - [MESSAGE][INFO] - Action delay is set to 0 milliseconds

2020-06-05 16:55:16 - [MESSAGE][PASSED] - Browser is opened with url: ''

2020-06-05 16:55:16 - [TEST_STEP][PASSED] - navigateToUrl("https://mattermost-aut.herokuapp.com/login"): Navigate to 'https://mattermost-aut.herokuapp.com/login' successfully

2020-06-05 16:55:19 - [MESSAGE][PASSED] - Navigate to 'https://mattermost-aut.herokuapp.com/login' successfully

2020-06-05 16:55:19 - [TEST_STEP][PASSED] - setText(findTestObject("Data Driven/username/Page_Mattermost/input_All team communication in one place searchable and accessible anywhere_loginId"), "phong1998"): Text 'phong1998' is set on object 'Object Repository/Data Driven/username/Page_Mattermost/input_All team communication in one place searchable and accessible anywhere_loginId'

2020-06-05 16:55:24 - [MESSAGE][PASSED] - Text 'phong1998' is set on object 'Object Repository/Data Driven/username/Page_Mattermost/input_All team communication in one place searchable and accessible anywhere_loginId'

2020-06-05 16:55:24 - [TEST_STEP][PASSED] - setEncryptedText(findTestObject("Data Driven/username/Page_Mattermost/input_All team communication in one place searchable and accessible anywhere_password"), "X6RAMBNCYDQ8H8PMJNlsmQ=="): Text ****** has been set on object 'Object Repository/Data Driven/username/Page_Mattermost/input_All team communication in one place searchable and accessible anywhere_password'

2020-06-05 16:55:24 - [MESSAGE][PASSED] - Text ****** has been set on object 'Object Repository/Data Driven/username/Page_Mattermost/input_All team communication in one place searchable and accessible anywhere_password'

2020-06-05 16:55:24 - [TEST_STEP][PASSED] - sendKeys(findTestObject("Data Driven/username/Page_Mattermost/input_All team communication in one place searchable and accessible anywhere_password"), Keys.chord(ENTER)): Keys 'ENTER + ' sent to object: 'Object Repository/Data Driven/username/Page_Mattermost/input_All team communication in one place searchable and accessible anywhere_password'

2020-06-05 16:55:25 - [MESSAGE][PASSED] - Keys 'ENTER + ' sent to object: 'Object Repository/Data Driven/username/Page_Mattermost/input_All team communication in one place searchable and accessible anywhere_password'

2020-06-05 16:55:25 - [TEST_STEP][PASSED] - click(findTestObject("Data Driven/username/Page_Town Square - team1612499 Mattermost/button_test_style--none sidebar-header-dropdown__icon")): Object: 'Object Repository/Data Driven/username/Page_Town Square - team1612499 Mattermost/button_test_style--none sidebar-header-dropdown__icon' is clicked on

2020-06-05 16:55:28 - [MESSAGE][PASSED] - Object: 'Object Repository/Data Driven/username/Page_Town Square - team1612499 Mattermost/button_test_style--none sidebar-header-dropdown__icon' is clicked on

2020-06-05 16:55:28 - [TEST_STEP][PASSED] - click(findTestObject("Data Driven/username/Page_Town Square - team1612499 Mattermost/span_Account Settings")): Object: 'Object Repository/Data Driven/username/Page_Town Square - team1612499 Mattermost/span_Account Settings' is clicked on

2020-06-05 16:55:28 - [MESSAGE][PASSED] - Object: 'Object Repository/Data Driven/username/Page_Town Square - team1612499 Mattermost/span_Account Settings' is clicked on

2020-06-05 16:55:28 - [TEST_STEP][PASSED] - click(findTestObject("Data Driven/username/Page_Town Square - team1612499 Mattermost/span_Edit")): Object: 'Object Repository/Data Driven/username/Page_Town Square - team1612499 Mattermost/span_Edit' is clicked on

2020-06-05 16:55:29 - [MESSAGE][PASSED] - Object: 'Object Repository/Data Driven/username/Page_Town Square - team1612499 Mattermost/span_Edit' is clicked on

2020-06-05 16:55:29 - [TEST_STEP][PASSED] - setText(findTestObject("Data Driven/username/Page_Town Square - team1612499 Mattermost/input_Username_username"), username): Text '' is set on object 'Object Repository/Data Driven/username/Page_Town Square - team1612499 Mattermost/input_Username_username'

2020-06-05 16:55:30 - [MESSAGE][PASSED] - Text '' is set on object 'Object Repository/Data Driven/username/Page_Town Square - team1612499 Mattermost/input_Username_username'

2020-06-05 16:55:30 - [TEST_STEP][PASSED] - click(findTestObject("Data Driven/username/Page_Town Square - team1612499 Mattermost/span_Save")): Object: 'Object Repository/Data Driven/username/Page_Town Square - team1612499 Mattermost/span_Save' is clicked on

2020-06-05 16:55:30 - [MESSAGE][PASSED] - Object: 'Object Repository/Data Driven/username/Page_Town Square - team1612499 Mattermost/span_Save' is clicked on]]></system-out>
         <system-err><![CDATA[]]></system-err>
      </testcase>
      <testcase name="Test Cases/internal data test case/public-channel" time="14.295" classname="Test Cases/internal data test case/public-channel" status="FAILED">
         <failure type="FAILED" message="Test Cases/internal data test case/public-channel FAILED.
Reason:
com.kms.katalon.core.exception.StepFailedException: Unable to click on object
	at com.kms.katalon.core.webui.keyword.internal.WebUIKeywordMain.stepFailed(WebUIKeywordMain.groovy:64)
	at com.kms.katalon.core.webui.keyword.internal.WebUIKeywordMain.runKeyword(WebUIKeywordMain.groovy:26)
	at com.kms.katalon.core.webui.keyword.builtin.ClickKeyword.click(ClickKeyword.groovy:76)
	at com.kms.katalon.core.webui.keyword.builtin.ClickKeyword.execute(ClickKeyword.groovy:43)
	at com.kms.katalon.core.keyword.internal.KeywordExecutor.executeKeywordForPlatform(KeywordExecutor.groovy:72)
	at com.kms.katalon.core.webui.keyword.WebUiBuiltInKeywords.click(WebUiBuiltInKeywords.groovy:616)
	at com.kms.katalon.core.webui.keyword.WebUiBuiltInKeywords$click$3.call(Unknown Source)
	at public-channel.run(public-channel:41)
	at com.kms.katalon.core.main.ScriptEngine.run(ScriptEngine.java:194)
	at com.kms.katalon.core.main.ScriptEngine.runScriptAsRawText(ScriptEngine.java:119)
	at com.kms.katalon.core.main.TestCaseExecutor.runScript(TestCaseExecutor.java:337)
	at com.kms.katalon.core.main.TestCaseExecutor.doExecute(TestCaseExecutor.java:328)
	at com.kms.katalon.core.main.TestCaseExecutor.processExecutionPhase(TestCaseExecutor.java:307)
	at com.kms.katalon.core.main.TestCaseExecutor.accessMainPhase(TestCaseExecutor.java:299)
	at com.kms.katalon.core.main.TestCaseExecutor.execute(TestCaseExecutor.java:233)
	at com.kms.katalon.core.main.TestSuiteExecutor.accessTestCaseMainPhase(TestSuiteExecutor.java:169)
	at com.kms.katalon.core.main.TestSuiteExecutor.accessTestSuiteMainPhase(TestSuiteExecutor.java:142)
	at com.kms.katalon.core.main.TestSuiteExecutor.execute(TestSuiteExecutor.java:91)
	at com.kms.katalon.core.main.TestCaseMain.startTestSuite(TestCaseMain.java:157)
	at com.kms.katalon.core.main.TestCaseMain$startTestSuite$0.call(Unknown Source)
	at TempTestSuite1591350774236.run(TempTestSuite1591350774236.groovy:37)
Caused by: java.lang.IllegalArgumentException: Object is null
	at com.kms.katalon.core.helper.KeywordHelper.checkTestObjectParameter(KeywordHelper.java:33)
	at com.kms.katalon.core.webui.keyword.builtin.ClickKeyword$_click_closure1.doCall(ClickKeyword.groovy:65)
	at com.kms.katalon.core.webui.keyword.builtin.ClickKeyword$_click_closure1.call(ClickKeyword.groovy)
	at com.kms.katalon.core.webui.keyword.internal.WebUIKeywordMain.runKeyword(WebUIKeywordMain.groovy:20)
	... 19 more
"/>
         <system-out><![CDATA[2020-06-05 16:55:30 - [TEST_CASE][FAILED] - Test Cases/internal data test case/public-channel: Test Cases/internal data test case/public-channel FAILED.
Reason:
com.kms.katalon.core.exception.StepFailedException: Unable to click on object
	at com.kms.katalon.core.webui.keyword.internal.WebUIKeywordMain.stepFailed(WebUIKeywordMain.groovy:64)
	at com.kms.katalon.core.webui.keyword.internal.WebUIKeywordMain.runKeyword(WebUIKeywordMain.groovy:26)
	at com.kms.katalon.core.webui.keyword.builtin.ClickKeyword.click(ClickKeyword.groovy:76)
	at com.kms.katalon.core.webui.keyword.builtin.ClickKeyword.execute(ClickKeyword.groovy:43)
	at com.kms.katalon.core.keyword.internal.KeywordExecutor.executeKeywordForPlatform(KeywordExecutor.groovy:72)
	at com.kms.katalon.core.webui.keyword.WebUiBuiltInKeywords.click(WebUiBuiltInKeywords.groovy:616)
	at com.kms.katalon.core.webui.keyword.WebUiBuiltInKeywords$click$3.call(Unknown Source)
	at public-channel.run(public-channel:41)
	at com.kms.katalon.core.main.ScriptEngine.run(ScriptEngine.java:194)
	at com.kms.katalon.core.main.ScriptEngine.runScriptAsRawText(ScriptEngine.java:119)
	at com.kms.katalon.core.main.TestCaseExecutor.runScript(TestCaseExecutor.java:337)
	at com.kms.katalon.core.main.TestCaseExecutor.doExecute(TestCaseExecutor.java:328)
	at com.kms.katalon.core.main.TestCaseExecutor.processExecutionPhase(TestCaseExecutor.java:307)
	at com.kms.katalon.core.main.TestCaseExecutor.accessMainPhase(TestCaseExecutor.java:299)
	at com.kms.katalon.core.main.TestCaseExecutor.execute(TestCaseExecutor.java:233)
	at com.kms.katalon.core.main.TestSuiteExecutor.accessTestCaseMainPhase(TestSuiteExecutor.java:169)
	at com.kms.katalon.core.main.TestSuiteExecutor.accessTestSuiteMainPhase(TestSuiteExecutor.java:142)
	at com.kms.katalon.core.main.TestSuiteExecutor.execute(TestSuiteExecutor.java:91)
	at com.kms.katalon.core.main.TestCaseMain.startTestSuite(TestCaseMain.java:157)
	at com.kms.katalon.core.main.TestCaseMain$startTestSuite$0.call(Unknown Source)
	at TempTestSuite1591350774236.run(TempTestSuite1591350774236.groovy:37)
Caused by: java.lang.IllegalArgumentException: Object is null
	at com.kms.katalon.core.helper.KeywordHelper.checkTestObjectParameter(KeywordHelper.java:33)
	at com.kms.katalon.core.webui.keyword.builtin.ClickKeyword$_click_closure1.doCall(ClickKeyword.groovy:65)
	at com.kms.katalon.core.webui.keyword.builtin.ClickKeyword$_click_closure1.call(ClickKeyword.groovy)
	at com.kms.katalon.core.webui.keyword.internal.WebUIKeywordMain.runKeyword(WebUIKeywordMain.groovy:20)
	... 19 more


2020-06-05 16:55:31 - [TEST_STEP][PASSED] - openBrowser(""): Browser is opened with url: ''

2020-06-05 16:55:31 - [MESSAGE][WARNING] - A browser is already opened. Closing browser and opening a new one

2020-06-05 16:55:31 - [MESSAGE][INFO] - Starting 'Chrome' driver

2020-06-05 16:55:31 - [MESSAGE][INFO] - Action delay is set to 0 milliseconds

2020-06-05 16:55:31 - [MESSAGE][PASSED] - Browser is opened with url: ''

2020-06-05 16:55:31 - [TEST_STEP][PASSED] - navigateToUrl("https://mattermost-aut.herokuapp.com/login"): Navigate to 'https://mattermost-aut.herokuapp.com/login' successfully

2020-06-05 16:55:34 - [MESSAGE][PASSED] - Navigate to 'https://mattermost-aut.herokuapp.com/login' successfully

2020-06-05 16:55:34 - [TEST_STEP][PASSED] - setText(findTestObject("Data Driven/login/Page_Mattermost/input_All team communication in one place searchable and accessible anywhere_loginId"), "phong1998"): Text 'phong1998' is set on object 'Object Repository/Data Driven/login/Page_Mattermost/input_All team communication in one place searchable and accessible anywhere_loginId'

2020-06-05 16:55:38 - [MESSAGE][PASSED] - Text 'phong1998' is set on object 'Object Repository/Data Driven/login/Page_Mattermost/input_All team communication in one place searchable and accessible anywhere_loginId'

2020-06-05 16:55:38 - [TEST_STEP][PASSED] - setEncryptedText(findTestObject("Data Driven/login/Page_Mattermost/input_All team communication in one place searchable and accessible anywhere_password"), "X6RAMBNCYDQ8H8PMJNlsmQ=="): Text ****** has been set on object 'Object Repository/Data Driven/login/Page_Mattermost/input_All team communication in one place searchable and accessible anywhere_password'

2020-06-05 16:55:39 - [MESSAGE][PASSED] - Text ****** has been set on object 'Object Repository/Data Driven/login/Page_Mattermost/input_All team communication in one place searchable and accessible anywhere_password'

2020-06-05 16:55:39 - [TEST_STEP][PASSED] - click(findTestObject("Data Driven/login/Page_Mattermost/button_Sign in")): Object: 'Object Repository/Data Driven/login/Page_Mattermost/button_Sign in' is clicked on

2020-06-05 16:55:39 - [MESSAGE][PASSED] - Object: 'Object Repository/Data Driven/login/Page_Mattermost/button_Sign in' is clicked on

2020-06-05 16:55:39 - [TEST_STEP][PASSED] - click(findTestObject("Data Driven/public-channel/Page_Town Square - team1612499 Mattermost/span_")): Object: 'Object Repository/Data Driven/public-channel/Page_Town Square - team1612499 Mattermost/span_' is clicked on

2020-06-05 16:55:43 - [MESSAGE][PASSED] - Object: 'Object Repository/Data Driven/public-channel/Page_Town Square - team1612499 Mattermost/span_' is clicked on

2020-06-05 16:55:43 - [TEST_STEP][PASSED] - setText(findTestObject("Data Driven/public-channel/Page_Town Square - team1612499 Mattermost/input_Name_newChannelName"), name): Text '' is set on object 'Object Repository/Data Driven/public-channel/Page_Town Square - team1612499 Mattermost/input_Name_newChannelName'

2020-06-05 16:55:43 - [MESSAGE][PASSED] - Text '' is set on object 'Object Repository/Data Driven/public-channel/Page_Town Square - team1612499 Mattermost/input_Name_newChannelName'

2020-06-05 16:55:43 - [TEST_STEP][PASSED] - setText(findTestObject("Data Driven/public-channel/Page_Town Square - team1612499 Mattermost/textarea_(optional)_newChannelPurpose"), purpose): Text '' is set on object 'Object Repository/Data Driven/public-channel/Page_Town Square - team1612499 Mattermost/textarea_(optional)_newChannelPurpose'

2020-06-05 16:55:44 - [MESSAGE][PASSED] - Text '' is set on object 'Object Repository/Data Driven/public-channel/Page_Town Square - team1612499 Mattermost/textarea_(optional)_newChannelPurpose'

2020-06-05 16:55:44 - [TEST_STEP][PASSED] - setText(findTestObject("Data Driven/public-channel/Page_Town Square - team1612499 Mattermost/textarea_(optional)_newChannelHeader"), header): Text '' is set on object 'Object Repository/Data Driven/public-channel/Page_Town Square - team1612499 Mattermost/textarea_(optional)_newChannelHeader'

2020-06-05 16:55:45 - [MESSAGE][PASSED] - Text '' is set on object 'Object Repository/Data Driven/public-channel/Page_Town Square - team1612499 Mattermost/textarea_(optional)_newChannelHeader'

2020-06-05 16:55:45 - [TEST_STEP][FAILED] - click(findTestObject("Page_Town Square - team1612499 Mattermost/span_Create Channel")): Unable to click on object (Root cause: com.kms.katalon.core.exception.StepFailedException: Unable to click on object
	at com.kms.katalon.core.webui.keyword.internal.WebUIKeywordMain.stepFailed(WebUIKeywordMain.groovy:64)
	at com.kms.katalon.core.webui.keyword.internal.WebUIKeywordMain.runKeyword(WebUIKeywordMain.groovy:26)
	at com.kms.katalon.core.webui.keyword.builtin.ClickKeyword.click(ClickKeyword.groovy:76)
	at com.kms.katalon.core.webui.keyword.builtin.ClickKeyword.execute(ClickKeyword.groovy:43)
	at com.kms.katalon.core.keyword.internal.KeywordExecutor.executeKeywordForPlatform(KeywordExecutor.groovy:72)
	at com.kms.katalon.core.webui.keyword.WebUiBuiltInKeywords.click(WebUiBuiltInKeywords.groovy:616)
	at com.kms.katalon.core.webui.keyword.WebUiBuiltInKeywords$click$3.call(Unknown Source)
	at public-channel.run(public-channel:41)
	at com.kms.katalon.core.main.ScriptEngine.run(ScriptEngine.java:194)
	at com.kms.katalon.core.main.ScriptEngine.runScriptAsRawText(ScriptEngine.java:119)
	at com.kms.katalon.core.main.TestCaseExecutor.runScript(TestCaseExecutor.java:337)
	at com.kms.katalon.core.main.TestCaseExecutor.doExecute(TestCaseExecutor.java:328)
	at com.kms.katalon.core.main.TestCaseExecutor.processExecutionPhase(TestCaseExecutor.java:307)
	at com.kms.katalon.core.main.TestCaseExecutor.accessMainPhase(TestCaseExecutor.java:299)
	at com.kms.katalon.core.main.TestCaseExecutor.execute(TestCaseExecutor.java:233)
	at com.kms.katalon.core.main.TestSuiteExecutor.accessTestCaseMainPhase(TestSuiteExecutor.java:169)
	at com.kms.katalon.core.main.TestSuiteExecutor.accessTestSuiteMainPhase(TestSuiteExecutor.java:142)
	at com.kms.katalon.core.main.TestSuiteExecutor.execute(TestSuiteExecutor.java:91)
	at com.kms.katalon.core.main.TestCaseMain.startTestSuite(TestCaseMain.java:157)
	at com.kms.katalon.core.main.TestCaseMain$startTestSuite$0.call(Unknown Source)
	at TempTestSuite1591350774236.run(TempTestSuite1591350774236.groovy:37)
Caused by: java.lang.IllegalArgumentException: Object is null
	at com.kms.katalon.core.helper.KeywordHelper.checkTestObjectParameter(KeywordHelper.java:33)
	at com.kms.katalon.core.webui.keyword.builtin.ClickKeyword$_click_closure1.doCall(ClickKeyword.groovy:65)
	at com.kms.katalon.core.webui.keyword.builtin.ClickKeyword$_click_closure1.call(ClickKeyword.groovy)
	at com.kms.katalon.core.webui.keyword.internal.WebUIKeywordMain.runKeyword(WebUIKeywordMain.groovy:20)
	at com.kms.katalon.core.webui.keyword.builtin.ClickKeyword.click(ClickKeyword.groovy:76)
	at com.kms.katalon.core.webui.keyword.builtin.ClickKeyword.execute(ClickKeyword.groovy:43)
	at com.kms.katalon.core.keyword.internal.KeywordExecutor.executeKeywordForPlatform(KeywordExecutor.groovy:72)
	at com.kms.katalon.core.webui.keyword.WebUiBuiltInKeywords.click(WebUiBuiltInKeywords.groovy:616)
	at com.kms.katalon.core.webui.keyword.WebUiBuiltInKeywords$click$3.call(Unknown Source)
	at Script1591293134604.run(Script1591293134604.groovy:41)
	... 13 more
)

2020-06-05 16:55:45 - [MESSAGE][WARNING] - Test object with id 'Object Repository/Page_Town Square - team1612499 Mattermost/span_Create Channel' does not exist

2020-06-05 16:55:45 - [MESSAGE][WARNING] - Test object with id 'Object Repository/' does not exist

2020-06-05 16:55:45 - [MESSAGE][FAILED] - Unable to click on object (Root cause: com.kms.katalon.core.exception.StepFailedException: Unable to click on object
	at com.kms.katalon.core.webui.keyword.internal.WebUIKeywordMain.stepFailed(WebUIKeywordMain.groovy:64)
	at com.kms.katalon.core.webui.keyword.internal.WebUIKeywordMain.runKeyword(WebUIKeywordMain.groovy:26)
	at com.kms.katalon.core.webui.keyword.builtin.ClickKeyword.click(ClickKeyword.groovy:76)
	at com.kms.katalon.core.webui.keyword.builtin.ClickKeyword.execute(ClickKeyword.groovy:43)
	at com.kms.katalon.core.keyword.internal.KeywordExecutor.executeKeywordForPlatform(KeywordExecutor.groovy:72)
	at com.kms.katalon.core.webui.keyword.WebUiBuiltInKeywords.click(WebUiBuiltInKeywords.groovy:616)
	at com.kms.katalon.core.webui.keyword.WebUiBuiltInKeywords$click$3.call(Unknown Source)
	at public-channel.run(public-channel:41)
	at com.kms.katalon.core.main.ScriptEngine.run(ScriptEngine.java:194)
	at com.kms.katalon.core.main.ScriptEngine.runScriptAsRawText(ScriptEngine.java:119)
	at com.kms.katalon.core.main.TestCaseExecutor.runScript(TestCaseExecutor.java:337)
	at com.kms.katalon.core.main.TestCaseExecutor.doExecute(TestCaseExecutor.java:328)
	at com.kms.katalon.core.main.TestCaseExecutor.processExecutionPhase(TestCaseExecutor.java:307)
	at com.kms.katalon.core.main.TestCaseExecutor.accessMainPhase(TestCaseExecutor.java:299)
	at com.kms.katalon.core.main.TestCaseExecutor.execute(TestCaseExecutor.java:233)
	at com.kms.katalon.core.main.TestSuiteExecutor.accessTestCaseMainPhase(TestSuiteExecutor.java:169)
	at com.kms.katalon.core.main.TestSuiteExecutor.accessTestSuiteMainPhase(TestSuiteExecutor.java:142)
	at com.kms.katalon.core.main.TestSuiteExecutor.execute(TestSuiteExecutor.java:91)
	at com.kms.katalon.core.main.TestCaseMain.startTestSuite(TestCaseMain.java:157)
	at com.kms.katalon.core.main.TestCaseMain$startTestSuite$0.call(Unknown Source)
	at TempTestSuite1591350774236.run(TempTestSuite1591350774236.groovy:37)
Caused by: java.lang.IllegalArgumentException: Object is null
	at com.kms.katalon.core.helper.KeywordHelper.checkTestObjectParameter(KeywordHelper.java:33)
	at com.kms.katalon.core.webui.keyword.builtin.ClickKeyword$_click_closure1.doCall(ClickKeyword.groovy:65)
	at com.kms.katalon.core.webui.keyword.builtin.ClickKeyword$_click_closure1.call(ClickKeyword.groovy)
	at com.kms.katalon.core.webui.keyword.internal.WebUIKeywordMain.runKeyword(WebUIKeywordMain.groovy:20)
	at com.kms.katalon.core.webui.keyword.builtin.ClickKeyword.click(ClickKeyword.groovy:76)
	at com.kms.katalon.core.webui.keyword.builtin.ClickKeyword.execute(ClickKeyword.groovy:43)
	at com.kms.katalon.core.keyword.internal.KeywordExecutor.executeKeywordForPlatform(KeywordExecutor.groovy:72)
	at com.kms.katalon.core.webui.keyword.WebUiBuiltInKeywords.click(WebUiBuiltInKeywords.groovy:616)
	at com.kms.katalon.core.webui.keyword.WebUiBuiltInKeywords$click$3.call(Unknown Source)
	at Script1591293134604.run(Script1591293134604.groovy:41)
	... 13 more
)
[[ATTACHMENT|/home/phat/Downloads/katalon/mattermost-webapp/Reports/20200605_165254/Run all test cases/20200605_165254/1591350945104.png]]]]></system-out>
         <system-err><![CDATA[2020-06-05 16:55:30 - [TEST_CASE][FAILED] - Test Cases/internal data test case/public-channel: Test Cases/internal data test case/public-channel FAILED.
Reason:
com.kms.katalon.core.exception.StepFailedException: Unable to click on object
	at com.kms.katalon.core.webui.keyword.internal.WebUIKeywordMain.stepFailed(WebUIKeywordMain.groovy:64)
	at com.kms.katalon.core.webui.keyword.internal.WebUIKeywordMain.runKeyword(WebUIKeywordMain.groovy:26)
	at com.kms.katalon.core.webui.keyword.builtin.ClickKeyword.click(ClickKeyword.groovy:76)
	at com.kms.katalon.core.webui.keyword.builtin.ClickKeyword.execute(ClickKeyword.groovy:43)
	at com.kms.katalon.core.keyword.internal.KeywordExecutor.executeKeywordForPlatform(KeywordExecutor.groovy:72)
	at com.kms.katalon.core.webui.keyword.WebUiBuiltInKeywords.click(WebUiBuiltInKeywords.groovy:616)
	at com.kms.katalon.core.webui.keyword.WebUiBuiltInKeywords$click$3.call(Unknown Source)
	at public-channel.run(public-channel:41)
	at com.kms.katalon.core.main.ScriptEngine.run(ScriptEngine.java:194)
	at com.kms.katalon.core.main.ScriptEngine.runScriptAsRawText(ScriptEngine.java:119)
	at com.kms.katalon.core.main.TestCaseExecutor.runScript(TestCaseExecutor.java:337)
	at com.kms.katalon.core.main.TestCaseExecutor.doExecute(TestCaseExecutor.java:328)
	at com.kms.katalon.core.main.TestCaseExecutor.processExecutionPhase(TestCaseExecutor.java:307)
	at com.kms.katalon.core.main.TestCaseExecutor.accessMainPhase(TestCaseExecutor.java:299)
	at com.kms.katalon.core.main.TestCaseExecutor.execute(TestCaseExecutor.java:233)
	at com.kms.katalon.core.main.TestSuiteExecutor.accessTestCaseMainPhase(TestSuiteExecutor.java:169)
	at com.kms.katalon.core.main.TestSuiteExecutor.accessTestSuiteMainPhase(TestSuiteExecutor.java:142)
	at com.kms.katalon.core.main.TestSuiteExecutor.execute(TestSuiteExecutor.java:91)
	at com.kms.katalon.core.main.TestCaseMain.startTestSuite(TestCaseMain.java:157)
	at com.kms.katalon.core.main.TestCaseMain$startTestSuite$0.call(Unknown Source)
	at TempTestSuite1591350774236.run(TempTestSuite1591350774236.groovy:37)
Caused by: java.lang.IllegalArgumentException: Object is null
	at com.kms.katalon.core.helper.KeywordHelper.checkTestObjectParameter(KeywordHelper.java:33)
	at com.kms.katalon.core.webui.keyword.builtin.ClickKeyword$_click_closure1.doCall(ClickKeyword.groovy:65)
	at com.kms.katalon.core.webui.keyword.builtin.ClickKeyword$_click_closure1.call(ClickKeyword.groovy)
	at com.kms.katalon.core.webui.keyword.internal.WebUIKeywordMain.runKeyword(WebUIKeywordMain.groovy:20)
	... 19 more]]></system-err>
      </testcase>
      <testcase name="Test Cases/internal data test case/login" time="12.34" classname="Test Cases/internal data test case/login" status="PASSED">
         <system-out><![CDATA[2020-06-05 16:55:45 - [TEST_CASE][PASSED] - Test Cases/internal data test case/login: Test Cases/internal data test case/login

2020-06-05 16:55:45 - [TEST_STEP][PASSED] - openBrowser(""): Browser is opened with url: ''

2020-06-05 16:55:45 - [MESSAGE][WARNING] - A browser is already opened. Closing browser and opening a new one

2020-06-05 16:55:45 - [MESSAGE][INFO] - Starting 'Chrome' driver

2020-06-05 16:55:45 - [MESSAGE][INFO] - Action delay is set to 0 milliseconds

2020-06-05 16:55:45 - [MESSAGE][PASSED] - Browser is opened with url: ''

2020-06-05 16:55:45 - [TEST_STEP][PASSED] - navigateToUrl("https://mattermost-aut.herokuapp.com/login"): Navigate to 'https://mattermost-aut.herokuapp.com/login' successfully

2020-06-05 16:55:50 - [MESSAGE][PASSED] - Navigate to 'https://mattermost-aut.herokuapp.com/login' successfully

2020-06-05 16:55:50 - [TEST_STEP][PASSED] - setText(findTestObject("Data Driven/login/Page_Mattermost/input_All team communication in one place searchable and accessible anywhere_loginId"), username): Text '' is set on object 'Object Repository/Data Driven/login/Page_Mattermost/input_All team communication in one place searchable and accessible anywhere_loginId'

2020-06-05 16:55:56 - [MESSAGE][PASSED] - Text '' is set on object 'Object Repository/Data Driven/login/Page_Mattermost/input_All team communication in one place searchable and accessible anywhere_loginId'

2020-06-05 16:55:56 - [TEST_STEP][PASSED] - setEncryptedText(findTestObject("Data Driven/login/Page_Mattermost/input_All team communication in one place searchable and accessible anywhere_password"), password): Text ****** has been set on object 'Object Repository/Data Driven/login/Page_Mattermost/input_All team communication in one place searchable and accessible anywhere_password'

2020-06-05 16:55:57 - [MESSAGE][PASSED] - Text ****** has been set on object 'Object Repository/Data Driven/login/Page_Mattermost/input_All team communication in one place searchable and accessible anywhere_password'

2020-06-05 16:55:57 - [TEST_STEP][PASSED] - click(findTestObject("Data Driven/login/Page_Mattermost/button_Sign in")): Object: 'Object Repository/Data Driven/login/Page_Mattermost/button_Sign in' is clicked on

2020-06-05 16:55:57 - [MESSAGE][PASSED] - Object: 'Object Repository/Data Driven/login/Page_Mattermost/button_Sign in' is clicked on

2020-06-05 16:55:57 - [TEST_STEP][PASSED] - closeBrowser(): Browser is closed

2020-06-05 16:55:57 - [MESSAGE][PASSED] - Browser is closed]]></system-out>
         <system-err><![CDATA[]]></system-err>
      </testcase>
      <testcase name="Test Cases/internal data test case/direct-message" time="14.877" classname="Test Cases/internal data test case/direct-message" status="PASSED">
         <system-out><![CDATA[2020-06-05 16:55:57 - [TEST_CASE][PASSED] - Test Cases/internal data test case/direct-message: Test Cases/internal data test case/direct-message

2020-06-05 16:55:57 - [TEST_STEP][PASSED] - openBrowser(""): Browser is opened with url: ''

2020-06-05 16:55:57 - [MESSAGE][INFO] - Starting 'Chrome' driver

2020-06-05 16:55:57 - [MESSAGE][INFO] - Action delay is set to 0 milliseconds

2020-06-05 16:55:58 - [MESSAGE][PASSED] - Browser is opened with url: ''

2020-06-05 16:55:58 - [TEST_STEP][PASSED] - navigateToUrl("https://mattermost-aut.herokuapp.com/login"): Navigate to 'https://mattermost-aut.herokuapp.com/login' successfully

2020-06-05 16:56:01 - [MESSAGE][PASSED] - Navigate to 'https://mattermost-aut.herokuapp.com/login' successfully

2020-06-05 16:56:01 - [TEST_STEP][PASSED] - setText(findTestObject("Data Driven/login/Page_Mattermost/input_All team communication in one place searchable and accessible anywhere_loginId"), "phong1998"): Text 'phong1998' is set on object 'Object Repository/Data Driven/login/Page_Mattermost/input_All team communication in one place searchable and accessible anywhere_loginId'

2020-06-05 16:56:05 - [MESSAGE][PASSED] - Text 'phong1998' is set on object 'Object Repository/Data Driven/login/Page_Mattermost/input_All team communication in one place searchable and accessible anywhere_loginId'

2020-06-05 16:56:05 - [TEST_STEP][PASSED] - setEncryptedText(findTestObject("Data Driven/login/Page_Mattermost/input_All team communication in one place searchable and accessible anywhere_password"), "X6RAMBNCYDQ8H8PMJNlsmQ=="): Text ****** has been set on object 'Object Repository/Data Driven/login/Page_Mattermost/input_All team communication in one place searchable and accessible anywhere_password'

2020-06-05 16:56:06 - [MESSAGE][PASSED] - Text ****** has been set on object 'Object Repository/Data Driven/login/Page_Mattermost/input_All team communication in one place searchable and accessible anywhere_password'

2020-06-05 16:56:06 - [TEST_STEP][PASSED] - click(findTestObject("Data Driven/login/Page_Mattermost/button_Sign in")): Object: 'Object Repository/Data Driven/login/Page_Mattermost/button_Sign in' is clicked on

2020-06-05 16:56:06 - [MESSAGE][PASSED] - Object: 'Object Repository/Data Driven/login/Page_Mattermost/button_Sign in' is clicked on

2020-06-05 16:56:06 - [TEST_STEP][PASSED] - click(findTestObject("Data Driven/direct-message/Page_Town Square - team1612499 Mattermost/span_")): Object: 'Object Repository/Data Driven/direct-message/Page_Town Square - team1612499 Mattermost/span_' is clicked on

2020-06-05 16:56:09 - [MESSAGE][PASSED] - Object: 'Object Repository/Data Driven/direct-message/Page_Town Square - team1612499 Mattermost/span_' is clicked on

2020-06-05 16:56:09 - [TEST_STEP][PASSED] - click(findTestObject("Data Driven/direct-message/Page_Town Square - team1612499 Mattermost/div_huydoan198gmailcom_more-modal__actions--round")): Object: 'Object Repository/Data Driven/direct-message/Page_Town Square - team1612499 Mattermost/div_huydoan198gmailcom_more-modal__actions--round' is clicked on

2020-06-05 16:56:10 - [MESSAGE][PASSED] - Object: 'Object Repository/Data Driven/direct-message/Page_Town Square - team1612499 Mattermost/div_huydoan198gmailcom_more-modal__actions--round' is clicked on

2020-06-05 16:56:10 - [TEST_STEP][PASSED] - click(findTestObject("Data Driven/direct-message/Page_Town Square - team1612499 Mattermost/span_Go")): Object: 'Object Repository/Data Driven/direct-message/Page_Town Square - team1612499 Mattermost/span_Go' is clicked on

2020-06-05 16:56:10 - [MESSAGE][PASSED] - Object: 'Object Repository/Data Driven/direct-message/Page_Town Square - team1612499 Mattermost/span_Go' is clicked on

2020-06-05 16:56:10 - [TEST_STEP][PASSED] - setText(findTestObject("Data Driven/direct-message/Page_huydoan - team1612499 Mattermost/textarea_Write to huydoan_post_textbox"), message): Text '' is set on object 'Object Repository/Data Driven/direct-message/Page_huydoan - team1612499 Mattermost/textarea_Write to huydoan_post_textbox'

2020-06-05 16:56:12 - [MESSAGE][PASSED] - Text '' is set on object 'Object Repository/Data Driven/direct-message/Page_huydoan - team1612499 Mattermost/textarea_Write to huydoan_post_textbox'

2020-06-05 16:56:12 - [TEST_STEP][PASSED] - closeBrowser(): Browser is closed

2020-06-05 16:56:12 - [MESSAGE][PASSED] - Browser is closed]]></system-out>
         <system-err><![CDATA[]]></system-err>
      </testcase>
      <testcase name="Test Cases/internal data test case/header" time="14.367" classname="Test Cases/internal data test case/header" status="PASSED">
         <system-out><![CDATA[2020-06-05 16:56:12 - [TEST_CASE][PASSED] - Test Cases/internal data test case/header: Test Cases/internal data test case/header

2020-06-05 16:56:12 - [TEST_STEP][PASSED] - openBrowser(""): Browser is opened with url: ''

2020-06-05 16:56:12 - [MESSAGE][INFO] - Starting 'Chrome' driver

2020-06-05 16:56:12 - [MESSAGE][INFO] - Action delay is set to 0 milliseconds

2020-06-05 16:56:12 - [MESSAGE][PASSED] - Browser is opened with url: ''

2020-06-05 16:56:12 - [TEST_STEP][PASSED] - navigateToUrl("https://mattermost-aut.herokuapp.com/login"): Navigate to 'https://mattermost-aut.herokuapp.com/login' successfully

2020-06-05 16:56:16 - [MESSAGE][PASSED] - Navigate to 'https://mattermost-aut.herokuapp.com/login' successfully

2020-06-05 16:56:16 - [TEST_STEP][PASSED] - setText(findTestObject("Data Driven/login/Page_Mattermost/input_All team communication in one place searchable and accessible anywhere_loginId"), "phong1998"): Text 'phong1998' is set on object 'Object Repository/Data Driven/login/Page_Mattermost/input_All team communication in one place searchable and accessible anywhere_loginId'

2020-06-05 16:56:21 - [MESSAGE][PASSED] - Text 'phong1998' is set on object 'Object Repository/Data Driven/login/Page_Mattermost/input_All team communication in one place searchable and accessible anywhere_loginId'

2020-06-05 16:56:21 - [TEST_STEP][PASSED] - setEncryptedText(findTestObject("Data Driven/login/Page_Mattermost/input_All team communication in one place searchable and accessible anywhere_password"), "X6RAMBNCYDQ8H8PMJNlsmQ=="): Text ****** has been set on object 'Object Repository/Data Driven/login/Page_Mattermost/input_All team communication in one place searchable and accessible anywhere_password'

2020-06-05 16:56:21 - [MESSAGE][PASSED] - Text ****** has been set on object 'Object Repository/Data Driven/login/Page_Mattermost/input_All team communication in one place searchable and accessible anywhere_password'

2020-06-05 16:56:21 - [TEST_STEP][PASSED] - click(findTestObject("Data Driven/direct-message/Page_Mattermost/button_Sign in")): Object: 'Object Repository/Data Driven/direct-message/Page_Mattermost/button_Sign in' is clicked on

2020-06-05 16:56:22 - [MESSAGE][PASSED] - Object: 'Object Repository/Data Driven/direct-message/Page_Mattermost/button_Sign in' is clicked on

2020-06-05 16:56:22 - [TEST_STEP][PASSED] - click(findTestObject("Data Driven/header/Page_Town Square - team1612499 Mattermost/button_Set a Header")): Object: 'Object Repository/Data Driven/header/Page_Town Square - team1612499 Mattermost/button_Set a Header' is clicked on

2020-06-05 16:56:25 - [MESSAGE][PASSED] - Object: 'Object Repository/Data Driven/header/Page_Town Square - team1612499 Mattermost/button_Set a Header' is clicked on

2020-06-05 16:56:25 - [TEST_STEP][PASSED] - setText(findTestObject("Data Driven/header/Page_Town Square - team1612499 Mattermost/textarea_tes"), header): Text '' is set on object 'Object Repository/Data Driven/header/Page_Town Square - team1612499 Mattermost/textarea_tes'

2020-06-05 16:56:26 - [MESSAGE][PASSED] - Text '' is set on object 'Object Repository/Data Driven/header/Page_Town Square - team1612499 Mattermost/textarea_tes'

2020-06-05 16:56:26 - [TEST_STEP][PASSED] - click(findTestObject("Data Driven/header/Page_Town Square - team1612499 Mattermost/span_Save")): Object: 'Object Repository/Data Driven/header/Page_Town Square - team1612499 Mattermost/span_Save' is clicked on

2020-06-05 16:56:26 - [MESSAGE][PASSED] - Object: 'Object Repository/Data Driven/header/Page_Town Square - team1612499 Mattermost/span_Save' is clicked on

2020-06-05 16:56:26 - [TEST_STEP][PASSED] - closeBrowser(): Browser is closed

2020-06-05 16:56:26 - [MESSAGE][PASSED] - Browser is closed]]></system-out>
         <system-err><![CDATA[]]></system-err>
      </testcase>
      <testcase name="Test Cases/internal data test case/nickname" time="12.415" classname="Test Cases/internal data test case/nickname" status="FAILED">
         <failure type="FAILED" message="Test Cases/internal data test case/nickname FAILED.
Reason:
com.kms.katalon.core.exception.StepFailedException: Unable to click on object
	at com.kms.katalon.core.webui.keyword.internal.WebUIKeywordMain.stepFailed(WebUIKeywordMain.groovy:64)
	at com.kms.katalon.core.webui.keyword.internal.WebUIKeywordMain.runKeyword(WebUIKeywordMain.groovy:26)
	at com.kms.katalon.core.webui.keyword.builtin.ClickKeyword.click(ClickKeyword.groovy:76)
	at com.kms.katalon.core.webui.keyword.builtin.ClickKeyword.execute(ClickKeyword.groovy:43)
	at com.kms.katalon.core.keyword.internal.KeywordExecutor.executeKeywordForPlatform(KeywordExecutor.groovy:72)
	at com.kms.katalon.core.webui.keyword.WebUiBuiltInKeywords.click(WebUiBuiltInKeywords.groovy:616)
	at com.kms.katalon.core.webui.keyword.WebUiBuiltInKeywords$click$3.call(Unknown Source)
	at nickname.run(nickname:34)
	at com.kms.katalon.core.main.ScriptEngine.run(ScriptEngine.java:194)
	at com.kms.katalon.core.main.ScriptEngine.runScriptAsRawText(ScriptEngine.java:119)
	at com.kms.katalon.core.main.TestCaseExecutor.runScript(TestCaseExecutor.java:337)
	at com.kms.katalon.core.main.TestCaseExecutor.doExecute(TestCaseExecutor.java:328)
	at com.kms.katalon.core.main.TestCaseExecutor.processExecutionPhase(TestCaseExecutor.java:307)
	at com.kms.katalon.core.main.TestCaseExecutor.accessMainPhase(TestCaseExecutor.java:299)
	at com.kms.katalon.core.main.TestCaseExecutor.execute(TestCaseExecutor.java:233)
	at com.kms.katalon.core.main.TestSuiteExecutor.accessTestCaseMainPhase(TestSuiteExecutor.java:169)
	at com.kms.katalon.core.main.TestSuiteExecutor.accessTestSuiteMainPhase(TestSuiteExecutor.java:142)
	at com.kms.katalon.core.main.TestSuiteExecutor.execute(TestSuiteExecutor.java:91)
	at com.kms.katalon.core.main.TestCaseMain.startTestSuite(TestCaseMain.java:157)
	at com.kms.katalon.core.main.TestCaseMain$startTestSuite$0.call(Unknown Source)
	at TempTestSuite1591350774236.run(TempTestSuite1591350774236.groovy:37)
Caused by: java.lang.IllegalArgumentException: Object is null
	at com.kms.katalon.core.helper.KeywordHelper.checkTestObjectParameter(KeywordHelper.java:33)
	at com.kms.katalon.core.webui.keyword.builtin.ClickKeyword$_click_closure1.doCall(ClickKeyword.groovy:65)
	at com.kms.katalon.core.webui.keyword.builtin.ClickKeyword$_click_closure1.call(ClickKeyword.groovy)
	at com.kms.katalon.core.webui.keyword.internal.WebUIKeywordMain.runKeyword(WebUIKeywordMain.groovy:20)
	... 19 more
"/>
         <system-out><![CDATA[2020-06-05 16:56:26 - [TEST_CASE][FAILED] - Test Cases/internal data test case/nickname: Test Cases/internal data test case/nickname FAILED.
Reason:
com.kms.katalon.core.exception.StepFailedException: Unable to click on object
	at com.kms.katalon.core.webui.keyword.internal.WebUIKeywordMain.stepFailed(WebUIKeywordMain.groovy:64)
	at com.kms.katalon.core.webui.keyword.internal.WebUIKeywordMain.runKeyword(WebUIKeywordMain.groovy:26)
	at com.kms.katalon.core.webui.keyword.builtin.ClickKeyword.click(ClickKeyword.groovy:76)
	at com.kms.katalon.core.webui.keyword.builtin.ClickKeyword.execute(ClickKeyword.groovy:43)
	at com.kms.katalon.core.keyword.internal.KeywordExecutor.executeKeywordForPlatform(KeywordExecutor.groovy:72)
	at com.kms.katalon.core.webui.keyword.WebUiBuiltInKeywords.click(WebUiBuiltInKeywords.groovy:616)
	at com.kms.katalon.core.webui.keyword.WebUiBuiltInKeywords$click$3.call(Unknown Source)
	at nickname.run(nickname:34)
	at com.kms.katalon.core.main.ScriptEngine.run(ScriptEngine.java:194)
	at com.kms.katalon.core.main.ScriptEngine.runScriptAsRawText(ScriptEngine.java:119)
	at com.kms.katalon.core.main.TestCaseExecutor.runScript(TestCaseExecutor.java:337)
	at com.kms.katalon.core.main.TestCaseExecutor.doExecute(TestCaseExecutor.java:328)
	at com.kms.katalon.core.main.TestCaseExecutor.processExecutionPhase(TestCaseExecutor.java:307)
	at com.kms.katalon.core.main.TestCaseExecutor.accessMainPhase(TestCaseExecutor.java:299)
	at com.kms.katalon.core.main.TestCaseExecutor.execute(TestCaseExecutor.java:233)
	at com.kms.katalon.core.main.TestSuiteExecutor.accessTestCaseMainPhase(TestSuiteExecutor.java:169)
	at com.kms.katalon.core.main.TestSuiteExecutor.accessTestSuiteMainPhase(TestSuiteExecutor.java:142)
	at com.kms.katalon.core.main.TestSuiteExecutor.execute(TestSuiteExecutor.java:91)
	at com.kms.katalon.core.main.TestCaseMain.startTestSuite(TestCaseMain.java:157)
	at com.kms.katalon.core.main.TestCaseMain$startTestSuite$0.call(Unknown Source)
	at TempTestSuite1591350774236.run(TempTestSuite1591350774236.groovy:37)
Caused by: java.lang.IllegalArgumentException: Object is null
	at com.kms.katalon.core.helper.KeywordHelper.checkTestObjectParameter(KeywordHelper.java:33)
	at com.kms.katalon.core.webui.keyword.builtin.ClickKeyword$_click_closure1.doCall(ClickKeyword.groovy:65)
	at com.kms.katalon.core.webui.keyword.builtin.ClickKeyword$_click_closure1.call(ClickKeyword.groovy)
	at com.kms.katalon.core.webui.keyword.internal.WebUIKeywordMain.runKeyword(WebUIKeywordMain.groovy:20)
	... 19 more


2020-06-05 16:56:26 - [TEST_STEP][PASSED] - openBrowser(""): Browser is opened with url: ''

2020-06-05 16:56:26 - [MESSAGE][INFO] - Starting 'Chrome' driver

2020-06-05 16:56:26 - [MESSAGE][INFO] - Action delay is set to 0 milliseconds

2020-06-05 16:56:27 - [MESSAGE][PASSED] - Browser is opened with url: ''

2020-06-05 16:56:27 - [TEST_STEP][PASSED] - navigateToUrl("https://mattermost-aut.herokuapp.com/login"): Navigate to 'https://mattermost-aut.herokuapp.com/login' successfully

2020-06-05 16:56:30 - [MESSAGE][PASSED] - Navigate to 'https://mattermost-aut.herokuapp.com/login' successfully

2020-06-05 16:56:30 - [TEST_STEP][PASSED] - setText(findTestObject("Data Driven/nickname/Page_Mattermost/input_All team communication in one place searchable and accessible anywhere_loginId"), "phong1998"): Text 'phong1998' is set on object 'Object Repository/Data Driven/nickname/Page_Mattermost/input_All team communication in one place searchable and accessible anywhere_loginId'

2020-06-05 16:56:35 - [MESSAGE][PASSED] - Text 'phong1998' is set on object 'Object Repository/Data Driven/nickname/Page_Mattermost/input_All team communication in one place searchable and accessible anywhere_loginId'

2020-06-05 16:56:35 - [TEST_STEP][PASSED] - setEncryptedText(findTestObject("Data Driven/nickname/Page_Mattermost/input_All team communication in one place searchable and accessible anywhere_password"), "X6RAMBNCYDQ8H8PMJNlsmQ=="): Text ****** has been set on object 'Object Repository/Data Driven/nickname/Page_Mattermost/input_All team communication in one place searchable and accessible anywhere_password'

2020-06-05 16:56:35 - [MESSAGE][PASSED] - Text ****** has been set on object 'Object Repository/Data Driven/nickname/Page_Mattermost/input_All team communication in one place searchable and accessible anywhere_password'

2020-06-05 16:56:35 - [TEST_STEP][PASSED] - click(findTestObject("Data Driven/nickname/Page_Mattermost/span_Sign in")): Object: 'Object Repository/Data Driven/nickname/Page_Mattermost/span_Sign in' is clicked on

2020-06-05 16:56:36 - [MESSAGE][PASSED] - Object: 'Object Repository/Data Driven/nickname/Page_Mattermost/span_Sign in' is clicked on

2020-06-05 16:56:36 - [TEST_STEP][PASSED] - click(findTestObject("Data Driven/position/Page_Town Square - team1612499 Mattermost/span")): Object: 'Object Repository/Data Driven/position/Page_Town Square - team1612499 Mattermost/span' is clicked on

2020-06-05 16:56:39 - [MESSAGE][PASSED] - Object: 'Object Repository/Data Driven/position/Page_Town Square - team1612499 Mattermost/span' is clicked on

2020-06-05 16:56:39 - [TEST_STEP][FAILED] - click(findTestObject("Page_Town Square - team1612499 Mattermost/span_Account Settings")): Unable to click on object (Root cause: com.kms.katalon.core.exception.StepFailedException: Unable to click on object
	at com.kms.katalon.core.webui.keyword.internal.WebUIKeywordMain.stepFailed(WebUIKeywordMain.groovy:64)
	at com.kms.katalon.core.webui.keyword.internal.WebUIKeywordMain.runKeyword(WebUIKeywordMain.groovy:26)
	at com.kms.katalon.core.webui.keyword.builtin.ClickKeyword.click(ClickKeyword.groovy:76)
	at com.kms.katalon.core.webui.keyword.builtin.ClickKeyword.execute(ClickKeyword.groovy:43)
	at com.kms.katalon.core.keyword.internal.KeywordExecutor.executeKeywordForPlatform(KeywordExecutor.groovy:72)
	at com.kms.katalon.core.webui.keyword.WebUiBuiltInKeywords.click(WebUiBuiltInKeywords.groovy:616)
	at com.kms.katalon.core.webui.keyword.WebUiBuiltInKeywords$click$3.call(Unknown Source)
	at nickname.run(nickname:34)
	at com.kms.katalon.core.main.ScriptEngine.run(ScriptEngine.java:194)
	at com.kms.katalon.core.main.ScriptEngine.runScriptAsRawText(ScriptEngine.java:119)
	at com.kms.katalon.core.main.TestCaseExecutor.runScript(TestCaseExecutor.java:337)
	at com.kms.katalon.core.main.TestCaseExecutor.doExecute(TestCaseExecutor.java:328)
	at com.kms.katalon.core.main.TestCaseExecutor.processExecutionPhase(TestCaseExecutor.java:307)
	at com.kms.katalon.core.main.TestCaseExecutor.accessMainPhase(TestCaseExecutor.java:299)
	at com.kms.katalon.core.main.TestCaseExecutor.execute(TestCaseExecutor.java:233)
	at com.kms.katalon.core.main.TestSuiteExecutor.accessTestCaseMainPhase(TestSuiteExecutor.java:169)
	at com.kms.katalon.core.main.TestSuiteExecutor.accessTestSuiteMainPhase(TestSuiteExecutor.java:142)
	at com.kms.katalon.core.main.TestSuiteExecutor.execute(TestSuiteExecutor.java:91)
	at com.kms.katalon.core.main.TestCaseMain.startTestSuite(TestCaseMain.java:157)
	at com.kms.katalon.core.main.TestCaseMain$startTestSuite$0.call(Unknown Source)
	at TempTestSuite1591350774236.run(TempTestSuite1591350774236.groovy:37)
Caused by: java.lang.IllegalArgumentException: Object is null
	at com.kms.katalon.core.helper.KeywordHelper.checkTestObjectParameter(KeywordHelper.java:33)
	at com.kms.katalon.core.webui.keyword.builtin.ClickKeyword$_click_closure1.doCall(ClickKeyword.groovy:65)
	at com.kms.katalon.core.webui.keyword.builtin.ClickKeyword$_click_closure1.call(ClickKeyword.groovy)
	at com.kms.katalon.core.webui.keyword.internal.WebUIKeywordMain.runKeyword(WebUIKeywordMain.groovy:20)
	at com.kms.katalon.core.webui.keyword.builtin.ClickKeyword.click(ClickKeyword.groovy:76)
	at com.kms.katalon.core.webui.keyword.builtin.ClickKeyword.execute(ClickKeyword.groovy:43)
	at com.kms.katalon.core.keyword.internal.KeywordExecutor.executeKeywordForPlatform(KeywordExecutor.groovy:72)
	at com.kms.katalon.core.webui.keyword.WebUiBuiltInKeywords.click(WebUiBuiltInKeywords.groovy:616)
	at com.kms.katalon.core.webui.keyword.WebUiBuiltInKeywords$click$3.call(Unknown Source)
	at Script1591296486685.run(Script1591296486685.groovy:34)
	... 13 more
)

2020-06-05 16:56:39 - [MESSAGE][WARNING] - Test object with id 'Object Repository/Page_Town Square - team1612499 Mattermost/span_Account Settings' does not exist

2020-06-05 16:56:39 - [MESSAGE][WARNING] - Test object with id 'Object Repository/' does not exist

2020-06-05 16:56:39 - [MESSAGE][FAILED] - Unable to click on object (Root cause: com.kms.katalon.core.exception.StepFailedException: Unable to click on object
	at com.kms.katalon.core.webui.keyword.internal.WebUIKeywordMain.stepFailed(WebUIKeywordMain.groovy:64)
	at com.kms.katalon.core.webui.keyword.internal.WebUIKeywordMain.runKeyword(WebUIKeywordMain.groovy:26)
	at com.kms.katalon.core.webui.keyword.builtin.ClickKeyword.click(ClickKeyword.groovy:76)
	at com.kms.katalon.core.webui.keyword.builtin.ClickKeyword.execute(ClickKeyword.groovy:43)
	at com.kms.katalon.core.keyword.internal.KeywordExecutor.executeKeywordForPlatform(KeywordExecutor.groovy:72)
	at com.kms.katalon.core.webui.keyword.WebUiBuiltInKeywords.click(WebUiBuiltInKeywords.groovy:616)
	at com.kms.katalon.core.webui.keyword.WebUiBuiltInKeywords$click$3.call(Unknown Source)
	at nickname.run(nickname:34)
	at com.kms.katalon.core.main.ScriptEngine.run(ScriptEngine.java:194)
	at com.kms.katalon.core.main.ScriptEngine.runScriptAsRawText(ScriptEngine.java:119)
	at com.kms.katalon.core.main.TestCaseExecutor.runScript(TestCaseExecutor.java:337)
	at com.kms.katalon.core.main.TestCaseExecutor.doExecute(TestCaseExecutor.java:328)
	at com.kms.katalon.core.main.TestCaseExecutor.processExecutionPhase(TestCaseExecutor.java:307)
	at com.kms.katalon.core.main.TestCaseExecutor.accessMainPhase(TestCaseExecutor.java:299)
	at com.kms.katalon.core.main.TestCaseExecutor.execute(TestCaseExecutor.java:233)
	at com.kms.katalon.core.main.TestSuiteExecutor.accessTestCaseMainPhase(TestSuiteExecutor.java:169)
	at com.kms.katalon.core.main.TestSuiteExecutor.accessTestSuiteMainPhase(TestSuiteExecutor.java:142)
	at com.kms.katalon.core.main.TestSuiteExecutor.execute(TestSuiteExecutor.java:91)
	at com.kms.katalon.core.main.TestCaseMain.startTestSuite(TestCaseMain.java:157)
	at com.kms.katalon.core.main.TestCaseMain$startTestSuite$0.call(Unknown Source)
	at TempTestSuite1591350774236.run(TempTestSuite1591350774236.groovy:37)
Caused by: java.lang.IllegalArgumentException: Object is null
	at com.kms.katalon.core.helper.KeywordHelper.checkTestObjectParameter(KeywordHelper.java:33)
	at com.kms.katalon.core.webui.keyword.builtin.ClickKeyword$_click_closure1.doCall(ClickKeyword.groovy:65)
	at com.kms.katalon.core.webui.keyword.builtin.ClickKeyword$_click_closure1.call(ClickKeyword.groovy)
	at com.kms.katalon.core.webui.keyword.internal.WebUIKeywordMain.runKeyword(WebUIKeywordMain.groovy:20)
	at com.kms.katalon.core.webui.keyword.builtin.ClickKeyword.click(ClickKeyword.groovy:76)
	at com.kms.katalon.core.webui.keyword.builtin.ClickKeyword.execute(ClickKeyword.groovy:43)
	at com.kms.katalon.core.keyword.internal.KeywordExecutor.executeKeywordForPlatform(KeywordExecutor.groovy:72)
	at com.kms.katalon.core.webui.keyword.WebUiBuiltInKeywords.click(WebUiBuiltInKeywords.groovy:616)
	at com.kms.katalon.core.webui.keyword.WebUiBuiltInKeywords$click$3.call(Unknown Source)
	at Script1591296486685.run(Script1591296486685.groovy:34)
	... 13 more
)
[[ATTACHMENT|/home/phat/Downloads/katalon/mattermost-webapp/Reports/20200605_165254/Run all test cases/20200605_165254/1591350999037.png]]]]></system-out>
         <system-err><![CDATA[2020-06-05 16:56:26 - [TEST_CASE][FAILED] - Test Cases/internal data test case/nickname: Test Cases/internal data test case/nickname FAILED.
Reason:
com.kms.katalon.core.exception.StepFailedException: Unable to click on object
	at com.kms.katalon.core.webui.keyword.internal.WebUIKeywordMain.stepFailed(WebUIKeywordMain.groovy:64)
	at com.kms.katalon.core.webui.keyword.internal.WebUIKeywordMain.runKeyword(WebUIKeywordMain.groovy:26)
	at com.kms.katalon.core.webui.keyword.builtin.ClickKeyword.click(ClickKeyword.groovy:76)
	at com.kms.katalon.core.webui.keyword.builtin.ClickKeyword.execute(ClickKeyword.groovy:43)
	at com.kms.katalon.core.keyword.internal.KeywordExecutor.executeKeywordForPlatform(KeywordExecutor.groovy:72)
	at com.kms.katalon.core.webui.keyword.WebUiBuiltInKeywords.click(WebUiBuiltInKeywords.groovy:616)
	at com.kms.katalon.core.webui.keyword.WebUiBuiltInKeywords$click$3.call(Unknown Source)
	at nickname.run(nickname:34)
	at com.kms.katalon.core.main.ScriptEngine.run(ScriptEngine.java:194)
	at com.kms.katalon.core.main.ScriptEngine.runScriptAsRawText(ScriptEngine.java:119)
	at com.kms.katalon.core.main.TestCaseExecutor.runScript(TestCaseExecutor.java:337)
	at com.kms.katalon.core.main.TestCaseExecutor.doExecute(TestCaseExecutor.java:328)
	at com.kms.katalon.core.main.TestCaseExecutor.processExecutionPhase(TestCaseExecutor.java:307)
	at com.kms.katalon.core.main.TestCaseExecutor.accessMainPhase(TestCaseExecutor.java:299)
	at com.kms.katalon.core.main.TestCaseExecutor.execute(TestCaseExecutor.java:233)
	at com.kms.katalon.core.main.TestSuiteExecutor.accessTestCaseMainPhase(TestSuiteExecutor.java:169)
	at com.kms.katalon.core.main.TestSuiteExecutor.accessTestSuiteMainPhase(TestSuiteExecutor.java:142)
	at com.kms.katalon.core.main.TestSuiteExecutor.execute(TestSuiteExecutor.java:91)
	at com.kms.katalon.core.main.TestCaseMain.startTestSuite(TestCaseMain.java:157)
	at com.kms.katalon.core.main.TestCaseMain$startTestSuite$0.call(Unknown Source)
	at TempTestSuite1591350774236.run(TempTestSuite1591350774236.groovy:37)
Caused by: java.lang.IllegalArgumentException: Object is null
	at com.kms.katalon.core.helper.KeywordHelper.checkTestObjectParameter(KeywordHelper.java:33)
	at com.kms.katalon.core.webui.keyword.builtin.ClickKeyword$_click_closure1.doCall(ClickKeyword.groovy:65)
	at com.kms.katalon.core.webui.keyword.builtin.ClickKeyword$_click_closure1.call(ClickKeyword.groovy)
	at com.kms.katalon.core.webui.keyword.internal.WebUIKeywordMain.runKeyword(WebUIKeywordMain.groovy:20)
	... 19 more]]></system-err>
      </testcase>
      <testcase name="Test Cases/internal data test case/language" time="15.877" classname="Test Cases/internal data test case/language" status="PASSED">
         <system-out><![CDATA[2020-06-05 16:56:39 - [TEST_CASE][PASSED] - Test Cases/internal data test case/language: Test Cases/internal data test case/language

2020-06-05 16:56:39 - [TEST_STEP][PASSED] - openBrowser(""): Browser is opened with url: ''

2020-06-05 16:56:39 - [MESSAGE][WARNING] - A browser is already opened. Closing browser and opening a new one

2020-06-05 16:56:39 - [MESSAGE][INFO] - Starting 'Chrome' driver

2020-06-05 16:56:39 - [MESSAGE][INFO] - Action delay is set to 0 milliseconds

2020-06-05 16:56:39 - [MESSAGE][PASSED] - Browser is opened with url: ''

2020-06-05 16:56:39 - [TEST_STEP][PASSED] - navigateToUrl("https://mattermost-aut.herokuapp.com/login"): Navigate to 'https://mattermost-aut.herokuapp.com/login' successfully

2020-06-05 16:56:42 - [MESSAGE][PASSED] - Navigate to 'https://mattermost-aut.herokuapp.com/login' successfully

2020-06-05 16:56:42 - [TEST_STEP][PASSED] - setText(findTestObject("Data Driven/login/Page_Mattermost/input_All team communication in one place searchable and accessible anywhere_loginId"), "phong1998"): Text 'phong1998' is set on object 'Object Repository/Data Driven/login/Page_Mattermost/input_All team communication in one place searchable and accessible anywhere_loginId'

2020-06-05 16:56:47 - [MESSAGE][PASSED] - Text 'phong1998' is set on object 'Object Repository/Data Driven/login/Page_Mattermost/input_All team communication in one place searchable and accessible anywhere_loginId'

2020-06-05 16:56:47 - [TEST_STEP][PASSED] - setEncryptedText(findTestObject("Data Driven/login/Page_Mattermost/input_All team communication in one place searchable and accessible anywhere_password"), "X6RAMBNCYDQ8H8PMJNlsmQ=="): Text ****** has been set on object 'Object Repository/Data Driven/login/Page_Mattermost/input_All team communication in one place searchable and accessible anywhere_password'

2020-06-05 16:56:48 - [MESSAGE][PASSED] - Text ****** has been set on object 'Object Repository/Data Driven/login/Page_Mattermost/input_All team communication in one place searchable and accessible anywhere_password'

2020-06-05 16:56:48 - [TEST_STEP][PASSED] - click(findTestObject("Data Driven/direct-message/Page_Mattermost/button_Sign in")): Object: 'Object Repository/Data Driven/direct-message/Page_Mattermost/button_Sign in' is clicked on

2020-06-05 16:56:48 - [MESSAGE][PASSED] - Object: 'Object Repository/Data Driven/direct-message/Page_Mattermost/button_Sign in' is clicked on

2020-06-05 16:56:48 - [TEST_STEP][PASSED] - click(findTestObject("Data Driven/language/Page_Town Square - team1612499 Mattermost/button_phong1998_style--none sidebar-header-dropdown__icon")): Object: 'Object Repository/Data Driven/language/Page_Town Square - team1612499 Mattermost/button_phong1998_style--none sidebar-header-dropdown__icon' is clicked on

2020-06-05 16:56:51 - [MESSAGE][PASSED] - Object: 'Object Repository/Data Driven/language/Page_Town Square - team1612499 Mattermost/button_phong1998_style--none sidebar-header-dropdown__icon' is clicked on

2020-06-05 16:56:51 - [TEST_STEP][PASSED] - click(findTestObject("Data Driven/language/Page_Town Square - team1612499 Mattermost/span_Account Settings")): Object: 'Object Repository/Data Driven/language/Page_Town Square - team1612499 Mattermost/span_Account Settings' is clicked on

2020-06-05 16:56:52 - [MESSAGE][PASSED] - Object: 'Object Repository/Data Driven/language/Page_Town Square - team1612499 Mattermost/span_Account Settings' is clicked on

2020-06-05 16:56:52 - [TEST_STEP][PASSED] - click(findTestObject("Data Driven/language/Page_Town Square - team1612499 Mattermost/button_Display")): Object: 'Object Repository/Data Driven/language/Page_Town Square - team1612499 Mattermost/button_Display' is clicked on

2020-06-05 16:56:53 - [MESSAGE][PASSED] - Object: 'Object Repository/Data Driven/language/Page_Town Square - team1612499 Mattermost/button_Display' is clicked on

2020-06-05 16:56:53 - [TEST_STEP][PASSED] - click(findTestObject("Data Driven/language/Page_Town Square - team1612499 Mattermost/div_LanguageEdit")): Object: 'Object Repository/Data Driven/language/Page_Town Square - team1612499 Mattermost/div_LanguageEdit' is clicked on

2020-06-05 16:56:54 - [MESSAGE][PASSED] - Object: 'Object Repository/Data Driven/language/Page_Town Square - team1612499 Mattermost/div_LanguageEdit' is clicked on

2020-06-05 16:56:54 - [TEST_STEP][PASSED] - setText(findTestObject("Data Driven/language/Page_Town Square - team1612499 Mattermost/input_English_react-select-2-input"), language): Text '' is set on object 'Object Repository/Data Driven/language/Page_Town Square - team1612499 Mattermost/input_English_react-select-2-input'

2020-06-05 16:56:54 - [MESSAGE][PASSED] - Text '' is set on object 'Object Repository/Data Driven/language/Page_Town Square - team1612499 Mattermost/input_English_react-select-2-input'

2020-06-05 16:56:54 - [TEST_STEP][PASSED] - click(findTestObject("Data Driven/language/Page_Town Square - team1612499 Mattermost/button_Save")): Object: 'Object Repository/Data Driven/language/Page_Town Square - team1612499 Mattermost/button_Save' is clicked on

2020-06-05 16:56:55 - [MESSAGE][PASSED] - Object: 'Object Repository/Data Driven/language/Page_Town Square - team1612499 Mattermost/button_Save' is clicked on

2020-06-05 16:56:55 - [TEST_STEP][PASSED] - closeBrowser(): Browser is closed

2020-06-05 16:56:55 - [MESSAGE][PASSED] - Browser is closed]]></system-out>
         <system-err><![CDATA[]]></system-err>
      </testcase>
      <testcase name="Test Cases/internal data test case/position" time="17.198" classname="Test Cases/internal data test case/position" status="PASSED">
         <system-out><![CDATA[2020-06-05 16:56:55 - [TEST_CASE][PASSED] - Test Cases/internal data test case/position: Test Cases/internal data test case/position

2020-06-05 16:56:55 - [TEST_STEP][PASSED] - openBrowser(""): Browser is opened with url: ''

2020-06-05 16:56:55 - [MESSAGE][INFO] - Starting 'Chrome' driver

2020-06-05 16:56:55 - [MESSAGE][INFO] - Action delay is set to 0 milliseconds

2020-06-05 16:56:55 - [MESSAGE][PASSED] - Browser is opened with url: ''

2020-06-05 16:56:55 - [TEST_STEP][PASSED] - navigateToUrl("https://mattermost-aut.herokuapp.com/login"): Navigate to 'https://mattermost-aut.herokuapp.com/login' successfully

2020-06-05 16:57:00 - [MESSAGE][PASSED] - Navigate to 'https://mattermost-aut.herokuapp.com/login' successfully

2020-06-05 16:57:00 - [TEST_STEP][PASSED] - setText(findTestObject("Data Driven/nickname/Page_Mattermost/input_All team communication in one place searchable and accessible anywhere_loginId"), "phong1998"): Text 'phong1998' is set on object 'Object Repository/Data Driven/nickname/Page_Mattermost/input_All team communication in one place searchable and accessible anywhere_loginId'

2020-06-05 16:57:05 - [MESSAGE][PASSED] - Text 'phong1998' is set on object 'Object Repository/Data Driven/nickname/Page_Mattermost/input_All team communication in one place searchable and accessible anywhere_loginId'

2020-06-05 16:57:05 - [TEST_STEP][PASSED] - setEncryptedText(findTestObject("Data Driven/nickname/Page_Mattermost/input_All team communication in one place searchable and accessible anywhere_password"), "X6RAMBNCYDQ8H8PMJNlsmQ=="): Text ****** has been set on object 'Object Repository/Data Driven/nickname/Page_Mattermost/input_All team communication in one place searchable and accessible anywhere_password'

2020-06-05 16:57:06 - [MESSAGE][PASSED] - Text ****** has been set on object 'Object Repository/Data Driven/nickname/Page_Mattermost/input_All team communication in one place searchable and accessible anywhere_password'

2020-06-05 16:57:06 - [TEST_STEP][PASSED] - click(findTestObject("Data Driven/nickname/Page_Mattermost/span_Sign in")): Object: 'Object Repository/Data Driven/nickname/Page_Mattermost/span_Sign in' is clicked on

2020-06-05 16:57:06 - [MESSAGE][PASSED] - Object: 'Object Repository/Data Driven/nickname/Page_Mattermost/span_Sign in' is clicked on

2020-06-05 16:57:06 - [TEST_STEP][PASSED] - click(findTestObject("Data Driven/position/Page_Town Square - team1612499 Mattermost/svg")): Object: 'Object Repository/Data Driven/position/Page_Town Square - team1612499 Mattermost/svg' is clicked on

2020-06-05 16:57:09 - [MESSAGE][PASSED] - Object: 'Object Repository/Data Driven/position/Page_Town Square - team1612499 Mattermost/svg' is clicked on

2020-06-05 16:57:09 - [TEST_STEP][PASSED] - click(findTestObject("Data Driven/position/Page_Town Square - team1612499 Mattermost/span_Account Settings")): Object: 'Object Repository/Data Driven/position/Page_Town Square - team1612499 Mattermost/span_Account Settings' is clicked on

2020-06-05 16:57:10 - [MESSAGE][PASSED] - Object: 'Object Repository/Data Driven/position/Page_Town Square - team1612499 Mattermost/span_Account Settings' is clicked on

2020-06-05 16:57:10 - [TEST_STEP][PASSED] - click(findTestObject("Data Driven/position/Page_Town Square - team1612499 Mattermost/span_Edit")): Object: 'Object Repository/Data Driven/position/Page_Town Square - team1612499 Mattermost/span_Edit' is clicked on

2020-06-05 16:57:11 - [MESSAGE][PASSED] - Object: 'Object Repository/Data Driven/position/Page_Town Square - team1612499 Mattermost/span_Edit' is clicked on

2020-06-05 16:57:11 - [TEST_STEP][PASSED] - setText(findTestObject("Data Driven/position/Page_Town Square - team1612499 Mattermost/input_Position_position"), position): Text '' is set on object 'Object Repository/Data Driven/position/Page_Town Square - team1612499 Mattermost/input_Position_position'

2020-06-05 16:57:11 - [MESSAGE][PASSED] - Text '' is set on object 'Object Repository/Data Driven/position/Page_Town Square - team1612499 Mattermost/input_Position_position'

2020-06-05 16:57:11 - [TEST_STEP][PASSED] - click(findTestObject("Data Driven/position/Page_Town Square - team1612499 Mattermost/span_Save")): Object: 'Object Repository/Data Driven/position/Page_Town Square - team1612499 Mattermost/span_Save' is clicked on

2020-06-05 16:57:12 - [MESSAGE][PASSED] - Object: 'Object Repository/Data Driven/position/Page_Town Square - team1612499 Mattermost/span_Save' is clicked on

2020-06-05 16:57:12 - [TEST_STEP][PASSED] - closeBrowser(): Browser is closed

2020-06-05 16:57:12 - [MESSAGE][PASSED] - Browser is closed]]></system-out>
         <system-err><![CDATA[]]></system-err>
      </testcase>
      <testcase name="Test Cases/internal data test case/password" time="15.339" classname="Test Cases/internal data test case/password" status="PASSED">
         <system-out><![CDATA[2020-06-05 16:57:12 - [TEST_CASE][PASSED] - Test Cases/internal data test case/password: Test Cases/internal data test case/password

2020-06-05 16:57:12 - [TEST_STEP][PASSED] - openBrowser(""): Browser is opened with url: ''

2020-06-05 16:57:12 - [MESSAGE][INFO] - Starting 'Chrome' driver

2020-06-05 16:57:12 - [MESSAGE][INFO] - Action delay is set to 0 milliseconds

2020-06-05 16:57:12 - [MESSAGE][PASSED] - Browser is opened with url: ''

2020-06-05 16:57:12 - [TEST_STEP][PASSED] - navigateToUrl("https://mattermost-aut.herokuapp.com/login"): Navigate to 'https://mattermost-aut.herokuapp.com/login' successfully

2020-06-05 16:57:15 - [MESSAGE][PASSED] - Navigate to 'https://mattermost-aut.herokuapp.com/login' successfully

2020-06-05 16:57:15 - [TEST_STEP][PASSED] - setText(findTestObject("Data Driven/login/Page_Mattermost/input_All team communication in one place searchable and accessible anywhere_loginId"), "phong1998"): Text 'phong1998' is set on object 'Object Repository/Data Driven/login/Page_Mattermost/input_All team communication in one place searchable and accessible anywhere_loginId'

2020-06-05 16:57:19 - [MESSAGE][PASSED] - Text 'phong1998' is set on object 'Object Repository/Data Driven/login/Page_Mattermost/input_All team communication in one place searchable and accessible anywhere_loginId'

2020-06-05 16:57:19 - [TEST_STEP][PASSED] - setEncryptedText(findTestObject("Data Driven/login/Page_Mattermost/input_All team communication in one place searchable and accessible anywhere_password"), "X6RAMBNCYDQ8H8PMJNlsmQ=="): Text ****** has been set on object 'Object Repository/Data Driven/login/Page_Mattermost/input_All team communication in one place searchable and accessible anywhere_password'

2020-06-05 16:57:20 - [MESSAGE][PASSED] - Text ****** has been set on object 'Object Repository/Data Driven/login/Page_Mattermost/input_All team communication in one place searchable and accessible anywhere_password'

2020-06-05 16:57:20 - [TEST_STEP][PASSED] - click(findTestObject("Data Driven/login/Page_Mattermost/button_Sign in")): Object: 'Object Repository/Data Driven/login/Page_Mattermost/button_Sign in' is clicked on

2020-06-05 16:57:20 - [MESSAGE][PASSED] - Object: 'Object Repository/Data Driven/login/Page_Mattermost/button_Sign in' is clicked on

2020-06-05 16:57:20 - [TEST_STEP][PASSED] - click(findTestObject("Data Driven/password/Page_Town Square - team1612499 Mattermost/span")): Object: 'Object Repository/Data Driven/password/Page_Town Square - team1612499 Mattermost/span' is clicked on

2020-06-05 16:57:23 - [MESSAGE][PASSED] - Object: 'Object Repository/Data Driven/password/Page_Town Square - team1612499 Mattermost/span' is clicked on

2020-06-05 16:57:23 - [TEST_STEP][PASSED] - click(findTestObject("Data Driven/password/Page_Town Square - team1612499 Mattermost/span_Account Settings")): Object: 'Object Repository/Data Driven/password/Page_Town Square - team1612499 Mattermost/span_Account Settings' is clicked on

2020-06-05 16:57:24 - [MESSAGE][PASSED] - Object: 'Object Repository/Data Driven/password/Page_Town Square - team1612499 Mattermost/span_Account Settings' is clicked on

2020-06-05 16:57:24 - [TEST_STEP][PASSED] - click(findTestObject("Data Driven/password/Page_Town Square - team1612499 Mattermost/button_Security")): Object: 'Object Repository/Data Driven/password/Page_Town Square - team1612499 Mattermost/button_Security' is clicked on

2020-06-05 16:57:25 - [MESSAGE][PASSED] - Object: 'Object Repository/Data Driven/password/Page_Town Square - team1612499 Mattermost/button_Security' is clicked on

2020-06-05 16:57:25 - [TEST_STEP][PASSED] - click(findTestObject("Data Driven/password/Page_Town Square - team1612499 Mattermost/div_PasswordEdit")): Object: 'Object Repository/Data Driven/password/Page_Town Square - team1612499 Mattermost/div_PasswordEdit' is clicked on

2020-06-05 16:57:26 - [MESSAGE][PASSED] - Object: 'Object Repository/Data Driven/password/Page_Town Square - team1612499 Mattermost/div_PasswordEdit' is clicked on

2020-06-05 16:57:26 - [TEST_STEP][PASSED] - setEncryptedText(findTestObject("Data Driven/password/Page_Town Square - team1612499 Mattermost/input_Current Password_currentPassword"), current_password): Text ****** has been set on object 'Object Repository/Data Driven/password/Page_Town Square - team1612499 Mattermost/input_Current Password_currentPassword'

2020-06-05 16:57:26 - [MESSAGE][PASSED] - Text ****** has been set on object 'Object Repository/Data Driven/password/Page_Town Square - team1612499 Mattermost/input_Current Password_currentPassword'

2020-06-05 16:57:26 - [TEST_STEP][PASSED] - setEncryptedText(findTestObject("Data Driven/password/Page_Town Square - team1612499 Mattermost/input_New Password_newPassword"), new_password): Text ****** has been set on object 'Object Repository/Data Driven/password/Page_Town Square - team1612499 Mattermost/input_New Password_newPassword'

2020-06-05 16:57:26 - [MESSAGE][PASSED] - Text ****** has been set on object 'Object Repository/Data Driven/password/Page_Town Square - team1612499 Mattermost/input_New Password_newPassword'

2020-06-05 16:57:26 - [TEST_STEP][PASSED] - setEncryptedText(findTestObject("Data Driven/password/Page_Town Square - team1612499 Mattermost/input_Retype New Password_confirmPassword"), retype): Text ****** has been set on object 'Object Repository/Data Driven/password/Page_Town Square - team1612499 Mattermost/input_Retype New Password_confirmPassword'

2020-06-05 16:57:27 - [MESSAGE][PASSED] - Text ****** has been set on object 'Object Repository/Data Driven/password/Page_Town Square - team1612499 Mattermost/input_Retype New Password_confirmPassword'

2020-06-05 16:57:27 - [TEST_STEP][PASSED] - click(findTestObject("Data Driven/password/Page_Town Square - team1612499 Mattermost/button_Save")): Object: 'Object Repository/Data Driven/password/Page_Town Square - team1612499 Mattermost/button_Save' is clicked on

2020-06-05 16:57:27 - [MESSAGE][PASSED] - Object: 'Object Repository/Data Driven/password/Page_Town Square - team1612499 Mattermost/button_Save' is clicked on

2020-06-05 16:57:27 - [TEST_STEP][PASSED] - closeBrowser(): Browser is closed

2020-06-05 16:57:27 - [MESSAGE][PASSED] - Browser is closed]]></system-out>
         <system-err><![CDATA[]]></system-err>
      </testcase>
      <testcase name="Test Cases/internal data test case/search" time="13.332" classname="Test Cases/internal data test case/search" status="FAILED">
         <failure type="FAILED" message="Test Cases/internal data test case/search FAILED.
Reason:
com.kms.katalon.core.exception.StepFailedException: Unable to click on object 'Object Repository/Data Driven/search/Page_Town Square - team1612499 Mattermost/circle'
	at com.kms.katalon.core.webui.keyword.internal.WebUIKeywordMain.stepFailed(WebUIKeywordMain.groovy:64)
	at com.kms.katalon.core.webui.keyword.internal.WebUIKeywordMain.runKeyword(WebUIKeywordMain.groovy:26)
	at com.kms.katalon.core.webui.keyword.builtin.ClickKeyword.click(ClickKeyword.groovy:76)
	at com.kms.katalon.core.webui.keyword.builtin.ClickKeyword.execute(ClickKeyword.groovy:43)
	at com.kms.katalon.core.keyword.internal.KeywordExecutor.executeKeywordForPlatform(KeywordExecutor.groovy:72)
	at com.kms.katalon.core.webui.keyword.WebUiBuiltInKeywords.click(WebUiBuiltInKeywords.groovy:616)
	at com.kms.katalon.core.webui.keyword.WebUiBuiltInKeywords$click$3.call(Unknown Source)
	at search.run(search:32)
	at com.kms.katalon.core.main.ScriptEngine.run(ScriptEngine.java:194)
	at com.kms.katalon.core.main.ScriptEngine.runScriptAsRawText(ScriptEngine.java:119)
	at com.kms.katalon.core.main.TestCaseExecutor.runScript(TestCaseExecutor.java:337)
	at com.kms.katalon.core.main.TestCaseExecutor.doExecute(TestCaseExecutor.java:328)
	at com.kms.katalon.core.main.TestCaseExecutor.processExecutionPhase(TestCaseExecutor.java:307)
	at com.kms.katalon.core.main.TestCaseExecutor.accessMainPhase(TestCaseExecutor.java:299)
	at com.kms.katalon.core.main.TestCaseExecutor.execute(TestCaseExecutor.java:233)
	at com.kms.katalon.core.main.TestSuiteExecutor.accessTestCaseMainPhase(TestSuiteExecutor.java:169)
	at com.kms.katalon.core.main.TestSuiteExecutor.accessTestSuiteMainPhase(TestSuiteExecutor.java:142)
	at com.kms.katalon.core.main.TestSuiteExecutor.execute(TestSuiteExecutor.java:91)
	at com.kms.katalon.core.main.TestCaseMain.startTestSuite(TestCaseMain.java:157)
	at com.kms.katalon.core.main.TestCaseMain$startTestSuite$0.call(Unknown Source)
	at TempTestSuite1591350774236.run(TempTestSuite1591350774236.groovy:37)
Caused by: java.lang.IndexOutOfBoundsException: Index: 0, Size: 0
	at com.kms.katalon.core.webui.common.WebUiCommonHelper.buildLocator(WebUiCommonHelper.java:517)
	at com.kms.katalon.core.webui.common.WebUiCommonHelper.findWebElements(WebUiCommonHelper.java:767)
	at com.kms.katalon.core.webui.common.WebUiCommonHelper.findWebElement(WebUiCommonHelper.java:1150)
	at com.kms.katalon.core.webui.keyword.internal.WebUIAbstractKeyword.findWebElement(WebUIAbstractKeyword.groovy:27)
	at com.kms.katalon.core.webui.keyword.internal.WebUIAbstractKeyword.findWebElement(WebUIAbstractKeyword.groovy:26)
	at com.kms.katalon.core.webui.keyword.builtin.ClickKeyword$_click_closure1.doCall(ClickKeyword.groovy:67)
	at com.kms.katalon.core.webui.keyword.builtin.ClickKeyword$_click_closure1.call(ClickKeyword.groovy)
	at com.kms.katalon.core.webui.keyword.internal.WebUIKeywordMain.runKeyword(WebUIKeywordMain.groovy:20)
	... 19 more
"/>
         <system-out><![CDATA[2020-06-05 16:57:27 - [TEST_CASE][FAILED] - Test Cases/internal data test case/search: Test Cases/internal data test case/search FAILED.
Reason:
com.kms.katalon.core.exception.StepFailedException: Unable to click on object 'Object Repository/Data Driven/search/Page_Town Square - team1612499 Mattermost/circle'
	at com.kms.katalon.core.webui.keyword.internal.WebUIKeywordMain.stepFailed(WebUIKeywordMain.groovy:64)
	at com.kms.katalon.core.webui.keyword.internal.WebUIKeywordMain.runKeyword(WebUIKeywordMain.groovy:26)
	at com.kms.katalon.core.webui.keyword.builtin.ClickKeyword.click(ClickKeyword.groovy:76)
	at com.kms.katalon.core.webui.keyword.builtin.ClickKeyword.execute(ClickKeyword.groovy:43)
	at com.kms.katalon.core.keyword.internal.KeywordExecutor.executeKeywordForPlatform(KeywordExecutor.groovy:72)
	at com.kms.katalon.core.webui.keyword.WebUiBuiltInKeywords.click(WebUiBuiltInKeywords.groovy:616)
	at com.kms.katalon.core.webui.keyword.WebUiBuiltInKeywords$click$3.call(Unknown Source)
	at search.run(search:32)
	at com.kms.katalon.core.main.ScriptEngine.run(ScriptEngine.java:194)
	at com.kms.katalon.core.main.ScriptEngine.runScriptAsRawText(ScriptEngine.java:119)
	at com.kms.katalon.core.main.TestCaseExecutor.runScript(TestCaseExecutor.java:337)
	at com.kms.katalon.core.main.TestCaseExecutor.doExecute(TestCaseExecutor.java:328)
	at com.kms.katalon.core.main.TestCaseExecutor.processExecutionPhase(TestCaseExecutor.java:307)
	at com.kms.katalon.core.main.TestCaseExecutor.accessMainPhase(TestCaseExecutor.java:299)
	at com.kms.katalon.core.main.TestCaseExecutor.execute(TestCaseExecutor.java:233)
	at com.kms.katalon.core.main.TestSuiteExecutor.accessTestCaseMainPhase(TestSuiteExecutor.java:169)
	at com.kms.katalon.core.main.TestSuiteExecutor.accessTestSuiteMainPhase(TestSuiteExecutor.java:142)
	at com.kms.katalon.core.main.TestSuiteExecutor.execute(TestSuiteExecutor.java:91)
	at com.kms.katalon.core.main.TestCaseMain.startTestSuite(TestCaseMain.java:157)
	at com.kms.katalon.core.main.TestCaseMain$startTestSuite$0.call(Unknown Source)
	at TempTestSuite1591350774236.run(TempTestSuite1591350774236.groovy:37)
Caused by: java.lang.IndexOutOfBoundsException: Index: 0, Size: 0
	at com.kms.katalon.core.webui.common.WebUiCommonHelper.buildLocator(WebUiCommonHelper.java:517)
	at com.kms.katalon.core.webui.common.WebUiCommonHelper.findWebElements(WebUiCommonHelper.java:767)
	at com.kms.katalon.core.webui.common.WebUiCommonHelper.findWebElement(WebUiCommonHelper.java:1150)
	at com.kms.katalon.core.webui.keyword.internal.WebUIAbstractKeyword.findWebElement(WebUIAbstractKeyword.groovy:27)
	at com.kms.katalon.core.webui.keyword.internal.WebUIAbstractKeyword.findWebElement(WebUIAbstractKeyword.groovy:26)
	at com.kms.katalon.core.webui.keyword.builtin.ClickKeyword$_click_closure1.doCall(ClickKeyword.groovy:67)
	at com.kms.katalon.core.webui.keyword.builtin.ClickKeyword$_click_closure1.call(ClickKeyword.groovy)
	at com.kms.katalon.core.webui.keyword.internal.WebUIKeywordMain.runKeyword(WebUIKeywordMain.groovy:20)
	... 19 more


2020-06-05 16:57:27 - [TEST_STEP][PASSED] - openBrowser(""): Browser is opened with url: ''

2020-06-05 16:57:27 - [MESSAGE][INFO] - Starting 'Chrome' driver

2020-06-05 16:57:27 - [MESSAGE][INFO] - Action delay is set to 0 milliseconds

2020-06-05 16:57:28 - [MESSAGE][PASSED] - Browser is opened with url: ''

2020-06-05 16:57:28 - [TEST_STEP][PASSED] - navigateToUrl("https://mattermost-aut.herokuapp.com/login"): Navigate to 'https://mattermost-aut.herokuapp.com/login' successfully

2020-06-05 16:57:35 - [MESSAGE][PASSED] - Navigate to 'https://mattermost-aut.herokuapp.com/login' successfully

2020-06-05 16:57:35 - [TEST_STEP][PASSED] - setText(findTestObject("Data Driven/login/Page_Mattermost/input_All team communication in one place searchable and accessible anywhere_loginId"), "phong1998"): Text 'phong1998' is set on object 'Object Repository/Data Driven/login/Page_Mattermost/input_All team communication in one place searchable and accessible anywhere_loginId'

2020-06-05 16:57:39 - [MESSAGE][PASSED] - Text 'phong1998' is set on object 'Object Repository/Data Driven/login/Page_Mattermost/input_All team communication in one place searchable and accessible anywhere_loginId'

2020-06-05 16:57:39 - [TEST_STEP][PASSED] - setEncryptedText(findTestObject("Data Driven/login/Page_Mattermost/input_All team communication in one place searchable and accessible anywhere_password"), "X6RAMBNCYDQ8H8PMJNlsmQ=="): Text ****** has been set on object 'Object Repository/Data Driven/login/Page_Mattermost/input_All team communication in one place searchable and accessible anywhere_password'

2020-06-05 16:57:40 - [MESSAGE][PASSED] - Text ****** has been set on object 'Object Repository/Data Driven/login/Page_Mattermost/input_All team communication in one place searchable and accessible anywhere_password'

2020-06-05 16:57:40 - [TEST_STEP][PASSED] - click(findTestObject("Data Driven/direct-message/Page_Mattermost/button_Sign in")): Object: 'Object Repository/Data Driven/direct-message/Page_Mattermost/button_Sign in' is clicked on

2020-06-05 16:57:40 - [MESSAGE][PASSED] - Object: 'Object Repository/Data Driven/direct-message/Page_Mattermost/button_Sign in' is clicked on

2020-06-05 16:57:40 - [TEST_STEP][FAILED] - click(findTestObject("Data Driven/search/Page_Town Square - team1612499 Mattermost/circle")): Unable to click on object 'Object Repository/Data Driven/search/Page_Town Square - team1612499 Mattermost/circle' (Root cause: com.kms.katalon.core.exception.StepFailedException: Unable to click on object 'Object Repository/Data Driven/search/Page_Town Square - team1612499 Mattermost/circle'
	at com.kms.katalon.core.webui.keyword.internal.WebUIKeywordMain.stepFailed(WebUIKeywordMain.groovy:64)
	at com.kms.katalon.core.webui.keyword.internal.WebUIKeywordMain.runKeyword(WebUIKeywordMain.groovy:26)
	at com.kms.katalon.core.webui.keyword.builtin.ClickKeyword.click(ClickKeyword.groovy:76)
	at com.kms.katalon.core.webui.keyword.builtin.ClickKeyword.execute(ClickKeyword.groovy:43)
	at com.kms.katalon.core.keyword.internal.KeywordExecutor.executeKeywordForPlatform(KeywordExecutor.groovy:72)
	at com.kms.katalon.core.webui.keyword.WebUiBuiltInKeywords.click(WebUiBuiltInKeywords.groovy:616)
	at com.kms.katalon.core.webui.keyword.WebUiBuiltInKeywords$click$3.call(Unknown Source)
	at search.run(search:32)
	at com.kms.katalon.core.main.ScriptEngine.run(ScriptEngine.java:194)
	at com.kms.katalon.core.main.ScriptEngine.runScriptAsRawText(ScriptEngine.java:119)
	at com.kms.katalon.core.main.TestCaseExecutor.runScript(TestCaseExecutor.java:337)
	at com.kms.katalon.core.main.TestCaseExecutor.doExecute(TestCaseExecutor.java:328)
	at com.kms.katalon.core.main.TestCaseExecutor.processExecutionPhase(TestCaseExecutor.java:307)
	at com.kms.katalon.core.main.TestCaseExecutor.accessMainPhase(TestCaseExecutor.java:299)
	at com.kms.katalon.core.main.TestCaseExecutor.execute(TestCaseExecutor.java:233)
	at com.kms.katalon.core.main.TestSuiteExecutor.accessTestCaseMainPhase(TestSuiteExecutor.java:169)
	at com.kms.katalon.core.main.TestSuiteExecutor.accessTestSuiteMainPhase(TestSuiteExecutor.java:142)
	at com.kms.katalon.core.main.TestSuiteExecutor.execute(TestSuiteExecutor.java:91)
	at com.kms.katalon.core.main.TestCaseMain.startTestSuite(TestCaseMain.java:157)
	at com.kms.katalon.core.main.TestCaseMain$startTestSuite$0.call(Unknown Source)
	at TempTestSuite1591350774236.run(TempTestSuite1591350774236.groovy:37)
Caused by: java.lang.IndexOutOfBoundsException: Index: 0, Size: 0
	at com.kms.katalon.core.webui.common.WebUiCommonHelper.buildLocator(WebUiCommonHelper.java:517)
	at com.kms.katalon.core.webui.common.WebUiCommonHelper.findWebElements(WebUiCommonHelper.java:767)
	at com.kms.katalon.core.webui.common.WebUiCommonHelper.findWebElement(WebUiCommonHelper.java:1150)
	at com.kms.katalon.core.webui.keyword.internal.WebUIAbstractKeyword.findWebElement(WebUIAbstractKeyword.groovy:27)
	at com.kms.katalon.core.webui.keyword.internal.WebUIAbstractKeyword.findWebElement(WebUIAbstractKeyword.groovy:26)
	at com.kms.katalon.core.webui.keyword.builtin.ClickKeyword$_click_closure1.doCall(ClickKeyword.groovy:67)
	at com.kms.katalon.core.webui.keyword.builtin.ClickKeyword$_click_closure1.call(ClickKeyword.groovy)
	at com.kms.katalon.core.webui.keyword.internal.WebUIKeywordMain.runKeyword(WebUIKeywordMain.groovy:20)
	at com.kms.katalon.core.webui.keyword.builtin.ClickKeyword.click(ClickKeyword.groovy:76)
	at com.kms.katalon.core.webui.keyword.builtin.ClickKeyword.execute(ClickKeyword.groovy:43)
	at com.kms.katalon.core.keyword.internal.KeywordExecutor.executeKeywordForPlatform(KeywordExecutor.groovy:72)
	at com.kms.katalon.core.webui.keyword.WebUiBuiltInKeywords.click(WebUiBuiltInKeywords.groovy:616)
	at com.kms.katalon.core.webui.keyword.WebUiBuiltInKeywords$click$3.call(Unknown Source)
	at Script1591296565402.run(Script1591296565402.groovy:32)
	... 13 more
)

2020-06-05 16:57:41 - [MESSAGE][FAILED] - Unable to click on object 'Object Repository/Data Driven/search/Page_Town Square - team1612499 Mattermost/circle' (Root cause: com.kms.katalon.core.exception.StepFailedException: Unable to click on object 'Object Repository/Data Driven/search/Page_Town Square - team1612499 Mattermost/circle'
	at com.kms.katalon.core.webui.keyword.internal.WebUIKeywordMain.stepFailed(WebUIKeywordMain.groovy:64)
	at com.kms.katalon.core.webui.keyword.internal.WebUIKeywordMain.runKeyword(WebUIKeywordMain.groovy:26)
	at com.kms.katalon.core.webui.keyword.builtin.ClickKeyword.click(ClickKeyword.groovy:76)
	at com.kms.katalon.core.webui.keyword.builtin.ClickKeyword.execute(ClickKeyword.groovy:43)
	at com.kms.katalon.core.keyword.internal.KeywordExecutor.executeKeywordForPlatform(KeywordExecutor.groovy:72)
	at com.kms.katalon.core.webui.keyword.WebUiBuiltInKeywords.click(WebUiBuiltInKeywords.groovy:616)
	at com.kms.katalon.core.webui.keyword.WebUiBuiltInKeywords$click$3.call(Unknown Source)
	at search.run(search:32)
	at com.kms.katalon.core.main.ScriptEngine.run(ScriptEngine.java:194)
	at com.kms.katalon.core.main.ScriptEngine.runScriptAsRawText(ScriptEngine.java:119)
	at com.kms.katalon.core.main.TestCaseExecutor.runScript(TestCaseExecutor.java:337)
	at com.kms.katalon.core.main.TestCaseExecutor.doExecute(TestCaseExecutor.java:328)
	at com.kms.katalon.core.main.TestCaseExecutor.processExecutionPhase(TestCaseExecutor.java:307)
	at com.kms.katalon.core.main.TestCaseExecutor.accessMainPhase(TestCaseExecutor.java:299)
	at com.kms.katalon.core.main.TestCaseExecutor.execute(TestCaseExecutor.java:233)
	at com.kms.katalon.core.main.TestSuiteExecutor.accessTestCaseMainPhase(TestSuiteExecutor.java:169)
	at com.kms.katalon.core.main.TestSuiteExecutor.accessTestSuiteMainPhase(TestSuiteExecutor.java:142)
	at com.kms.katalon.core.main.TestSuiteExecutor.execute(TestSuiteExecutor.java:91)
	at com.kms.katalon.core.main.TestCaseMain.startTestSuite(TestCaseMain.java:157)
	at com.kms.katalon.core.main.TestCaseMain$startTestSuite$0.call(Unknown Source)
	at TempTestSuite1591350774236.run(TempTestSuite1591350774236.groovy:37)
Caused by: java.lang.IndexOutOfBoundsException: Index: 0, Size: 0
	at com.kms.katalon.core.webui.common.WebUiCommonHelper.buildLocator(WebUiCommonHelper.java:517)
	at com.kms.katalon.core.webui.common.WebUiCommonHelper.findWebElements(WebUiCommonHelper.java:767)
	at com.kms.katalon.core.webui.common.WebUiCommonHelper.findWebElement(WebUiCommonHelper.java:1150)
	at com.kms.katalon.core.webui.keyword.internal.WebUIAbstractKeyword.findWebElement(WebUIAbstractKeyword.groovy:27)
	at com.kms.katalon.core.webui.keyword.internal.WebUIAbstractKeyword.findWebElement(WebUIAbstractKeyword.groovy:26)
	at com.kms.katalon.core.webui.keyword.builtin.ClickKeyword$_click_closure1.doCall(ClickKeyword.groovy:67)
	at com.kms.katalon.core.webui.keyword.builtin.ClickKeyword$_click_closure1.call(ClickKeyword.groovy)
	at com.kms.katalon.core.webui.keyword.internal.WebUIKeywordMain.runKeyword(WebUIKeywordMain.groovy:20)
	at com.kms.katalon.core.webui.keyword.builtin.ClickKeyword.click(ClickKeyword.groovy:76)
	at com.kms.katalon.core.webui.keyword.builtin.ClickKeyword.execute(ClickKeyword.groovy:43)
	at com.kms.katalon.core.keyword.internal.KeywordExecutor.executeKeywordForPlatform(KeywordExecutor.groovy:72)
	at com.kms.katalon.core.webui.keyword.WebUiBuiltInKeywords.click(WebUiBuiltInKeywords.groovy:616)
	at com.kms.katalon.core.webui.keyword.WebUiBuiltInKeywords$click$3.call(Unknown Source)
	at Script1591296565402.run(Script1591296565402.groovy:32)
	... 13 more
)
[[ATTACHMENT|/home/phat/Downloads/katalon/mattermost-webapp/Reports/20200605_165254/Run all test cases/20200605_165254/1591351060836.png]]]]></system-out>
         <system-err><![CDATA[2020-06-05 16:57:27 - [TEST_CASE][FAILED] - Test Cases/internal data test case/search: Test Cases/internal data test case/search FAILED.
Reason:
com.kms.katalon.core.exception.StepFailedException: Unable to click on object 'Object Repository/Data Driven/search/Page_Town Square - team1612499 Mattermost/circle'
	at com.kms.katalon.core.webui.keyword.internal.WebUIKeywordMain.stepFailed(WebUIKeywordMain.groovy:64)
	at com.kms.katalon.core.webui.keyword.internal.WebUIKeywordMain.runKeyword(WebUIKeywordMain.groovy:26)
	at com.kms.katalon.core.webui.keyword.builtin.ClickKeyword.click(ClickKeyword.groovy:76)
	at com.kms.katalon.core.webui.keyword.builtin.ClickKeyword.execute(ClickKeyword.groovy:43)
	at com.kms.katalon.core.keyword.internal.KeywordExecutor.executeKeywordForPlatform(KeywordExecutor.groovy:72)
	at com.kms.katalon.core.webui.keyword.WebUiBuiltInKeywords.click(WebUiBuiltInKeywords.groovy:616)
	at com.kms.katalon.core.webui.keyword.WebUiBuiltInKeywords$click$3.call(Unknown Source)
	at search.run(search:32)
	at com.kms.katalon.core.main.ScriptEngine.run(ScriptEngine.java:194)
	at com.kms.katalon.core.main.ScriptEngine.runScriptAsRawText(ScriptEngine.java:119)
	at com.kms.katalon.core.main.TestCaseExecutor.runScript(TestCaseExecutor.java:337)
	at com.kms.katalon.core.main.TestCaseExecutor.doExecute(TestCaseExecutor.java:328)
	at com.kms.katalon.core.main.TestCaseExecutor.processExecutionPhase(TestCaseExecutor.java:307)
	at com.kms.katalon.core.main.TestCaseExecutor.accessMainPhase(TestCaseExecutor.java:299)
	at com.kms.katalon.core.main.TestCaseExecutor.execute(TestCaseExecutor.java:233)
	at com.kms.katalon.core.main.TestSuiteExecutor.accessTestCaseMainPhase(TestSuiteExecutor.java:169)
	at com.kms.katalon.core.main.TestSuiteExecutor.accessTestSuiteMainPhase(TestSuiteExecutor.java:142)
	at com.kms.katalon.core.main.TestSuiteExecutor.execute(TestSuiteExecutor.java:91)
	at com.kms.katalon.core.main.TestCaseMain.startTestSuite(TestCaseMain.java:157)
	at com.kms.katalon.core.main.TestCaseMain$startTestSuite$0.call(Unknown Source)
	at TempTestSuite1591350774236.run(TempTestSuite1591350774236.groovy:37)
Caused by: java.lang.IndexOutOfBoundsException: Index: 0, Size: 0
	at com.kms.katalon.core.webui.common.WebUiCommonHelper.buildLocator(WebUiCommonHelper.java:517)
	at com.kms.katalon.core.webui.common.WebUiCommonHelper.findWebElements(WebUiCommonHelper.java:767)
	at com.kms.katalon.core.webui.common.WebUiCommonHelper.findWebElement(WebUiCommonHelper.java:1150)
	at com.kms.katalon.core.webui.keyword.internal.WebUIAbstractKeyword.findWebElement(WebUIAbstractKeyword.groovy:27)
	at com.kms.katalon.core.webui.keyword.internal.WebUIAbstractKeyword.findWebElement(WebUIAbstractKeyword.groovy:26)
	at com.kms.katalon.core.webui.keyword.builtin.ClickKeyword$_click_closure1.doCall(ClickKeyword.groovy:67)
	at com.kms.katalon.core.webui.keyword.builtin.ClickKeyword$_click_closure1.call(ClickKeyword.groovy)
	at com.kms.katalon.core.webui.keyword.internal.WebUIKeywordMain.runKeyword(WebUIKeywordMain.groovy:20)
	... 19 more]]></system-err>
      </testcase>
      <testcase name="Test Cases/internal data test case/full-name" time="15.816" classname="Test Cases/internal data test case/full-name" status="PASSED">
         <system-out><![CDATA[2020-06-05 16:57:41 - [TEST_CASE][PASSED] - Test Cases/internal data test case/full-name: Test Cases/internal data test case/full-name

2020-06-05 16:57:41 - [TEST_STEP][PASSED] - openBrowser(""): Browser is opened with url: ''

2020-06-05 16:57:41 - [MESSAGE][WARNING] - A browser is already opened. Closing browser and opening a new one

2020-06-05 16:57:41 - [MESSAGE][INFO] - Starting 'Chrome' driver

2020-06-05 16:57:41 - [MESSAGE][INFO] - Action delay is set to 0 milliseconds

2020-06-05 16:57:41 - [MESSAGE][PASSED] - Browser is opened with url: ''

2020-06-05 16:57:41 - [TEST_STEP][PASSED] - navigateToUrl("https://mattermost-aut.herokuapp.com/login"): Navigate to 'https://mattermost-aut.herokuapp.com/login' successfully

2020-06-05 16:57:45 - [MESSAGE][PASSED] - Navigate to 'https://mattermost-aut.herokuapp.com/login' successfully

2020-06-05 16:57:45 - [TEST_STEP][PASSED] - setText(findTestObject("Data Driven/login/Page_Mattermost/input_All team communication in one place searchable and accessible anywhere_loginId"), "phong1998"): Text 'phong1998' is set on object 'Object Repository/Data Driven/login/Page_Mattermost/input_All team communication in one place searchable and accessible anywhere_loginId'

2020-06-05 16:57:49 - [MESSAGE][PASSED] - Text 'phong1998' is set on object 'Object Repository/Data Driven/login/Page_Mattermost/input_All team communication in one place searchable and accessible anywhere_loginId'

2020-06-05 16:57:49 - [TEST_STEP][PASSED] - setEncryptedText(findTestObject("Data Driven/login/Page_Mattermost/input_All team communication in one place searchable and accessible anywhere_password"), "X6RAMBNCYDQ8H8PMJNlsmQ=="): Text ****** has been set on object 'Object Repository/Data Driven/login/Page_Mattermost/input_All team communication in one place searchable and accessible anywhere_password'

2020-06-05 16:57:49 - [MESSAGE][PASSED] - Text ****** has been set on object 'Object Repository/Data Driven/login/Page_Mattermost/input_All team communication in one place searchable and accessible anywhere_password'

2020-06-05 16:57:49 - [TEST_STEP][PASSED] - click(findTestObject("Data Driven/login/Page_Mattermost/button_Sign in")): Object: 'Object Repository/Data Driven/login/Page_Mattermost/button_Sign in' is clicked on

2020-06-05 16:57:50 - [MESSAGE][PASSED] - Object: 'Object Repository/Data Driven/login/Page_Mattermost/button_Sign in' is clicked on

2020-06-05 16:57:50 - [TEST_STEP][PASSED] - click(findTestObject("Data Driven/full-name/Page_Town Square - team1612499 Mattermost/span")): Object: 'Object Repository/Data Driven/full-name/Page_Town Square - team1612499 Mattermost/span' is clicked on

2020-06-05 16:57:53 - [MESSAGE][PASSED] - Object: 'Object Repository/Data Driven/full-name/Page_Town Square - team1612499 Mattermost/span' is clicked on

2020-06-05 16:57:53 - [TEST_STEP][PASSED] - click(findTestObject("Data Driven/full-name/Page_Town Square - team1612499 Mattermost/span_Account Settings")): Object: 'Object Repository/Data Driven/full-name/Page_Town Square - team1612499 Mattermost/span_Account Settings' is clicked on

2020-06-05 16:57:54 - [MESSAGE][PASSED] - Object: 'Object Repository/Data Driven/full-name/Page_Town Square - team1612499 Mattermost/span_Account Settings' is clicked on

2020-06-05 16:57:54 - [TEST_STEP][PASSED] - click(findTestObject("Data Driven/full-name/Page_Town Square - team1612499 Mattermost/span_Edit")): Object: 'Object Repository/Data Driven/full-name/Page_Town Square - team1612499 Mattermost/span_Edit' is clicked on

2020-06-05 16:57:55 - [MESSAGE][PASSED] - Object: 'Object Repository/Data Driven/full-name/Page_Town Square - team1612499 Mattermost/span_Edit' is clicked on

2020-06-05 16:57:55 - [TEST_STEP][PASSED] - setText(findTestObject("Data Driven/full-name/Page_Town Square - team1612499 Mattermost/input_First Name_firstName"), first_name): Text '' is set on object 'Object Repository/Data Driven/full-name/Page_Town Square - team1612499 Mattermost/input_First Name_firstName'

2020-06-05 16:57:55 - [MESSAGE][PASSED] - Text '' is set on object 'Object Repository/Data Driven/full-name/Page_Town Square - team1612499 Mattermost/input_First Name_firstName'

2020-06-05 16:57:55 - [TEST_STEP][PASSED] - setText(findTestObject("Data Driven/full-name/Page_Town Square - team1612499 Mattermost/input_Last Name_lastName"), last_name): Text '' is set on object 'Object Repository/Data Driven/full-name/Page_Town Square - team1612499 Mattermost/input_Last Name_lastName'

2020-06-05 16:57:56 - [MESSAGE][PASSED] - Text '' is set on object 'Object Repository/Data Driven/full-name/Page_Town Square - team1612499 Mattermost/input_Last Name_lastName'

2020-06-05 16:57:56 - [TEST_STEP][PASSED] - click(findTestObject("Data Driven/full-name/Page_Town Square - team1612499 Mattermost/span_Save")): Object: 'Object Repository/Data Driven/full-name/Page_Town Square - team1612499 Mattermost/span_Save' is clicked on

2020-06-05 16:57:56 - [MESSAGE][PASSED] - Object: 'Object Repository/Data Driven/full-name/Page_Town Square - team1612499 Mattermost/span_Save' is clicked on

2020-06-05 16:57:56 - [TEST_STEP][PASSED] - closeBrowser(): Browser is closed

2020-06-05 16:57:56 - [MESSAGE][PASSED] - Browser is closed]]></system-out>
         <system-err><![CDATA[]]></system-err>
      </testcase>
      <testcase name="Test Cases/UI/Logout" time="6.998" classname="Test Cases/UI/Logout" status="PASSED">
         <system-out><![CDATA[2020-06-05 16:57:56 - [TEST_CASE][PASSED] - Test Cases/UI/Logout: Test Cases/UI/Logout

2020-06-05 16:57:56 - [TEST_STEP][PASSED] - callTestCase(findTestCase("UI/Login"), [:], STOP_ON_FAILURE): Call Test Case 'Test Cases/UI/Login' successfully

2020-06-05 16:57:56 - [TEST_CASE][PASSED] - Test Cases/UI/Login: Test Cases/UI/Login

2020-06-05 16:57:57 - [TEST_STEP][PASSED] - openBrowser(""): Browser is opened with url: ''

2020-06-05 16:57:57 - [MESSAGE][INFO] - Starting 'Chrome' driver

2020-06-05 16:57:57 - [MESSAGE][INFO] - Action delay is set to 0 milliseconds

2020-06-05 16:57:57 - [MESSAGE][PASSED] - Browser is opened with url: ''

2020-06-05 16:57:57 - [TEST_STEP][PASSED] - navigateToUrl(url): Navigate to 'http://localhost:8065/login' successfully

2020-06-05 16:57:58 - [MESSAGE][PASSED] - Navigate to 'http://localhost:8065/login' successfully

2020-06-05 16:57:58 - [TEST_STEP][PASSED] - setText(findTestObject("UI/Login/Page_Mattermost/input_All team communication in one place searchable and accessible anywhere_loginId"), email): Text 'phatvo' is set on object 'Object Repository/UI/Login/Page_Mattermost/input_All team communication in one place searchable and accessible anywhere_loginId'

2020-06-05 16:57:59 - [MESSAGE][PASSED] - Text 'phatvo' is set on object 'Object Repository/UI/Login/Page_Mattermost/input_All team communication in one place searchable and accessible anywhere_loginId'

2020-06-05 16:57:59 - [TEST_STEP][PASSED] - setEncryptedText(findTestObject("UI/Login/Page_Mattermost/input_All team communication in one place searchable and accessible anywhere_password"), password): Text ****** has been set on object 'Object Repository/UI/Login/Page_Mattermost/input_All team communication in one place searchable and accessible anywhere_password'

2020-06-05 16:58:00 - [MESSAGE][PASSED] - Text ****** has been set on object 'Object Repository/UI/Login/Page_Mattermost/input_All team communication in one place searchable and accessible anywhere_password'

2020-06-05 16:58:00 - [TEST_STEP][PASSED] - click(findTestObject("UI/Login/Page_Mattermost/button_Sign in")): Object: 'Object Repository/UI/Login/Page_Mattermost/button_Sign in' is clicked on

2020-06-05 16:58:00 - [MESSAGE][PASSED] - Object: 'Object Repository/UI/Login/Page_Mattermost/button_Sign in' is clicked on

2020-06-05 16:58:00 - [MESSAGE][INFO] - =================== Smart XPath Report =======================

2020-06-05 16:58:00 - [MESSAGE][INFO] - Refer to the link below to preview and approve auto healing on broken test objects.

2020-06-05 16:58:00 - [MESSAGE][INFO] - https://docs.katalon.com/katalon-studio/docs/auto-healing-smart-xpath.html

2020-06-05 16:58:00 - [MESSAGE][INFO] - ===============================================================

2020-06-05 16:58:00 - [MESSAGE][PASSED] - Call Test Case 'Test Cases/UI/Login' successfully

2020-06-05 16:58:00 - [TEST_STEP][PASSED] - click(findTestObject("UI/Logout/Page_Town Square - team1 Mattermost/button_phatvo_style--none sidebar-header-dropdown__icon")): Object: 'Object Repository/UI/Logout/Page_Town Square - team1 Mattermost/button_phatvo_style--none sidebar-header-dropdown__icon' is clicked on

2020-06-05 16:58:03 - [MESSAGE][PASSED] - Object: 'Object Repository/UI/Logout/Page_Town Square - team1 Mattermost/button_phatvo_style--none sidebar-header-dropdown__icon' is clicked on

2020-06-05 16:58:03 - [TEST_STEP][PASSED] - click(findTestObject("UI/Logout/Page_Town Square - team1 Mattermost/button_Log Out")): Object: 'Object Repository/UI/Logout/Page_Town Square - team1 Mattermost/button_Log Out' is clicked on

2020-06-05 16:58:03 - [MESSAGE][PASSED] - Object: 'Object Repository/UI/Logout/Page_Town Square - team1 Mattermost/button_Log Out' is clicked on

2020-06-05 16:58:03 - [TEST_STEP][PASSED] - closeBrowser(): Browser is closed

2020-06-05 16:58:03 - [MESSAGE][PASSED] - Browser is closed]]></system-out>
         <system-err><![CDATA[]]></system-err>
      </testcase>
      <testcase name="Test Cases/UI/Create_public_channel" time="10.544" classname="Test Cases/UI/Create_public_channel" status="PASSED">
         <system-out><![CDATA[2020-06-05 16:58:03 - [TEST_CASE][PASSED] - Test Cases/UI/Create_public_channel: Test Cases/UI/Create_public_channel

2020-06-05 16:58:03 - [TEST_STEP][PASSED] - callTestCase(findTestCase("UI/Login"), [:], STOP_ON_FAILURE): Call Test Case 'Test Cases/UI/Login' successfully

2020-06-05 16:58:03 - [TEST_CASE][PASSED] - Test Cases/UI/Login: Test Cases/UI/Login

2020-06-05 16:58:03 - [TEST_STEP][PASSED] - openBrowser(""): Browser is opened with url: ''

2020-06-05 16:58:03 - [MESSAGE][INFO] - Starting 'Chrome' driver

2020-06-05 16:58:03 - [MESSAGE][INFO] - Action delay is set to 0 milliseconds

2020-06-05 16:58:04 - [MESSAGE][PASSED] - Browser is opened with url: ''

2020-06-05 16:58:04 - [TEST_STEP][PASSED] - navigateToUrl(url): Navigate to 'http://localhost:8065/login' successfully

2020-06-05 16:58:05 - [MESSAGE][PASSED] - Navigate to 'http://localhost:8065/login' successfully

2020-06-05 16:58:05 - [TEST_STEP][PASSED] - setText(findTestObject("UI/Login/Page_Mattermost/input_All team communication in one place searchable and accessible anywhere_loginId"), email): Text 'phatvo' is set on object 'Object Repository/UI/Login/Page_Mattermost/input_All team communication in one place searchable and accessible anywhere_loginId'

2020-06-05 16:58:06 - [MESSAGE][PASSED] - Text 'phatvo' is set on object 'Object Repository/UI/Login/Page_Mattermost/input_All team communication in one place searchable and accessible anywhere_loginId'

2020-06-05 16:58:06 - [TEST_STEP][PASSED] - setEncryptedText(findTestObject("UI/Login/Page_Mattermost/input_All team communication in one place searchable and accessible anywhere_password"), password): Text ****** has been set on object 'Object Repository/UI/Login/Page_Mattermost/input_All team communication in one place searchable and accessible anywhere_password'

2020-06-05 16:58:07 - [MESSAGE][PASSED] - Text ****** has been set on object 'Object Repository/UI/Login/Page_Mattermost/input_All team communication in one place searchable and accessible anywhere_password'

2020-06-05 16:58:07 - [TEST_STEP][PASSED] - click(findTestObject("UI/Login/Page_Mattermost/button_Sign in")): Object: 'Object Repository/UI/Login/Page_Mattermost/button_Sign in' is clicked on

2020-06-05 16:58:08 - [MESSAGE][PASSED] - Object: 'Object Repository/UI/Login/Page_Mattermost/button_Sign in' is clicked on

2020-06-05 16:58:08 - [MESSAGE][INFO] - =================== Smart XPath Report =======================

2020-06-05 16:58:08 - [MESSAGE][INFO] - Refer to the link below to preview and approve auto healing on broken test objects.

2020-06-05 16:58:08 - [MESSAGE][INFO] - https://docs.katalon.com/katalon-studio/docs/auto-healing-smart-xpath.html

2020-06-05 16:58:08 - [MESSAGE][INFO] - ===============================================================

2020-06-05 16:58:08 - [MESSAGE][PASSED] - Call Test Case 'Test Cases/UI/Login' successfully

2020-06-05 16:58:08 - [TEST_STEP][PASSED] - click(findTestObject("UI/Create_public_channel/Page_Town Square - hp Mattermost/span_")): Object: 'Object Repository/UI/Create_public_channel/Page_Town Square - hp Mattermost/span_' is clicked on

2020-06-05 16:58:10 - [MESSAGE][PASSED] - Object: 'Object Repository/UI/Create_public_channel/Page_Town Square - hp Mattermost/span_' is clicked on

2020-06-05 16:58:10 - [TEST_STEP][PASSED] - click(findTestObject("UI/Create_public_channel/Page_Town Square - hp Mattermost/input_Type_channelType")): Object: 'Object Repository/UI/Create_public_channel/Page_Town Square - hp Mattermost/input_Type_channelType' is clicked on

2020-06-05 16:58:10 - [MESSAGE][PASSED] - Object: 'Object Repository/UI/Create_public_channel/Page_Town Square - hp Mattermost/input_Type_channelType' is clicked on

2020-06-05 16:58:10 - [TEST_STEP][PASSED] - setText(findTestObject("UI/Create_public_channel/Page_Town Square - hp Mattermost/input_Name_newChannelName"), name): Text 'public channel' is set on object 'Object Repository/UI/Create_public_channel/Page_Town Square - hp Mattermost/input_Name_newChannelName'

2020-06-05 16:58:11 - [MESSAGE][PASSED] - Text 'public channel' is set on object 'Object Repository/UI/Create_public_channel/Page_Town Square - hp Mattermost/input_Name_newChannelName'

2020-06-05 16:58:11 - [TEST_STEP][PASSED] - setText(findTestObject("UI/Create_public_channel/Page_Town Square - hp Mattermost/textarea_(optional)_newChannelPurpose"), purpose): Text 'purpose' is set on object 'Object Repository/UI/Create_public_channel/Page_Town Square - hp Mattermost/textarea_(optional)_newChannelPurpose'

2020-06-05 16:58:12 - [MESSAGE][PASSED] - Text 'purpose' is set on object 'Object Repository/UI/Create_public_channel/Page_Town Square - hp Mattermost/textarea_(optional)_newChannelPurpose'

2020-06-05 16:58:12 - [TEST_STEP][PASSED] - setText(findTestObject("UI/Create_public_channel/Page_Town Square - hp Mattermost/textarea_(optional)_newChannelHeader"), header): Text 'header' is set on object 'Object Repository/UI/Create_public_channel/Page_Town Square - hp Mattermost/textarea_(optional)_newChannelHeader'

2020-06-05 16:58:13 - [MESSAGE][PASSED] - Text 'header' is set on object 'Object Repository/UI/Create_public_channel/Page_Town Square - hp Mattermost/textarea_(optional)_newChannelHeader'

2020-06-05 16:58:13 - [TEST_STEP][PASSED] - click(findTestObject("UI/Create_public_channel/Page_Town Square - hp Mattermost/span_Create Channel")): Object: 'Object Repository/UI/Create_public_channel/Page_Town Square - hp Mattermost/span_Create Channel' is clicked on

2020-06-05 16:58:14 - [MESSAGE][PASSED] - Object: 'Object Repository/UI/Create_public_channel/Page_Town Square - hp Mattermost/span_Create Channel' is clicked on

2020-06-05 16:58:14 - [TEST_STEP][PASSED] - closeBrowser(): Browser is closed

2020-06-05 16:58:14 - [MESSAGE][PASSED] - Browser is closed]]></system-out>
         <system-err><![CDATA[]]></system-err>
      </testcase>
      <testcase name="Test Cases/UI/Create_private_channel" time="9.854" classname="Test Cases/UI/Create_private_channel" status="PASSED">
         <system-out><![CDATA[2020-06-05 16:58:14 - [TEST_CASE][PASSED] - Test Cases/UI/Create_private_channel: Test Cases/UI/Create_private_channel

2020-06-05 16:58:14 - [TEST_STEP][PASSED] - callTestCase(findTestCase("UI/Login"), [:], STOP_ON_FAILURE): Call Test Case 'Test Cases/UI/Login' successfully

2020-06-05 16:58:14 - [TEST_CASE][PASSED] - Test Cases/UI/Login: Test Cases/UI/Login

2020-06-05 16:58:14 - [TEST_STEP][PASSED] - openBrowser(""): Browser is opened with url: ''

2020-06-05 16:58:14 - [MESSAGE][INFO] - Starting 'Chrome' driver

2020-06-05 16:58:14 - [MESSAGE][INFO] - Action delay is set to 0 milliseconds

2020-06-05 16:58:14 - [MESSAGE][PASSED] - Browser is opened with url: ''

2020-06-05 16:58:14 - [TEST_STEP][PASSED] - navigateToUrl(url): Navigate to 'http://localhost:8065/login' successfully

2020-06-05 16:58:15 - [MESSAGE][PASSED] - Navigate to 'http://localhost:8065/login' successfully

2020-06-05 16:58:15 - [TEST_STEP][PASSED] - setText(findTestObject("UI/Login/Page_Mattermost/input_All team communication in one place searchable and accessible anywhere_loginId"), email): Text 'phatvo' is set on object 'Object Repository/UI/Login/Page_Mattermost/input_All team communication in one place searchable and accessible anywhere_loginId'

2020-06-05 16:58:17 - [MESSAGE][PASSED] - Text 'phatvo' is set on object 'Object Repository/UI/Login/Page_Mattermost/input_All team communication in one place searchable and accessible anywhere_loginId'

2020-06-05 16:58:17 - [TEST_STEP][PASSED] - setEncryptedText(findTestObject("UI/Login/Page_Mattermost/input_All team communication in one place searchable and accessible anywhere_password"), password): Text ****** has been set on object 'Object Repository/UI/Login/Page_Mattermost/input_All team communication in one place searchable and accessible anywhere_password'

2020-06-05 16:58:17 - [MESSAGE][PASSED] - Text ****** has been set on object 'Object Repository/UI/Login/Page_Mattermost/input_All team communication in one place searchable and accessible anywhere_password'

2020-06-05 16:58:17 - [TEST_STEP][PASSED] - click(findTestObject("UI/Login/Page_Mattermost/button_Sign in")): Object: 'Object Repository/UI/Login/Page_Mattermost/button_Sign in' is clicked on

2020-06-05 16:58:18 - [MESSAGE][PASSED] - Object: 'Object Repository/UI/Login/Page_Mattermost/button_Sign in' is clicked on

2020-06-05 16:58:18 - [MESSAGE][INFO] - =================== Smart XPath Report =======================

2020-06-05 16:58:18 - [MESSAGE][INFO] - Refer to the link below to preview and approve auto healing on broken test objects.

2020-06-05 16:58:18 - [MESSAGE][INFO] - https://docs.katalon.com/katalon-studio/docs/auto-healing-smart-xpath.html

2020-06-05 16:58:18 - [MESSAGE][INFO] - ===============================================================

2020-06-05 16:58:18 - [MESSAGE][PASSED] - Call Test Case 'Test Cases/UI/Login' successfully

2020-06-05 16:58:18 - [TEST_STEP][PASSED] - click(findTestObject("UI/Create_private_channel/Page_Town Square - hp Mattermost/span_")): Object: 'Object Repository/UI/Create_private_channel/Page_Town Square - hp Mattermost/span_' is clicked on

2020-06-05 16:58:20 - [MESSAGE][PASSED] - Object: 'Object Repository/UI/Create_private_channel/Page_Town Square - hp Mattermost/span_' is clicked on

2020-06-05 16:58:20 - [TEST_STEP][PASSED] - click(findTestObject("UI/Create_private_channel/Page_Town Square - hp Mattermost/input_- Anyone can join this channel_channelType")): Object: 'Object Repository/UI/Create_private_channel/Page_Town Square - hp Mattermost/input_- Anyone can join this channel_channelType' is clicked on

2020-06-05 16:58:21 - [MESSAGE][PASSED] - Object: 'Object Repository/UI/Create_private_channel/Page_Town Square - hp Mattermost/input_- Anyone can join this channel_channelType' is clicked on

2020-06-05 16:58:21 - [TEST_STEP][PASSED] - setText(findTestObject("UI/Create_private_channel/Page_Town Square - hp Mattermost/input_Name_newChannelName"), name): Text 'private channel' is set on object 'Object Repository/UI/Create_private_channel/Page_Town Square - hp Mattermost/input_Name_newChannelName'

2020-06-05 16:58:21 - [MESSAGE][PASSED] - Text 'private channel' is set on object 'Object Repository/UI/Create_private_channel/Page_Town Square - hp Mattermost/input_Name_newChannelName'

2020-06-05 16:58:21 - [TEST_STEP][PASSED] - setText(findTestObject("UI/Create_private_channel/Page_Town Square - hp Mattermost/textarea_(optional)_newChannelPurpose"), purpose): Text 'purpose' is set on object 'Object Repository/UI/Create_private_channel/Page_Town Square - hp Mattermost/textarea_(optional)_newChannelPurpose'

2020-06-05 16:58:22 - [MESSAGE][PASSED] - Text 'purpose' is set on object 'Object Repository/UI/Create_private_channel/Page_Town Square - hp Mattermost/textarea_(optional)_newChannelPurpose'

2020-06-05 16:58:22 - [TEST_STEP][PASSED] - setText(findTestObject("UI/Create_private_channel/Page_Town Square - hp Mattermost/textarea_(optional)_newChannelHeader"), header): Text 'header' is set on object 'Object Repository/UI/Create_private_channel/Page_Town Square - hp Mattermost/textarea_(optional)_newChannelHeader'

2020-06-05 16:58:23 - [MESSAGE][PASSED] - Text 'header' is set on object 'Object Repository/UI/Create_private_channel/Page_Town Square - hp Mattermost/textarea_(optional)_newChannelHeader'

2020-06-05 16:58:23 - [TEST_STEP][PASSED] - click(findTestObject("UI/Create_private_channel/Page_Town Square - hp Mattermost/span_Create Channel")): Object: 'Object Repository/UI/Create_private_channel/Page_Town Square - hp Mattermost/span_Create Channel' is clicked on

2020-06-05 16:58:24 - [MESSAGE][PASSED] - Object: 'Object Repository/UI/Create_private_channel/Page_Town Square - hp Mattermost/span_Create Channel' is clicked on

2020-06-05 16:58:24 - [TEST_STEP][PASSED] - closeBrowser(): Browser is closed

2020-06-05 16:58:24 - [MESSAGE][PASSED] - Browser is closed]]></system-out>
         <system-err><![CDATA[]]></system-err>
      </testcase>
      <testcase name="Test Cases/UI/Create_team" time="8.763" classname="Test Cases/UI/Create_team" status="PASSED">
         <system-out><![CDATA[2020-06-05 16:58:24 - [TEST_CASE][PASSED] - Test Cases/UI/Create_team: Test Cases/UI/Create_team

2020-06-05 16:58:24 - [TEST_STEP][PASSED] - callTestCase(findTestCase("UI/Login"), [:], STOP_ON_FAILURE): Call Test Case 'Test Cases/UI/Login' successfully

2020-06-05 16:58:24 - [TEST_CASE][PASSED] - Test Cases/UI/Login: Test Cases/UI/Login

2020-06-05 16:58:24 - [TEST_STEP][PASSED] - openBrowser(""): Browser is opened with url: ''

2020-06-05 16:58:24 - [MESSAGE][INFO] - Starting 'Chrome' driver

2020-06-05 16:58:24 - [MESSAGE][INFO] - Action delay is set to 0 milliseconds

2020-06-05 16:58:24 - [MESSAGE][PASSED] - Browser is opened with url: ''

2020-06-05 16:58:24 - [TEST_STEP][PASSED] - navigateToUrl(url): Navigate to 'http://localhost:8065/login' successfully

2020-06-05 16:58:25 - [MESSAGE][PASSED] - Navigate to 'http://localhost:8065/login' successfully

2020-06-05 16:58:25 - [TEST_STEP][PASSED] - setText(findTestObject("UI/Login/Page_Mattermost/input_All team communication in one place searchable and accessible anywhere_loginId"), email): Text 'phatvo' is set on object 'Object Repository/UI/Login/Page_Mattermost/input_All team communication in one place searchable and accessible anywhere_loginId'

2020-06-05 16:58:27 - [MESSAGE][PASSED] - Text 'phatvo' is set on object 'Object Repository/UI/Login/Page_Mattermost/input_All team communication in one place searchable and accessible anywhere_loginId'

2020-06-05 16:58:27 - [TEST_STEP][PASSED] - setEncryptedText(findTestObject("UI/Login/Page_Mattermost/input_All team communication in one place searchable and accessible anywhere_password"), password): Text ****** has been set on object 'Object Repository/UI/Login/Page_Mattermost/input_All team communication in one place searchable and accessible anywhere_password'

2020-06-05 16:58:27 - [MESSAGE][PASSED] - Text ****** has been set on object 'Object Repository/UI/Login/Page_Mattermost/input_All team communication in one place searchable and accessible anywhere_password'

2020-06-05 16:58:27 - [TEST_STEP][PASSED] - click(findTestObject("UI/Login/Page_Mattermost/button_Sign in")): Object: 'Object Repository/UI/Login/Page_Mattermost/button_Sign in' is clicked on

2020-06-05 16:58:28 - [MESSAGE][PASSED] - Object: 'Object Repository/UI/Login/Page_Mattermost/button_Sign in' is clicked on

2020-06-05 16:58:28 - [MESSAGE][INFO] - =================== Smart XPath Report =======================

2020-06-05 16:58:28 - [MESSAGE][INFO] - Refer to the link below to preview and approve auto healing on broken test objects.

2020-06-05 16:58:28 - [MESSAGE][INFO] - https://docs.katalon.com/katalon-studio/docs/auto-healing-smart-xpath.html

2020-06-05 16:58:28 - [MESSAGE][INFO] - ===============================================================

2020-06-05 16:58:28 - [MESSAGE][PASSED] - Call Test Case 'Test Cases/UI/Login' successfully

2020-06-05 16:58:28 - [TEST_STEP][PASSED] - click(findTestObject("UI/Create_team/Page_Town Square - team1 Mattermost/span")): Object: 'Object Repository/UI/Create_team/Page_Town Square - team1 Mattermost/span' is clicked on

2020-06-05 16:58:30 - [MESSAGE][PASSED] - Object: 'Object Repository/UI/Create_team/Page_Town Square - team1 Mattermost/span' is clicked on

2020-06-05 16:58:30 - [TEST_STEP][PASSED] - click(findTestObject("UI/Create_team/Page_Town Square - team1 Mattermost/span_Create a Team")): Object: 'Object Repository/UI/Create_team/Page_Town Square - team1 Mattermost/span_Create a Team' is clicked on

2020-06-05 16:58:31 - [MESSAGE][PASSED] - Object: 'Object Repository/UI/Create_team/Page_Town Square - team1 Mattermost/span_Create a Team' is clicked on

2020-06-05 16:58:31 - [TEST_STEP][PASSED] - setText(findTestObject("UI/Create_team/Page_Town Square - team1 Mattermost/input_Team Name_teamNameInput"), name): Text 'team2' is set on object 'Object Repository/UI/Create_team/Page_Town Square - team1 Mattermost/input_Team Name_teamNameInput'

2020-06-05 16:58:32 - [MESSAGE][PASSED] - Text 'team2' is set on object 'Object Repository/UI/Create_team/Page_Town Square - team1 Mattermost/input_Team Name_teamNameInput'

2020-06-05 16:58:32 - [TEST_STEP][PASSED] - click(findTestObject("UI/Create_team/Page_Town Square - team1 Mattermost/button_Next")): Object: 'Object Repository/UI/Create_team/Page_Town Square - team1 Mattermost/button_Next' is clicked on

2020-06-05 16:58:32 - [MESSAGE][PASSED] - Object: 'Object Repository/UI/Create_team/Page_Town Square - team1 Mattermost/button_Next' is clicked on

2020-06-05 16:58:32 - [TEST_STEP][PASSED] - click(findTestObject("UI/Create_team/Page_Town Square - team1 Mattermost/button_Finish")): Object: 'Object Repository/UI/Create_team/Page_Town Square - team1 Mattermost/button_Finish' is clicked on

2020-06-05 16:58:32 - [MESSAGE][PASSED] - Object: 'Object Repository/UI/Create_team/Page_Town Square - team1 Mattermost/button_Finish' is clicked on

2020-06-05 16:58:32 - [TEST_STEP][PASSED] - closeBrowser(): Browser is closed

2020-06-05 16:58:32 - [MESSAGE][PASSED] - Browser is closed]]></system-out>
         <system-err><![CDATA[]]></system-err>
      </testcase>
      <testcase name="Test Cases/UI/Login" time="3.867" classname="Test Cases/UI/Login" status="PASSED">
         <system-out><![CDATA[2020-06-05 16:58:33 - [TEST_CASE][PASSED] - Test Cases/UI/Login: Test Cases/UI/Login

2020-06-05 16:58:33 - [TEST_STEP][PASSED] - openBrowser(""): Browser is opened with url: ''

2020-06-05 16:58:33 - [MESSAGE][INFO] - Starting 'Chrome' driver

2020-06-05 16:58:33 - [MESSAGE][INFO] - Action delay is set to 0 milliseconds

2020-06-05 16:58:33 - [MESSAGE][PASSED] - Browser is opened with url: ''

2020-06-05 16:58:33 - [TEST_STEP][PASSED] - navigateToUrl(url): Navigate to 'http://localhost:8065/login' successfully

2020-06-05 16:58:34 - [MESSAGE][PASSED] - Navigate to 'http://localhost:8065/login' successfully

2020-06-05 16:58:34 - [TEST_STEP][PASSED] - setText(findTestObject("UI/Login/Page_Mattermost/input_All team communication in one place searchable and accessible anywhere_loginId"), email): Text 'phatvo' is set on object 'Object Repository/UI/Login/Page_Mattermost/input_All team communication in one place searchable and accessible anywhere_loginId'

2020-06-05 16:58:35 - [MESSAGE][PASSED] - Text 'phatvo' is set on object 'Object Repository/UI/Login/Page_Mattermost/input_All team communication in one place searchable and accessible anywhere_loginId'

2020-06-05 16:58:35 - [TEST_STEP][PASSED] - setEncryptedText(findTestObject("UI/Login/Page_Mattermost/input_All team communication in one place searchable and accessible anywhere_password"), password): Text ****** has been set on object 'Object Repository/UI/Login/Page_Mattermost/input_All team communication in one place searchable and accessible anywhere_password'

2020-06-05 16:58:36 - [MESSAGE][PASSED] - Text ****** has been set on object 'Object Repository/UI/Login/Page_Mattermost/input_All team communication in one place searchable and accessible anywhere_password'

2020-06-05 16:58:36 - [TEST_STEP][PASSED] - click(findTestObject("UI/Login/Page_Mattermost/button_Sign in")): Object: 'Object Repository/UI/Login/Page_Mattermost/button_Sign in' is clicked on

2020-06-05 16:58:36 - [MESSAGE][PASSED] - Object: 'Object Repository/UI/Login/Page_Mattermost/button_Sign in' is clicked on]]></system-out>
         <system-err><![CDATA[]]></system-err>
      </testcase>
      <testcase name="Test Cases/Use condition/Message_public_channel" time="8.049" classname="Test Cases/Use condition/Message_public_channel" status="PASSED">
         <system-out><![CDATA[2020-06-05 16:58:36 - [TEST_CASE][PASSED] - Test Cases/Use condition/Message_public_channel: Test Cases/Use condition/Message_public_channel

2020-06-05 16:58:36 - [TEST_STEP][PASSED] - callTestCase(findTestCase("UI/Login"), [:], STOP_ON_FAILURE): Call Test Case 'Test Cases/UI/Login' successfully

2020-06-05 16:58:37 - [TEST_CASE][PASSED] - Test Cases/UI/Login: Test Cases/UI/Login

2020-06-05 16:58:37 - [TEST_STEP][PASSED] - openBrowser(""): Browser is opened with url: ''

2020-06-05 16:58:37 - [MESSAGE][WARNING] - A browser is already opened. Closing browser and opening a new one

2020-06-05 16:58:37 - [MESSAGE][INFO] - Starting 'Chrome' driver

2020-06-05 16:58:37 - [MESSAGE][INFO] - Action delay is set to 0 milliseconds

2020-06-05 16:58:37 - [MESSAGE][PASSED] - Browser is opened with url: ''

2020-06-05 16:58:37 - [TEST_STEP][PASSED] - navigateToUrl(url): Navigate to 'http://localhost:8065/login' successfully

2020-06-05 16:58:38 - [MESSAGE][PASSED] - Navigate to 'http://localhost:8065/login' successfully

2020-06-05 16:58:38 - [TEST_STEP][PASSED] - setText(findTestObject("UI/Login/Page_Mattermost/input_All team communication in one place searchable and accessible anywhere_loginId"), email): Text 'phatvo' is set on object 'Object Repository/UI/Login/Page_Mattermost/input_All team communication in one place searchable and accessible anywhere_loginId'

2020-06-05 16:58:39 - [MESSAGE][PASSED] - Text 'phatvo' is set on object 'Object Repository/UI/Login/Page_Mattermost/input_All team communication in one place searchable and accessible anywhere_loginId'

2020-06-05 16:58:39 - [TEST_STEP][PASSED] - setEncryptedText(findTestObject("UI/Login/Page_Mattermost/input_All team communication in one place searchable and accessible anywhere_password"), password): Text ****** has been set on object 'Object Repository/UI/Login/Page_Mattermost/input_All team communication in one place searchable and accessible anywhere_password'

2020-06-05 16:58:40 - [MESSAGE][PASSED] - Text ****** has been set on object 'Object Repository/UI/Login/Page_Mattermost/input_All team communication in one place searchable and accessible anywhere_password'

2020-06-05 16:58:40 - [TEST_STEP][PASSED] - click(findTestObject("UI/Login/Page_Mattermost/button_Sign in")): Object: 'Object Repository/UI/Login/Page_Mattermost/button_Sign in' is clicked on

2020-06-05 16:58:40 - [MESSAGE][PASSED] - Object: 'Object Repository/UI/Login/Page_Mattermost/button_Sign in' is clicked on

2020-06-05 16:58:40 - [MESSAGE][INFO] - =================== Smart XPath Report =======================

2020-06-05 16:58:40 - [MESSAGE][INFO] - Refer to the link below to preview and approve auto healing on broken test objects.

2020-06-05 16:58:40 - [MESSAGE][INFO] - https://docs.katalon.com/katalon-studio/docs/auto-healing-smart-xpath.html

2020-06-05 16:58:40 - [MESSAGE][INFO] - ===============================================================

2020-06-05 16:58:40 - [MESSAGE][PASSED] - Call Test Case 'Test Cases/UI/Login' successfully

2020-06-05 16:58:40 - [TEST_STEP][PASSED] - click(findTestObject("Use loop/Message_public_channel/Page_channel - hp Mattermost/span_Town Square")): Object: 'Object Repository/Use loop/Message_public_channel/Page_channel - hp Mattermost/span_Town Square' is clicked on

2020-06-05 16:58:43 - [MESSAGE][PASSED] - Object: 'Object Repository/Use loop/Message_public_channel/Page_channel - hp Mattermost/span_Town Square' is clicked on

2020-06-05 16:58:43 - [TEST_STEP][PASSED] - setText(findTestObject("Use loop/Message_public_channel/Page_channel - hp Mattermost/textarea_Write to channel_post_textbox"), message): Text 'haha' is set on object 'Object Repository/Use loop/Message_public_channel/Page_channel - hp Mattermost/textarea_Write to channel_post_textbox'

2020-06-05 16:58:44 - [MESSAGE][PASSED] - Text 'haha' is set on object 'Object Repository/Use loop/Message_public_channel/Page_channel - hp Mattermost/textarea_Write to channel_post_textbox'

2020-06-05 16:58:44 - [TEST_STEP][PASSED] - if (message == "haha"): Keys 'ENTER + ' sent to object: 'Object Repository/Use loop/Message_public_channel/Page_channel - hp Mattermost/textarea_Write to channel_post_textbox'

2020-06-05 16:58:44 - [TEST_STEP][PASSED] - sendKeys(findTestObject("Use loop/Message_public_channel/Page_channel - hp Mattermost/textarea_Write to channel_post_textbox"), Keys.chord(ENTER)): Keys 'ENTER + ' sent to object: 'Object Repository/Use loop/Message_public_channel/Page_channel - hp Mattermost/textarea_Write to channel_post_textbox'

2020-06-05 16:58:44 - [MESSAGE][PASSED] - Keys 'ENTER + ' sent to object: 'Object Repository/Use loop/Message_public_channel/Page_channel - hp Mattermost/textarea_Write to channel_post_textbox'

2020-06-05 16:58:44 - [TEST_STEP][PASSED] - closeBrowser(): Browser is closed

2020-06-05 16:58:44 - [MESSAGE][PASSED] - Browser is closed]]></system-out>
         <system-err><![CDATA[]]></system-err>
      </testcase>
      <testcase name="Test Cases/Use condition/Create_public_channel" time="9.525" classname="Test Cases/Use condition/Create_public_channel" status="ERROR">
         <error type="ERROR" message="Test Cases/Use condition/Create_public_channel FAILED.
Reason:
groovy.lang.MissingMethodException: No signature of method: java.io.PrintStream.printfln() is applicable for argument types: (java.lang.String) values: [This name have existed	]
Possible solutions: println(java.lang.String), println(), println(), println([C), println(boolean), println(char)
	at Create_public_channel.run(Create_public_channel:37)
	at com.kms.katalon.core.main.ScriptEngine.run(ScriptEngine.java:194)
	at com.kms.katalon.core.main.ScriptEngine.runScriptAsRawText(ScriptEngine.java:119)
	at com.kms.katalon.core.main.TestCaseExecutor.runScript(TestCaseExecutor.java:337)
	at com.kms.katalon.core.main.TestCaseExecutor.doExecute(TestCaseExecutor.java:328)
	at com.kms.katalon.core.main.TestCaseExecutor.processExecutionPhase(TestCaseExecutor.java:307)
	at com.kms.katalon.core.main.TestCaseExecutor.accessMainPhase(TestCaseExecutor.java:299)
	at com.kms.katalon.core.main.TestCaseExecutor.execute(TestCaseExecutor.java:233)
	at com.kms.katalon.core.main.TestSuiteExecutor.accessTestCaseMainPhase(TestSuiteExecutor.java:169)
	at com.kms.katalon.core.main.TestSuiteExecutor.accessTestSuiteMainPhase(TestSuiteExecutor.java:142)
	at com.kms.katalon.core.main.TestSuiteExecutor.execute(TestSuiteExecutor.java:91)
	at com.kms.katalon.core.main.TestCaseMain.startTestSuite(TestCaseMain.java:157)
	at com.kms.katalon.core.main.TestCaseMain$startTestSuite$0.call(Unknown Source)
	at TempTestSuite1591350774236.run(TempTestSuite1591350774236.groovy:37)
"/>
         <system-out><![CDATA[2020-06-05 16:58:44 - [TEST_CASE][ERROR] - Test Cases/Use condition/Create_public_channel: Test Cases/Use condition/Create_public_channel FAILED.
Reason:
groovy.lang.MissingMethodException: No signature of method: java.io.PrintStream.printfln() is applicable for argument types: (java.lang.String) values: [This name have existed	]
Possible solutions: println(java.lang.String), println(), println(), println([C), println(boolean), println(char)
	at Create_public_channel.run(Create_public_channel:37)
	at com.kms.katalon.core.main.ScriptEngine.run(ScriptEngine.java:194)
	at com.kms.katalon.core.main.ScriptEngine.runScriptAsRawText(ScriptEngine.java:119)
	at com.kms.katalon.core.main.TestCaseExecutor.runScript(TestCaseExecutor.java:337)
	at com.kms.katalon.core.main.TestCaseExecutor.doExecute(TestCaseExecutor.java:328)
	at com.kms.katalon.core.main.TestCaseExecutor.processExecutionPhase(TestCaseExecutor.java:307)
	at com.kms.katalon.core.main.TestCaseExecutor.accessMainPhase(TestCaseExecutor.java:299)
	at com.kms.katalon.core.main.TestCaseExecutor.execute(TestCaseExecutor.java:233)
	at com.kms.katalon.core.main.TestSuiteExecutor.accessTestCaseMainPhase(TestSuiteExecutor.java:169)
	at com.kms.katalon.core.main.TestSuiteExecutor.accessTestSuiteMainPhase(TestSuiteExecutor.java:142)
	at com.kms.katalon.core.main.TestSuiteExecutor.execute(TestSuiteExecutor.java:91)
	at com.kms.katalon.core.main.TestCaseMain.startTestSuite(TestCaseMain.java:157)
	at com.kms.katalon.core.main.TestCaseMain$startTestSuite$0.call(Unknown Source)
	at TempTestSuite1591350774236.run(TempTestSuite1591350774236.groovy:37)


2020-06-05 16:58:45 - [TEST_STEP][PASSED] - callTestCase(findTestCase("UI/Login"), [:], STOP_ON_FAILURE): Call Test Case 'Test Cases/UI/Login' successfully

2020-06-05 16:58:45 - [TEST_CASE][PASSED] - Test Cases/UI/Login: Test Cases/UI/Login

2020-06-05 16:58:45 - [TEST_STEP][PASSED] - openBrowser(""): Browser is opened with url: ''

2020-06-05 16:58:45 - [MESSAGE][INFO] - Starting 'Chrome' driver

2020-06-05 16:58:45 - [MESSAGE][INFO] - Action delay is set to 0 milliseconds

2020-06-05 16:58:45 - [MESSAGE][PASSED] - Browser is opened with url: ''

2020-06-05 16:58:45 - [TEST_STEP][PASSED] - navigateToUrl(url): Navigate to 'http://localhost:8065/login' successfully

2020-06-05 16:58:46 - [MESSAGE][PASSED] - Navigate to 'http://localhost:8065/login' successfully

2020-06-05 16:58:46 - [TEST_STEP][PASSED] - setText(findTestObject("UI/Login/Page_Mattermost/input_All team communication in one place searchable and accessible anywhere_loginId"), email): Text 'phatvo' is set on object 'Object Repository/UI/Login/Page_Mattermost/input_All team communication in one place searchable and accessible anywhere_loginId'

2020-06-05 16:58:48 - [MESSAGE][PASSED] - Text 'phatvo' is set on object 'Object Repository/UI/Login/Page_Mattermost/input_All team communication in one place searchable and accessible anywhere_loginId'

2020-06-05 16:58:48 - [TEST_STEP][PASSED] - setEncryptedText(findTestObject("UI/Login/Page_Mattermost/input_All team communication in one place searchable and accessible anywhere_password"), password): Text ****** has been set on object 'Object Repository/UI/Login/Page_Mattermost/input_All team communication in one place searchable and accessible anywhere_password'

2020-06-05 16:58:48 - [MESSAGE][PASSED] - Text ****** has been set on object 'Object Repository/UI/Login/Page_Mattermost/input_All team communication in one place searchable and accessible anywhere_password'

2020-06-05 16:58:48 - [TEST_STEP][PASSED] - click(findTestObject("UI/Login/Page_Mattermost/button_Sign in")): Object: 'Object Repository/UI/Login/Page_Mattermost/button_Sign in' is clicked on

2020-06-05 16:58:49 - [MESSAGE][PASSED] - Object: 'Object Repository/UI/Login/Page_Mattermost/button_Sign in' is clicked on

2020-06-05 16:58:49 - [MESSAGE][INFO] - =================== Smart XPath Report =======================

2020-06-05 16:58:49 - [MESSAGE][INFO] - Refer to the link below to preview and approve auto healing on broken test objects.

2020-06-05 16:58:49 - [MESSAGE][INFO] - https://docs.katalon.com/katalon-studio/docs/auto-healing-smart-xpath.html

2020-06-05 16:58:49 - [MESSAGE][INFO] - ===============================================================

2020-06-05 16:58:49 - [MESSAGE][PASSED] - Call Test Case 'Test Cases/UI/Login' successfully

2020-06-05 16:58:49 - [TEST_STEP][PASSED] - click(findTestObject("UI/Create_public_channel/Page_Town Square - hp Mattermost/span_")): Object: 'Object Repository/UI/Create_public_channel/Page_Town Square - hp Mattermost/span_' is clicked on

2020-06-05 16:58:51 - [MESSAGE][PASSED] - Object: 'Object Repository/UI/Create_public_channel/Page_Town Square - hp Mattermost/span_' is clicked on

2020-06-05 16:58:51 - [TEST_STEP][PASSED] - click(findTestObject("UI/Create_public_channel/Page_Town Square - hp Mattermost/input_Type_channelType")): Object: 'Object Repository/UI/Create_public_channel/Page_Town Square - hp Mattermost/input_Type_channelType' is clicked on

2020-06-05 16:58:51 - [MESSAGE][PASSED] - Object: 'Object Repository/UI/Create_public_channel/Page_Town Square - hp Mattermost/input_Type_channelType' is clicked on

2020-06-05 16:58:51 - [TEST_STEP][PASSED] - setText(findTestObject("UI/Create_public_channel/Page_Town Square - hp Mattermost/input_Name_newChannelName"), name): Text 'public channel' is set on object 'Object Repository/UI/Create_public_channel/Page_Town Square - hp Mattermost/input_Name_newChannelName'

2020-06-05 16:58:52 - [MESSAGE][PASSED] - Text 'public channel' is set on object 'Object Repository/UI/Create_public_channel/Page_Town Square - hp Mattermost/input_Name_newChannelName'

2020-06-05 16:58:52 - [TEST_STEP][PASSED] - setText(findTestObject("UI/Create_public_channel/Page_Town Square - hp Mattermost/textarea_(optional)_newChannelPurpose"), purpose): Text 'purpose' is set on object 'Object Repository/UI/Create_public_channel/Page_Town Square - hp Mattermost/textarea_(optional)_newChannelPurpose'

2020-06-05 16:58:53 - [MESSAGE][PASSED] - Text 'purpose' is set on object 'Object Repository/UI/Create_public_channel/Page_Town Square - hp Mattermost/textarea_(optional)_newChannelPurpose'

2020-06-05 16:58:53 - [TEST_STEP][PASSED] - setText(findTestObject("UI/Create_public_channel/Page_Town Square - hp Mattermost/textarea_(optional)_newChannelHeader"), header): Text 'header' is set on object 'Object Repository/UI/Create_public_channel/Page_Town Square - hp Mattermost/textarea_(optional)_newChannelHeader'

2020-06-05 16:58:54 - [MESSAGE][PASSED] - Text 'header' is set on object 'Object Repository/UI/Create_public_channel/Page_Town Square - hp Mattermost/textarea_(optional)_newChannelHeader'

2020-06-05 16:58:54 - [TEST_STEP][PASSED] - if (name == "public channel"): null

2020-06-05 16:58:54 - [TEST_STEP][PASSED] - closeBrowser(): Browser is closed

2020-06-05 16:58:54 - [MESSAGE][PASSED] - Browser is closed

2020-06-05 16:58:54 - [TEST_STEP][PASSED] - out.printfln("This name have existed	"): null]]></system-out>
         <system-err><![CDATA[2020-06-05 16:58:44 - [TEST_CASE][ERROR] - Test Cases/Use condition/Create_public_channel: Test Cases/Use condition/Create_public_channel FAILED.
Reason:
groovy.lang.MissingMethodException: No signature of method: java.io.PrintStream.printfln() is applicable for argument types: (java.lang.String) values: [This name have existed	]
Possible solutions: println(java.lang.String), println(), println(), println([C), println(boolean), println(char)
	at Create_public_channel.run(Create_public_channel:37)
	at com.kms.katalon.core.main.ScriptEngine.run(ScriptEngine.java:194)
	at com.kms.katalon.core.main.ScriptEngine.runScriptAsRawText(ScriptEngine.java:119)
	at com.kms.katalon.core.main.TestCaseExecutor.runScript(TestCaseExecutor.java:337)
	at com.kms.katalon.core.main.TestCaseExecutor.doExecute(TestCaseExecutor.java:328)
	at com.kms.katalon.core.main.TestCaseExecutor.processExecutionPhase(TestCaseExecutor.java:307)
	at com.kms.katalon.core.main.TestCaseExecutor.accessMainPhase(TestCaseExecutor.java:299)
	at com.kms.katalon.core.main.TestCaseExecutor.execute(TestCaseExecutor.java:233)
	at com.kms.katalon.core.main.TestSuiteExecutor.accessTestCaseMainPhase(TestSuiteExecutor.java:169)
	at com.kms.katalon.core.main.TestSuiteExecutor.accessTestSuiteMainPhase(TestSuiteExecutor.java:142)
	at com.kms.katalon.core.main.TestSuiteExecutor.execute(TestSuiteExecutor.java:91)
	at com.kms.katalon.core.main.TestCaseMain.startTestSuite(TestCaseMain.java:157)
	at com.kms.katalon.core.main.TestCaseMain$startTestSuite$0.call(Unknown Source)
	at TempTestSuite1591350774236.run(TempTestSuite1591350774236.groovy:37)]]></system-err>
      </testcase>
      <testcase name="Test Cases/Use condition/Create_private_channel" time="9.26" classname="Test Cases/Use condition/Create_private_channel" status="ERROR">
         <error type="ERROR" message="Test Cases/Use condition/Create_private_channel FAILED.
Reason:
groovy.lang.MissingMethodException: No signature of method: java.io.PrintStream.printfln() is applicable for argument types: (java.lang.String) values: [This name have existed	]
Possible solutions: println(java.lang.String), println(), println(), println([C), println(boolean), println(char)
	at Create_private_channel.run(Create_private_channel:36)
	at com.kms.katalon.core.main.ScriptEngine.run(ScriptEngine.java:194)
	at com.kms.katalon.core.main.ScriptEngine.runScriptAsRawText(ScriptEngine.java:119)
	at com.kms.katalon.core.main.TestCaseExecutor.runScript(TestCaseExecutor.java:337)
	at com.kms.katalon.core.main.TestCaseExecutor.doExecute(TestCaseExecutor.java:328)
	at com.kms.katalon.core.main.TestCaseExecutor.processExecutionPhase(TestCaseExecutor.java:307)
	at com.kms.katalon.core.main.TestCaseExecutor.accessMainPhase(TestCaseExecutor.java:299)
	at com.kms.katalon.core.main.TestCaseExecutor.execute(TestCaseExecutor.java:233)
	at com.kms.katalon.core.main.TestSuiteExecutor.accessTestCaseMainPhase(TestSuiteExecutor.java:169)
	at com.kms.katalon.core.main.TestSuiteExecutor.accessTestSuiteMainPhase(TestSuiteExecutor.java:142)
	at com.kms.katalon.core.main.TestSuiteExecutor.execute(TestSuiteExecutor.java:91)
	at com.kms.katalon.core.main.TestCaseMain.startTestSuite(TestCaseMain.java:157)
	at com.kms.katalon.core.main.TestCaseMain$startTestSuite$0.call(Unknown Source)
	at TempTestSuite1591350774236.run(TempTestSuite1591350774236.groovy:37)
"/>
         <system-out><![CDATA[2020-06-05 16:58:54 - [TEST_CASE][ERROR] - Test Cases/Use condition/Create_private_channel: Test Cases/Use condition/Create_private_channel FAILED.
Reason:
groovy.lang.MissingMethodException: No signature of method: java.io.PrintStream.printfln() is applicable for argument types: (java.lang.String) values: [This name have existed	]
Possible solutions: println(java.lang.String), println(), println(), println([C), println(boolean), println(char)
	at Create_private_channel.run(Create_private_channel:36)
	at com.kms.katalon.core.main.ScriptEngine.run(ScriptEngine.java:194)
	at com.kms.katalon.core.main.ScriptEngine.runScriptAsRawText(ScriptEngine.java:119)
	at com.kms.katalon.core.main.TestCaseExecutor.runScript(TestCaseExecutor.java:337)
	at com.kms.katalon.core.main.TestCaseExecutor.doExecute(TestCaseExecutor.java:328)
	at com.kms.katalon.core.main.TestCaseExecutor.processExecutionPhase(TestCaseExecutor.java:307)
	at com.kms.katalon.core.main.TestCaseExecutor.accessMainPhase(TestCaseExecutor.java:299)
	at com.kms.katalon.core.main.TestCaseExecutor.execute(TestCaseExecutor.java:233)
	at com.kms.katalon.core.main.TestSuiteExecutor.accessTestCaseMainPhase(TestSuiteExecutor.java:169)
	at com.kms.katalon.core.main.TestSuiteExecutor.accessTestSuiteMainPhase(TestSuiteExecutor.java:142)
	at com.kms.katalon.core.main.TestSuiteExecutor.execute(TestSuiteExecutor.java:91)
	at com.kms.katalon.core.main.TestCaseMain.startTestSuite(TestCaseMain.java:157)
	at com.kms.katalon.core.main.TestCaseMain$startTestSuite$0.call(Unknown Source)
	at TempTestSuite1591350774236.run(TempTestSuite1591350774236.groovy:37)


2020-06-05 16:58:54 - [TEST_STEP][PASSED] - callTestCase(findTestCase("UI/Login"), [:], STOP_ON_FAILURE): Call Test Case 'Test Cases/UI/Login' successfully

2020-06-05 16:58:54 - [TEST_CASE][PASSED] - Test Cases/UI/Login: Test Cases/UI/Login

2020-06-05 16:58:54 - [TEST_STEP][PASSED] - openBrowser(""): Browser is opened with url: ''

2020-06-05 16:58:54 - [MESSAGE][INFO] - Starting 'Chrome' driver

2020-06-05 16:58:54 - [MESSAGE][INFO] - Action delay is set to 0 milliseconds

2020-06-05 16:58:54 - [MESSAGE][PASSED] - Browser is opened with url: ''

2020-06-05 16:58:54 - [TEST_STEP][PASSED] - navigateToUrl(url): Navigate to 'http://localhost:8065/login' successfully

2020-06-05 16:58:56 - [MESSAGE][PASSED] - Navigate to 'http://localhost:8065/login' successfully

2020-06-05 16:58:56 - [TEST_STEP][PASSED] - setText(findTestObject("UI/Login/Page_Mattermost/input_All team communication in one place searchable and accessible anywhere_loginId"), email): Text 'phatvo' is set on object 'Object Repository/UI/Login/Page_Mattermost/input_All team communication in one place searchable and accessible anywhere_loginId'

2020-06-05 16:58:57 - [MESSAGE][PASSED] - Text 'phatvo' is set on object 'Object Repository/UI/Login/Page_Mattermost/input_All team communication in one place searchable and accessible anywhere_loginId'

2020-06-05 16:58:57 - [TEST_STEP][PASSED] - setEncryptedText(findTestObject("UI/Login/Page_Mattermost/input_All team communication in one place searchable and accessible anywhere_password"), password): Text ****** has been set on object 'Object Repository/UI/Login/Page_Mattermost/input_All team communication in one place searchable and accessible anywhere_password'

2020-06-05 16:58:57 - [MESSAGE][PASSED] - Text ****** has been set on object 'Object Repository/UI/Login/Page_Mattermost/input_All team communication in one place searchable and accessible anywhere_password'

2020-06-05 16:58:57 - [TEST_STEP][PASSED] - click(findTestObject("UI/Login/Page_Mattermost/button_Sign in")): Object: 'Object Repository/UI/Login/Page_Mattermost/button_Sign in' is clicked on

2020-06-05 16:58:58 - [MESSAGE][PASSED] - Object: 'Object Repository/UI/Login/Page_Mattermost/button_Sign in' is clicked on

2020-06-05 16:58:58 - [MESSAGE][INFO] - =================== Smart XPath Report =======================

2020-06-05 16:58:58 - [MESSAGE][INFO] - Refer to the link below to preview and approve auto healing on broken test objects.

2020-06-05 16:58:58 - [MESSAGE][INFO] - https://docs.katalon.com/katalon-studio/docs/auto-healing-smart-xpath.html

2020-06-05 16:58:58 - [MESSAGE][INFO] - ===============================================================

2020-06-05 16:58:58 - [MESSAGE][PASSED] - Call Test Case 'Test Cases/UI/Login' successfully

2020-06-05 16:58:58 - [TEST_STEP][PASSED] - click(findTestObject("UI/Create_private_channel/Page_Town Square - hp Mattermost/span_")): Object: 'Object Repository/UI/Create_private_channel/Page_Town Square - hp Mattermost/span_' is clicked on

2020-06-05 16:59:00 - [MESSAGE][PASSED] - Object: 'Object Repository/UI/Create_private_channel/Page_Town Square - hp Mattermost/span_' is clicked on

2020-06-05 16:59:00 - [TEST_STEP][PASSED] - click(findTestObject("UI/Create_private_channel/Page_Town Square - hp Mattermost/input_- Anyone can join this channel_channelType")): Object: 'Object Repository/UI/Create_private_channel/Page_Town Square - hp Mattermost/input_- Anyone can join this channel_channelType' is clicked on

2020-06-05 16:59:01 - [MESSAGE][PASSED] - Object: 'Object Repository/UI/Create_private_channel/Page_Town Square - hp Mattermost/input_- Anyone can join this channel_channelType' is clicked on

2020-06-05 16:59:01 - [TEST_STEP][PASSED] - setText(findTestObject("UI/Create_private_channel/Page_Town Square - hp Mattermost/input_Name_newChannelName"), name): Text 'private channel' is set on object 'Object Repository/UI/Create_private_channel/Page_Town Square - hp Mattermost/input_Name_newChannelName'

2020-06-05 16:59:01 - [MESSAGE][PASSED] - Text 'private channel' is set on object 'Object Repository/UI/Create_private_channel/Page_Town Square - hp Mattermost/input_Name_newChannelName'

2020-06-05 16:59:01 - [TEST_STEP][PASSED] - setText(findTestObject("UI/Create_private_channel/Page_Town Square - hp Mattermost/textarea_(optional)_newChannelPurpose"), purpose): Text 'purpose' is set on object 'Object Repository/UI/Create_private_channel/Page_Town Square - hp Mattermost/textarea_(optional)_newChannelPurpose'

2020-06-05 16:59:02 - [MESSAGE][PASSED] - Text 'purpose' is set on object 'Object Repository/UI/Create_private_channel/Page_Town Square - hp Mattermost/textarea_(optional)_newChannelPurpose'

2020-06-05 16:59:02 - [TEST_STEP][PASSED] - setText(findTestObject("UI/Create_private_channel/Page_Town Square - hp Mattermost/textarea_(optional)_newChannelHeader"), header): Text 'header' is set on object 'Object Repository/UI/Create_private_channel/Page_Town Square - hp Mattermost/textarea_(optional)_newChannelHeader'

2020-06-05 16:59:03 - [MESSAGE][PASSED] - Text 'header' is set on object 'Object Repository/UI/Create_private_channel/Page_Town Square - hp Mattermost/textarea_(optional)_newChannelHeader'

2020-06-05 16:59:03 - [TEST_STEP][PASSED] - if (name == "private channel"): null

2020-06-05 16:59:03 - [TEST_STEP][PASSED] - closeBrowser(): Browser is closed

2020-06-05 16:59:03 - [MESSAGE][PASSED] - Browser is closed

2020-06-05 16:59:03 - [TEST_STEP][PASSED] - out.printfln("This name have existed	"): null]]></system-out>
         <system-err><![CDATA[2020-06-05 16:58:54 - [TEST_CASE][ERROR] - Test Cases/Use condition/Create_private_channel: Test Cases/Use condition/Create_private_channel FAILED.
Reason:
groovy.lang.MissingMethodException: No signature of method: java.io.PrintStream.printfln() is applicable for argument types: (java.lang.String) values: [This name have existed	]
Possible solutions: println(java.lang.String), println(), println(), println([C), println(boolean), println(char)
	at Create_private_channel.run(Create_private_channel:36)
	at com.kms.katalon.core.main.ScriptEngine.run(ScriptEngine.java:194)
	at com.kms.katalon.core.main.ScriptEngine.runScriptAsRawText(ScriptEngine.java:119)
	at com.kms.katalon.core.main.TestCaseExecutor.runScript(TestCaseExecutor.java:337)
	at com.kms.katalon.core.main.TestCaseExecutor.doExecute(TestCaseExecutor.java:328)
	at com.kms.katalon.core.main.TestCaseExecutor.processExecutionPhase(TestCaseExecutor.java:307)
	at com.kms.katalon.core.main.TestCaseExecutor.accessMainPhase(TestCaseExecutor.java:299)
	at com.kms.katalon.core.main.TestCaseExecutor.execute(TestCaseExecutor.java:233)
	at com.kms.katalon.core.main.TestSuiteExecutor.accessTestCaseMainPhase(TestSuiteExecutor.java:169)
	at com.kms.katalon.core.main.TestSuiteExecutor.accessTestSuiteMainPhase(TestSuiteExecutor.java:142)
	at com.kms.katalon.core.main.TestSuiteExecutor.execute(TestSuiteExecutor.java:91)
	at com.kms.katalon.core.main.TestCaseMain.startTestSuite(TestCaseMain.java:157)
	at com.kms.katalon.core.main.TestCaseMain$startTestSuite$0.call(Unknown Source)
	at TempTestSuite1591350774236.run(TempTestSuite1591350774236.groovy:37)]]></system-err>
      </testcase>
      <testcase name="Test Cases/Use condition/Create_team" time="7.704" classname="Test Cases/Use condition/Create_team" status="ERROR">
         <error type="ERROR" message="Test Cases/Use condition/Create_team FAILED.
Reason:
groovy.lang.MissingMethodException: No signature of method: java.io.PrintStream.printfln() is applicable for argument types: (java.lang.String) values: [This name have existed	]
Possible solutions: println(java.lang.String), println(), println(), println([C), println(boolean), println(char)
	at Create_team.run(Create_team:30)
	at com.kms.katalon.core.main.ScriptEngine.run(ScriptEngine.java:194)
	at com.kms.katalon.core.main.ScriptEngine.runScriptAsRawText(ScriptEngine.java:119)
	at com.kms.katalon.core.main.TestCaseExecutor.runScript(TestCaseExecutor.java:337)
	at com.kms.katalon.core.main.TestCaseExecutor.doExecute(TestCaseExecutor.java:328)
	at com.kms.katalon.core.main.TestCaseExecutor.processExecutionPhase(TestCaseExecutor.java:307)
	at com.kms.katalon.core.main.TestCaseExecutor.accessMainPhase(TestCaseExecutor.java:299)
	at com.kms.katalon.core.main.TestCaseExecutor.execute(TestCaseExecutor.java:233)
	at com.kms.katalon.core.main.TestSuiteExecutor.accessTestCaseMainPhase(TestSuiteExecutor.java:169)
	at com.kms.katalon.core.main.TestSuiteExecutor.accessTestSuiteMainPhase(TestSuiteExecutor.java:142)
	at com.kms.katalon.core.main.TestSuiteExecutor.execute(TestSuiteExecutor.java:91)
	at com.kms.katalon.core.main.TestCaseMain.startTestSuite(TestCaseMain.java:157)
	at com.kms.katalon.core.main.TestCaseMain$startTestSuite$0.call(Unknown Source)
	at TempTestSuite1591350774236.run(TempTestSuite1591350774236.groovy:37)
"/>
         <system-out><![CDATA[2020-06-05 16:59:03 - [TEST_CASE][ERROR] - Test Cases/Use condition/Create_team: Test Cases/Use condition/Create_team FAILED.
Reason:
groovy.lang.MissingMethodException: No signature of method: java.io.PrintStream.printfln() is applicable for argument types: (java.lang.String) values: [This name have existed	]
Possible solutions: println(java.lang.String), println(), println(), println([C), println(boolean), println(char)
	at Create_team.run(Create_team:30)
	at com.kms.katalon.core.main.ScriptEngine.run(ScriptEngine.java:194)
	at com.kms.katalon.core.main.ScriptEngine.runScriptAsRawText(ScriptEngine.java:119)
	at com.kms.katalon.core.main.TestCaseExecutor.runScript(TestCaseExecutor.java:337)
	at com.kms.katalon.core.main.TestCaseExecutor.doExecute(TestCaseExecutor.java:328)
	at com.kms.katalon.core.main.TestCaseExecutor.processExecutionPhase(TestCaseExecutor.java:307)
	at com.kms.katalon.core.main.TestCaseExecutor.accessMainPhase(TestCaseExecutor.java:299)
	at com.kms.katalon.core.main.TestCaseExecutor.execute(TestCaseExecutor.java:233)
	at com.kms.katalon.core.main.TestSuiteExecutor.accessTestCaseMainPhase(TestSuiteExecutor.java:169)
	at com.kms.katalon.core.main.TestSuiteExecutor.accessTestSuiteMainPhase(TestSuiteExecutor.java:142)
	at com.kms.katalon.core.main.TestSuiteExecutor.execute(TestSuiteExecutor.java:91)
	at com.kms.katalon.core.main.TestCaseMain.startTestSuite(TestCaseMain.java:157)
	at com.kms.katalon.core.main.TestCaseMain$startTestSuite$0.call(Unknown Source)
	at TempTestSuite1591350774236.run(TempTestSuite1591350774236.groovy:37)


2020-06-05 16:59:03 - [TEST_STEP][PASSED] - callTestCase(findTestCase("UI/Login"), [:], STOP_ON_FAILURE): Call Test Case 'Test Cases/UI/Login' successfully

2020-06-05 16:59:03 - [TEST_CASE][PASSED] - Test Cases/UI/Login: Test Cases/UI/Login

2020-06-05 16:59:03 - [TEST_STEP][PASSED] - openBrowser(""): Browser is opened with url: ''

2020-06-05 16:59:03 - [MESSAGE][INFO] - Starting 'Chrome' driver

2020-06-05 16:59:03 - [MESSAGE][INFO] - Action delay is set to 0 milliseconds

2020-06-05 16:59:04 - [MESSAGE][PASSED] - Browser is opened with url: ''

2020-06-05 16:59:04 - [TEST_STEP][PASSED] - navigateToUrl(url): Navigate to 'http://localhost:8065/login' successfully

2020-06-05 16:59:05 - [MESSAGE][PASSED] - Navigate to 'http://localhost:8065/login' successfully

2020-06-05 16:59:05 - [TEST_STEP][PASSED] - setText(findTestObject("UI/Login/Page_Mattermost/input_All team communication in one place searchable and accessible anywhere_loginId"), email): Text 'phatvo' is set on object 'Object Repository/UI/Login/Page_Mattermost/input_All team communication in one place searchable and accessible anywhere_loginId'

2020-06-05 16:59:06 - [MESSAGE][PASSED] - Text 'phatvo' is set on object 'Object Repository/UI/Login/Page_Mattermost/input_All team communication in one place searchable and accessible anywhere_loginId'

2020-06-05 16:59:06 - [TEST_STEP][PASSED] - setEncryptedText(findTestObject("UI/Login/Page_Mattermost/input_All team communication in one place searchable and accessible anywhere_password"), password): Text ****** has been set on object 'Object Repository/UI/Login/Page_Mattermost/input_All team communication in one place searchable and accessible anywhere_password'

2020-06-05 16:59:07 - [MESSAGE][PASSED] - Text ****** has been set on object 'Object Repository/UI/Login/Page_Mattermost/input_All team communication in one place searchable and accessible anywhere_password'

2020-06-05 16:59:07 - [TEST_STEP][PASSED] - click(findTestObject("UI/Login/Page_Mattermost/button_Sign in")): Object: 'Object Repository/UI/Login/Page_Mattermost/button_Sign in' is clicked on

2020-06-05 16:59:07 - [MESSAGE][PASSED] - Object: 'Object Repository/UI/Login/Page_Mattermost/button_Sign in' is clicked on

2020-06-05 16:59:07 - [MESSAGE][INFO] - =================== Smart XPath Report =======================

2020-06-05 16:59:07 - [MESSAGE][INFO] - Refer to the link below to preview and approve auto healing on broken test objects.

2020-06-05 16:59:07 - [MESSAGE][INFO] - https://docs.katalon.com/katalon-studio/docs/auto-healing-smart-xpath.html

2020-06-05 16:59:07 - [MESSAGE][INFO] - ===============================================================

2020-06-05 16:59:07 - [MESSAGE][PASSED] - Call Test Case 'Test Cases/UI/Login' successfully

2020-06-05 16:59:07 - [TEST_STEP][PASSED] - click(findTestObject("UI/Create_team/Page_Town Square - team1 Mattermost/span")): Object: 'Object Repository/UI/Create_team/Page_Town Square - team1 Mattermost/span' is clicked on

2020-06-05 16:59:09 - [MESSAGE][PASSED] - Object: 'Object Repository/UI/Create_team/Page_Town Square - team1 Mattermost/span' is clicked on

2020-06-05 16:59:09 - [TEST_STEP][PASSED] - click(findTestObject("UI/Create_team/Page_Town Square - team1 Mattermost/span_Create a Team")): Object: 'Object Repository/UI/Create_team/Page_Town Square - team1 Mattermost/span_Create a Team' is clicked on

2020-06-05 16:59:10 - [MESSAGE][PASSED] - Object: 'Object Repository/UI/Create_team/Page_Town Square - team1 Mattermost/span_Create a Team' is clicked on

2020-06-05 16:59:10 - [TEST_STEP][PASSED] - setText(findTestObject("UI/Create_team/Page_Town Square - team1 Mattermost/input_Team Name_teamNameInput"), name): Text 'team1' is set on object 'Object Repository/UI/Create_team/Page_Town Square - team1 Mattermost/input_Team Name_teamNameInput'

2020-06-05 16:59:11 - [MESSAGE][PASSED] - Text 'team1' is set on object 'Object Repository/UI/Create_team/Page_Town Square - team1 Mattermost/input_Team Name_teamNameInput'

2020-06-05 16:59:11 - [TEST_STEP][PASSED] - if (name == "team1"): null

2020-06-05 16:59:11 - [TEST_STEP][PASSED] - closeBrowser(): Browser is closed

2020-06-05 16:59:11 - [MESSAGE][PASSED] - Browser is closed

2020-06-05 16:59:11 - [TEST_STEP][PASSED] - out.printfln("This name have existed	"): null]]></system-out>
         <system-err><![CDATA[2020-06-05 16:59:03 - [TEST_CASE][ERROR] - Test Cases/Use condition/Create_team: Test Cases/Use condition/Create_team FAILED.
Reason:
groovy.lang.MissingMethodException: No signature of method: java.io.PrintStream.printfln() is applicable for argument types: (java.lang.String) values: [This name have existed	]
Possible solutions: println(java.lang.String), println(), println(), println([C), println(boolean), println(char)
	at Create_team.run(Create_team:30)
	at com.kms.katalon.core.main.ScriptEngine.run(ScriptEngine.java:194)
	at com.kms.katalon.core.main.ScriptEngine.runScriptAsRawText(ScriptEngine.java:119)
	at com.kms.katalon.core.main.TestCaseExecutor.runScript(TestCaseExecutor.java:337)
	at com.kms.katalon.core.main.TestCaseExecutor.doExecute(TestCaseExecutor.java:328)
	at com.kms.katalon.core.main.TestCaseExecutor.processExecutionPhase(TestCaseExecutor.java:307)
	at com.kms.katalon.core.main.TestCaseExecutor.accessMainPhase(TestCaseExecutor.java:299)
	at com.kms.katalon.core.main.TestCaseExecutor.execute(TestCaseExecutor.java:233)
	at com.kms.katalon.core.main.TestSuiteExecutor.accessTestCaseMainPhase(TestSuiteExecutor.java:169)
	at com.kms.katalon.core.main.TestSuiteExecutor.accessTestSuiteMainPhase(TestSuiteExecutor.java:142)
	at com.kms.katalon.core.main.TestSuiteExecutor.execute(TestSuiteExecutor.java:91)
	at com.kms.katalon.core.main.TestCaseMain.startTestSuite(TestCaseMain.java:157)
	at com.kms.katalon.core.main.TestCaseMain$startTestSuite$0.call(Unknown Source)
	at TempTestSuite1591350774236.run(TempTestSuite1591350774236.groovy:37)]]></system-err>
      </testcase>
      <testcase name="Test Cases/Use condition/Login" time="3.469" classname="Test Cases/Use condition/Login" status="ERROR">
         <error type="ERROR" message="Test Cases/Use condition/Login FAILED.
Reason:
groovy.lang.MissingMethodException: No signature of method: java.io.PrintStream.printfln() is applicable for argument types: (java.lang.String) values: [Email or username have not existed]
Possible solutions: println(java.lang.String), println(), println(), println([C), println(boolean), println(char)
	at Login.run(Login:38)
	at com.kms.katalon.core.main.ScriptEngine.run(ScriptEngine.java:194)
	at com.kms.katalon.core.main.ScriptEngine.runScriptAsRawText(ScriptEngine.java:119)
	at com.kms.katalon.core.main.TestCaseExecutor.runScript(TestCaseExecutor.java:337)
	at com.kms.katalon.core.main.TestCaseExecutor.doExecute(TestCaseExecutor.java:328)
	at com.kms.katalon.core.main.TestCaseExecutor.processExecutionPhase(TestCaseExecutor.java:307)
	at com.kms.katalon.core.main.TestCaseExecutor.accessMainPhase(TestCaseExecutor.java:299)
	at com.kms.katalon.core.main.TestCaseExecutor.execute(TestCaseExecutor.java:233)
	at com.kms.katalon.core.main.TestSuiteExecutor.accessTestCaseMainPhase(TestSuiteExecutor.java:169)
	at com.kms.katalon.core.main.TestSuiteExecutor.accessTestSuiteMainPhase(TestSuiteExecutor.java:142)
	at com.kms.katalon.core.main.TestSuiteExecutor.execute(TestSuiteExecutor.java:91)
	at com.kms.katalon.core.main.TestCaseMain.startTestSuite(TestCaseMain.java:157)
	at com.kms.katalon.core.main.TestCaseMain$startTestSuite$0.call(Unknown Source)
	at TempTestSuite1591350774236.run(TempTestSuite1591350774236.groovy:37)
"/>
         <system-out><![CDATA[2020-06-05 16:59:11 - [TEST_CASE][ERROR] - Test Cases/Use condition/Login: Test Cases/Use condition/Login FAILED.
Reason:
groovy.lang.MissingMethodException: No signature of method: java.io.PrintStream.printfln() is applicable for argument types: (java.lang.String) values: [Email or username have not existed]
Possible solutions: println(java.lang.String), println(), println(), println([C), println(boolean), println(char)
	at Login.run(Login:38)
	at com.kms.katalon.core.main.ScriptEngine.run(ScriptEngine.java:194)
	at com.kms.katalon.core.main.ScriptEngine.runScriptAsRawText(ScriptEngine.java:119)
	at com.kms.katalon.core.main.TestCaseExecutor.runScript(TestCaseExecutor.java:337)
	at com.kms.katalon.core.main.TestCaseExecutor.doExecute(TestCaseExecutor.java:328)
	at com.kms.katalon.core.main.TestCaseExecutor.processExecutionPhase(TestCaseExecutor.java:307)
	at com.kms.katalon.core.main.TestCaseExecutor.accessMainPhase(TestCaseExecutor.java:299)
	at com.kms.katalon.core.main.TestCaseExecutor.execute(TestCaseExecutor.java:233)
	at com.kms.katalon.core.main.TestSuiteExecutor.accessTestCaseMainPhase(TestSuiteExecutor.java:169)
	at com.kms.katalon.core.main.TestSuiteExecutor.accessTestSuiteMainPhase(TestSuiteExecutor.java:142)
	at com.kms.katalon.core.main.TestSuiteExecutor.execute(TestSuiteExecutor.java:91)
	at com.kms.katalon.core.main.TestCaseMain.startTestSuite(TestCaseMain.java:157)
	at com.kms.katalon.core.main.TestCaseMain$startTestSuite$0.call(Unknown Source)
	at TempTestSuite1591350774236.run(TempTestSuite1591350774236.groovy:37)


2020-06-05 16:59:11 - [TEST_STEP][PASSED] - openBrowser(""): Browser is opened with url: ''

2020-06-05 16:59:11 - [MESSAGE][INFO] - Starting 'Chrome' driver

2020-06-05 16:59:11 - [MESSAGE][INFO] - Action delay is set to 0 milliseconds

2020-06-05 16:59:11 - [MESSAGE][PASSED] - Browser is opened with url: ''

2020-06-05 16:59:11 - [TEST_STEP][PASSED] - navigateToUrl(url): Navigate to 'http://localhost:8065/login' successfully

2020-06-05 16:59:12 - [MESSAGE][PASSED] - Navigate to 'http://localhost:8065/login' successfully

2020-06-05 16:59:12 - [TEST_STEP][PASSED] - setText(findTestObject("UI/Login/Page_Mattermost/input_All team communication in one place searchable and accessible anywhere_loginId"), email): Text 'phatvo0' is set on object 'Object Repository/UI/Login/Page_Mattermost/input_All team communication in one place searchable and accessible anywhere_loginId'

2020-06-05 16:59:14 - [MESSAGE][PASSED] - Text 'phatvo0' is set on object 'Object Repository/UI/Login/Page_Mattermost/input_All team communication in one place searchable and accessible anywhere_loginId'

2020-06-05 16:59:14 - [TEST_STEP][PASSED] - setEncryptedText(findTestObject("UI/Login/Page_Mattermost/input_All team communication in one place searchable and accessible anywhere_password"), password): Text ****** has been set on object 'Object Repository/UI/Login/Page_Mattermost/input_All team communication in one place searchable and accessible anywhere_password'

2020-06-05 16:59:14 - [MESSAGE][PASSED] - Text ****** has been set on object 'Object Repository/UI/Login/Page_Mattermost/input_All team communication in one place searchable and accessible anywhere_password'

2020-06-05 16:59:14 - [TEST_STEP][PASSED] - if (email == "phatvo"): null

2020-06-05 16:59:14 - [TEST_STEP][PASSED] - else: null

2020-06-05 16:59:14 - [TEST_STEP][PASSED] - closeBrowser(): Browser is closed

2020-06-05 16:59:14 - [MESSAGE][PASSED] - Browser is closed

2020-06-05 16:59:14 - [TEST_STEP][PASSED] - out.printfln("Email or username have not existed"): null]]></system-out>
         <system-err><![CDATA[2020-06-05 16:59:11 - [TEST_CASE][ERROR] - Test Cases/Use condition/Login: Test Cases/Use condition/Login FAILED.
Reason:
groovy.lang.MissingMethodException: No signature of method: java.io.PrintStream.printfln() is applicable for argument types: (java.lang.String) values: [Email or username have not existed]
Possible solutions: println(java.lang.String), println(), println(), println([C), println(boolean), println(char)
	at Login.run(Login:38)
	at com.kms.katalon.core.main.ScriptEngine.run(ScriptEngine.java:194)
	at com.kms.katalon.core.main.ScriptEngine.runScriptAsRawText(ScriptEngine.java:119)
	at com.kms.katalon.core.main.TestCaseExecutor.runScript(TestCaseExecutor.java:337)
	at com.kms.katalon.core.main.TestCaseExecutor.doExecute(TestCaseExecutor.java:328)
	at com.kms.katalon.core.main.TestCaseExecutor.processExecutionPhase(TestCaseExecutor.java:307)
	at com.kms.katalon.core.main.TestCaseExecutor.accessMainPhase(TestCaseExecutor.java:299)
	at com.kms.katalon.core.main.TestCaseExecutor.execute(TestCaseExecutor.java:233)
	at com.kms.katalon.core.main.TestSuiteExecutor.accessTestCaseMainPhase(TestSuiteExecutor.java:169)
	at com.kms.katalon.core.main.TestSuiteExecutor.accessTestSuiteMainPhase(TestSuiteExecutor.java:142)
	at com.kms.katalon.core.main.TestSuiteExecutor.execute(TestSuiteExecutor.java:91)
	at com.kms.katalon.core.main.TestCaseMain.startTestSuite(TestCaseMain.java:157)
	at com.kms.katalon.core.main.TestCaseMain$startTestSuite$0.call(Unknown Source)
	at TempTestSuite1591350774236.run(TempTestSuite1591350774236.groovy:37)]]></system-err>
      </testcase>
      <testcase name="Test Cases/Use loop/Message_public_channel" time="13.861" classname="Test Cases/Use loop/Message_public_channel" status="PASSED">
         <system-out><![CDATA[2020-06-05 16:59:14 - [TEST_CASE][PASSED] - Test Cases/Use loop/Message_public_channel: Test Cases/Use loop/Message_public_channel

2020-06-05 16:59:14 - [TEST_STEP][PASSED] - callTestCase(findTestCase("UI/Login"), [:], STOP_ON_FAILURE): Call Test Case 'Test Cases/UI/Login' successfully

2020-06-05 16:59:15 - [TEST_CASE][PASSED] - Test Cases/UI/Login: Test Cases/UI/Login

2020-06-05 16:59:15 - [TEST_STEP][PASSED] - openBrowser(""): Browser is opened with url: ''

2020-06-05 16:59:15 - [MESSAGE][INFO] - Starting 'Chrome' driver

2020-06-05 16:59:15 - [MESSAGE][INFO] - Action delay is set to 0 milliseconds

2020-06-05 16:59:15 - [MESSAGE][PASSED] - Browser is opened with url: ''

2020-06-05 16:59:15 - [TEST_STEP][PASSED] - navigateToUrl(url): Navigate to 'http://localhost:8065/login' successfully

2020-06-05 16:59:16 - [MESSAGE][PASSED] - Navigate to 'http://localhost:8065/login' successfully

2020-06-05 16:59:16 - [TEST_STEP][PASSED] - setText(findTestObject("UI/Login/Page_Mattermost/input_All team communication in one place searchable and accessible anywhere_loginId"), email): Text 'phatvo' is set on object 'Object Repository/UI/Login/Page_Mattermost/input_All team communication in one place searchable and accessible anywhere_loginId'

2020-06-05 16:59:17 - [MESSAGE][PASSED] - Text 'phatvo' is set on object 'Object Repository/UI/Login/Page_Mattermost/input_All team communication in one place searchable and accessible anywhere_loginId'

2020-06-05 16:59:17 - [TEST_STEP][PASSED] - setEncryptedText(findTestObject("UI/Login/Page_Mattermost/input_All team communication in one place searchable and accessible anywhere_password"), password): Text ****** has been set on object 'Object Repository/UI/Login/Page_Mattermost/input_All team communication in one place searchable and accessible anywhere_password'

2020-06-05 16:59:18 - [MESSAGE][PASSED] - Text ****** has been set on object 'Object Repository/UI/Login/Page_Mattermost/input_All team communication in one place searchable and accessible anywhere_password'

2020-06-05 16:59:18 - [TEST_STEP][PASSED] - click(findTestObject("UI/Login/Page_Mattermost/button_Sign in")): Object: 'Object Repository/UI/Login/Page_Mattermost/button_Sign in' is clicked on

2020-06-05 16:59:18 - [MESSAGE][PASSED] - Object: 'Object Repository/UI/Login/Page_Mattermost/button_Sign in' is clicked on

2020-06-05 16:59:18 - [MESSAGE][INFO] - =================== Smart XPath Report =======================

2020-06-05 16:59:18 - [MESSAGE][INFO] - Refer to the link below to preview and approve auto healing on broken test objects.

2020-06-05 16:59:18 - [MESSAGE][INFO] - https://docs.katalon.com/katalon-studio/docs/auto-healing-smart-xpath.html

2020-06-05 16:59:18 - [MESSAGE][INFO] - ===============================================================

2020-06-05 16:59:18 - [MESSAGE][PASSED] - Call Test Case 'Test Cases/UI/Login' successfully

2020-06-05 16:59:18 - [TEST_STEP][PASSED] - click(findTestObject("Use loop/Message_public_channel/Page_channel - hp Mattermost/span_Town Square")): Object: 'Object Repository/Use loop/Message_public_channel/Page_channel - hp Mattermost/span_Town Square' is clicked on

2020-06-05 16:59:21 - [MESSAGE][PASSED] - Object: 'Object Repository/Use loop/Message_public_channel/Page_channel - hp Mattermost/span_Town Square' is clicked on

2020-06-05 16:59:21 - [TEST_STEP][PASSED] - for (def index : (0..3)): Keys 'ENTER + ' sent to object: 'Object Repository/Use loop/Message_public_channel/Page_channel - hp Mattermost/textarea_Write to channel_post_textbox'

2020-06-05 16:59:21 - [TEST_STEP][PASSED] - setText(findTestObject("Use loop/Message_public_channel/Page_channel - hp Mattermost/textarea_Write to channel_post_textbox"), message): Text 'haha' is set on object 'Object Repository/Use loop/Message_public_channel/Page_channel - hp Mattermost/textarea_Write to channel_post_textbox'

2020-06-05 16:59:22 - [MESSAGE][PASSED] - Text 'haha' is set on object 'Object Repository/Use loop/Message_public_channel/Page_channel - hp Mattermost/textarea_Write to channel_post_textbox'

2020-06-05 16:59:22 - [TEST_STEP][PASSED] - sendKeys(findTestObject("Use loop/Message_public_channel/Page_channel - hp Mattermost/textarea_Write to channel_post_textbox"), Keys.chord(ENTER)): Keys 'ENTER + ' sent to object: 'Object Repository/Use loop/Message_public_channel/Page_channel - hp Mattermost/textarea_Write to channel_post_textbox'

2020-06-05 16:59:22 - [MESSAGE][PASSED] - Keys 'ENTER + ' sent to object: 'Object Repository/Use loop/Message_public_channel/Page_channel - hp Mattermost/textarea_Write to channel_post_textbox'

2020-06-05 16:59:22 - [TEST_STEP][PASSED] - setText(findTestObject("Use loop/Message_public_channel/Page_channel - hp Mattermost/textarea_Write to channel_post_textbox"), message): Text 'haha' is set on object 'Object Repository/Use loop/Message_public_channel/Page_channel - hp Mattermost/textarea_Write to channel_post_textbox'

2020-06-05 16:59:24 - [MESSAGE][PASSED] - Text 'haha' is set on object 'Object Repository/Use loop/Message_public_channel/Page_channel - hp Mattermost/textarea_Write to channel_post_textbox'

2020-06-05 16:59:24 - [TEST_STEP][PASSED] - sendKeys(findTestObject("Use loop/Message_public_channel/Page_channel - hp Mattermost/textarea_Write to channel_post_textbox"), Keys.chord(ENTER)): Keys 'ENTER + ' sent to object: 'Object Repository/Use loop/Message_public_channel/Page_channel - hp Mattermost/textarea_Write to channel_post_textbox'

2020-06-05 16:59:24 - [MESSAGE][PASSED] - Keys 'ENTER + ' sent to object: 'Object Repository/Use loop/Message_public_channel/Page_channel - hp Mattermost/textarea_Write to channel_post_textbox'

2020-06-05 16:59:24 - [TEST_STEP][PASSED] - setText(findTestObject("Use loop/Message_public_channel/Page_channel - hp Mattermost/textarea_Write to channel_post_textbox"), message): Text 'haha' is set on object 'Object Repository/Use loop/Message_public_channel/Page_channel - hp Mattermost/textarea_Write to channel_post_textbox'

2020-06-05 16:59:26 - [MESSAGE][PASSED] - Text 'haha' is set on object 'Object Repository/Use loop/Message_public_channel/Page_channel - hp Mattermost/textarea_Write to channel_post_textbox'

2020-06-05 16:59:26 - [TEST_STEP][PASSED] - sendKeys(findTestObject("Use loop/Message_public_channel/Page_channel - hp Mattermost/textarea_Write to channel_post_textbox"), Keys.chord(ENTER)): Keys 'ENTER + ' sent to object: 'Object Repository/Use loop/Message_public_channel/Page_channel - hp Mattermost/textarea_Write to channel_post_textbox'

2020-06-05 16:59:26 - [MESSAGE][PASSED] - Keys 'ENTER + ' sent to object: 'Object Repository/Use loop/Message_public_channel/Page_channel - hp Mattermost/textarea_Write to channel_post_textbox'

2020-06-05 16:59:26 - [TEST_STEP][PASSED] - setText(findTestObject("Use loop/Message_public_channel/Page_channel - hp Mattermost/textarea_Write to channel_post_textbox"), message): Text 'haha' is set on object 'Object Repository/Use loop/Message_public_channel/Page_channel - hp Mattermost/textarea_Write to channel_post_textbox'

2020-06-05 16:59:27 - [MESSAGE][PASSED] - Text 'haha' is set on object 'Object Repository/Use loop/Message_public_channel/Page_channel - hp Mattermost/textarea_Write to channel_post_textbox'

2020-06-05 16:59:27 - [TEST_STEP][PASSED] - sendKeys(findTestObject("Use loop/Message_public_channel/Page_channel - hp Mattermost/textarea_Write to channel_post_textbox"), Keys.chord(ENTER)): Keys 'ENTER + ' sent to object: 'Object Repository/Use loop/Message_public_channel/Page_channel - hp Mattermost/textarea_Write to channel_post_textbox'

2020-06-05 16:59:28 - [MESSAGE][PASSED] - Keys 'ENTER + ' sent to object: 'Object Repository/Use loop/Message_public_channel/Page_channel - hp Mattermost/textarea_Write to channel_post_textbox'

2020-06-05 16:59:28 - [TEST_STEP][PASSED] - closeBrowser(): Browser is closed

2020-06-05 16:59:28 - [MESSAGE][PASSED] - Browser is closed]]></system-out>
         <system-err><![CDATA[]]></system-err>
      </testcase>
      <testcase name="Test Cases/Use loop/Message_private_channel" time="14.336" classname="Test Cases/Use loop/Message_private_channel" status="PASSED">
         <system-out><![CDATA[2020-06-05 16:59:28 - [TEST_CASE][PASSED] - Test Cases/Use loop/Message_private_channel: Test Cases/Use loop/Message_private_channel

2020-06-05 16:59:28 - [TEST_STEP][PASSED] - callTestCase(findTestCase("UI/Login"), [:], STOP_ON_FAILURE): Call Test Case 'Test Cases/UI/Login' successfully

2020-06-05 16:59:28 - [TEST_CASE][PASSED] - Test Cases/UI/Login: Test Cases/UI/Login

2020-06-05 16:59:28 - [TEST_STEP][PASSED] - openBrowser(""): Browser is opened with url: ''

2020-06-05 16:59:28 - [MESSAGE][INFO] - Starting 'Chrome' driver

2020-06-05 16:59:28 - [MESSAGE][INFO] - Action delay is set to 0 milliseconds

2020-06-05 16:59:29 - [MESSAGE][PASSED] - Browser is opened with url: ''

2020-06-05 16:59:29 - [TEST_STEP][PASSED] - navigateToUrl(url): Navigate to 'http://localhost:8065/login' successfully

2020-06-05 16:59:30 - [MESSAGE][PASSED] - Navigate to 'http://localhost:8065/login' successfully

2020-06-05 16:59:30 - [TEST_STEP][PASSED] - setText(findTestObject("UI/Login/Page_Mattermost/input_All team communication in one place searchable and accessible anywhere_loginId"), email): Text 'phatvo' is set on object 'Object Repository/UI/Login/Page_Mattermost/input_All team communication in one place searchable and accessible anywhere_loginId'

2020-06-05 16:59:31 - [MESSAGE][PASSED] - Text 'phatvo' is set on object 'Object Repository/UI/Login/Page_Mattermost/input_All team communication in one place searchable and accessible anywhere_loginId'

2020-06-05 16:59:31 - [TEST_STEP][PASSED] - setEncryptedText(findTestObject("UI/Login/Page_Mattermost/input_All team communication in one place searchable and accessible anywhere_password"), password): Text ****** has been set on object 'Object Repository/UI/Login/Page_Mattermost/input_All team communication in one place searchable and accessible anywhere_password'

2020-06-05 16:59:32 - [MESSAGE][PASSED] - Text ****** has been set on object 'Object Repository/UI/Login/Page_Mattermost/input_All team communication in one place searchable and accessible anywhere_password'

2020-06-05 16:59:32 - [TEST_STEP][PASSED] - click(findTestObject("UI/Login/Page_Mattermost/button_Sign in")): Object: 'Object Repository/UI/Login/Page_Mattermost/button_Sign in' is clicked on

2020-06-05 16:59:32 - [MESSAGE][PASSED] - Object: 'Object Repository/UI/Login/Page_Mattermost/button_Sign in' is clicked on

2020-06-05 16:59:32 - [MESSAGE][INFO] - =================== Smart XPath Report =======================

2020-06-05 16:59:32 - [MESSAGE][INFO] - Refer to the link below to preview and approve auto healing on broken test objects.

2020-06-05 16:59:32 - [MESSAGE][INFO] - https://docs.katalon.com/katalon-studio/docs/auto-healing-smart-xpath.html

2020-06-05 16:59:32 - [MESSAGE][INFO] - ===============================================================

2020-06-05 16:59:32 - [MESSAGE][PASSED] - Call Test Case 'Test Cases/UI/Login' successfully

2020-06-05 16:59:32 - [TEST_STEP][PASSED] - click(findTestObject("Use loop/Message_private_channel/Page_Town Square - team1 Mattermost/a_private channel")): Object: 'Object Repository/Use loop/Message_private_channel/Page_Town Square - team1 Mattermost/a_private channel' is clicked on

2020-06-05 16:59:35 - [MESSAGE][PASSED] - Object: 'Object Repository/Use loop/Message_private_channel/Page_Town Square - team1 Mattermost/a_private channel' is clicked on

2020-06-05 16:59:35 - [TEST_STEP][PASSED] - for (def index : (0..3)): Keys 'ENTER + ' sent to object: 'Object Repository/Use loop/Message_private_channel/Page_private channel - team1 Mattermost/textarea_Write to private channel_post_textbox'

2020-06-05 16:59:35 - [TEST_STEP][PASSED] - setText(findTestObject("Use loop/Message_private_channel/Page_private channel - team1 Mattermost/textarea_Write to private channel_post_textbox"), message): Text 'hoho' is set on object 'Object Repository/Use loop/Message_private_channel/Page_private channel - team1 Mattermost/textarea_Write to private channel_post_textbox'

2020-06-05 16:59:36 - [MESSAGE][PASSED] - Text 'hoho' is set on object 'Object Repository/Use loop/Message_private_channel/Page_private channel - team1 Mattermost/textarea_Write to private channel_post_textbox'

2020-06-05 16:59:36 - [TEST_STEP][PASSED] - sendKeys(findTestObject("Use loop/Message_private_channel/Page_private channel - team1 Mattermost/textarea_Write to private channel_post_textbox"), Keys.chord(ENTER)): Keys 'ENTER + ' sent to object: 'Object Repository/Use loop/Message_private_channel/Page_private channel - team1 Mattermost/textarea_Write to private channel_post_textbox'

2020-06-05 16:59:37 - [MESSAGE][PASSED] - Keys 'ENTER + ' sent to object: 'Object Repository/Use loop/Message_private_channel/Page_private channel - team1 Mattermost/textarea_Write to private channel_post_textbox'

2020-06-05 16:59:37 - [TEST_STEP][PASSED] - setText(findTestObject("Use loop/Message_private_channel/Page_private channel - team1 Mattermost/textarea_Write to private channel_post_textbox"), message): Text 'hoho' is set on object 'Object Repository/Use loop/Message_private_channel/Page_private channel - team1 Mattermost/textarea_Write to private channel_post_textbox'

2020-06-05 16:59:38 - [MESSAGE][PASSED] - Text 'hoho' is set on object 'Object Repository/Use loop/Message_private_channel/Page_private channel - team1 Mattermost/textarea_Write to private channel_post_textbox'

2020-06-05 16:59:38 - [TEST_STEP][PASSED] - sendKeys(findTestObject("Use loop/Message_private_channel/Page_private channel - team1 Mattermost/textarea_Write to private channel_post_textbox"), Keys.chord(ENTER)): Keys 'ENTER + ' sent to object: 'Object Repository/Use loop/Message_private_channel/Page_private channel - team1 Mattermost/textarea_Write to private channel_post_textbox'

2020-06-05 16:59:39 - [MESSAGE][PASSED] - Keys 'ENTER + ' sent to object: 'Object Repository/Use loop/Message_private_channel/Page_private channel - team1 Mattermost/textarea_Write to private channel_post_textbox'

2020-06-05 16:59:39 - [TEST_STEP][PASSED] - setText(findTestObject("Use loop/Message_private_channel/Page_private channel - team1 Mattermost/textarea_Write to private channel_post_textbox"), message): Text 'hoho' is set on object 'Object Repository/Use loop/Message_private_channel/Page_private channel - team1 Mattermost/textarea_Write to private channel_post_textbox'

2020-06-05 16:59:40 - [MESSAGE][PASSED] - Text 'hoho' is set on object 'Object Repository/Use loop/Message_private_channel/Page_private channel - team1 Mattermost/textarea_Write to private channel_post_textbox'

2020-06-05 16:59:40 - [TEST_STEP][PASSED] - sendKeys(findTestObject("Use loop/Message_private_channel/Page_private channel - team1 Mattermost/textarea_Write to private channel_post_textbox"), Keys.chord(ENTER)): Keys 'ENTER + ' sent to object: 'Object Repository/Use loop/Message_private_channel/Page_private channel - team1 Mattermost/textarea_Write to private channel_post_textbox'

2020-06-05 16:59:41 - [MESSAGE][PASSED] - Keys 'ENTER + ' sent to object: 'Object Repository/Use loop/Message_private_channel/Page_private channel - team1 Mattermost/textarea_Write to private channel_post_textbox'

2020-06-05 16:59:41 - [TEST_STEP][PASSED] - setText(findTestObject("Use loop/Message_private_channel/Page_private channel - team1 Mattermost/textarea_Write to private channel_post_textbox"), message): Text 'hoho' is set on object 'Object Repository/Use loop/Message_private_channel/Page_private channel - team1 Mattermost/textarea_Write to private channel_post_textbox'

2020-06-05 16:59:42 - [MESSAGE][PASSED] - Text 'hoho' is set on object 'Object Repository/Use loop/Message_private_channel/Page_private channel - team1 Mattermost/textarea_Write to private channel_post_textbox'

2020-06-05 16:59:42 - [TEST_STEP][PASSED] - sendKeys(findTestObject("Use loop/Message_private_channel/Page_private channel - team1 Mattermost/textarea_Write to private channel_post_textbox"), Keys.chord(ENTER)): Keys 'ENTER + ' sent to object: 'Object Repository/Use loop/Message_private_channel/Page_private channel - team1 Mattermost/textarea_Write to private channel_post_textbox'

2020-06-05 16:59:43 - [MESSAGE][PASSED] - Keys 'ENTER + ' sent to object: 'Object Repository/Use loop/Message_private_channel/Page_private channel - team1 Mattermost/textarea_Write to private channel_post_textbox'

2020-06-05 16:59:43 - [TEST_STEP][PASSED] - closeBrowser(): Browser is closed

2020-06-05 16:59:43 - [MESSAGE][PASSED] - Browser is closed]]></system-out>
         <system-err><![CDATA[]]></system-err>
      </testcase>
      <testcase name="Test Cases/Use loop/Edit-message" time="20.685" classname="Test Cases/Use loop/Edit-message" status="PASSED">
         <system-out><![CDATA[2020-06-05 16:59:43 - [TEST_CASE][PASSED] - Test Cases/Use loop/Edit-message: Test Cases/Use loop/Edit-message

2020-06-05 16:59:43 - [TEST_STEP][PASSED] - callTestCase(findTestCase("UI/Login"), [:], STOP_ON_FAILURE): Call Test Case 'Test Cases/UI/Login' successfully

2020-06-05 16:59:43 - [TEST_CASE][PASSED] - Test Cases/UI/Login: Test Cases/UI/Login

2020-06-05 16:59:43 - [TEST_STEP][PASSED] - openBrowser(""): Browser is opened with url: ''

2020-06-05 16:59:43 - [MESSAGE][INFO] - Starting 'Chrome' driver

2020-06-05 16:59:43 - [MESSAGE][INFO] - Action delay is set to 0 milliseconds

2020-06-05 16:59:43 - [MESSAGE][PASSED] - Browser is opened with url: ''

2020-06-05 16:59:43 - [TEST_STEP][PASSED] - navigateToUrl(url): Navigate to 'http://localhost:8065/login' successfully

2020-06-05 16:59:44 - [MESSAGE][PASSED] - Navigate to 'http://localhost:8065/login' successfully

2020-06-05 16:59:44 - [TEST_STEP][PASSED] - setText(findTestObject("UI/Login/Page_Mattermost/input_All team communication in one place searchable and accessible anywhere_loginId"), email): Text 'phatvo' is set on object 'Object Repository/UI/Login/Page_Mattermost/input_All team communication in one place searchable and accessible anywhere_loginId'

2020-06-05 16:59:45 - [MESSAGE][PASSED] - Text 'phatvo' is set on object 'Object Repository/UI/Login/Page_Mattermost/input_All team communication in one place searchable and accessible anywhere_loginId'

2020-06-05 16:59:45 - [TEST_STEP][PASSED] - setEncryptedText(findTestObject("UI/Login/Page_Mattermost/input_All team communication in one place searchable and accessible anywhere_password"), password): Text ****** has been set on object 'Object Repository/UI/Login/Page_Mattermost/input_All team communication in one place searchable and accessible anywhere_password'

2020-06-05 16:59:46 - [MESSAGE][PASSED] - Text ****** has been set on object 'Object Repository/UI/Login/Page_Mattermost/input_All team communication in one place searchable and accessible anywhere_password'

2020-06-05 16:59:46 - [TEST_STEP][PASSED] - click(findTestObject("UI/Login/Page_Mattermost/button_Sign in")): Object: 'Object Repository/UI/Login/Page_Mattermost/button_Sign in' is clicked on

2020-06-05 16:59:47 - [MESSAGE][PASSED] - Object: 'Object Repository/UI/Login/Page_Mattermost/button_Sign in' is clicked on

2020-06-05 16:59:47 - [MESSAGE][INFO] - =================== Smart XPath Report =======================

2020-06-05 16:59:47 - [MESSAGE][INFO] - Refer to the link below to preview and approve auto healing on broken test objects.

2020-06-05 16:59:47 - [MESSAGE][INFO] - https://docs.katalon.com/katalon-studio/docs/auto-healing-smart-xpath.html

2020-06-05 16:59:47 - [MESSAGE][INFO] - ===============================================================

2020-06-05 16:59:47 - [MESSAGE][PASSED] - Call Test Case 'Test Cases/UI/Login' successfully

2020-06-05 16:59:47 - [TEST_STEP][PASSED] - click(findTestObject("Use loop/Edit-message/Page_Town Square - team1 Mattermost/span_phatvo2")): Object: 'Object Repository/Use loop/Edit-message/Page_Town Square - team1 Mattermost/span_phatvo2' is clicked on

2020-06-05 16:59:49 - [MESSAGE][PASSED] - Object: 'Object Repository/Use loop/Edit-message/Page_Town Square - team1 Mattermost/span_phatvo2' is clicked on

2020-06-05 16:59:49 - [TEST_STEP][PASSED] - for (def index : (0..3)): Object: 'Object Repository/Use loop/Edit-message/Page_phatvo2 - team1 Mattermost/button_Save' is clicked on

2020-06-05 16:59:49 - [TEST_STEP][PASSED] - mouseOver(findTestObject("Use loop/Edit-message/Page_phatvo2 - team1 Mattermost/p_hi")): Object: 'Object Repository/Use loop/Edit-message/Page_phatvo2 - team1 Mattermost/p_hi' is hovered

2020-06-05 16:59:50 - [MESSAGE][PASSED] - Object: 'Object Repository/Use loop/Edit-message/Page_phatvo2 - team1 Mattermost/p_hi' is hovered

2020-06-05 16:59:50 - [TEST_STEP][PASSED] - click(findTestObject("Use loop/Edit-message/Page_phatvo2 - team1 Mattermost/button_phatvo_CENTER_button_9b3ky3ts37n7pf9jx3b63j6b9w")): Object: 'Object Repository/Use loop/Edit-message/Page_phatvo2 - team1 Mattermost/button_phatvo_CENTER_button_9b3ky3ts37n7pf9jx3b63j6b9w' is clicked on

2020-06-05 16:59:51 - [MESSAGE][PASSED] - Object: 'Object Repository/Use loop/Edit-message/Page_phatvo2 - team1 Mattermost/button_phatvo_CENTER_button_9b3ky3ts37n7pf9jx3b63j6b9w' is clicked on

2020-06-05 16:59:51 - [TEST_STEP][PASSED] - click(findTestObject("Use loop/Edit-message/Page_phatvo2 - team1 Mattermost/button_Edit")): Object: 'Object Repository/Use loop/Edit-message/Page_phatvo2 - team1 Mattermost/button_Edit' is clicked on

2020-06-05 16:59:51 - [MESSAGE][PASSED] - Object: 'Object Repository/Use loop/Edit-message/Page_phatvo2 - team1 Mattermost/button_Edit' is clicked on

2020-06-05 16:59:51 - [TEST_STEP][PASSED] - setText(findTestObject("Use loop/Edit-message/Page_phatvo2 - team1 Mattermost/textarea_hi"), message): Text 'editttttttt' is set on object 'Object Repository/Use loop/Edit-message/Page_phatvo2 - team1 Mattermost/textarea_hi'

2020-06-05 16:59:52 - [MESSAGE][PASSED] - Text 'editttttttt' is set on object 'Object Repository/Use loop/Edit-message/Page_phatvo2 - team1 Mattermost/textarea_hi'

2020-06-05 16:59:52 - [TEST_STEP][PASSED] - click(findTestObject("Use loop/Edit-message/Page_phatvo2 - team1 Mattermost/button_Save")): Object: 'Object Repository/Use loop/Edit-message/Page_phatvo2 - team1 Mattermost/button_Save' is clicked on

2020-06-05 16:59:53 - [MESSAGE][PASSED] - Object: 'Object Repository/Use loop/Edit-message/Page_phatvo2 - team1 Mattermost/button_Save' is clicked on

2020-06-05 16:59:53 - [TEST_STEP][PASSED] - mouseOver(findTestObject("Use loop/Edit-message/Page_phatvo2 - team1 Mattermost/p_hi")): Object: 'Object Repository/Use loop/Edit-message/Page_phatvo2 - team1 Mattermost/p_hi' is hovered

2020-06-05 16:59:54 - [MESSAGE][PASSED] - Object: 'Object Repository/Use loop/Edit-message/Page_phatvo2 - team1 Mattermost/p_hi' is hovered

2020-06-05 16:59:54 - [TEST_STEP][PASSED] - click(findTestObject("Use loop/Edit-message/Page_phatvo2 - team1 Mattermost/button_phatvo_CENTER_button_9b3ky3ts37n7pf9jx3b63j6b9w")): Object: 'Object Repository/Use loop/Edit-message/Page_phatvo2 - team1 Mattermost/button_phatvo_CENTER_button_9b3ky3ts37n7pf9jx3b63j6b9w' is clicked on

2020-06-05 16:59:54 - [MESSAGE][PASSED] - Object: 'Object Repository/Use loop/Edit-message/Page_phatvo2 - team1 Mattermost/button_phatvo_CENTER_button_9b3ky3ts37n7pf9jx3b63j6b9w' is clicked on

2020-06-05 16:59:54 - [TEST_STEP][PASSED] - click(findTestObject("Use loop/Edit-message/Page_phatvo2 - team1 Mattermost/button_Edit")): Object: 'Object Repository/Use loop/Edit-message/Page_phatvo2 - team1 Mattermost/button_Edit' is clicked on

2020-06-05 16:59:55 - [MESSAGE][PASSED] - Object: 'Object Repository/Use loop/Edit-message/Page_phatvo2 - team1 Mattermost/button_Edit' is clicked on

2020-06-05 16:59:55 - [TEST_STEP][PASSED] - setText(findTestObject("Use loop/Edit-message/Page_phatvo2 - team1 Mattermost/textarea_hi"), message): Text 'editttttttt' is set on object 'Object Repository/Use loop/Edit-message/Page_phatvo2 - team1 Mattermost/textarea_hi'

2020-06-05 16:59:56 - [MESSAGE][PASSED] - Text 'editttttttt' is set on object 'Object Repository/Use loop/Edit-message/Page_phatvo2 - team1 Mattermost/textarea_hi'

2020-06-05 16:59:56 - [TEST_STEP][PASSED] - click(findTestObject("Use loop/Edit-message/Page_phatvo2 - team1 Mattermost/button_Save")): Object: 'Object Repository/Use loop/Edit-message/Page_phatvo2 - team1 Mattermost/button_Save' is clicked on

2020-06-05 16:59:56 - [MESSAGE][PASSED] - Object: 'Object Repository/Use loop/Edit-message/Page_phatvo2 - team1 Mattermost/button_Save' is clicked on

2020-06-05 16:59:56 - [TEST_STEP][PASSED] - mouseOver(findTestObject("Use loop/Edit-message/Page_phatvo2 - team1 Mattermost/p_hi")): Object: 'Object Repository/Use loop/Edit-message/Page_phatvo2 - team1 Mattermost/p_hi' is hovered

2020-06-05 16:59:57 - [MESSAGE][PASSED] - Object: 'Object Repository/Use loop/Edit-message/Page_phatvo2 - team1 Mattermost/p_hi' is hovered

2020-06-05 16:59:57 - [TEST_STEP][PASSED] - click(findTestObject("Use loop/Edit-message/Page_phatvo2 - team1 Mattermost/button_phatvo_CENTER_button_9b3ky3ts37n7pf9jx3b63j6b9w")): Object: 'Object Repository/Use loop/Edit-message/Page_phatvo2 - team1 Mattermost/button_phatvo_CENTER_button_9b3ky3ts37n7pf9jx3b63j6b9w' is clicked on

2020-06-05 16:59:58 - [MESSAGE][PASSED] - Object: 'Object Repository/Use loop/Edit-message/Page_phatvo2 - team1 Mattermost/button_phatvo_CENTER_button_9b3ky3ts37n7pf9jx3b63j6b9w' is clicked on

2020-06-05 16:59:58 - [TEST_STEP][PASSED] - click(findTestObject("Use loop/Edit-message/Page_phatvo2 - team1 Mattermost/button_Edit")): Object: 'Object Repository/Use loop/Edit-message/Page_phatvo2 - team1 Mattermost/button_Edit' is clicked on

2020-06-05 16:59:58 - [MESSAGE][PASSED] - Object: 'Object Repository/Use loop/Edit-message/Page_phatvo2 - team1 Mattermost/button_Edit' is clicked on

2020-06-05 16:59:58 - [TEST_STEP][PASSED] - setText(findTestObject("Use loop/Edit-message/Page_phatvo2 - team1 Mattermost/textarea_hi"), message): Text 'editttttttt' is set on object 'Object Repository/Use loop/Edit-message/Page_phatvo2 - team1 Mattermost/textarea_hi'

2020-06-05 16:59:59 - [MESSAGE][PASSED] - Text 'editttttttt' is set on object 'Object Repository/Use loop/Edit-message/Page_phatvo2 - team1 Mattermost/textarea_hi'

2020-06-05 16:59:59 - [TEST_STEP][PASSED] - click(findTestObject("Use loop/Edit-message/Page_phatvo2 - team1 Mattermost/button_Save")): Object: 'Object Repository/Use loop/Edit-message/Page_phatvo2 - team1 Mattermost/button_Save' is clicked on

2020-06-05 17:00:00 - [MESSAGE][PASSED] - Object: 'Object Repository/Use loop/Edit-message/Page_phatvo2 - team1 Mattermost/button_Save' is clicked on

2020-06-05 17:00:00 - [TEST_STEP][PASSED] - mouseOver(findTestObject("Use loop/Edit-message/Page_phatvo2 - team1 Mattermost/p_hi")): Object: 'Object Repository/Use loop/Edit-message/Page_phatvo2 - team1 Mattermost/p_hi' is hovered

2020-06-05 17:00:01 - [MESSAGE][PASSED] - Object: 'Object Repository/Use loop/Edit-message/Page_phatvo2 - team1 Mattermost/p_hi' is hovered

2020-06-05 17:00:01 - [TEST_STEP][PASSED] - click(findTestObject("Use loop/Edit-message/Page_phatvo2 - team1 Mattermost/button_phatvo_CENTER_button_9b3ky3ts37n7pf9jx3b63j6b9w")): Object: 'Object Repository/Use loop/Edit-message/Page_phatvo2 - team1 Mattermost/button_phatvo_CENTER_button_9b3ky3ts37n7pf9jx3b63j6b9w' is clicked on

2020-06-05 17:00:01 - [MESSAGE][PASSED] - Object: 'Object Repository/Use loop/Edit-message/Page_phatvo2 - team1 Mattermost/button_phatvo_CENTER_button_9b3ky3ts37n7pf9jx3b63j6b9w' is clicked on

2020-06-05 17:00:01 - [TEST_STEP][PASSED] - click(findTestObject("Use loop/Edit-message/Page_phatvo2 - team1 Mattermost/button_Edit")): Object: 'Object Repository/Use loop/Edit-message/Page_phatvo2 - team1 Mattermost/button_Edit' is clicked on

2020-06-05 17:00:02 - [MESSAGE][PASSED] - Object: 'Object Repository/Use loop/Edit-message/Page_phatvo2 - team1 Mattermost/button_Edit' is clicked on

2020-06-05 17:00:02 - [TEST_STEP][PASSED] - setText(findTestObject("Use loop/Edit-message/Page_phatvo2 - team1 Mattermost/textarea_hi"), message): Text 'editttttttt' is set on object 'Object Repository/Use loop/Edit-message/Page_phatvo2 - team1 Mattermost/textarea_hi'

2020-06-05 17:00:03 - [MESSAGE][PASSED] - Text 'editttttttt' is set on object 'Object Repository/Use loop/Edit-message/Page_phatvo2 - team1 Mattermost/textarea_hi'

2020-06-05 17:00:03 - [TEST_STEP][PASSED] - click(findTestObject("Use loop/Edit-message/Page_phatvo2 - team1 Mattermost/button_Save")): Object: 'Object Repository/Use loop/Edit-message/Page_phatvo2 - team1 Mattermost/button_Save' is clicked on

2020-06-05 17:00:03 - [MESSAGE][PASSED] - Object: 'Object Repository/Use loop/Edit-message/Page_phatvo2 - team1 Mattermost/button_Save' is clicked on

2020-06-05 17:00:03 - [TEST_STEP][PASSED] - closeBrowser(): Browser is closed

2020-06-05 17:00:03 - [MESSAGE][PASSED] - Browser is closed]]></system-out>
         <system-err><![CDATA[]]></system-err>
      </testcase>
      <testcase name="Test Cases/Use loop/Reply_message" time="18.265" classname="Test Cases/Use loop/Reply_message" status="PASSED">
         <system-out><![CDATA[2020-06-05 17:00:03 - [TEST_CASE][PASSED] - Test Cases/Use loop/Reply_message: Test Cases/Use loop/Reply_message

2020-06-05 17:00:03 - [TEST_STEP][PASSED] - callTestCase(findTestCase("UI/Login"), [:], STOP_ON_FAILURE): Call Test Case 'Test Cases/UI/Login' successfully

2020-06-05 17:00:03 - [TEST_CASE][PASSED] - Test Cases/UI/Login: Test Cases/UI/Login

2020-06-05 17:00:03 - [TEST_STEP][PASSED] - openBrowser(""): Browser is opened with url: ''

2020-06-05 17:00:03 - [MESSAGE][INFO] - Starting 'Chrome' driver

2020-06-05 17:00:03 - [MESSAGE][INFO] - Action delay is set to 0 milliseconds

2020-06-05 17:00:04 - [MESSAGE][PASSED] - Browser is opened with url: ''

2020-06-05 17:00:04 - [TEST_STEP][PASSED] - navigateToUrl(url): Navigate to 'http://localhost:8065/login' successfully

2020-06-05 17:00:05 - [MESSAGE][PASSED] - Navigate to 'http://localhost:8065/login' successfully

2020-06-05 17:00:05 - [TEST_STEP][PASSED] - setText(findTestObject("UI/Login/Page_Mattermost/input_All team communication in one place searchable and accessible anywhere_loginId"), email): Text 'phatvo' is set on object 'Object Repository/UI/Login/Page_Mattermost/input_All team communication in one place searchable and accessible anywhere_loginId'

2020-06-05 17:00:06 - [MESSAGE][PASSED] - Text 'phatvo' is set on object 'Object Repository/UI/Login/Page_Mattermost/input_All team communication in one place searchable and accessible anywhere_loginId'

2020-06-05 17:00:06 - [TEST_STEP][PASSED] - setEncryptedText(findTestObject("UI/Login/Page_Mattermost/input_All team communication in one place searchable and accessible anywhere_password"), password): Text ****** has been set on object 'Object Repository/UI/Login/Page_Mattermost/input_All team communication in one place searchable and accessible anywhere_password'

2020-06-05 17:00:07 - [MESSAGE][PASSED] - Text ****** has been set on object 'Object Repository/UI/Login/Page_Mattermost/input_All team communication in one place searchable and accessible anywhere_password'

2020-06-05 17:00:07 - [TEST_STEP][PASSED] - click(findTestObject("UI/Login/Page_Mattermost/button_Sign in")): Object: 'Object Repository/UI/Login/Page_Mattermost/button_Sign in' is clicked on

2020-06-05 17:00:07 - [MESSAGE][PASSED] - Object: 'Object Repository/UI/Login/Page_Mattermost/button_Sign in' is clicked on

2020-06-05 17:00:07 - [MESSAGE][INFO] - =================== Smart XPath Report =======================

2020-06-05 17:00:07 - [MESSAGE][INFO] - Refer to the link below to preview and approve auto healing on broken test objects.

2020-06-05 17:00:07 - [MESSAGE][INFO] - https://docs.katalon.com/katalon-studio/docs/auto-healing-smart-xpath.html

2020-06-05 17:00:07 - [MESSAGE][INFO] - ===============================================================

2020-06-05 17:00:07 - [MESSAGE][PASSED] - Call Test Case 'Test Cases/UI/Login' successfully

2020-06-05 17:00:07 - [TEST_STEP][PASSED] - click(findTestObject("Use loop/Reply_message/Page_Town Square - team1 Mattermost/span_phatvo2")): Object: 'Object Repository/Use loop/Reply_message/Page_Town Square - team1 Mattermost/span_phatvo2' is clicked on

2020-06-05 17:00:10 - [MESSAGE][PASSED] - Object: 'Object Repository/Use loop/Reply_message/Page_Town Square - team1 Mattermost/span_phatvo2' is clicked on

2020-06-05 17:00:10 - [TEST_STEP][PASSED] - mouseOver(findTestObject("Use loop/Reply_message/Page_phatvo2 - team1 Mattermost/p_hi")): Object: 'Object Repository/Use loop/Reply_message/Page_phatvo2 - team1 Mattermost/p_hi' is hovered

2020-06-05 17:00:11 - [MESSAGE][PASSED] - Object: 'Object Repository/Use loop/Reply_message/Page_phatvo2 - team1 Mattermost/p_hi' is hovered

2020-06-05 17:00:11 - [TEST_STEP][PASSED] - click(findTestObject("Use loop/Reply_message/Page_phatvo2 - team1 Mattermost/button_phatvo_CENTER_commentIcon_apf5rbbyo3bxxxt8tatig7tzhw")): Object: 'Object Repository/Use loop/Reply_message/Page_phatvo2 - team1 Mattermost/button_phatvo_CENTER_commentIcon_apf5rbbyo3bxxxt8tatig7tzhw' is clicked on

2020-06-05 17:00:12 - [MESSAGE][PASSED] - Object: 'Object Repository/Use loop/Reply_message/Page_phatvo2 - team1 Mattermost/button_phatvo_CENTER_commentIcon_apf5rbbyo3bxxxt8tatig7tzhw' is clicked on

2020-06-05 17:00:12 - [TEST_STEP][PASSED] - for (def index : (0..3)): Object: 'Object Repository/Use loop/Reply_message/Page_phatvo2 - team1 Mattermost/input_Help_addCommentButton' is clicked on

2020-06-05 17:00:12 - [TEST_STEP][PASSED] - setText(findTestObject("Use loop/Reply_message/Page_phatvo2 - team1 Mattermost/textarea_Add a comment_reply_textbox"), message): Text 'huhu' is set on object 'Object Repository/Use loop/Reply_message/Page_phatvo2 - team1 Mattermost/textarea_Add a comment_reply_textbox'

2020-06-05 17:00:13 - [MESSAGE][PASSED] - Text 'huhu' is set on object 'Object Repository/Use loop/Reply_message/Page_phatvo2 - team1 Mattermost/textarea_Add a comment_reply_textbox'

2020-06-05 17:00:13 - [TEST_STEP][PASSED] - click(findTestObject("Use loop/Reply_message/Page_phatvo2 - team1 Mattermost/input_Help_addCommentButton")): Object: 'Object Repository/Use loop/Reply_message/Page_phatvo2 - team1 Mattermost/input_Help_addCommentButton' is clicked on

2020-06-05 17:00:14 - [MESSAGE][PASSED] - Object: 'Object Repository/Use loop/Reply_message/Page_phatvo2 - team1 Mattermost/input_Help_addCommentButton' is clicked on

2020-06-05 17:00:14 - [TEST_STEP][PASSED] - setText(findTestObject("Use loop/Reply_message/Page_phatvo2 - team1 Mattermost/textarea_Add a comment_reply_textbox"), message): Text 'huhu' is set on object 'Object Repository/Use loop/Reply_message/Page_phatvo2 - team1 Mattermost/textarea_Add a comment_reply_textbox'

2020-06-05 17:00:16 - [MESSAGE][PASSED] - Text 'huhu' is set on object 'Object Repository/Use loop/Reply_message/Page_phatvo2 - team1 Mattermost/textarea_Add a comment_reply_textbox'

2020-06-05 17:00:16 - [TEST_STEP][PASSED] - click(findTestObject("Use loop/Reply_message/Page_phatvo2 - team1 Mattermost/input_Help_addCommentButton")): Object: 'Object Repository/Use loop/Reply_message/Page_phatvo2 - team1 Mattermost/input_Help_addCommentButton' is clicked on

2020-06-05 17:00:16 - [MESSAGE][PASSED] - Object: 'Object Repository/Use loop/Reply_message/Page_phatvo2 - team1 Mattermost/input_Help_addCommentButton' is clicked on

2020-06-05 17:00:16 - [TEST_STEP][PASSED] - setText(findTestObject("Use loop/Reply_message/Page_phatvo2 - team1 Mattermost/textarea_Add a comment_reply_textbox"), message): Text 'huhu' is set on object 'Object Repository/Use loop/Reply_message/Page_phatvo2 - team1 Mattermost/textarea_Add a comment_reply_textbox'

2020-06-05 17:00:18 - [MESSAGE][PASSED] - Text 'huhu' is set on object 'Object Repository/Use loop/Reply_message/Page_phatvo2 - team1 Mattermost/textarea_Add a comment_reply_textbox'

2020-06-05 17:00:18 - [TEST_STEP][PASSED] - click(findTestObject("Use loop/Reply_message/Page_phatvo2 - team1 Mattermost/input_Help_addCommentButton")): Object: 'Object Repository/Use loop/Reply_message/Page_phatvo2 - team1 Mattermost/input_Help_addCommentButton' is clicked on

2020-06-05 17:00:19 - [MESSAGE][PASSED] - Object: 'Object Repository/Use loop/Reply_message/Page_phatvo2 - team1 Mattermost/input_Help_addCommentButton' is clicked on

2020-06-05 17:00:19 - [TEST_STEP][PASSED] - setText(findTestObject("Use loop/Reply_message/Page_phatvo2 - team1 Mattermost/textarea_Add a comment_reply_textbox"), message): Text 'huhu' is set on object 'Object Repository/Use loop/Reply_message/Page_phatvo2 - team1 Mattermost/textarea_Add a comment_reply_textbox'

2020-06-05 17:00:21 - [MESSAGE][PASSED] - Text 'huhu' is set on object 'Object Repository/Use loop/Reply_message/Page_phatvo2 - team1 Mattermost/textarea_Add a comment_reply_textbox'

2020-06-05 17:00:21 - [TEST_STEP][PASSED] - click(findTestObject("Use loop/Reply_message/Page_phatvo2 - team1 Mattermost/input_Help_addCommentButton")): Object: 'Object Repository/Use loop/Reply_message/Page_phatvo2 - team1 Mattermost/input_Help_addCommentButton' is clicked on

2020-06-05 17:00:21 - [MESSAGE][PASSED] - Object: 'Object Repository/Use loop/Reply_message/Page_phatvo2 - team1 Mattermost/input_Help_addCommentButton' is clicked on

2020-06-05 17:00:21 - [TEST_STEP][PASSED] - closeBrowser(): Browser is closed

2020-06-05 17:00:22 - [MESSAGE][PASSED] - Browser is closed]]></system-out>
         <system-err><![CDATA[]]></system-err>
      </testcase>
      <testcase name="Test Cases/Use loop/Direct_message" time="17.403" classname="Test Cases/Use loop/Direct_message" status="PASSED">
         <system-out><![CDATA[2020-06-05 17:00:22 - [TEST_CASE][PASSED] - Test Cases/Use loop/Direct_message: Test Cases/Use loop/Direct_message

2020-06-05 17:00:22 - [TEST_STEP][PASSED] - callTestCase(findTestCase("UI/Login"), [:], STOP_ON_FAILURE): Call Test Case 'Test Cases/UI/Login' successfully

2020-06-05 17:00:22 - [TEST_CASE][PASSED] - Test Cases/UI/Login: Test Cases/UI/Login

2020-06-05 17:00:22 - [TEST_STEP][PASSED] - openBrowser(""): Browser is opened with url: ''

2020-06-05 17:00:22 - [MESSAGE][INFO] - Starting 'Chrome' driver

2020-06-05 17:00:22 - [MESSAGE][INFO] - Action delay is set to 0 milliseconds

2020-06-05 17:00:23 - [MESSAGE][PASSED] - Browser is opened with url: ''

2020-06-05 17:00:23 - [TEST_STEP][PASSED] - navigateToUrl(url): Navigate to 'http://localhost:8065/login' successfully

2020-06-05 17:00:24 - [MESSAGE][PASSED] - Navigate to 'http://localhost:8065/login' successfully

2020-06-05 17:00:24 - [TEST_STEP][PASSED] - setText(findTestObject("UI/Login/Page_Mattermost/input_All team communication in one place searchable and accessible anywhere_loginId"), email): Text 'phatvo' is set on object 'Object Repository/UI/Login/Page_Mattermost/input_All team communication in one place searchable and accessible anywhere_loginId'

2020-06-05 17:00:25 - [MESSAGE][PASSED] - Text 'phatvo' is set on object 'Object Repository/UI/Login/Page_Mattermost/input_All team communication in one place searchable and accessible anywhere_loginId'

2020-06-05 17:00:25 - [TEST_STEP][PASSED] - setEncryptedText(findTestObject("UI/Login/Page_Mattermost/input_All team communication in one place searchable and accessible anywhere_password"), password): Text ****** has been set on object 'Object Repository/UI/Login/Page_Mattermost/input_All team communication in one place searchable and accessible anywhere_password'

2020-06-05 17:00:26 - [MESSAGE][PASSED] - Text ****** has been set on object 'Object Repository/UI/Login/Page_Mattermost/input_All team communication in one place searchable and accessible anywhere_password'

2020-06-05 17:00:26 - [TEST_STEP][PASSED] - click(findTestObject("UI/Login/Page_Mattermost/button_Sign in")): Object: 'Object Repository/UI/Login/Page_Mattermost/button_Sign in' is clicked on

2020-06-05 17:00:26 - [MESSAGE][PASSED] - Object: 'Object Repository/UI/Login/Page_Mattermost/button_Sign in' is clicked on

2020-06-05 17:00:26 - [MESSAGE][INFO] - =================== Smart XPath Report =======================

2020-06-05 17:00:26 - [MESSAGE][INFO] - Refer to the link below to preview and approve auto healing on broken test objects.

2020-06-05 17:00:26 - [MESSAGE][INFO] - https://docs.katalon.com/katalon-studio/docs/auto-healing-smart-xpath.html

2020-06-05 17:00:26 - [MESSAGE][INFO] - ===============================================================

2020-06-05 17:00:26 - [MESSAGE][PASSED] - Call Test Case 'Test Cases/UI/Login' successfully

2020-06-05 17:00:26 - [TEST_STEP][PASSED] - click(findTestObject("Use loop/Direct_message/Page_Town Square - hp Mattermost/span_")): Object: 'Object Repository/Use loop/Direct_message/Page_Town Square - hp Mattermost/span_' is clicked on

2020-06-05 17:00:29 - [MESSAGE][PASSED] - Object: 'Object Repository/Use loop/Direct_message/Page_Town Square - hp Mattermost/span_' is clicked on

2020-06-05 17:00:29 - [TEST_STEP][PASSED] - click(findTestObject("Use loop/Direct_message/Page_Town Square - hp Mattermost/div_votanphatb21gmailcom_more-modal__actions--round")): Object: 'Object Repository/Use loop/Direct_message/Page_Town Square - hp Mattermost/div_votanphatb21gmailcom_more-modal__actions--round' is clicked on

2020-06-05 17:00:30 - [MESSAGE][PASSED] - Object: 'Object Repository/Use loop/Direct_message/Page_Town Square - hp Mattermost/div_votanphatb21gmailcom_more-modal__actions--round' is clicked on

2020-06-05 17:00:30 - [TEST_STEP][PASSED] - click(findTestObject("Use loop/Direct_message/Page_Town Square - hp Mattermost/button_Go")): Object: 'Object Repository/Use loop/Direct_message/Page_Town Square - hp Mattermost/button_Go' is clicked on

2020-06-05 17:00:30 - [MESSAGE][PASSED] - Object: 'Object Repository/Use loop/Direct_message/Page_Town Square - hp Mattermost/button_Go' is clicked on

2020-06-05 17:00:30 - [TEST_STEP][PASSED] - for (def index : (0..3)): Keys 'ENTER + ' sent to object: 'Object Repository/Use loop/Direct_message/Page_tanphat - hp Mattermost/textarea_Write to tanphat_post_textbox'

2020-06-05 17:00:30 - [TEST_STEP][PASSED] - setText(findTestObject("Use loop/Direct_message/Page_tanphat - hp Mattermost/textarea_Write to tanphat_post_textbox"), message): Text 'hi' is set on object 'Object Repository/Use loop/Direct_message/Page_tanphat - hp Mattermost/textarea_Write to tanphat_post_textbox'

2020-06-05 17:00:32 - [MESSAGE][PASSED] - Text 'hi' is set on object 'Object Repository/Use loop/Direct_message/Page_tanphat - hp Mattermost/textarea_Write to tanphat_post_textbox'

2020-06-05 17:00:32 - [TEST_STEP][PASSED] - sendKeys(findTestObject("Use loop/Direct_message/Page_tanphat - hp Mattermost/textarea_Write to tanphat_post_textbox"), Keys.chord(ENTER)): Keys 'ENTER + ' sent to object: 'Object Repository/Use loop/Direct_message/Page_tanphat - hp Mattermost/textarea_Write to tanphat_post_textbox'

2020-06-05 17:00:33 - [MESSAGE][PASSED] - Keys 'ENTER + ' sent to object: 'Object Repository/Use loop/Direct_message/Page_tanphat - hp Mattermost/textarea_Write to tanphat_post_textbox'

2020-06-05 17:00:33 - [TEST_STEP][PASSED] - setText(findTestObject("Use loop/Direct_message/Page_tanphat - hp Mattermost/textarea_Write to tanphat_post_textbox"), message): Text 'hi' is set on object 'Object Repository/Use loop/Direct_message/Page_tanphat - hp Mattermost/textarea_Write to tanphat_post_textbox'

2020-06-05 17:00:34 - [MESSAGE][PASSED] - Text 'hi' is set on object 'Object Repository/Use loop/Direct_message/Page_tanphat - hp Mattermost/textarea_Write to tanphat_post_textbox'

2020-06-05 17:00:34 - [TEST_STEP][PASSED] - sendKeys(findTestObject("Use loop/Direct_message/Page_tanphat - hp Mattermost/textarea_Write to tanphat_post_textbox"), Keys.chord(ENTER)): Keys 'ENTER + ' sent to object: 'Object Repository/Use loop/Direct_message/Page_tanphat - hp Mattermost/textarea_Write to tanphat_post_textbox'

2020-06-05 17:00:35 - [MESSAGE][PASSED] - Keys 'ENTER + ' sent to object: 'Object Repository/Use loop/Direct_message/Page_tanphat - hp Mattermost/textarea_Write to tanphat_post_textbox'

2020-06-05 17:00:35 - [TEST_STEP][PASSED] - setText(findTestObject("Use loop/Direct_message/Page_tanphat - hp Mattermost/textarea_Write to tanphat_post_textbox"), message): Text 'hi' is set on object 'Object Repository/Use loop/Direct_message/Page_tanphat - hp Mattermost/textarea_Write to tanphat_post_textbox'

2020-06-05 17:00:36 - [MESSAGE][PASSED] - Text 'hi' is set on object 'Object Repository/Use loop/Direct_message/Page_tanphat - hp Mattermost/textarea_Write to tanphat_post_textbox'

2020-06-05 17:00:36 - [TEST_STEP][PASSED] - sendKeys(findTestObject("Use loop/Direct_message/Page_tanphat - hp Mattermost/textarea_Write to tanphat_post_textbox"), Keys.chord(ENTER)): Keys 'ENTER + ' sent to object: 'Object Repository/Use loop/Direct_message/Page_tanphat - hp Mattermost/textarea_Write to tanphat_post_textbox'

2020-06-05 17:00:37 - [MESSAGE][PASSED] - Keys 'ENTER + ' sent to object: 'Object Repository/Use loop/Direct_message/Page_tanphat - hp Mattermost/textarea_Write to tanphat_post_textbox'

2020-06-05 17:00:37 - [TEST_STEP][PASSED] - setText(findTestObject("Use loop/Direct_message/Page_tanphat - hp Mattermost/textarea_Write to tanphat_post_textbox"), message): Text 'hi' is set on object 'Object Repository/Use loop/Direct_message/Page_tanphat - hp Mattermost/textarea_Write to tanphat_post_textbox'

2020-06-05 17:00:38 - [MESSAGE][PASSED] - Text 'hi' is set on object 'Object Repository/Use loop/Direct_message/Page_tanphat - hp Mattermost/textarea_Write to tanphat_post_textbox'

2020-06-05 17:00:38 - [TEST_STEP][PASSED] - sendKeys(findTestObject("Use loop/Direct_message/Page_tanphat - hp Mattermost/textarea_Write to tanphat_post_textbox"), Keys.chord(ENTER)): Keys 'ENTER + ' sent to object: 'Object Repository/Use loop/Direct_message/Page_tanphat - hp Mattermost/textarea_Write to tanphat_post_textbox'

2020-06-05 17:00:39 - [MESSAGE][PASSED] - Keys 'ENTER + ' sent to object: 'Object Repository/Use loop/Direct_message/Page_tanphat - hp Mattermost/textarea_Write to tanphat_post_textbox'

2020-06-05 17:00:39 - [TEST_STEP][PASSED] - closeBrowser(): Browser is closed

2020-06-05 17:00:39 - [MESSAGE][PASSED] - Browser is closed]]></system-out>
         <system-err><![CDATA[]]></system-err>
      </testcase>
      <testcase name="Test Cases/Switch case/Search_comment" time="8.87" classname="Test Cases/Switch case/Search_comment" status="PASSED">
         <system-out><![CDATA[2020-06-05 17:00:39 - [TEST_CASE][PASSED] - Test Cases/Switch case/Search_comment: Test Cases/Switch case/Search_comment

2020-06-05 17:00:39 - [TEST_STEP][PASSED] - openBrowser(""): Browser is opened with url: ''

2020-06-05 17:00:39 - [MESSAGE][INFO] - Starting 'Chrome' driver

2020-06-05 17:00:39 - [MESSAGE][INFO] - Action delay is set to 0 milliseconds

2020-06-05 17:00:39 - [MESSAGE][PASSED] - Browser is opened with url: ''

2020-06-05 17:00:39 - [TEST_STEP][PASSED] - navigateToUrl("http://localhost:8065/"): Navigate to 'http://localhost:8065/' successfully

2020-06-05 17:00:41 - [MESSAGE][PASSED] - Navigate to 'http://localhost:8065/' successfully

2020-06-05 17:00:41 - [TEST_STEP][PASSED] - setText(findTestObject("Use switch case/Page_Mattermost/input_All team communication in one place s_703ef5"), "phatvo"): Text 'phatvo' is set on object 'Object Repository/Use switch case/Page_Mattermost/input_All team communication in one place s_703ef5'

2020-06-05 17:00:42 - [MESSAGE][PASSED] - Text 'phatvo' is set on object 'Object Repository/Use switch case/Page_Mattermost/input_All team communication in one place s_703ef5'

2020-06-05 17:00:42 - [TEST_STEP][PASSED] - setEncryptedText(findTestObject("Use switch case/Page_Mattermost/input_All team communication in one place s_2f2733"), "RigbBhfdqOBGNlJIWM1ClA=="): Text ****** has been set on object 'Object Repository/Use switch case/Page_Mattermost/input_All team communication in one place s_2f2733'

2020-06-05 17:00:42 - [MESSAGE][PASSED] - Text ****** has been set on object 'Object Repository/Use switch case/Page_Mattermost/input_All team communication in one place s_2f2733'

2020-06-05 17:00:42 - [TEST_STEP][PASSED] - sendKeys(findTestObject("Use switch case/Page_Mattermost/input_All team communication in one place s_2f2733"), Keys.chord(ENTER)): Keys 'ENTER + ' sent to object: 'Object Repository/Use switch case/Page_Mattermost/input_All team communication in one place s_2f2733'

2020-06-05 17:00:43 - [MESSAGE][PASSED] - Keys 'ENTER + ' sent to object: 'Object Repository/Use switch case/Page_Mattermost/input_All team communication in one place s_2f2733'

2020-06-05 17:00:43 - [TEST_STEP][PASSED] - click(findTestObject("Use switch case/Page_Town Square - My Team Mattermost/svg")): Object: 'Object Repository/Use switch case/Page_Town Square - My Team Mattermost/svg' is clicked on

2020-06-05 17:00:45 - [MESSAGE][PASSED] - Object: 'Object Repository/Use switch case/Page_Town Square - My Team Mattermost/svg' is clicked on

2020-06-05 17:00:45 - [TEST_STEP][PASSED] - setText(findTestObject("Use switch case/Page_Town Square - My Team Mattermost/input_System Console_sbrSearchBox"), VarA): Text 'hello' is set on object 'Object Repository/Use switch case/Page_Town Square - My Team Mattermost/input_System Console_sbrSearchBox'

2020-06-05 17:00:46 - [MESSAGE][PASSED] - Text 'hello' is set on object 'Object Repository/Use switch case/Page_Town Square - My Team Mattermost/input_System Console_sbrSearchBox'

2020-06-05 17:00:46 - [TEST_STEP][PASSED] - sendKeys(findTestObject("Use switch case/Page_Town Square - My Team Mattermost/input_System Console_sbrSearchBox"), Keys.chord(ENTER)): Keys 'ENTER + ' sent to object: 'Object Repository/Use switch case/Page_Town Square - My Team Mattermost/input_System Console_sbrSearchBox'

2020-06-05 17:00:47 - [MESSAGE][PASSED] - Keys 'ENTER + ' sent to object: 'Object Repository/Use switch case/Page_Town Square - My Team Mattermost/input_System Console_sbrSearchBox'

2020-06-05 17:00:47 - [TEST_STEP][PASSED] - switch (VarA): null

2020-06-05 17:00:47 - [TEST_STEP][PASSED] - case "hello":: null

2020-06-05 17:00:47 - [TEST_STEP][PASSED] - sendKeys(findTestObject("Use switch case/Page_Town Square - My Team Mattermost/input_System Console_sbrSearchBox"), Keys.chord(ENTER)): Keys 'ENTER + ' sent to object: 'Object Repository/Use switch case/Page_Town Square - My Team Mattermost/input_System Console_sbrSearchBox'

2020-06-05 17:00:48 - [MESSAGE][PASSED] - Keys 'ENTER + ' sent to object: 'Object Repository/Use switch case/Page_Town Square - My Team Mattermost/input_System Console_sbrSearchBox'

2020-06-05 17:00:48 - [TEST_STEP][PASSED] - break: null

2020-06-05 17:00:48 - [TEST_STEP][PASSED] - closeBrowser(): Browser is closed

2020-06-05 17:00:48 - [MESSAGE][PASSED] - Browser is closed]]></system-out>
         <system-err><![CDATA[]]></system-err>
      </testcase>
      <testcase name="Test Cases/Switch case/Change_channel" time="8.138" classname="Test Cases/Switch case/Change_channel" status="PASSED">
         <system-out><![CDATA[2020-06-05 17:00:48 - [TEST_CASE][PASSED] - Test Cases/Switch case/Change_channel: Test Cases/Switch case/Change_channel

2020-06-05 17:00:48 - [TEST_STEP][PASSED] - openBrowser(""): Browser is opened with url: ''

2020-06-05 17:00:48 - [MESSAGE][INFO] - Starting 'Chrome' driver

2020-06-05 17:00:48 - [MESSAGE][INFO] - Action delay is set to 0 milliseconds

2020-06-05 17:00:48 - [MESSAGE][PASSED] - Browser is opened with url: ''

2020-06-05 17:00:48 - [TEST_STEP][PASSED] - navigateToUrl("http://localhost:8065/"): Navigate to 'http://localhost:8065/' successfully

2020-06-05 17:00:49 - [MESSAGE][PASSED] - Navigate to 'http://localhost:8065/' successfully

2020-06-05 17:00:49 - [TEST_STEP][PASSED] - setText(findTestObject("Use switch case/Page_Mattermost/input_All team communication in one place s_703ef5"), Email): Text 'phatvo' is set on object 'Object Repository/Use switch case/Page_Mattermost/input_All team communication in one place s_703ef5'

2020-06-05 17:00:51 - [MESSAGE][PASSED] - Text 'phatvo' is set on object 'Object Repository/Use switch case/Page_Mattermost/input_All team communication in one place s_703ef5'

2020-06-05 17:00:51 - [TEST_STEP][PASSED] - setEncryptedText(findTestObject("Use switch case/Page_Mattermost/input_All team communication in one place s_2f2733"), Password): Text ****** has been set on object 'Object Repository/Use switch case/Page_Mattermost/input_All team communication in one place s_2f2733'

2020-06-05 17:00:51 - [MESSAGE][PASSED] - Text ****** has been set on object 'Object Repository/Use switch case/Page_Mattermost/input_All team communication in one place s_2f2733'

2020-06-05 17:00:51 - [TEST_STEP][PASSED] - switch (Email): null

2020-06-05 17:00:51 - [TEST_STEP][PASSED] - case "phatvo":: Object: 'Object Repository/Use switch case/Page_Mattermost/span_Sign in' is clicked on

2020-06-05 17:00:51 - [TEST_STEP][PASSED] - if (Password == "RigbBhfdqOBGNlJIWM1ClA=="): Object: 'Object Repository/Use switch case/Page_Mattermost/span_Sign in' is clicked on

2020-06-05 17:00:51 - [TEST_STEP][PASSED] - click(findTestObject("Use switch case/Page_Mattermost/span_Sign in")): Object: 'Object Repository/Use switch case/Page_Mattermost/span_Sign in' is clicked on

2020-06-05 17:00:52 - [MESSAGE][PASSED] - Object: 'Object Repository/Use switch case/Page_Mattermost/span_Sign in' is clicked on

2020-06-05 17:00:52 - [TEST_STEP][PASSED] - Default: null

2020-06-05 17:00:52 - [TEST_STEP][PASSED] - break: null

2020-06-05 17:00:52 - [TEST_STEP][PASSED] - click(findTestObject("Use switch case/Page_Town Square - My Team Mattermost/span_Switch Channels")): Object: 'Object Repository/Use switch case/Page_Town Square - My Team Mattermost/span_Switch Channels' is clicked on

2020-06-05 17:00:54 - [MESSAGE][PASSED] - Object: 'Object Repository/Use switch case/Page_Town Square - My Team Mattermost/span_Switch Channels' is clicked on

2020-06-05 17:00:54 - [TEST_STEP][PASSED] - setText(findTestObject("Use switch case/Page_Town Square - My Team Mattermost/input_Type to find a channel Use  to browse_c1b80e"), ChannelName): Text 'public channel' is set on object 'Object Repository/Use switch case/Page_Town Square - My Team Mattermost/input_Type to find a channel Use  to browse_c1b80e'

2020-06-05 17:00:55 - [MESSAGE][PASSED] - Text 'public channel' is set on object 'Object Repository/Use switch case/Page_Town Square - My Team Mattermost/input_Type to find a channel Use  to browse_c1b80e'

2020-06-05 17:00:55 - [TEST_STEP][PASSED] - switch (ChannelName): null

2020-06-05 17:00:55 - [TEST_STEP][PASSED] - case "public channel":: Keys 'ENTER + ' sent to object: 'Object Repository/Use switch case/Page_Town Square - My Team Mattermost/input_Type to find a channel Use  to browse_c1b80e'

2020-06-05 17:00:55 - [TEST_STEP][PASSED] - sendKeys(findTestObject("Use switch case/Page_Town Square - My Team Mattermost/input_Type to find a channel Use  to browse_c1b80e"), Keys.chord(ENTER)): Keys 'ENTER + ' sent to object: 'Object Repository/Use switch case/Page_Town Square - My Team Mattermost/input_Type to find a channel Use  to browse_c1b80e'

2020-06-05 17:00:56 - [MESSAGE][PASSED] - Keys 'ENTER + ' sent to object: 'Object Repository/Use switch case/Page_Town Square - My Team Mattermost/input_Type to find a channel Use  to browse_c1b80e'

2020-06-05 17:00:56 - [TEST_STEP][PASSED] - Default: null

2020-06-05 17:00:56 - [TEST_STEP][PASSED] - break: null]]></system-out>
         <system-err><![CDATA[]]></system-err>
      </testcase>
      <testcase name="Test Cases/Switch case/Login_fail" time="3.803" classname="Test Cases/Switch case/Login_fail" status="ERROR">
         <error type="ERROR" message="Test Cases/Switch case/Login_fail FAILED.
Reason:
groovy.lang.MissingMethodException: No signature of method: java.io.PrintStream.printfln() is applicable for argument types: (java.lang.String) values: [Password Erorr .]
Possible solutions: println(java.lang.String), println(), println(), println([C), println(boolean), println(char)
	at Login_fail.run(Login_fail:35)
	at com.kms.katalon.core.main.ScriptEngine.run(ScriptEngine.java:194)
	at com.kms.katalon.core.main.ScriptEngine.runScriptAsRawText(ScriptEngine.java:119)
	at com.kms.katalon.core.main.TestCaseExecutor.runScript(TestCaseExecutor.java:337)
	at com.kms.katalon.core.main.TestCaseExecutor.doExecute(TestCaseExecutor.java:328)
	at com.kms.katalon.core.main.TestCaseExecutor.processExecutionPhase(TestCaseExecutor.java:307)
	at com.kms.katalon.core.main.TestCaseExecutor.accessMainPhase(TestCaseExecutor.java:299)
	at com.kms.katalon.core.main.TestCaseExecutor.execute(TestCaseExecutor.java:233)
	at com.kms.katalon.core.main.TestSuiteExecutor.accessTestCaseMainPhase(TestSuiteExecutor.java:169)
	at com.kms.katalon.core.main.TestSuiteExecutor.accessTestSuiteMainPhase(TestSuiteExecutor.java:142)
	at com.kms.katalon.core.main.TestSuiteExecutor.execute(TestSuiteExecutor.java:91)
	at com.kms.katalon.core.main.TestCaseMain.startTestSuite(TestCaseMain.java:157)
	at com.kms.katalon.core.main.TestCaseMain$startTestSuite$0.call(Unknown Source)
	at TempTestSuite1591350774236.run(TempTestSuite1591350774236.groovy:37)
"/>
         <system-out><![CDATA[2020-06-05 17:00:56 - [TEST_CASE][ERROR] - Test Cases/Switch case/Login_fail: Test Cases/Switch case/Login_fail FAILED.
Reason:
groovy.lang.MissingMethodException: No signature of method: java.io.PrintStream.printfln() is applicable for argument types: (java.lang.String) values: [Password Erorr .]
Possible solutions: println(java.lang.String), println(), println(), println([C), println(boolean), println(char)
	at Login_fail.run(Login_fail:35)
	at com.kms.katalon.core.main.ScriptEngine.run(ScriptEngine.java:194)
	at com.kms.katalon.core.main.ScriptEngine.runScriptAsRawText(ScriptEngine.java:119)
	at com.kms.katalon.core.main.TestCaseExecutor.runScript(TestCaseExecutor.java:337)
	at com.kms.katalon.core.main.TestCaseExecutor.doExecute(TestCaseExecutor.java:328)
	at com.kms.katalon.core.main.TestCaseExecutor.processExecutionPhase(TestCaseExecutor.java:307)
	at com.kms.katalon.core.main.TestCaseExecutor.accessMainPhase(TestCaseExecutor.java:299)
	at com.kms.katalon.core.main.TestCaseExecutor.execute(TestCaseExecutor.java:233)
	at com.kms.katalon.core.main.TestSuiteExecutor.accessTestCaseMainPhase(TestSuiteExecutor.java:169)
	at com.kms.katalon.core.main.TestSuiteExecutor.accessTestSuiteMainPhase(TestSuiteExecutor.java:142)
	at com.kms.katalon.core.main.TestSuiteExecutor.execute(TestSuiteExecutor.java:91)
	at com.kms.katalon.core.main.TestCaseMain.startTestSuite(TestCaseMain.java:157)
	at com.kms.katalon.core.main.TestCaseMain$startTestSuite$0.call(Unknown Source)
	at TempTestSuite1591350774236.run(TempTestSuite1591350774236.groovy:37)


2020-06-05 17:00:56 - [TEST_STEP][PASSED] - openBrowser(""): Browser is opened with url: ''

2020-06-05 17:00:56 - [MESSAGE][WARNING] - A browser is already opened. Closing browser and opening a new one

2020-06-05 17:00:56 - [MESSAGE][INFO] - Starting 'Chrome' driver

2020-06-05 17:00:56 - [MESSAGE][INFO] - Action delay is set to 0 milliseconds

2020-06-05 17:00:57 - [MESSAGE][PASSED] - Browser is opened with url: ''

2020-06-05 17:00:57 - [TEST_STEP][PASSED] - navigateToUrl("http://localhost:8065/"): Navigate to 'http://localhost:8065/' successfully

2020-06-05 17:00:58 - [MESSAGE][PASSED] - Navigate to 'http://localhost:8065/' successfully

2020-06-05 17:00:58 - [TEST_STEP][PASSED] - setText(findTestObject("UI/Login/Page_Mattermost/input_All team communication in one place searchable and accessible anywhere_loginId"), Email): Text 'phatvo' is set on object 'Object Repository/UI/Login/Page_Mattermost/input_All team communication in one place searchable and accessible anywhere_loginId'

2020-06-05 17:00:59 - [MESSAGE][PASSED] - Text 'phatvo' is set on object 'Object Repository/UI/Login/Page_Mattermost/input_All team communication in one place searchable and accessible anywhere_loginId'

2020-06-05 17:00:59 - [TEST_STEP][PASSED] - setText(findTestObject("UI/Login/Page_Mattermost/input_All team communication in one place searchable and accessible anywhere_password"), Password): Text 'BhfdqOBGNlJIWM1ClA==' is set on object 'Object Repository/UI/Login/Page_Mattermost/input_All team communication in one place searchable and accessible anywhere_password'

2020-06-05 17:01:00 - [MESSAGE][PASSED] - Text 'BhfdqOBGNlJIWM1ClA==' is set on object 'Object Repository/UI/Login/Page_Mattermost/input_All team communication in one place searchable and accessible anywhere_password'

2020-06-05 17:01:00 - [TEST_STEP][PASSED] - switch (Email): null

2020-06-05 17:01:00 - [TEST_STEP][PASSED] - case "phatvo":: null

2020-06-05 17:01:00 - [TEST_STEP][PASSED] - if (Password == "RigbBhfdqOBGNlJIWM1ClA=="): null

2020-06-05 17:01:00 - [TEST_STEP][PASSED] - else: null

2020-06-05 17:01:00 - [TEST_STEP][PASSED] - out.printfln("Password Erorr ."): null]]></system-out>
         <system-err><![CDATA[2020-06-05 17:00:56 - [TEST_CASE][ERROR] - Test Cases/Switch case/Login_fail: Test Cases/Switch case/Login_fail FAILED.
Reason:
groovy.lang.MissingMethodException: No signature of method: java.io.PrintStream.printfln() is applicable for argument types: (java.lang.String) values: [Password Erorr .]
Possible solutions: println(java.lang.String), println(), println(), println([C), println(boolean), println(char)
	at Login_fail.run(Login_fail:35)
	at com.kms.katalon.core.main.ScriptEngine.run(ScriptEngine.java:194)
	at com.kms.katalon.core.main.ScriptEngine.runScriptAsRawText(ScriptEngine.java:119)
	at com.kms.katalon.core.main.TestCaseExecutor.runScript(TestCaseExecutor.java:337)
	at com.kms.katalon.core.main.TestCaseExecutor.doExecute(TestCaseExecutor.java:328)
	at com.kms.katalon.core.main.TestCaseExecutor.processExecutionPhase(TestCaseExecutor.java:307)
	at com.kms.katalon.core.main.TestCaseExecutor.accessMainPhase(TestCaseExecutor.java:299)
	at com.kms.katalon.core.main.TestCaseExecutor.execute(TestCaseExecutor.java:233)
	at com.kms.katalon.core.main.TestSuiteExecutor.accessTestCaseMainPhase(TestSuiteExecutor.java:169)
	at com.kms.katalon.core.main.TestSuiteExecutor.accessTestSuiteMainPhase(TestSuiteExecutor.java:142)
	at com.kms.katalon.core.main.TestSuiteExecutor.execute(TestSuiteExecutor.java:91)
	at com.kms.katalon.core.main.TestCaseMain.startTestSuite(TestCaseMain.java:157)
	at com.kms.katalon.core.main.TestCaseMain$startTestSuite$0.call(Unknown Source)
	at TempTestSuite1591350774236.run(TempTestSuite1591350774236.groovy:37)]]></system-err>
      </testcase>
      <testcase name="Test Cases/Switch case/New_comment" time="7.63" classname="Test Cases/Switch case/New_comment" status="PASSED">
         <system-out><![CDATA[2020-06-05 17:01:00 - [TEST_CASE][PASSED] - Test Cases/Switch case/New_comment: Test Cases/Switch case/New_comment

2020-06-05 17:01:00 - [TEST_STEP][PASSED] - openBrowser(""): Browser is opened with url: ''

2020-06-05 17:01:00 - [MESSAGE][WARNING] - A browser is already opened. Closing browser and opening a new one

2020-06-05 17:01:00 - [MESSAGE][INFO] - Starting 'Chrome' driver

2020-06-05 17:01:00 - [MESSAGE][INFO] - Action delay is set to 0 milliseconds

2020-06-05 17:01:00 - [MESSAGE][PASSED] - Browser is opened with url: ''

2020-06-05 17:01:00 - [TEST_STEP][PASSED] - navigateToUrl("http://localhost:8065/"): Navigate to 'http://localhost:8065/' successfully

2020-06-05 17:01:01 - [MESSAGE][PASSED] - Navigate to 'http://localhost:8065/' successfully

2020-06-05 17:01:01 - [TEST_STEP][PASSED] - setText(findTestObject("Use switch case/Page_Mattermost/input_All team communication in one place s_703ef5"), "phatvo"): Text 'phatvo' is set on object 'Object Repository/Use switch case/Page_Mattermost/input_All team communication in one place s_703ef5'

2020-06-05 17:01:03 - [MESSAGE][PASSED] - Text 'phatvo' is set on object 'Object Repository/Use switch case/Page_Mattermost/input_All team communication in one place s_703ef5'

2020-06-05 17:01:03 - [TEST_STEP][PASSED] - setEncryptedText(findTestObject("Use switch case/Page_Mattermost/input_All team communication in one place s_2f2733"), "RigbBhfdqOBGNlJIWM1ClA=="): Text ****** has been set on object 'Object Repository/Use switch case/Page_Mattermost/input_All team communication in one place s_2f2733'

2020-06-05 17:01:03 - [MESSAGE][PASSED] - Text ****** has been set on object 'Object Repository/Use switch case/Page_Mattermost/input_All team communication in one place s_2f2733'

2020-06-05 17:01:03 - [TEST_STEP][PASSED] - sendKeys(findTestObject("Use switch case/Page_Mattermost/input_All team communication in one place s_2f2733"), Keys.chord(ENTER)): Keys 'ENTER + ' sent to object: 'Object Repository/Use switch case/Page_Mattermost/input_All team communication in one place s_2f2733'

2020-06-05 17:01:04 - [MESSAGE][PASSED] - Keys 'ENTER + ' sent to object: 'Object Repository/Use switch case/Page_Mattermost/input_All team communication in one place s_2f2733'

2020-06-05 17:01:04 - [TEST_STEP][PASSED] - setText(findTestObject("Use switch case/Page_Town Square - My Team Mattermost/textarea_new cmt la da"), var): Text '' is set on object 'Object Repository/Use switch case/Page_Town Square - My Team Mattermost/textarea_new cmt la da'

2020-06-05 17:01:06 - [MESSAGE][PASSED] - Text '' is set on object 'Object Repository/Use switch case/Page_Town Square - My Team Mattermost/textarea_new cmt la da'

2020-06-05 17:01:06 - [TEST_STEP][PASSED] - switch (var): null

2020-06-05 17:01:06 - [TEST_STEP][PASSED] - Default: null

2020-06-05 17:01:06 - [TEST_STEP][PASSED] - setText(findTestObject("Use switch case/Page_Town Square - My Team Mattermost/textarea_oh i am sorr"), "it is falt"): Text 'it is falt' is set on object 'Object Repository/Use switch case/Page_Town Square - My Team Mattermost/textarea_oh i am sorr'

2020-06-05 17:01:07 - [MESSAGE][PASSED] - Text 'it is falt' is set on object 'Object Repository/Use switch case/Page_Town Square - My Team Mattermost/textarea_oh i am sorr'

2020-06-05 17:01:07 - [TEST_STEP][PASSED] - break: null

2020-06-05 17:01:07 - [TEST_STEP][PASSED] - closeBrowser(): Browser is closed

2020-06-05 17:01:07 - [MESSAGE][PASSED] - Browser is closed]]></system-out>
         <system-err><![CDATA[]]></system-err>
      </testcase>
      <testcase name="Test Cases/Switch case/Login_success" time="3.969" classname="Test Cases/Switch case/Login_success" status="PASSED">
         <system-out><![CDATA[2020-06-05 17:01:07 - [TEST_CASE][PASSED] - Test Cases/Switch case/Login_success: Test Cases/Switch case/Login_success

2020-06-05 17:01:07 - [TEST_STEP][PASSED] - openBrowser(""): Browser is opened with url: ''

2020-06-05 17:01:07 - [MESSAGE][INFO] - Starting 'Chrome' driver

2020-06-05 17:01:07 - [MESSAGE][INFO] - Action delay is set to 0 milliseconds

2020-06-05 17:01:08 - [MESSAGE][PASSED] - Browser is opened with url: ''

2020-06-05 17:01:08 - [TEST_STEP][PASSED] - navigateToUrl("http://localhost:8065/"): Navigate to 'http://localhost:8065/' successfully

2020-06-05 17:01:09 - [MESSAGE][PASSED] - Navigate to 'http://localhost:8065/' successfully

2020-06-05 17:01:09 - [TEST_STEP][PASSED] - setText(findTestObject("Use switch case/Page_Mattermost/input_All team communication in one place s_703ef5"), Email): Text 'phatvo' is set on object 'Object Repository/Use switch case/Page_Mattermost/input_All team communication in one place s_703ef5'

2020-06-05 17:01:10 - [MESSAGE][PASSED] - Text 'phatvo' is set on object 'Object Repository/Use switch case/Page_Mattermost/input_All team communication in one place s_703ef5'

2020-06-05 17:01:10 - [TEST_STEP][PASSED] - setEncryptedText(findTestObject("Use switch case/Page_Mattermost/input_All team communication in one place s_2f2733"), Password): Text ****** has been set on object 'Object Repository/Use switch case/Page_Mattermost/input_All team communication in one place s_2f2733'

2020-06-05 17:01:11 - [MESSAGE][PASSED] - Text ****** has been set on object 'Object Repository/Use switch case/Page_Mattermost/input_All team communication in one place s_2f2733'

2020-06-05 17:01:11 - [TEST_STEP][PASSED] - switch (Email): null

2020-06-05 17:01:11 - [TEST_STEP][PASSED] - case "phatvo":: Object: 'Object Repository/Use switch case/Page_Mattermost/span_Sign in' is clicked on

2020-06-05 17:01:11 - [TEST_STEP][PASSED] - if (Password == "RigbBhfdqOBGNlJIWM1ClA=="): Object: 'Object Repository/Use switch case/Page_Mattermost/span_Sign in' is clicked on

2020-06-05 17:01:11 - [MESSAGE][PASSED] - Object: 'Object Repository/Use switch case/Page_Mattermost/span_Sign in' is clicked on

2020-06-05 17:01:11 - [TEST_STEP][PASSED] - Default: null

2020-06-05 17:01:11 - [TEST_STEP][PASSED] - break: null]]></system-out>
         <system-err><![CDATA[]]></system-err>
      </testcase>
      <testcase name="Test Cases/Call Other/Create_channel" time="9.01" classname="Test Cases/Call Other/Create_channel" status="PASSED">
         <system-out><![CDATA[2020-06-05 17:01:11 - [TEST_CASE][PASSED] - Test Cases/Call Other/Create_channel: Test Cases/Call Other/Create_channel

2020-06-05 17:01:11 - [TEST_STEP][PASSED] - callTestCase(findTestCase("UI/Login"), [:], STOP_ON_FAILURE): Call Test Case 'Test Cases/UI/Login' successfully

2020-06-05 17:01:12 - [TEST_CASE][PASSED] - Test Cases/UI/Login: Test Cases/UI/Login

2020-06-05 17:01:12 - [TEST_STEP][PASSED] - openBrowser(""): Browser is opened with url: ''

2020-06-05 17:01:12 - [MESSAGE][WARNING] - A browser is already opened. Closing browser and opening a new one

2020-06-05 17:01:12 - [MESSAGE][INFO] - Starting 'Chrome' driver

2020-06-05 17:01:12 - [MESSAGE][INFO] - Action delay is set to 0 milliseconds

2020-06-05 17:01:12 - [MESSAGE][PASSED] - Browser is opened with url: ''

2020-06-05 17:01:12 - [TEST_STEP][PASSED] - navigateToUrl(url): Navigate to 'http://localhost:8065/login' successfully

2020-06-05 17:01:13 - [MESSAGE][PASSED] - Navigate to 'http://localhost:8065/login' successfully

2020-06-05 17:01:13 - [TEST_STEP][PASSED] - setText(findTestObject("UI/Login/Page_Mattermost/input_All team communication in one place searchable and accessible anywhere_loginId"), email): Text 'phatvo' is set on object 'Object Repository/UI/Login/Page_Mattermost/input_All team communication in one place searchable and accessible anywhere_loginId'

2020-06-05 17:01:14 - [MESSAGE][PASSED] - Text 'phatvo' is set on object 'Object Repository/UI/Login/Page_Mattermost/input_All team communication in one place searchable and accessible anywhere_loginId'

2020-06-05 17:01:14 - [TEST_STEP][PASSED] - setEncryptedText(findTestObject("UI/Login/Page_Mattermost/input_All team communication in one place searchable and accessible anywhere_password"), password): Text ****** has been set on object 'Object Repository/UI/Login/Page_Mattermost/input_All team communication in one place searchable and accessible anywhere_password'

2020-06-05 17:01:15 - [MESSAGE][PASSED] - Text ****** has been set on object 'Object Repository/UI/Login/Page_Mattermost/input_All team communication in one place searchable and accessible anywhere_password'

2020-06-05 17:01:15 - [TEST_STEP][PASSED] - click(findTestObject("UI/Login/Page_Mattermost/button_Sign in")): Object: 'Object Repository/UI/Login/Page_Mattermost/button_Sign in' is clicked on

2020-06-05 17:01:15 - [MESSAGE][PASSED] - Object: 'Object Repository/UI/Login/Page_Mattermost/button_Sign in' is clicked on

2020-06-05 17:01:15 - [MESSAGE][INFO] - =================== Smart XPath Report =======================

2020-06-05 17:01:15 - [MESSAGE][INFO] - Refer to the link below to preview and approve auto healing on broken test objects.

2020-06-05 17:01:15 - [MESSAGE][INFO] - https://docs.katalon.com/katalon-studio/docs/auto-healing-smart-xpath.html

2020-06-05 17:01:15 - [MESSAGE][INFO] - ===============================================================

2020-06-05 17:01:15 - [MESSAGE][PASSED] - Call Test Case 'Test Cases/UI/Login' successfully

2020-06-05 17:01:15 - [TEST_STEP][PASSED] - click(findTestObject("Use switch case/Page_Town Square - team1 Mattermost/span_")): Object: 'Object Repository/Use switch case/Page_Town Square - team1 Mattermost/span_' is clicked on

2020-06-05 17:01:18 - [MESSAGE][PASSED] - Object: 'Object Repository/Use switch case/Page_Town Square - team1 Mattermost/span_' is clicked on

2020-06-05 17:01:18 - [TEST_STEP][PASSED] - setText(findTestObject("Use switch case/Page_Town Square - My Team Mattermost/input_Name_newChannelName"), VarG): Text 'Happy Group 1' is set on object 'Object Repository/Use switch case/Page_Town Square - My Team Mattermost/input_Name_newChannelName'

2020-06-05 17:01:19 - [MESSAGE][PASSED] - Text 'Happy Group 1' is set on object 'Object Repository/Use switch case/Page_Town Square - My Team Mattermost/input_Name_newChannelName'

2020-06-05 17:01:19 - [TEST_STEP][PASSED] - setText(findTestObject("Use switch case/Page_Town Square - My Team Mattermost/textarea_post new happy storie"), "post new happy stories"): Text 'post new happy stories' is set on object 'Object Repository/Use switch case/Page_Town Square - My Team Mattermost/textarea_post new happy storie'

2020-06-05 17:01:20 - [MESSAGE][PASSED] - Text 'post new happy stories' is set on object 'Object Repository/Use switch case/Page_Town Square - My Team Mattermost/textarea_post new happy storie'

2020-06-05 17:01:20 - [TEST_STEP][PASSED] - click(findTestObject("Use switch case/Page_Town Square - My Team Mattermost/span_Create Channel")): Object: 'Object Repository/Use switch case/Page_Town Square - My Team Mattermost/span_Create Channel' is clicked on

2020-06-05 17:01:20 - [MESSAGE][PASSED] - Object: 'Object Repository/Use switch case/Page_Town Square - My Team Mattermost/span_Create Channel' is clicked on]]></system-out>
         <system-err><![CDATA[]]></system-err>
      </testcase>
      <testcase name="Test Cases/Call Other/Login_logout" time="11.13" classname="Test Cases/Call Other/Login_logout" status="PASSED">
         <system-out><![CDATA[2020-06-05 17:01:20 - [TEST_CASE][PASSED] - Test Cases/Call Other/Login_logout: Test Cases/Call Other/Login_logout

2020-06-05 17:01:20 - [TEST_STEP][PASSED] - callTestCase(findTestCase("UI/Login"), [:], STOP_ON_FAILURE): Call Test Case 'Test Cases/UI/Login' successfully

2020-06-05 17:01:21 - [TEST_CASE][PASSED] - Test Cases/UI/Login: Test Cases/UI/Login

2020-06-05 17:01:21 - [TEST_STEP][PASSED] - openBrowser(""): Browser is opened with url: ''

2020-06-05 17:01:21 - [MESSAGE][WARNING] - A browser is already opened. Closing browser and opening a new one

2020-06-05 17:01:21 - [MESSAGE][INFO] - Starting 'Chrome' driver

2020-06-05 17:01:21 - [MESSAGE][INFO] - Action delay is set to 0 milliseconds

2020-06-05 17:01:21 - [MESSAGE][PASSED] - Browser is opened with url: ''

2020-06-05 17:01:21 - [TEST_STEP][PASSED] - navigateToUrl(url): Navigate to 'http://localhost:8065/login' successfully

2020-06-05 17:01:22 - [MESSAGE][PASSED] - Navigate to 'http://localhost:8065/login' successfully

2020-06-05 17:01:22 - [TEST_STEP][PASSED] - setText(findTestObject("UI/Login/Page_Mattermost/input_All team communication in one place searchable and accessible anywhere_loginId"), email): Text 'phatvo' is set on object 'Object Repository/UI/Login/Page_Mattermost/input_All team communication in one place searchable and accessible anywhere_loginId'

2020-06-05 17:01:23 - [MESSAGE][PASSED] - Text 'phatvo' is set on object 'Object Repository/UI/Login/Page_Mattermost/input_All team communication in one place searchable and accessible anywhere_loginId'

2020-06-05 17:01:23 - [TEST_STEP][PASSED] - setEncryptedText(findTestObject("UI/Login/Page_Mattermost/input_All team communication in one place searchable and accessible anywhere_password"), password): Text ****** has been set on object 'Object Repository/UI/Login/Page_Mattermost/input_All team communication in one place searchable and accessible anywhere_password'

2020-06-05 17:01:24 - [MESSAGE][PASSED] - Text ****** has been set on object 'Object Repository/UI/Login/Page_Mattermost/input_All team communication in one place searchable and accessible anywhere_password'

2020-06-05 17:01:24 - [TEST_STEP][PASSED] - click(findTestObject("UI/Login/Page_Mattermost/button_Sign in")): Object: 'Object Repository/UI/Login/Page_Mattermost/button_Sign in' is clicked on

2020-06-05 17:01:24 - [MESSAGE][PASSED] - Object: 'Object Repository/UI/Login/Page_Mattermost/button_Sign in' is clicked on

2020-06-05 17:01:24 - [MESSAGE][INFO] - =================== Smart XPath Report =======================

2020-06-05 17:01:24 - [MESSAGE][INFO] - Refer to the link below to preview and approve auto healing on broken test objects.

2020-06-05 17:01:24 - [MESSAGE][INFO] - https://docs.katalon.com/katalon-studio/docs/auto-healing-smart-xpath.html

2020-06-05 17:01:24 - [MESSAGE][INFO] - ===============================================================

2020-06-05 17:01:24 - [MESSAGE][PASSED] - Call Test Case 'Test Cases/UI/Login' successfully

2020-06-05 17:01:24 - [TEST_STEP][PASSED] - callTestCase(findTestCase("UI/Logout"), [:], STOP_ON_FAILURE): Call Test Case 'Test Cases/UI/Logout' successfully

2020-06-05 17:01:25 - [TEST_CASE][PASSED] - Test Cases/UI/Logout: Test Cases/UI/Logout

2020-06-05 17:01:25 - [TEST_STEP][PASSED] - callTestCase(findTestCase("UI/Login"), [:], STOP_ON_FAILURE): Call Test Case 'Test Cases/UI/Login' successfully

2020-06-05 17:01:25 - [TEST_CASE][PASSED] - Test Cases/UI/Login: Test Cases/UI/Login

2020-06-05 17:01:25 - [TEST_STEP][PASSED] - openBrowser(""): Browser is opened with url: ''

2020-06-05 17:01:25 - [MESSAGE][WARNING] - A browser is already opened. Closing browser and opening a new one

2020-06-05 17:01:25 - [MESSAGE][INFO] - Starting 'Chrome' driver

2020-06-05 17:01:25 - [MESSAGE][INFO] - Action delay is set to 0 milliseconds

2020-06-05 17:01:25 - [MESSAGE][PASSED] - Browser is opened with url: ''

2020-06-05 17:01:25 - [TEST_STEP][PASSED] - navigateToUrl(url): Navigate to 'http://localhost:8065/login' successfully

2020-06-05 17:01:26 - [MESSAGE][PASSED] - Navigate to 'http://localhost:8065/login' successfully

2020-06-05 17:01:26 - [TEST_STEP][PASSED] - setText(findTestObject("UI/Login/Page_Mattermost/input_All team communication in one place searchable and accessible anywhere_loginId"), email): Text 'phatvo' is set on object 'Object Repository/UI/Login/Page_Mattermost/input_All team communication in one place searchable and accessible anywhere_loginId'

2020-06-05 17:01:27 - [MESSAGE][PASSED] - Text 'phatvo' is set on object 'Object Repository/UI/Login/Page_Mattermost/input_All team communication in one place searchable and accessible anywhere_loginId'

2020-06-05 17:01:27 - [TEST_STEP][PASSED] - setEncryptedText(findTestObject("UI/Login/Page_Mattermost/input_All team communication in one place searchable and accessible anywhere_password"), password): Text ****** has been set on object 'Object Repository/UI/Login/Page_Mattermost/input_All team communication in one place searchable and accessible anywhere_password'

2020-06-05 17:01:28 - [MESSAGE][PASSED] - Text ****** has been set on object 'Object Repository/UI/Login/Page_Mattermost/input_All team communication in one place searchable and accessible anywhere_password'

2020-06-05 17:01:28 - [TEST_STEP][PASSED] - click(findTestObject("UI/Login/Page_Mattermost/button_Sign in")): Object: 'Object Repository/UI/Login/Page_Mattermost/button_Sign in' is clicked on

2020-06-05 17:01:28 - [MESSAGE][PASSED] - Object: 'Object Repository/UI/Login/Page_Mattermost/button_Sign in' is clicked on

2020-06-05 17:01:28 - [MESSAGE][INFO] - =================== Smart XPath Report =======================

2020-06-05 17:01:28 - [MESSAGE][INFO] - Refer to the link below to preview and approve auto healing on broken test objects.

2020-06-05 17:01:28 - [MESSAGE][INFO] - https://docs.katalon.com/katalon-studio/docs/auto-healing-smart-xpath.html

2020-06-05 17:01:28 - [MESSAGE][INFO] - ===============================================================

2020-06-05 17:01:28 - [MESSAGE][PASSED] - Call Test Case 'Test Cases/UI/Login' successfully

2020-06-05 17:01:28 - [TEST_STEP][PASSED] - click(findTestObject("UI/Logout/Page_Town Square - team1 Mattermost/button_phatvo_style--none sidebar-header-dropdown__icon")): Object: 'Object Repository/UI/Logout/Page_Town Square - team1 Mattermost/button_phatvo_style--none sidebar-header-dropdown__icon' is clicked on

2020-06-05 17:01:31 - [MESSAGE][PASSED] - Object: 'Object Repository/UI/Logout/Page_Town Square - team1 Mattermost/button_phatvo_style--none sidebar-header-dropdown__icon' is clicked on

2020-06-05 17:01:31 - [TEST_STEP][PASSED] - click(findTestObject("UI/Logout/Page_Town Square - team1 Mattermost/button_Log Out")): Object: 'Object Repository/UI/Logout/Page_Town Square - team1 Mattermost/button_Log Out' is clicked on

2020-06-05 17:01:31 - [MESSAGE][PASSED] - Object: 'Object Repository/UI/Logout/Page_Town Square - team1 Mattermost/button_Log Out' is clicked on

2020-06-05 17:01:31 - [TEST_STEP][PASSED] - closeBrowser(): Browser is closed

2020-06-05 17:01:32 - [MESSAGE][PASSED] - Browser is closed

2020-06-05 17:01:32 - [MESSAGE][INFO] - =================== Smart XPath Report =======================

2020-06-05 17:01:32 - [MESSAGE][INFO] - Refer to the link below to preview and approve auto healing on broken test objects.

2020-06-05 17:01:32 - [MESSAGE][INFO] - https://docs.katalon.com/katalon-studio/docs/auto-healing-smart-xpath.html

2020-06-05 17:01:32 - [MESSAGE][INFO] - ===============================================================

2020-06-05 17:01:32 - [MESSAGE][PASSED] - Call Test Case 'Test Cases/UI/Logout' successfully

2020-06-05 17:01:32 - [TEST_STEP][PASSED] - closeBrowser(): Browser is closed

2020-06-05 17:01:32 - [MESSAGE][PASSED] - Browser is closed]]></system-out>
         <system-err><![CDATA[]]></system-err>
      </testcase>
      <testcase name="Test Cases/Call Other/New_comment" time="8.472" classname="Test Cases/Call Other/New_comment" status="PASSED">
         <system-out><![CDATA[2020-06-05 17:01:32 - [TEST_CASE][PASSED] - Test Cases/Call Other/New_comment: Test Cases/Call Other/New_comment

2020-06-05 17:01:32 - [TEST_STEP][PASSED] - callTestCase(findTestCase("UI/Login"), ["email":"phatvo", "password":"RigbBhfdqOBGNlJIWM1ClA==", "url":"http://localhost:8065/login"], STOP_ON_FAILURE): Call Test Case 'Test Cases/UI/Login' successfully

2020-06-05 17:01:32 - [TEST_CASE][PASSED] - Test Cases/UI/Login: Test Cases/UI/Login

2020-06-05 17:01:32 - [TEST_STEP][PASSED] - openBrowser(""): Browser is opened with url: ''

2020-06-05 17:01:32 - [MESSAGE][INFO] - Starting 'Chrome' driver

2020-06-05 17:01:32 - [MESSAGE][INFO] - Action delay is set to 0 milliseconds

2020-06-05 17:01:32 - [MESSAGE][PASSED] - Browser is opened with url: ''

2020-06-05 17:01:32 - [TEST_STEP][PASSED] - navigateToUrl(url): Navigate to 'http://localhost:8065/login' successfully

2020-06-05 17:01:33 - [MESSAGE][PASSED] - Navigate to 'http://localhost:8065/login' successfully

2020-06-05 17:01:33 - [TEST_STEP][PASSED] - setText(findTestObject("UI/Login/Page_Mattermost/input_All team communication in one place searchable and accessible anywhere_loginId"), email): Text 'phatvo' is set on object 'Object Repository/UI/Login/Page_Mattermost/input_All team communication in one place searchable and accessible anywhere_loginId'

2020-06-05 17:01:34 - [MESSAGE][PASSED] - Text 'phatvo' is set on object 'Object Repository/UI/Login/Page_Mattermost/input_All team communication in one place searchable and accessible anywhere_loginId'

2020-06-05 17:01:34 - [TEST_STEP][PASSED] - setEncryptedText(findTestObject("UI/Login/Page_Mattermost/input_All team communication in one place searchable and accessible anywhere_password"), password): Text ****** has been set on object 'Object Repository/UI/Login/Page_Mattermost/input_All team communication in one place searchable and accessible anywhere_password'

2020-06-05 17:01:35 - [MESSAGE][PASSED] - Text ****** has been set on object 'Object Repository/UI/Login/Page_Mattermost/input_All team communication in one place searchable and accessible anywhere_password'

2020-06-05 17:01:35 - [TEST_STEP][PASSED] - click(findTestObject("UI/Login/Page_Mattermost/button_Sign in")): Object: 'Object Repository/UI/Login/Page_Mattermost/button_Sign in' is clicked on

2020-06-05 17:01:35 - [MESSAGE][PASSED] - Object: 'Object Repository/UI/Login/Page_Mattermost/button_Sign in' is clicked on

2020-06-05 17:01:35 - [MESSAGE][INFO] - =================== Smart XPath Report =======================

2020-06-05 17:01:35 - [MESSAGE][INFO] - Refer to the link below to preview and approve auto healing on broken test objects.

2020-06-05 17:01:35 - [MESSAGE][INFO] - https://docs.katalon.com/katalon-studio/docs/auto-healing-smart-xpath.html

2020-06-05 17:01:35 - [MESSAGE][INFO] - ===============================================================

2020-06-05 17:01:35 - [MESSAGE][PASSED] - Call Test Case 'Test Cases/UI/Login' successfully

2020-06-05 17:01:35 - [TEST_STEP][PASSED] - setText(findTestObject("Use switch case/Page_Town Square - team1 Mattermost/textarea_Write to Town Square_post_textbox"), "call login testcase before this testcase"): Text 'call login testcase before this testcase' is set on object 'Object Repository/Use switch case/Page_Town Square - team1 Mattermost/textarea_Write to Town Square_post_textbox'

2020-06-05 17:01:40 - [MESSAGE][PASSED] - Text 'call login testcase before this testcase' is set on object 'Object Repository/Use switch case/Page_Town Square - team1 Mattermost/textarea_Write to Town Square_post_textbox'

2020-06-05 17:01:40 - [TEST_STEP][PASSED] - closeBrowser(): Browser is closed

2020-06-05 17:01:40 - [MESSAGE][PASSED] - Browser is closed]]></system-out>
         <system-err><![CDATA[]]></system-err>
      </testcase>
      <testcase name="Test Cases/Call Other/Edit_fullname" time="9.982" classname="Test Cases/Call Other/Edit_fullname" status="PASSED">
         <system-out><![CDATA[2020-06-05 17:01:40 - [TEST_CASE][PASSED] - Test Cases/Call Other/Edit_fullname: Test Cases/Call Other/Edit_fullname

2020-06-05 17:01:40 - [TEST_STEP][PASSED] - callTestCase(findTestCase("UI/Login"), ["email":"phatvo", "password":"RigbBhfdqOBGNlJIWM1ClA==", "url":"http://localhost:8065/login"], STOP_ON_FAILURE): Call Test Case 'Test Cases/UI/Login' successfully

2020-06-05 17:01:40 - [TEST_CASE][PASSED] - Test Cases/UI/Login: Test Cases/UI/Login

2020-06-05 17:01:40 - [TEST_STEP][PASSED] - openBrowser(""): Browser is opened with url: ''

2020-06-05 17:01:40 - [MESSAGE][INFO] - Starting 'Chrome' driver

2020-06-05 17:01:40 - [MESSAGE][INFO] - Action delay is set to 0 milliseconds

2020-06-05 17:01:41 - [MESSAGE][PASSED] - Browser is opened with url: ''

2020-06-05 17:01:41 - [TEST_STEP][PASSED] - navigateToUrl(url): Navigate to 'http://localhost:8065/login' successfully

2020-06-05 17:01:42 - [MESSAGE][PASSED] - Navigate to 'http://localhost:8065/login' successfully

2020-06-05 17:01:42 - [TEST_STEP][PASSED] - setText(findTestObject("UI/Login/Page_Mattermost/input_All team communication in one place searchable and accessible anywhere_loginId"), email): Text 'phatvo' is set on object 'Object Repository/UI/Login/Page_Mattermost/input_All team communication in one place searchable and accessible anywhere_loginId'

2020-06-05 17:01:43 - [MESSAGE][PASSED] - Text 'phatvo' is set on object 'Object Repository/UI/Login/Page_Mattermost/input_All team communication in one place searchable and accessible anywhere_loginId'

2020-06-05 17:01:43 - [TEST_STEP][PASSED] - setEncryptedText(findTestObject("UI/Login/Page_Mattermost/input_All team communication in one place searchable and accessible anywhere_password"), password): Text ****** has been set on object 'Object Repository/UI/Login/Page_Mattermost/input_All team communication in one place searchable and accessible anywhere_password'

2020-06-05 17:01:43 - [MESSAGE][PASSED] - Text ****** has been set on object 'Object Repository/UI/Login/Page_Mattermost/input_All team communication in one place searchable and accessible anywhere_password'

2020-06-05 17:01:43 - [TEST_STEP][PASSED] - click(findTestObject("UI/Login/Page_Mattermost/button_Sign in")): Object: 'Object Repository/UI/Login/Page_Mattermost/button_Sign in' is clicked on

2020-06-05 17:01:44 - [MESSAGE][PASSED] - Object: 'Object Repository/UI/Login/Page_Mattermost/button_Sign in' is clicked on

2020-06-05 17:01:44 - [MESSAGE][INFO] - =================== Smart XPath Report =======================

2020-06-05 17:01:44 - [MESSAGE][INFO] - Refer to the link below to preview and approve auto healing on broken test objects.

2020-06-05 17:01:44 - [MESSAGE][INFO] - https://docs.katalon.com/katalon-studio/docs/auto-healing-smart-xpath.html

2020-06-05 17:01:44 - [MESSAGE][INFO] - ===============================================================

2020-06-05 17:01:44 - [MESSAGE][PASSED] - Call Test Case 'Test Cases/UI/Login' successfully

2020-06-05 17:01:44 - [TEST_STEP][PASSED] - click(findTestObject("Use switch case/Page_Town Square - My Team Mattermost/img_My Team_Avatar Avatar-lg")): Object: 'Object Repository/Use switch case/Page_Town Square - My Team Mattermost/img_My Team_Avatar Avatar-lg' is clicked on

2020-06-05 17:01:46 - [MESSAGE][PASSED] - Object: 'Object Repository/Use switch case/Page_Town Square - My Team Mattermost/img_My Team_Avatar Avatar-lg' is clicked on

2020-06-05 17:01:46 - [TEST_STEP][PASSED] - click(findTestObject("Use switch case/Page_Town Square - My Team Mattermost/button_huydoan_style--none sidebar-header-d_286c1f")): Object: 'Object Repository/Use switch case/Page_Town Square - My Team Mattermost/button_huydoan_style--none sidebar-header-d_286c1f' is clicked on

2020-06-05 17:01:47 - [MESSAGE][PASSED] - Object: 'Object Repository/Use switch case/Page_Town Square - My Team Mattermost/button_huydoan_style--none sidebar-header-d_286c1f' is clicked on

2020-06-05 17:01:47 - [TEST_STEP][PASSED] - click(findTestObject("Use switch case/Page_Town Square - My Team Mattermost/span_Account Settings")): Object: 'Object Repository/Use switch case/Page_Town Square - My Team Mattermost/span_Account Settings' is clicked on

2020-06-05 17:01:48 - [MESSAGE][PASSED] - Object: 'Object Repository/Use switch case/Page_Town Square - My Team Mattermost/span_Account Settings' is clicked on

2020-06-05 17:01:48 - [TEST_STEP][PASSED] - click(findTestObject("Use switch case/Page_Town Square - My Team Mattermost/span_Edit")): Object: 'Object Repository/Use switch case/Page_Town Square - My Team Mattermost/span_Edit' is clicked on

2020-06-05 17:01:48 - [MESSAGE][PASSED] - Object: 'Object Repository/Use switch case/Page_Town Square - My Team Mattermost/span_Edit' is clicked on

2020-06-05 17:01:48 - [TEST_STEP][PASSED] - setText(findTestObject("Use switch case/Page_Town Square - My Team Mattermost/input_Last Name_lastName"), "doan minh"): Text 'doan minh' is set on object 'Object Repository/Use switch case/Page_Town Square - My Team Mattermost/input_Last Name_lastName'

2020-06-05 17:01:49 - [MESSAGE][PASSED] - Text 'doan minh' is set on object 'Object Repository/Use switch case/Page_Town Square - My Team Mattermost/input_Last Name_lastName'

2020-06-05 17:01:49 - [TEST_STEP][PASSED] - click(findTestObject("Use switch case/Page_Town Square - My Team Mattermost/button_Save")): Object: 'Object Repository/Use switch case/Page_Town Square - My Team Mattermost/button_Save' is clicked on

2020-06-05 17:01:49 - [MESSAGE][PASSED] - Object: 'Object Repository/Use switch case/Page_Town Square - My Team Mattermost/button_Save' is clicked on

2020-06-05 17:01:49 - [TEST_STEP][PASSED] - click(findTestObject("Use switch case/Page_Town Square - My Team Mattermost/button_Close")): Object: 'Object Repository/Use switch case/Page_Town Square - My Team Mattermost/button_Close' is clicked on

2020-06-05 17:01:50 - [MESSAGE][PASSED] - Object: 'Object Repository/Use switch case/Page_Town Square - My Team Mattermost/button_Close' is clicked on

2020-06-05 17:01:50 - [TEST_STEP][PASSED] - closeBrowser(): Browser is closed

2020-06-05 17:01:50 - [MESSAGE][PASSED] - Browser is closed]]></system-out>
         <system-err><![CDATA[]]></system-err>
      </testcase>
      <testcase name="Test Cases/Call Other/Change_channel_and_add_comment" time="10.083" classname="Test Cases/Call Other/Change_channel_and_add_comment" status="PASSED">
         <system-out><![CDATA[2020-06-05 17:01:50 - [TEST_CASE][PASSED] - Test Cases/Call Other/Change_channel_and_add_comment: Test Cases/Call Other/Change_channel_and_add_comment

2020-06-05 17:01:50 - [TEST_STEP][PASSED] - callTestCase(findTestCase("Switch case/Change_channel"), ["ChannelName":"public channel"], STOP_ON_FAILURE): Call Test Case 'Test Cases/Switch case/Change_channel' successfully

2020-06-05 17:01:50 - [TEST_CASE][PASSED] - Test Cases/Switch case/Change_channel: Test Cases/Switch case/Change_channel

2020-06-05 17:01:50 - [TEST_STEP][PASSED] - openBrowser(""): Browser is opened with url: ''

2020-06-05 17:01:50 - [MESSAGE][INFO] - Starting 'Chrome' driver

2020-06-05 17:01:50 - [MESSAGE][INFO] - Action delay is set to 0 milliseconds

2020-06-05 17:01:51 - [MESSAGE][PASSED] - Browser is opened with url: ''

2020-06-05 17:01:51 - [TEST_STEP][PASSED] - navigateToUrl("http://localhost:8065/"): Navigate to 'http://localhost:8065/' successfully

2020-06-05 17:01:52 - [MESSAGE][PASSED] - Navigate to 'http://localhost:8065/' successfully

2020-06-05 17:01:52 - [TEST_STEP][PASSED] - setText(findTestObject("Use switch case/Page_Mattermost/input_All team communication in one place s_703ef5"), Email): Text 'phatvo' is set on object 'Object Repository/Use switch case/Page_Mattermost/input_All team communication in one place s_703ef5'

2020-06-05 17:01:53 - [MESSAGE][PASSED] - Text 'phatvo' is set on object 'Object Repository/Use switch case/Page_Mattermost/input_All team communication in one place s_703ef5'

2020-06-05 17:01:53 - [TEST_STEP][PASSED] - setEncryptedText(findTestObject("Use switch case/Page_Mattermost/input_All team communication in one place s_2f2733"), Password): Text ****** has been set on object 'Object Repository/Use switch case/Page_Mattermost/input_All team communication in one place s_2f2733'

2020-06-05 17:01:53 - [MESSAGE][PASSED] - Text ****** has been set on object 'Object Repository/Use switch case/Page_Mattermost/input_All team communication in one place s_2f2733'

2020-06-05 17:01:53 - [TEST_STEP][PASSED] - switch (Email): null

2020-06-05 17:01:53 - [TEST_STEP][PASSED] - case "phatvo":: Object: 'Object Repository/Use switch case/Page_Mattermost/span_Sign in' is clicked on

2020-06-05 17:01:53 - [TEST_STEP][PASSED] - if (Password == "RigbBhfdqOBGNlJIWM1ClA=="): Object: 'Object Repository/Use switch case/Page_Mattermost/span_Sign in' is clicked on

2020-06-05 17:01:53 - [TEST_STEP][PASSED] - click(findTestObject("Use switch case/Page_Mattermost/span_Sign in")): Object: 'Object Repository/Use switch case/Page_Mattermost/span_Sign in' is clicked on

2020-06-05 17:01:54 - [MESSAGE][PASSED] - Object: 'Object Repository/Use switch case/Page_Mattermost/span_Sign in' is clicked on

2020-06-05 17:01:54 - [TEST_STEP][PASSED] - Default: null

2020-06-05 17:01:54 - [TEST_STEP][PASSED] - break: null

2020-06-05 17:01:54 - [TEST_STEP][PASSED] - click(findTestObject("Use switch case/Page_Town Square - My Team Mattermost/span_Switch Channels")): Object: 'Object Repository/Use switch case/Page_Town Square - My Team Mattermost/span_Switch Channels' is clicked on

2020-06-05 17:01:56 - [MESSAGE][PASSED] - Object: 'Object Repository/Use switch case/Page_Town Square - My Team Mattermost/span_Switch Channels' is clicked on

2020-06-05 17:01:56 - [TEST_STEP][PASSED] - setText(findTestObject("Use switch case/Page_Town Square - My Team Mattermost/input_Type to find a channel Use  to browse_c1b80e"), ChannelName): Text 'public channel' is set on object 'Object Repository/Use switch case/Page_Town Square - My Team Mattermost/input_Type to find a channel Use  to browse_c1b80e'

2020-06-05 17:01:57 - [MESSAGE][PASSED] - Text 'public channel' is set on object 'Object Repository/Use switch case/Page_Town Square - My Team Mattermost/input_Type to find a channel Use  to browse_c1b80e'

2020-06-05 17:01:57 - [TEST_STEP][PASSED] - switch (ChannelName): null

2020-06-05 17:01:57 - [TEST_STEP][PASSED] - case "public channel":: Keys 'ENTER + ' sent to object: 'Object Repository/Use switch case/Page_Town Square - My Team Mattermost/input_Type to find a channel Use  to browse_c1b80e'

2020-06-05 17:01:57 - [TEST_STEP][PASSED] - sendKeys(findTestObject("Use switch case/Page_Town Square - My Team Mattermost/input_Type to find a channel Use  to browse_c1b80e"), Keys.chord(ENTER)): Keys 'ENTER + ' sent to object: 'Object Repository/Use switch case/Page_Town Square - My Team Mattermost/input_Type to find a channel Use  to browse_c1b80e'

2020-06-05 17:01:58 - [MESSAGE][PASSED] - Keys 'ENTER + ' sent to object: 'Object Repository/Use switch case/Page_Town Square - My Team Mattermost/input_Type to find a channel Use  to browse_c1b80e'

2020-06-05 17:01:58 - [TEST_STEP][PASSED] - Default: null

2020-06-05 17:01:58 - [TEST_STEP][PASSED] - break: null

2020-06-05 17:01:58 - [MESSAGE][INFO] - =================== Smart XPath Report =======================

2020-06-05 17:01:58 - [MESSAGE][INFO] - Refer to the link below to preview and approve auto healing on broken test objects.

2020-06-05 17:01:58 - [MESSAGE][INFO] - https://docs.katalon.com/katalon-studio/docs/auto-healing-smart-xpath.html

2020-06-05 17:01:58 - [MESSAGE][INFO] - ===============================================================

2020-06-05 17:01:58 - [MESSAGE][PASSED] - Call Test Case 'Test Cases/Switch case/Change_channel' successfully

2020-06-05 17:01:58 - [TEST_STEP][PASSED] - setText(findTestObject("Use switch case/Page_Town Square - My Team Mattermost/textarea_calll other testcas"), "change channel and add new cmt"): Text 'change channel and add new cmt' is set on object 'Object Repository/Use switch case/Page_Town Square - My Team Mattermost/textarea_calll other testcas'

2020-06-05 17:02:00 - [MESSAGE][PASSED] - Text 'change channel and add new cmt' is set on object 'Object Repository/Use switch case/Page_Town Square - My Team Mattermost/textarea_calll other testcas'

2020-06-05 17:02:00 - [TEST_STEP][PASSED] - closeBrowser(): Browser is closed

2020-06-05 17:02:00 - [MESSAGE][PASSED] - Browser is closed]]></system-out>
         <system-err><![CDATA[]]></system-err>
      </testcase>
      <system-out><![CDATA[2020-06-05 16:52:55 - [TEST_SUITE][FAILED] - Run all test cases: Test Cases/csv test case/public-channel FAILED.
Reason:
com.kms.katalon.core.exception.StepFailedException: Unable to click on object
	at com.kms.katalon.core.webui.keyword.internal.WebUIKeywordMain.stepFailed(WebUIKeywordMain.groovy:64)
	at com.kms.katalon.core.webui.keyword.internal.WebUIKeywordMain.runKeyword(WebUIKeywordMain.groovy:26)
	at com.kms.katalon.core.webui.keyword.builtin.ClickKeyword.click(ClickKeyword.groovy:76)
	at com.kms.katalon.core.webui.keyword.builtin.ClickKeyword.execute(ClickKeyword.groovy:43)
	at com.kms.katalon.core.keyword.internal.KeywordExecutor.executeKeywordForPlatform(KeywordExecutor.groovy:72)
	at com.kms.katalon.core.webui.keyword.WebUiBuiltInKeywords.click(WebUiBuiltInKeywords.groovy:616)
	at com.kms.katalon.core.webui.keyword.WebUiBuiltInKeywords$click$3.call(Unknown Source)
	at public-channel.run(public-channel:42)
	at com.kms.katalon.core.main.ScriptEngine.run(ScriptEngine.java:194)
	at com.kms.katalon.core.main.ScriptEngine.runScriptAsRawText(ScriptEngine.java:119)
	at com.kms.katalon.core.main.TestCaseExecutor.runScript(TestCaseExecutor.java:337)
	at com.kms.katalon.core.main.TestCaseExecutor.doExecute(TestCaseExecutor.java:328)
	at com.kms.katalon.core.main.TestCaseExecutor.processExecutionPhase(TestCaseExecutor.java:307)
	at com.kms.katalon.core.main.TestCaseExecutor.accessMainPhase(TestCaseExecutor.java:299)
	at com.kms.katalon.core.main.TestCaseExecutor.execute(TestCaseExecutor.java:233)
	at com.kms.katalon.core.main.TestSuiteExecutor.accessTestCaseMainPhase(TestSuiteExecutor.java:169)
	at com.kms.katalon.core.main.TestSuiteExecutor.accessTestSuiteMainPhase(TestSuiteExecutor.java:142)
	at com.kms.katalon.core.main.TestSuiteExecutor.execute(TestSuiteExecutor.java:91)
	at com.kms.katalon.core.main.TestCaseMain.startTestSuite(TestCaseMain.java:157)
	at com.kms.katalon.core.main.TestCaseMain$startTestSuite$0.call(Unknown Source)
	at TempTestSuite1591350774236.run(TempTestSuite1591350774236.groovy:37)
Caused by: java.lang.IllegalArgumentException: Object is null
	at com.kms.katalon.core.helper.KeywordHelper.checkTestObjectParameter(KeywordHelper.java:33)
	at com.kms.katalon.core.webui.keyword.builtin.ClickKeyword$_click_closure1.doCall(ClickKeyword.groovy:65)
	at com.kms.katalon.core.webui.keyword.builtin.ClickKeyword$_click_closure1.call(ClickKeyword.groovy)
	at com.kms.katalon.core.webui.keyword.internal.WebUIKeywordMain.runKeyword(WebUIKeywordMain.groovy:20)
	... 19 more]]></system-out>
      <system-err><![CDATA[2020-06-05 16:52:55 - [TEST_SUITE][FAILED] - Run all test cases: Test Cases/csv test case/public-channel FAILED.
Reason:
com.kms.katalon.core.exception.StepFailedException: Unable to click on object
	at com.kms.katalon.core.webui.keyword.internal.WebUIKeywordMain.stepFailed(WebUIKeywordMain.groovy:64)
	at com.kms.katalon.core.webui.keyword.internal.WebUIKeywordMain.runKeyword(WebUIKeywordMain.groovy:26)
	at com.kms.katalon.core.webui.keyword.builtin.ClickKeyword.click(ClickKeyword.groovy:76)
	at com.kms.katalon.core.webui.keyword.builtin.ClickKeyword.execute(ClickKeyword.groovy:43)
	at com.kms.katalon.core.keyword.internal.KeywordExecutor.executeKeywordForPlatform(KeywordExecutor.groovy:72)
	at com.kms.katalon.core.webui.keyword.WebUiBuiltInKeywords.click(WebUiBuiltInKeywords.groovy:616)
	at com.kms.katalon.core.webui.keyword.WebUiBuiltInKeywords$click$3.call(Unknown Source)
	at public-channel.run(public-channel:42)
	at com.kms.katalon.core.main.ScriptEngine.run(ScriptEngine.java:194)
	at com.kms.katalon.core.main.ScriptEngine.runScriptAsRawText(ScriptEngine.java:119)
	at com.kms.katalon.core.main.TestCaseExecutor.runScript(TestCaseExecutor.java:337)
	at com.kms.katalon.core.main.TestCaseExecutor.doExecute(TestCaseExecutor.java:328)
	at com.kms.katalon.core.main.TestCaseExecutor.processExecutionPhase(TestCaseExecutor.java:307)
	at com.kms.katalon.core.main.TestCaseExecutor.accessMainPhase(TestCaseExecutor.java:299)
	at com.kms.katalon.core.main.TestCaseExecutor.execute(TestCaseExecutor.java:233)
	at com.kms.katalon.core.main.TestSuiteExecutor.accessTestCaseMainPhase(TestSuiteExecutor.java:169)
	at com.kms.katalon.core.main.TestSuiteExecutor.accessTestSuiteMainPhase(TestSuiteExecutor.java:142)
	at com.kms.katalon.core.main.TestSuiteExecutor.execute(TestSuiteExecutor.java:91)
	at com.kms.katalon.core.main.TestCaseMain.startTestSuite(TestCaseMain.java:157)
	at com.kms.katalon.core.main.TestCaseMain$startTestSuite$0.call(Unknown Source)
	at TempTestSuite1591350774236.run(TempTestSuite1591350774236.groovy:37)
Caused by: java.lang.IllegalArgumentException: Object is null
	at com.kms.katalon.core.helper.KeywordHelper.checkTestObjectParameter(KeywordHelper.java:33)
	at com.kms.katalon.core.webui.keyword.builtin.ClickKeyword$_click_closure1.doCall(ClickKeyword.groovy:65)
	at com.kms.katalon.core.webui.keyword.builtin.ClickKeyword$_click_closure1.call(ClickKeyword.groovy)
	at com.kms.katalon.core.webui.keyword.internal.WebUIKeywordMain.runKeyword(WebUIKeywordMain.groovy:20)
	... 19 more]]></system-err>
   </testsuite>
</testsuites>
